{"/home/edwin/development/ptnextjs/app/layout.tsx": {"path":"/home/edwin/development/ptnextjs/app/layout.tsx","statementMap":{"0":{"start":{"line":27,"column":30},"end":{"line":27,"column":41}},"1":{"start":{"line":14,"column":13},"end":{"line":14,"column":21}},"2":{"start":{"line":3,"column":22},"end":{"line":3,"column":null}},"3":{"start":{"line":4,"column":7},"end":{"line":4,"column":null}},"4":{"start":{"line":5,"column":30},"end":{"line":5,"column":null}},"5":{"start":{"line":6,"column":27},"end":{"line":6,"column":null}},"6":{"start":{"line":7,"column":23},"end":{"line":7,"column":null}},"7":{"start":{"line":8,"column":24},"end":{"line":8,"column":null}},"8":{"start":{"line":9,"column":29},"end":{"line":9,"column":null}},"9":{"start":{"line":10,"column":35},"end":{"line":10,"column":null}},"10":{"start":{"line":12,"column":14},"end":{"line":12,"column":null}},"11":{"start":{"line":14,"column":34},"end":{"line":25,"column":null}},"12":{"start":{"line":35,"column":22},"end":{"line":35,"column":null}}},"fnMap":{"0":{"name":"RootLayout","decl":{"start":{"line":27,"column":30},"end":{"line":27,"column":41}},"loc":{"start":{"line":31,"column":1},"end":{"line":138,"column":1}}}},"branchMap":{},"s":{"0":0,"1":0,"2":0,"3":0,"4":0,"5":0,"6":0,"7":0,"8":0,"9":0,"10":0,"11":0,"12":0},"f":{"0":0},"b":{}}
,"/home/edwin/development/ptnextjs/app/next.config.js": {"path":"/home/edwin/development/ptnextjs/app/next.config.js","statementMap":{"0":{"start":{"line":1,"column":13},"end":{"line":1,"column":null}},"1":{"start":{"line":4,"column":19},"end":{"line":17,"column":null}},"2":{"start":{"line":19,"column":0},"end":{"line":19,"column":null}}},"fnMap":{},"branchMap":{"0":{"loc":{"start":{"line":5,"column":11},"end":{"line":5,"column":null}},"type":"binary-expr","locations":[{"start":{"line":5,"column":11},"end":{"line":5,"column":36}},{"start":{"line":5,"column":40},"end":{"line":5,"column":null}}]}},"s":{"0":0,"1":0,"2":0},"f":{},"b":{"0":[0,0]}}
,"/home/edwin/development/ptnextjs/app/page.tsx": {"path":"/home/edwin/development/ptnextjs/app/page.tsx","statementMap":{"0":{"start":{"line":9,"column":30},"end":{"line":9,"column":null}},"1":{"start":{"line":2,"column":30},"end":{"line":2,"column":null}},"2":{"start":{"line":3,"column":40},"end":{"line":3,"column":null}},"3":{"start":{"line":4,"column":40},"end":{"line":4,"column":null}},"4":{"start":{"line":5,"column":36},"end":{"line":5,"column":null}},"5":{"start":{"line":6,"column":27},"end":{"line":6,"column":null}},"6":{"start":{"line":7,"column":35},"end":{"line":7,"column":null}},"7":{"start":{"line":10,"column":57},"end":{"line":14,"column":null}},"8":{"start":{"line":17,"column":25},"end":{"line":42,"column":null}},"9":{"start":{"line":44,"column":26},"end":{"line":62,"column":null}}},"fnMap":{"0":{"name":"HomePage","decl":{"start":{"line":9,"column":30},"end":{"line":9,"column":null}},"loc":{"start":{"line":9,"column":30},"end":{"line":76,"column":null}}}},"branchMap":{},"s":{"0":0,"1":0,"2":0,"3":0,"4":0,"5":0,"6":0,"7":0,"8":0,"9":0},"f":{"0":0},"b":{}}
,"/home/edwin/development/ptnextjs/app/postcss.config.js": {"path":"/home/edwin/development/ptnextjs/app/postcss.config.js","statementMap":{"0":{"start":{"line":1,"column":0},"end":{"line":6,"column":null}}},"fnMap":{},"branchMap":{},"s":{"0":0},"f":{},"b":{}}
,"/home/edwin/development/ptnextjs/app/tailwind.config.ts": {"path":"/home/edwin/development/ptnextjs/app/tailwind.config.ts","statementMap":{"0":{"start":{"line":101,"column":0},"end":{"line":101,"column":15}},"1":{"start":{"line":4,"column":15},"end":{"line":99,"column":null}},"2":{"start":{"line":101,"column":15},"end":{"line":101,"column":null}}},"fnMap":{},"branchMap":{},"s":{"0":0,"1":0,"2":0},"f":{},"b":{}}
,"/home/edwin/development/ptnextjs/app/about/page.tsx": {"path":"/home/edwin/development/ptnextjs/app/about/page.tsx","statementMap":{"0":{"start":{"line":41,"column":30},"end":{"line":41,"column":null}},"1":{"start":{"line":3,"column":23},"end":{"line":3,"column":null}},"2":{"start":{"line":4,"column":74},"end":{"line":4,"column":null}},"3":{"start":{"line":5,"column":22},"end":{"line":5,"column":null}},"4":{"start":{"line":6,"column":61},"end":{"line":6,"column":null}},"5":{"start":{"line":7,"column":28},"end":{"line":7,"column":null}},"6":{"start":{"line":8,"column":35},"end":{"line":8,"column":null}},"7":{"start":{"line":9,"column":31},"end":{"line":9,"column":null}},"8":{"start":{"line":11,"column":15},"end":{"line":32,"column":null}},"9":{"start":{"line":34,"column":14},"end":{"line":39,"column":null}},"10":{"start":{"line":43,"column":22},"end":{"line":43,"column":null}},"11":{"start":{"line":44,"column":22},"end":{"line":44,"column":null}},"12":{"start":{"line":67,"column":20},"end":{"line":67,"column":36}},"13":{"start":{"line":102,"column":14},"end":{"line":102,"column":36}},"14":{"start":{"line":124,"column":14},"end":{"line":124,"column":null}},"15":{"start":{"line":154,"column":14},"end":{"line":154,"column":null}}},"fnMap":{"0":{"name":"AboutPage","decl":{"start":{"line":41,"column":30},"end":{"line":41,"column":null}},"loc":{"start":{"line":41,"column":30},"end":{"line":188,"column":null}}},"1":{"name":"(anonymous_5)","decl":{"start":{"line":66,"column":55},"end":{"line":66,"column":56}},"loc":{"start":{"line":67,"column":20},"end":{"line":67,"column":36}}},"2":{"name":"(anonymous_6)","decl":{"start":{"line":101,"column":23},"end":{"line":101,"column":24}},"loc":{"start":{"line":102,"column":14},"end":{"line":102,"column":36}}},"3":{"name":"(anonymous_7)","decl":{"start":{"line":123,"column":24},"end":{"line":123,"column":25}},"loc":{"start":{"line":124,"column":14},"end":{"line":124,"column":null}}},"4":{"name":"(anonymous_8)","decl":{"start":{"line":153,"column":29},"end":{"line":153,"column":30}},"loc":{"start":{"line":154,"column":14},"end":{"line":154,"column":null}}}},"branchMap":{"0":{"loc":{"start":{"line":55,"column":13},"end":{"line":55,"column":null}},"type":"binary-expr","locations":[{"start":{"line":55,"column":13},"end":{"line":55,"column":37}},{"start":{"line":55,"column":37},"end":{"line":55,"column":null}}]},"1":{"loc":{"start":{"line":60,"column":9},"end":{"line":60,"column":null}},"type":"binary-expr","locations":[{"start":{"line":60,"column":9},"end":{"line":60,"column":null}}]},"2":{"loc":{"start":{"line":160,"column":29},"end":{"line":160,"column":null}},"type":"binary-expr","locations":[{"start":{"line":160,"column":29},"end":{"line":160,"column":45}},{"start":{"line":160,"column":45},"end":{"line":160,"column":null}}]}},"s":{"0":0,"1":0,"2":0,"3":0,"4":0,"5":0,"6":0,"7":0,"8":0,"9":0,"10":0,"11":0,"12":0,"13":0,"14":0,"15":0},"f":{"0":0,"1":0,"2":0,"3":0,"4":0},"b":{"0":[0,0],"1":[0],"2":[0,0]}}
,"/home/edwin/development/ptnextjs/app/about/_components/about-client.tsx": {"path":"/home/edwin/development/ptnextjs/app/about/_components/about-client.tsx","statementMap":{"0":{"start":{"line":18,"column":16},"end":{"line":18,"column":28}},"1":{"start":{"line":4,"column":23},"end":{"line":4,"column":null}},"2":{"start":{"line":5,"column":23},"end":{"line":5,"column":null}},"3":{"start":{"line":6,"column":21},"end":{"line":6,"column":null}},"4":{"start":{"line":19,"column":2},"end":{"line":19,"column":null}},"5":{"start":{"line":19,"column":22},"end":{"line":19,"column":null}},"6":{"start":{"line":26,"column":21},"end":{"line":26,"column":null}}},"fnMap":{"0":{"name":"AboutClient","decl":{"start":{"line":18,"column":16},"end":{"line":18,"column":28}},"loc":{"start":{"line":18,"column":56},"end":{"line":32,"column":null}}},"1":{"name":"(anonymous_5)","decl":{"start":{"line":26,"column":15},"end":{"line":26,"column":21}},"loc":{"start":{"line":26,"column":21},"end":{"line":26,"column":null}}}},"branchMap":{"0":{"loc":{"start":{"line":19,"column":2},"end":{"line":19,"column":null}},"type":"if","locations":[{"start":{"line":19,"column":2},"end":{"line":19,"column":null}},{"start":{},"end":{}}]}},"s":{"0":0,"1":0,"2":0,"3":0,"4":0,"5":0,"6":0},"f":{"0":0,"1":0},"b":{"0":[0,0]}}
,"/home/edwin/development/ptnextjs/app/admin/page.tsx": {"path":"/home/edwin/development/ptnextjs/app/admin/page.tsx","statementMap":{"0":{"start":{"line":3,"column":24},"end":{"line":3,"column":null}},"1":{"start":{"line":1,"column":25},"end":{"line":1,"column":null}},"2":{"start":{"line":5,"column":2},"end":{"line":5,"column":null}}},"fnMap":{"0":{"name":"AdminRedirect","decl":{"start":{"line":3,"column":24},"end":{"line":3,"column":null}},"loc":{"start":{"line":3,"column":24},"end":{"line":6,"column":null}}}},"branchMap":{},"s":{"0":0,"1":0,"2":0},"f":{"0":0},"b":{}}
,"/home/edwin/development/ptnextjs/app/blog/page.tsx": {"path":"/home/edwin/development/ptnextjs/app/blog/page.tsx","statementMap":{"0":{"start":{"line":13,"column":30},"end":{"line":13,"column":null}},"1":{"start":{"line":3,"column":23},"end":{"line":3,"column":null}},"2":{"start":{"line":4,"column":74},"end":{"line":4,"column":null}},"3":{"start":{"line":5,"column":22},"end":{"line":5,"column":null}},"4":{"start":{"line":6,"column":23},"end":{"line":6,"column":null}},"5":{"start":{"line":7,"column":50},"end":{"line":7,"column":null}},"6":{"start":{"line":8,"column":17},"end":{"line":8,"column":null}},"7":{"start":{"line":9,"column":27},"end":{"line":9,"column":null}},"8":{"start":{"line":10,"column":27},"end":{"line":10,"column":null}},"9":{"start":{"line":11,"column":35},"end":{"line":11,"column":null}},"10":{"start":{"line":15,"column":20},"end":{"line":15,"column":null}},"11":{"start":{"line":16,"column":21},"end":{"line":16,"column":null}},"12":{"start":{"line":17,"column":25},"end":{"line":17,"column":null}},"13":{"start":{"line":17,"column":47},"end":{"line":17,"column":55}},"14":{"start":{"line":19,"column":23},"end":{"line":19,"column":null}},"15":{"start":{"line":19,"column":46},"end":{"line":19,"column":null}}},"fnMap":{"0":{"name":"BlogPage","decl":{"start":{"line":13,"column":30},"end":{"line":13,"column":null}},"loc":{"start":{"line":13,"column":30},"end":{"line":95,"column":null}}},"1":{"name":"(anonymous_6)","decl":{"start":{"line":17,"column":40},"end":{"line":17,"column":47}},"loc":{"start":{"line":17,"column":47},"end":{"line":17,"column":55}}},"2":{"name":"(anonymous_7)","decl":{"start":{"line":19,"column":38},"end":{"line":19,"column":46}},"loc":{"start":{"line":19,"column":46},"end":{"line":19,"column":null}}}},"branchMap":{"0":{"loc":{"start":{"line":35,"column":9},"end":{"line":35,"column":null}},"type":"binary-expr","locations":[{"start":{"line":35,"column":9},"end":{"line":35,"column":null}}]}},"s":{"0":0,"1":0,"2":0,"3":0,"4":0,"5":0,"6":0,"7":0,"8":0,"9":0,"10":0,"11":0,"12":0,"13":0,"14":0,"15":0},"f":{"0":0,"1":0,"2":0},"b":{"0":[0]}}
,"/home/edwin/development/ptnextjs/app/blog/[slug]/page.tsx": {"path":"/home/edwin/development/ptnextjs/app/blog/[slug]/page.tsx","statementMap":{"0":{"start":{"line":40,"column":30},"end":{"line":40,"column":43}},"1":{"start":{"line":14,"column":13},"end":{"line":14,"column":20}},"2":{"start":{"line":15,"column":13},"end":{"line":15,"column":26}},"3":{"start":{"line":19,"column":22},"end":{"line":19,"column":42}},"4":{"start":{"line":16,"column":13},"end":{"line":16,"column":23}},"5":{"start":{"line":2,"column":34},"end":{"line":2,"column":null}},"6":{"start":{"line":3,"column":22},"end":{"line":3,"column":null}},"7":{"start":{"line":4,"column":23},"end":{"line":4,"column":null}},"8":{"start":{"line":5,"column":49},"end":{"line":5,"column":null}},"9":{"start":{"line":6,"column":17},"end":{"line":6,"column":null}},"10":{"start":{"line":7,"column":27},"end":{"line":7,"column":null}},"11":{"start":{"line":8,"column":25},"end":{"line":8,"column":null}},"12":{"start":{"line":9,"column":27},"end":{"line":9,"column":null}},"13":{"start":{"line":10,"column":35},"end":{"line":10,"column":null}},"14":{"start":{"line":11,"column":31},"end":{"line":11,"column":null}},"15":{"start":{"line":14,"column":23},"end":{"line":14,"column":null}},"16":{"start":{"line":15,"column":29},"end":{"line":15,"column":null}},"17":{"start":{"line":16,"column":26},"end":{"line":16,"column":null}},"18":{"start":{"line":20,"column":2},"end":{"line":31,"column":null}},"19":{"start":{"line":21,"column":4},"end":{"line":21,"column":null}},"20":{"start":{"line":22,"column":26},"end":{"line":22,"column":null}},"21":{"start":{"line":23,"column":4},"end":{"line":23,"column":null}},"22":{"start":{"line":25,"column":19},"end":{"line":25,"column":null}},"23":{"start":{"line":25,"column":48},"end":{"line":25,"column":null}},"24":{"start":{"line":26,"column":4},"end":{"line":26,"column":null}},"25":{"start":{"line":27,"column":4},"end":{"line":27,"column":null}},"26":{"start":{"line":29,"column":4},"end":{"line":29,"column":null}},"27":{"start":{"line":30,"column":4},"end":{"line":30,"column":17}},"28":{"start":{"line":42,"column":19},"end":{"line":42,"column":null}},"29":{"start":{"line":45,"column":15},"end":{"line":45,"column":null}},"30":{"start":{"line":47,"column":2},"end":{"line":50,"column":null}},"31":{"start":{"line":48,"column":4},"end":{"line":48,"column":null}},"32":{"start":{"line":49,"column":4},"end":{"line":49,"column":null}},"33":{"start":{"line":52,"column":2},"end":{"line":52,"column":null}},"34":{"start":{"line":55,"column":23},"end":{"line":55,"column":null}},"35":{"start":{"line":56,"column":23},"end":{"line":58,"column":null}},"36":{"start":{"line":57,"column":17},"end":{"line":57,"column":65}},"37":{"start":{"line":143,"column":16},"end":{"line":143,"column":33}},"38":{"start":{"line":157,"column":16},"end":{"line":157,"column":43}}},"fnMap":{"0":{"name":"generateStaticParams","decl":{"start":{"line":19,"column":22},"end":{"line":19,"column":42}},"loc":{"start":{"line":19,"column":22},"end":{"line":32,"column":null}}},"1":{"name":"(anonymous_8)","decl":{"start":{"line":25,"column":37},"end":{"line":25,"column":38}},"loc":{"start":{"line":25,"column":48},"end":{"line":25,"column":null}}},"2":{"name":"BlogPostPage","decl":{"start":{"line":40,"column":30},"end":{"line":40,"column":43}},"loc":{"start":{"line":40,"column":72},"end":{"line":189,"column":1}}},"3":{"name":"(anonymous_10)","decl":{"start":{"line":57,"column":12},"end":{"line":57,"column":17}},"loc":{"start":{"line":57,"column":17},"end":{"line":57,"column":65}}},"4":{"name":"(anonymous_11)","decl":{"start":{"line":142,"column":29},"end":{"line":142,"column":30}},"loc":{"start":{"line":143,"column":16},"end":{"line":143,"column":33}}},"5":{"name":"(anonymous_12)","decl":{"start":{"line":156,"column":32},"end":{"line":156,"column":33}},"loc":{"start":{"line":157,"column":16},"end":{"line":157,"column":43}}}},"branchMap":{"0":{"loc":{"start":{"line":47,"column":2},"end":{"line":50,"column":null}},"type":"if","locations":[{"start":{"line":47,"column":2},"end":{"line":50,"column":null}},{"start":{},"end":{}}]},"1":{"loc":{"start":{"line":57,"column":17},"end":{"line":57,"column":65}},"type":"binary-expr","locations":[{"start":{"line":57,"column":17},"end":{"line":57,"column":33}},{"start":{"line":57,"column":37},"end":{"line":57,"column":65}}]},"2":{"loc":{"start":{"line":113,"column":9},"end":{"line":113,"column":19}},"type":"binary-expr","locations":[{"start":{"line":113,"column":9},"end":{"line":113,"column":19}}]},"3":{"loc":{"start":{"line":138,"column":9},"end":{"line":138,"column":18}},"type":"binary-expr","locations":[{"start":{"line":138,"column":9},"end":{"line":138,"column":18}},{"start":{"line":138,"column":22},"end":{"line":138,"column":null}}]},"4":{"loc":{"start":{"line":152,"column":9},"end":{"line":152,"column":null}},"type":"binary-expr","locations":[{"start":{"line":152,"column":9},"end":{"line":152,"column":null}}]}},"s":{"0":0,"1":0,"2":0,"3":0,"4":0,"5":0,"6":0,"7":0,"8":0,"9":0,"10":0,"11":0,"12":0,"13":0,"14":0,"15":0,"16":0,"17":0,"18":0,"19":0,"20":0,"21":0,"22":0,"23":0,"24":0,"25":0,"26":0,"27":0,"28":0,"29":0,"30":0,"31":0,"32":0,"33":0,"34":0,"35":0,"36":0,"37":0,"38":0},"f":{"0":0,"1":0,"2":0,"3":0,"4":0,"5":0},"b":{"0":[0,0],"1":[0,0],"2":[0],"3":[0,0],"4":[0]}}
,"/home/edwin/development/ptnextjs/app/blog/[slug]/_components/blog-post-client.tsx": {"path":"/home/edwin/development/ptnextjs/app/blog/[slug]/_components/blog-post-client.tsx","statementMap":{"0":{"start":{"line":15,"column":24},"end":{"line":15,"column":39}},"1":{"start":{"line":4,"column":23},"end":{"line":4,"column":null}},"2":{"start":{"line":5,"column":23},"end":{"line":5,"column":null}},"3":{"start":{"line":6,"column":26},"end":{"line":6,"column":null}},"4":{"start":{"line":7,"column":23},"end":{"line":7,"column":null}},"5":{"start":{"line":8,"column":47},"end":{"line":8,"column":null}},"6":{"start":{"line":16,"column":24},"end":{"line":19,"column":null}},"7":{"start":{"line":21,"column":32},"end":{"line":21,"column":null}},"8":{"start":{"line":23,"column":21},"end":{"line":27,"column":null}},"9":{"start":{"line":24,"column":4},"end":{"line":24,"column":null}},"10":{"start":{"line":29,"column":22},"end":{"line":45,"column":null}},"11":{"start":{"line":30,"column":4},"end":{"line":44,"column":null}},"12":{"start":{"line":31,"column":6},"end":{"line":40,"column":null}},"13":{"start":{"line":32,"column":8},"end":{"line":36,"column":null}},"14":{"start":{"line":39,"column":8},"end":{"line":39,"column":null}},"15":{"start":{"line":43,"column":6},"end":{"line":43,"column":null}},"16":{"start":{"line":47,"column":26},"end":{"line":62,"column":null}},"17":{"start":{"line":48,"column":4},"end":{"line":61,"column":null}},"18":{"start":{"line":49,"column":6},"end":{"line":49,"column":null}},"19":{"start":{"line":51,"column":6},"end":{"line":51,"column":null}},"20":{"start":{"line":54,"column":23},"end":{"line":54,"column":null}},"21":{"start":{"line":55,"column":6},"end":{"line":55,"column":null}},"22":{"start":{"line":56,"column":6},"end":{"line":56,"column":null}},"23":{"start":{"line":57,"column":6},"end":{"line":57,"column":null}},"24":{"start":{"line":58,"column":6},"end":{"line":58,"column":null}},"25":{"start":{"line":59,"column":6},"end":{"line":59,"column":null}},"26":{"start":{"line":60,"column":6},"end":{"line":60,"column":null}}},"fnMap":{"0":{"name":"BlogPostClient","decl":{"start":{"line":15,"column":24},"end":{"line":15,"column":39}},"loc":{"start":{"line":15,"column":68},"end":{"line":86,"column":null}}},"1":{"name":"(anonymous_5)","decl":{"start":{"line":23,"column":21},"end":{"line":23,"column":null}},"loc":{"start":{"line":23,"column":21},"end":{"line":27,"column":null}}},"2":{"name":"(anonymous_6)","decl":{"start":{"line":29,"column":22},"end":{"line":29,"column":null}},"loc":{"start":{"line":29,"column":22},"end":{"line":45,"column":null}}},"3":{"name":"(anonymous_7)","decl":{"start":{"line":47,"column":26},"end":{"line":47,"column":null}},"loc":{"start":{"line":47,"column":26},"end":{"line":62,"column":null}}}},"branchMap":{"0":{"loc":{"start":{"line":30,"column":4},"end":{"line":44,"column":null}},"type":"if","locations":[{"start":{"line":30,"column":4},"end":{"line":44,"column":null}},{"start":{"line":41,"column":11},"end":{"line":44,"column":null}}]},"1":{"loc":{"start":{"line":68,"column":15},"end":{"line":68,"column":null}},"type":"cond-expr","locations":[{"start":{"line":68,"column":24},"end":{"line":68,"column":47}},{"start":{"line":68,"column":47},"end":{"line":68,"column":null}}]},"2":{"loc":{"start":{"line":74,"column":10},"end":{"line":76,"column":11}},"type":"cond-expr","locations":[{"start":{"line":74,"column":10},"end":{"line":76,"column":11}}]},"3":{"loc":{"start":{"line":78,"column":9},"end":{"line":78,"column":null}},"type":"cond-expr","locations":[{"start":{"line":78,"column":19},"end":{"line":78,"column":29}},{"start":{"line":78,"column":29},"end":{"line":78,"column":null}}]}},"s":{"0":0,"1":0,"2":0,"3":0,"4":0,"5":0,"6":0,"7":0,"8":0,"9":0,"10":0,"11":0,"12":0,"13":0,"14":0,"15":0,"16":0,"17":0,"18":0,"19":0,"20":0,"21":0,"22":0,"23":0,"24":0,"25":0,"26":0},"f":{"0":0,"1":0,"2":0,"3":0},"b":{"0":[0,0],"1":[0,0],"2":[0],"3":[0,0]}}
,"/home/edwin/development/ptnextjs/app/blog/_components/blog-client.tsx": {"path":"/home/edwin/development/ptnextjs/app/blog/_components/blog-client.tsx","statementMap":{"0":{"start":{"line":34,"column":16},"end":{"line":34,"column":27}},"1":{"start":{"line":4,"column":23},"end":{"line":4,"column":null}},"2":{"start":{"line":5,"column":23},"end":{"line":5,"column":null}},"3":{"start":{"line":6,"column":26},"end":{"line":6,"column":null}},"4":{"start":{"line":7,"column":74},"end":{"line":7,"column":null}},"5":{"start":{"line":8,"column":22},"end":{"line":8,"column":null}},"6":{"start":{"line":9,"column":29},"end":{"line":9,"column":null}},"7":{"start":{"line":10,"column":27},"end":{"line":10,"column":null}},"8":{"start":{"line":11,"column":38},"end":{"line":11,"column":null}},"9":{"start":{"line":12,"column":17},"end":{"line":12,"column":null}},"10":{"start":{"line":13,"column":31},"end":{"line":13,"column":null}},"11":{"start":{"line":25,"column":27},"end":{"line":25,"column":null}},"12":{"start":{"line":17,"column":24},"end":{"line":24,"column":null}},"13":{"start":{"line":18,"column":25},"end":{"line":18,"column":null}},"14":{"start":{"line":19,"column":2},"end":{"line":22,"column":null}},"15":{"start":{"line":20,"column":4},"end":{"line":22,"column":null}},"16":{"start":{"line":22,"column":37},"end":{"line":22,"column":null}},"17":{"start":{"line":27,"column":23},"end":{"line":27,"column":null}},"18":{"start":{"line":35,"column":40},"end":{"line":35,"column":null}},"19":{"start":{"line":36,"column":50},"end":{"line":36,"column":null}},"20":{"start":{"line":37,"column":40},"end":{"line":37,"column":null}},"21":{"start":{"line":39,"column":24},"end":{"line":42,"column":null}},"22":{"start":{"line":45,"column":24},"end":{"line":59,"column":null}},"23":{"start":{"line":46,"column":19},"end":{"line":46,"column":null}},"24":{"start":{"line":49,"column":4},"end":{"line":51,"column":null}},"25":{"start":{"line":50,"column":6},"end":{"line":50,"column":null}},"26":{"start":{"line":54,"column":4},"end":{"line":56,"column":null}},"27":{"start":{"line":55,"column":6},"end":{"line":55,"column":null}},"28":{"start":{"line":55,"column":41},"end":{"line":55,"column":null}},"29":{"start":{"line":58,"column":4},"end":{"line":58,"column":null}},"30":{"start":{"line":58,"column":35},"end":{"line":58,"column":null}},"31":{"start":{"line":62,"column":21},"end":{"line":62,"column":null}},"32":{"start":{"line":63,"column":25},"end":{"line":65,"column":null}},"33":{"start":{"line":69,"column":2},"end":{"line":71,"column":null}},"34":{"start":{"line":70,"column":4},"end":{"line":70,"column":null}},"35":{"start":{"line":108,"column":10},"end":{"line":109,"column":null}},"36":{"start":{"line":146,"column":22},"end":{"line":146,"column":39}}},"fnMap":{"0":{"name":"(anonymous_5)","decl":{"start":{"line":17,"column":24},"end":{"line":17,"column":25}},"loc":{"start":{"line":17,"column":40},"end":{"line":24,"column":null}}},"1":{"name":"(anonymous_6)","decl":{"start":{"line":19,"column":22},"end":{"line":19,"column":null}},"loc":{"start":{"line":20,"column":4},"end":{"line":22,"column":null}}},"2":{"name":"(anonymous_7)","decl":{"start":{"line":22,"column":20},"end":{"line":22,"column":21}},"loc":{"start":{"line":22,"column":37},"end":{"line":22,"column":null}}},"3":{"name":"BlogClient","decl":{"start":{"line":34,"column":16},"end":{"line":34,"column":27}},"loc":{"start":{"line":34,"column":69},"end":{"line":199,"column":null}}},"4":{"name":"(anonymous_9)","decl":{"start":{"line":45,"column":38},"end":{"line":45,"column":null}},"loc":{"start":{"line":45,"column":38},"end":{"line":59,"column":5}}},"5":{"name":"(anonymous_10)","decl":{"start":{"line":55,"column":33},"end":{"line":55,"column":41}},"loc":{"start":{"line":55,"column":41},"end":{"line":55,"column":null}}},"6":{"name":"(anonymous_11)","decl":{"start":{"line":58,"column":25},"end":{"line":58,"column":26}},"loc":{"start":{"line":58,"column":35},"end":{"line":58,"column":null}}},"7":{"name":"(anonymous_12)","decl":{"start":{"line":69,"column":18},"end":{"line":69,"column":null}},"loc":{"start":{"line":69,"column":18},"end":{"line":71,"column":5}}},"8":{"name":"(anonymous_13)","decl":{"start":{"line":107,"column":28},"end":{"line":107,"column":29}},"loc":{"start":{"line":108,"column":10},"end":{"line":109,"column":null}}},"9":{"name":"(anonymous_14)","decl":{"start":{"line":145,"column":49},"end":{"line":145,"column":50}},"loc":{"start":{"line":146,"column":22},"end":{"line":146,"column":39}}}},"branchMap":{"0":{"loc":{"start":{"line":20,"column":4},"end":{"line":22,"column":null}},"type":"binary-expr","locations":[{"start":{"line":20,"column":4},"end":{"line":20,"column":null}},{"start":{"line":21,"column":4},"end":{"line":21,"column":null}},{"start":{"line":22,"column":4},"end":{"line":22,"column":null}}]},"1":{"loc":{"start":{"line":49,"column":4},"end":{"line":51,"column":null}},"type":"if","locations":[{"start":{"line":49,"column":4},"end":{"line":51,"column":null}},{"start":{},"end":{}}]},"2":{"loc":{"start":{"line":54,"column":4},"end":{"line":56,"column":null}},"type":"if","locations":[{"start":{"line":54,"column":4},"end":{"line":56,"column":null}},{"start":{},"end":{}}]},"3":{"loc":{"start":{"line":58,"column":44},"end":{"line":58,"column":66}},"type":"binary-expr","locations":[{"start":{"line":58,"column":44},"end":{"line":58,"column":62}},{"start":{"line":58,"column":62},"end":{"line":58,"column":66}}]},"4":{"loc":{"start":{"line":58,"column":87},"end":{"line":58,"column":109}},"type":"binary-expr","locations":[{"start":{"line":58,"column":87},"end":{"line":58,"column":105}},{"start":{"line":58,"column":105},"end":{"line":58,"column":109}}]},"5":{"loc":{"start":{"line":79,"column":17},"end":{"line":79,"column":null}},"type":"cond-expr","locations":[{"start":{"line":79,"column":26},"end":{"line":79,"column":49}},{"start":{"line":79,"column":49},"end":{"line":79,"column":null}}]},"6":{"loc":{"start":{"line":95,"column":17},"end":{"line":95,"column":null}},"type":"cond-expr","locations":[{"start":{"line":95,"column":26},"end":{"line":95,"column":43}},{"start":{"line":95,"column":43},"end":{"line":95,"column":null}}]},"7":{"loc":{"start":{"line":101,"column":11},"end":{"line":101,"column":66}},"type":"binary-expr","locations":[{"start":{"line":101,"column":11},"end":{"line":101,"column":41}},{"start":{"line":101,"column":41},"end":{"line":101,"column":66}}]},"8":{"loc":{"start":{"line":111,"column":21},"end":{"line":111,"column":null}},"type":"cond-expr","locations":[{"start":{"line":111,"column":30},"end":{"line":111,"column":53}},{"start":{"line":111,"column":53},"end":{"line":111,"column":null}}]},"9":{"loc":{"start":{"line":119,"column":23},"end":{"line":119,"column":null}},"type":"binary-expr","locations":[{"start":{"line":119,"column":23},"end":{"line":119,"column":38}},{"start":{"line":119,"column":38},"end":{"line":119,"column":null}}]},"10":{"loc":{"start":{"line":159,"column":40},"end":{"line":159,"column":null}},"type":"binary-expr","locations":[{"start":{"line":159,"column":40},"end":{"line":159,"column":61}},{"start":{"line":159,"column":61},"end":{"line":159,"column":null}}]},"11":{"loc":{"start":{"line":171,"column":7},"end":{"line":171,"column":null}},"type":"binary-expr","locations":[{"start":{"line":171,"column":7},"end":{"line":171,"column":null}}]},"12":{"loc":{"start":{"line":184,"column":7},"end":{"line":184,"column":null}},"type":"binary-expr","locations":[{"start":{"line":184,"column":7},"end":{"line":184,"column":null}}]},"13":{"loc":{"start":{"line":187,"column":19},"end":{"line":187,"column":null}},"type":"cond-expr","locations":[{"start":{"line":187,"column":28},"end":{"line":187,"column":51}},{"start":{"line":187,"column":51},"end":{"line":187,"column":null}}]}},"s":{"0":0,"1":0,"2":0,"3":0,"4":0,"5":0,"6":0,"7":0,"8":0,"9":0,"10":0,"11":0,"12":0,"13":0,"14":0,"15":0,"16":0,"17":0,"18":0,"19":0,"20":0,"21":0,"22":0,"23":0,"24":0,"25":0,"26":0,"27":0,"28":0,"29":0,"30":0,"31":0,"32":0,"33":0,"34":0,"35":0,"36":0},"f":{"0":0,"1":0,"2":0,"3":0,"4":0,"5":0,"6":0,"7":0,"8":0,"9":0},"b":{"0":[0,0,0],"1":[0,0],"2":[0,0],"3":[0,0],"4":[0,0],"5":[0,0],"6":[0,0],"7":[0,0],"8":[0,0],"9":[0,0],"10":[0,0],"11":[0],"12":[0],"13":[0,0]}}
,"/home/edwin/development/ptnextjs/app/components/cta-section.tsx": {"path":"/home/edwin/development/ptnextjs/app/components/cta-section.tsx","statementMap":{"0":{"start":{"line":13,"column":16},"end":{"line":13,"column":27}},"1":{"start":{"line":3,"column":23},"end":{"line":3,"column":null}},"2":{"start":{"line":4,"column":23},"end":{"line":4,"column":null}},"3":{"start":{"line":5,"column":40},"end":{"line":5,"column":null}},"4":{"start":{"line":6,"column":17},"end":{"line":6,"column":null}}},"fnMap":{"0":{"name":"CTASection","decl":{"start":{"line":13,"column":16},"end":{"line":13,"column":27}},"loc":{"start":{"line":13,"column":59},"end":{"line":49,"column":null}}}},"branchMap":{},"s":{"0":0,"1":0,"2":0,"3":0,"4":0},"f":{"0":0},"b":{}}
,"/home/edwin/development/ptnextjs/app/components/featured-blog-section.tsx": {"path":"/home/edwin/development/ptnextjs/app/components/featured-blog-section.tsx","statementMap":{"0":{"start":{"line":17,"column":16},"end":{"line":17,"column":36}},"1":{"start":{"line":3,"column":23},"end":{"line":3,"column":null}},"2":{"start":{"line":4,"column":74},"end":{"line":4,"column":null}},"3":{"start":{"line":5,"column":23},"end":{"line":5,"column":null}},"4":{"start":{"line":6,"column":22},"end":{"line":6,"column":null}},"5":{"start":{"line":7,"column":50},"end":{"line":7,"column":null}},"6":{"start":{"line":8,"column":17},"end":{"line":8,"column":null}},"7":{"start":{"line":9,"column":27},"end":{"line":9,"column":null}},"8":{"start":{"line":10,"column":31},"end":{"line":10,"column":null}},"9":{"start":{"line":19,"column":19},"end":{"line":19,"column":null}},"10":{"start":{"line":35,"column":12},"end":{"line":35,"column":null}}},"fnMap":{"0":{"name":"FeaturedBlogSection","decl":{"start":{"line":17,"column":16},"end":{"line":17,"column":36}},"loc":{"start":{"line":17,"column":79},"end":{"line":93,"column":null}}},"1":{"name":"(anonymous_6)","decl":{"start":{"line":34,"column":24},"end":{"line":34,"column":25}},"loc":{"start":{"line":35,"column":12},"end":{"line":35,"column":null}}}},"branchMap":{"0":{"loc":{"start":{"line":41,"column":25},"end":{"line":41,"column":null}},"type":"binary-expr","locations":[{"start":{"line":41,"column":25},"end":{"line":41,"column":40}},{"start":{"line":41,"column":40},"end":{"line":41,"column":null}}]},"1":{"loc":{"start":{"line":72,"column":40},"end":{"line":72,"column":null}},"type":"binary-expr","locations":[{"start":{"line":72,"column":40},"end":{"line":72,"column":61}},{"start":{"line":72,"column":61},"end":{"line":72,"column":null}}]}},"s":{"0":0,"1":0,"2":0,"3":0,"4":0,"5":0,"6":0,"7":0,"8":0,"9":0,"10":0},"f":{"0":0,"1":0},"b":{"0":[0,0],"1":[0,0]}}
,"/home/edwin/development/ptnextjs/app/components/featured-partners-section.tsx": {"path":"/home/edwin/development/ptnextjs/app/components/featured-partners-section.tsx","statementMap":{"0":{"start":{"line":16,"column":16},"end":{"line":16,"column":40}},"1":{"start":{"line":3,"column":23},"end":{"line":3,"column":null}},"2":{"start":{"line":4,"column":74},"end":{"line":4,"column":null}},"3":{"start":{"line":5,"column":23},"end":{"line":5,"column":null}},"4":{"start":{"line":6,"column":22},"end":{"line":6,"column":null}},"5":{"start":{"line":7,"column":38},"end":{"line":7,"column":null}},"6":{"start":{"line":8,"column":17},"end":{"line":8,"column":null}},"7":{"start":{"line":10,"column":31},"end":{"line":10,"column":null}},"8":{"start":{"line":18,"column":26},"end":{"line":18,"column":null}},"9":{"start":{"line":34,"column":12},"end":{"line":34,"column":36}},"10":{"start":{"line":64,"column":24},"end":{"line":64,"column":41}}},"fnMap":{"0":{"name":"FeaturedPartnersSection","decl":{"start":{"line":16,"column":16},"end":{"line":16,"column":40}},"loc":{"start":{"line":16,"column":90},"end":{"line":94,"column":null}}},"1":{"name":"(anonymous_6)","decl":{"start":{"line":33,"column":31},"end":{"line":33,"column":32}},"loc":{"start":{"line":34,"column":12},"end":{"line":34,"column":36}}},"2":{"name":"(anonymous_7)","decl":{"start":{"line":63,"column":54},"end":{"line":63,"column":55}},"loc":{"start":{"line":64,"column":24},"end":{"line":64,"column":41}}}},"branchMap":{},"s":{"0":0,"1":0,"2":0,"3":0,"4":0,"5":0,"6":0,"7":0,"8":0,"9":0,"10":0},"f":{"0":0,"1":0,"2":0},"b":{}}
,"/home/edwin/development/ptnextjs/app/components/footer.tsx": {"path":"/home/edwin/development/ptnextjs/app/components/footer.tsx","statementMap":{"0":{"start":{"line":14,"column":16},"end":{"line":14,"column":23}},"1":{"start":{"line":2,"column":17},"end":{"line":2,"column":null}},"2":{"start":{"line":3,"column":44},"end":{"line":3,"column":null}},"3":{"start":{"line":16,"column":18},"end":{"line":22,"column":null}}},"fnMap":{"0":{"name":"Footer","decl":{"start":{"line":14,"column":16},"end":{"line":14,"column":23}},"loc":{"start":{"line":14,"column":51},"end":{"line":95,"column":null}}}},"branchMap":{"0":{"loc":{"start":{"line":16,"column":18},"end":{"line":22,"column":null}},"type":"binary-expr","locations":[{"start":{"line":16,"column":18},"end":{"line":16,"column":33}},{"start":{"line":16,"column":33},"end":{"line":22,"column":null}}]}},"s":{"0":0,"1":0,"2":0,"3":0},"f":{"0":0},"b":{"0":[0,0]}}
,"/home/edwin/development/ptnextjs/app/components/hero-client.tsx": {"path":"/home/edwin/development/ptnextjs/app/components/hero-client.tsx","statementMap":{"0":{"start":{"line":8,"column":16},"end":{"line":8,"column":null}},"1":{"start":{"line":4,"column":23},"end":{"line":4,"column":null}},"2":{"start":{"line":5,"column":25},"end":{"line":5,"column":null}},"3":{"start":{"line":6,"column":18},"end":{"line":6,"column":null}},"4":{"start":{"line":9,"column":35},"end":{"line":9,"column":null}},"5":{"start":{"line":10,"column":32},"end":{"line":10,"column":null}},"6":{"start":{"line":12,"column":2},"end":{"line":14,"column":null}},"7":{"start":{"line":13,"column":4},"end":{"line":13,"column":null}},"8":{"start":{"line":17,"column":2},"end":{"line":21,"column":null}},"9":{"start":{"line":23,"column":23},"end":{"line":23,"column":null}},"10":{"start":{"line":24,"column":18},"end":{"line":26,"column":null}}},"fnMap":{"0":{"name":"HeroClient","decl":{"start":{"line":8,"column":16},"end":{"line":8,"column":null}},"loc":{"start":{"line":8,"column":16},"end":{"line":40,"column":null}}},"1":{"name":"(anonymous_6)","decl":{"start":{"line":12,"column":18},"end":{"line":12,"column":null}},"loc":{"start":{"line":12,"column":18},"end":{"line":14,"column":5}}}},"branchMap":{"0":{"loc":{"start":{"line":17,"column":2},"end":{"line":21,"column":null}},"type":"if","locations":[{"start":{"line":17,"column":2},"end":{"line":21,"column":null}},{"start":{},"end":{}}]},"1":{"loc":{"start":{"line":23,"column":23},"end":{"line":23,"column":null}},"type":"binary-expr","locations":[{"start":{"line":23,"column":23},"end":{"line":23,"column":40}},{"start":{"line":23,"column":40},"end":{"line":23,"column":null}}]},"2":{"loc":{"start":{"line":24,"column":18},"end":{"line":26,"column":null}},"type":"cond-expr","locations":[{"start":{"line":25,"column":6},"end":{"line":25,"column":null}},{"start":{"line":26,"column":6},"end":{"line":26,"column":null}}]}},"s":{"0":0,"1":0,"2":0,"3":0,"4":0,"5":0,"6":0,"7":0,"8":0,"9":0,"10":0},"f":{"0":0,"1":0},"b":{"0":[0,0],"1":[0,0],"2":[0,0]}}
,"/home/edwin/development/ptnextjs/app/components/hero-section.tsx": {"path":"/home/edwin/development/ptnextjs/app/components/hero-section.tsx","statementMap":{"0":{"start":{"line":23,"column":16},"end":{"line":23,"column":28}},"1":{"start":{"line":3,"column":23},"end":{"line":3,"column":null}},"2":{"start":{"line":4,"column":23},"end":{"line":4,"column":null}},"3":{"start":{"line":5,"column":45},"end":{"line":5,"column":null}},"4":{"start":{"line":6,"column":17},"end":{"line":6,"column":null}},"5":{"start":{"line":7,"column":27},"end":{"line":7,"column":null}},"6":{"start":{"line":9,"column":14},"end":{"line":13,"column":null}},"7":{"start":{"line":66,"column":14},"end":{"line":66,"column":36}}},"fnMap":{"0":{"name":"HeroSection","decl":{"start":{"line":23,"column":16},"end":{"line":23,"column":28}},"loc":{"start":{"line":23,"column":61},"end":{"line":83,"column":null}}},"1":{"name":"(anonymous_6)","decl":{"start":{"line":65,"column":23},"end":{"line":65,"column":24}},"loc":{"start":{"line":66,"column":14},"end":{"line":66,"column":36}}}},"branchMap":{},"s":{"0":0,"1":0,"2":0,"3":0,"4":0,"5":0,"6":0,"7":0},"f":{"0":0,"1":0},"b":{}}
,"/home/edwin/development/ptnextjs/app/components/navigation.tsx": {"path":"/home/edwin/development/ptnextjs/app/components/navigation.tsx","statementMap":{"0":{"start":{"line":59,"column":16},"end":{"line":59,"column":null}},"1":{"start":{"line":4,"column":23},"end":{"line":4,"column":null}},"2":{"start":{"line":5,"column":17},"end":{"line":5,"column":null}},"3":{"start":{"line":6,"column":18},"end":{"line":6,"column":null}},"4":{"start":{"line":7,"column":28},"end":{"line":7,"column":null}},"5":{"start":{"line":8,"column":25},"end":{"line":8,"column":null}},"6":{"start":{"line":9,"column":19},"end":{"line":9,"column":null}},"7":{"start":{"line":10,"column":28},"end":{"line":10,"column":null}},"8":{"start":{"line":11,"column":23},"end":{"line":11,"column":null}},"9":{"start":{"line":12,"column":50},"end":{"line":12,"column":null}},"10":{"start":{"line":13,"column":21},"end":{"line":13,"column":null}},"11":{"start":{"line":15,"column":24},"end":{"line":23,"column":null}},"12":{"start":{"line":26,"column":35},"end":{"line":26,"column":null}},"13":{"start":{"line":27,"column":32},"end":{"line":27,"column":null}},"14":{"start":{"line":29,"column":2},"end":{"line":31,"column":null}},"15":{"start":{"line":30,"column":4},"end":{"line":30,"column":null}},"16":{"start":{"line":34,"column":2},"end":{"line":38,"column":null}},"17":{"start":{"line":40,"column":23},"end":{"line":40,"column":null}},"18":{"start":{"line":41,"column":18},"end":{"line":43,"column":null}},"19":{"start":{"line":60,"column":19},"end":{"line":60,"column":null}},"20":{"start":{"line":61,"column":30},"end":{"line":61,"column":null}},"21":{"start":{"line":73,"column":12},"end":{"line":74,"column":null}},"22":{"start":{"line":102,"column":18},"end":{"line":103,"column":null}},"23":{"start":{"line":105,"column":35},"end":{"line":105,"column":null}}},"fnMap":{"0":{"name":"Logo","decl":{"start":{"line":25,"column":9},"end":{"line":25,"column":null}},"loc":{"start":{"line":25,"column":9},"end":{"line":57,"column":null}}},"1":{"name":"(anonymous_6)","decl":{"start":{"line":29,"column":18},"end":{"line":29,"column":null}},"loc":{"start":{"line":29,"column":18},"end":{"line":31,"column":5}}},"2":{"name":"Navigation","decl":{"start":{"line":59,"column":16},"end":{"line":59,"column":null}},"loc":{"start":{"line":59,"column":16},"end":{"line":123,"column":null}}},"3":{"name":"(anonymous_8)","decl":{"start":{"line":72,"column":31},"end":{"line":72,"column":32}},"loc":{"start":{"line":73,"column":12},"end":{"line":74,"column":null}}},"4":{"name":"(anonymous_9)","decl":{"start":{"line":101,"column":37},"end":{"line":101,"column":38}},"loc":{"start":{"line":102,"column":18},"end":{"line":103,"column":null}}},"5":{"name":"(anonymous_10)","decl":{"start":{"line":105,"column":29},"end":{"line":105,"column":35}},"loc":{"start":{"line":105,"column":35},"end":{"line":105,"column":null}}}},"branchMap":{"0":{"loc":{"start":{"line":34,"column":2},"end":{"line":38,"column":null}},"type":"if","locations":[{"start":{"line":34,"column":2},"end":{"line":38,"column":null}},{"start":{},"end":{}}]},"1":{"loc":{"start":{"line":40,"column":23},"end":{"line":40,"column":null}},"type":"binary-expr","locations":[{"start":{"line":40,"column":23},"end":{"line":40,"column":40}},{"start":{"line":40,"column":40},"end":{"line":40,"column":null}}]},"2":{"loc":{"start":{"line":41,"column":18},"end":{"line":43,"column":null}},"type":"cond-expr","locations":[{"start":{"line":42,"column":6},"end":{"line":42,"column":null}},{"start":{"line":43,"column":6},"end":{"line":43,"column":null}}]},"3":{"loc":{"start":{"line":78,"column":16},"end":{"line":80,"column":null}},"type":"cond-expr","locations":[{"start":{"line":79,"column":20},"end":{"line":79,"column":null}},{"start":{"line":80,"column":20},"end":{"line":80,"column":null}}]},"4":{"loc":{"start":{"line":108,"column":22},"end":{"line":110,"column":null}},"type":"cond-expr","locations":[{"start":{"line":109,"column":26},"end":{"line":109,"column":null}},{"start":{"line":110,"column":26},"end":{"line":110,"column":null}}]}},"s":{"0":0,"1":0,"2":0,"3":0,"4":0,"5":0,"6":0,"7":0,"8":0,"9":0,"10":0,"11":0,"12":0,"13":0,"14":0,"15":0,"16":0,"17":0,"18":0,"19":0,"20":0,"21":0,"22":0,"23":0},"f":{"0":0,"1":0,"2":0,"3":0,"4":0,"5":0},"b":{"0":[0,0],"1":[0,0],"2":[0,0],"3":[0,0],"4":[0,0]}}
,"/home/edwin/development/ptnextjs/app/components/pagination.tsx": {"path":"/home/edwin/development/ptnextjs/app/components/pagination.tsx","statementMap":{"0":{"start":{"line":16,"column":16},"end":{"line":16,"column":27}},"1":{"start":{"line":4,"column":23},"end":{"line":4,"column":null}},"2":{"start":{"line":5,"column":42},"end":{"line":5,"column":null}},"3":{"start":{"line":6,"column":23},"end":{"line":6,"column":null}},"4":{"start":{"line":7,"column":19},"end":{"line":7,"column":null}},"5":{"start":{"line":17,"column":30},"end":{"line":50,"column":null}},"6":{"start":{"line":18,"column":18},"end":{"line":18,"column":20}},"7":{"start":{"line":19,"column":28},"end":{"line":19,"column":null}},"8":{"start":{"line":21,"column":4},"end":{"line":47,"column":null}},"9":{"start":{"line":22,"column":6},"end":{"line":24,"column":null}},"10":{"start":{"line":22,"column":19},"end":{"line":22,"column":22}},"11":{"start":{"line":23,"column":8},"end":{"line":23,"column":null}},"12":{"start":{"line":26,"column":6},"end":{"line":46,"column":null}},"13":{"start":{"line":27,"column":8},"end":{"line":29,"column":null}},"14":{"start":{"line":27,"column":21},"end":{"line":27,"column":24}},"15":{"start":{"line":28,"column":10},"end":{"line":28,"column":null}},"16":{"start":{"line":30,"column":8},"end":{"line":30,"column":null}},"17":{"start":{"line":31,"column":8},"end":{"line":31,"column":null}},"18":{"start":{"line":32,"column":13},"end":{"line":46,"column":null}},"19":{"start":{"line":33,"column":8},"end":{"line":33,"column":null}},"20":{"start":{"line":34,"column":8},"end":{"line":34,"column":null}},"21":{"start":{"line":35,"column":8},"end":{"line":37,"column":null}},"22":{"start":{"line":35,"column":21},"end":{"line":35,"column":37}},"23":{"start":{"line":36,"column":10},"end":{"line":36,"column":null}},"24":{"start":{"line":39,"column":8},"end":{"line":39,"column":null}},"25":{"start":{"line":40,"column":8},"end":{"line":40,"column":null}},"26":{"start":{"line":41,"column":8},"end":{"line":43,"column":null}},"27":{"start":{"line":41,"column":21},"end":{"line":41,"column":38}},"28":{"start":{"line":42,"column":10},"end":{"line":42,"column":null}},"29":{"start":{"line":44,"column":8},"end":{"line":44,"column":null}},"30":{"start":{"line":45,"column":8},"end":{"line":45,"column":null}},"31":{"start":{"line":49,"column":4},"end":{"line":49,"column":null}},"32":{"start":{"line":52,"column":2},"end":{"line":52,"column":null}},"33":{"start":{"line":52,"column":23},"end":{"line":52,"column":null}},"34":{"start":{"line":59,"column":23},"end":{"line":59,"column":null}},"35":{"start":{"line":67,"column":8},"end":{"line":67,"column":null}},"36":{"start":{"line":74,"column":29},"end":{"line":74,"column":null}},"37":{"start":{"line":86,"column":23},"end":{"line":86,"column":null}}},"fnMap":{"0":{"name":"Pagination","decl":{"start":{"line":16,"column":16},"end":{"line":16,"column":27}},"loc":{"start":{"line":16,"column":96},"end":{"line":94,"column":null}}},"1":{"name":"(anonymous_5)","decl":{"start":{"line":17,"column":30},"end":{"line":17,"column":null}},"loc":{"start":{"line":17,"column":30},"end":{"line":50,"column":null}}},"2":{"name":"(anonymous_6)","decl":{"start":{"line":59,"column":17},"end":{"line":59,"column":23}},"loc":{"start":{"line":59,"column":23},"end":{"line":59,"column":null}}},"3":{"name":"(anonymous_7)","decl":{"start":{"line":66,"column":33},"end":{"line":66,"column":34}},"loc":{"start":{"line":67,"column":8},"end":{"line":67,"column":null}}},"4":{"name":"(anonymous_8)","decl":{"start":{"line":74,"column":23},"end":{"line":74,"column":29}},"loc":{"start":{"line":74,"column":29},"end":{"line":74,"column":null}}},"5":{"name":"(anonymous_9)","decl":{"start":{"line":86,"column":17},"end":{"line":86,"column":23}},"loc":{"start":{"line":86,"column":23},"end":{"line":86,"column":null}}}},"branchMap":{"0":{"loc":{"start":{"line":21,"column":4},"end":{"line":47,"column":null}},"type":"if","locations":[{"start":{"line":21,"column":4},"end":{"line":47,"column":null}},{"start":{"line":25,"column":11},"end":{"line":47,"column":null}}]},"1":{"loc":{"start":{"line":26,"column":6},"end":{"line":46,"column":null}},"type":"if","locations":[{"start":{"line":26,"column":6},"end":{"line":46,"column":null}},{"start":{"line":32,"column":13},"end":{"line":46,"column":null}}]},"2":{"loc":{"start":{"line":32,"column":13},"end":{"line":46,"column":null}},"type":"if","locations":[{"start":{"line":32,"column":13},"end":{"line":46,"column":null}},{"start":{"line":38,"column":13},"end":{"line":46,"column":null}}]},"3":{"loc":{"start":{"line":52,"column":2},"end":{"line":52,"column":null}},"type":"if","locations":[{"start":{"line":52,"column":2},"end":{"line":52,"column":null}},{"start":{},"end":{}}]},"4":{"loc":{"start":{"line":69,"column":12},"end":{"line":71,"column":13}},"type":"cond-expr","locations":[{"start":{"line":69,"column":12},"end":{"line":71,"column":13}}]},"5":{"loc":{"start":{"line":72,"column":23},"end":{"line":72,"column":null}},"type":"cond-expr","locations":[{"start":{"line":72,"column":46},"end":{"line":72,"column":57}},{"start":{"line":72,"column":57},"end":{"line":72,"column":null}}]}},"s":{"0":0,"1":0,"2":0,"3":0,"4":0,"5":0,"6":0,"7":0,"8":0,"9":0,"10":0,"11":0,"12":0,"13":0,"14":0,"15":0,"16":0,"17":0,"18":0,"19":0,"20":0,"21":0,"22":0,"23":0,"24":0,"25":0,"26":0,"27":0,"28":0,"29":0,"30":0,"31":0,"32":0,"33":0,"34":0,"35":0,"36":0,"37":0},"f":{"0":0,"1":0,"2":0,"3":0,"4":0,"5":0},"b":{"0":[0,0],"1":[0,0],"2":[0,0],"3":[0,0],"4":[0],"5":[0,0]}}
,"/home/edwin/development/ptnextjs/app/components/partners-client.tsx": {"path":"/home/edwin/development/ptnextjs/app/components/partners-client.tsx","statementMap":{"0":{"start":{"line":27,"column":16},"end":{"line":27,"column":31}},"1":{"start":{"line":4,"column":23},"end":{"line":4,"column":null}},"2":{"start":{"line":5,"column":43},"end":{"line":5,"column":null}},"3":{"start":{"line":6,"column":23},"end":{"line":6,"column":null}},"4":{"start":{"line":7,"column":26},"end":{"line":7,"column":null}},"5":{"start":{"line":8,"column":74},"end":{"line":8,"column":null}},"6":{"start":{"line":9,"column":22},"end":{"line":9,"column":null}},"7":{"start":{"line":10,"column":29},"end":{"line":10,"column":null}},"8":{"start":{"line":11,"column":27},"end":{"line":11,"column":null}},"9":{"start":{"line":12,"column":79},"end":{"line":12,"column":null}},"10":{"start":{"line":13,"column":17},"end":{"line":13,"column":null}},"11":{"start":{"line":14,"column":34},"end":{"line":14,"column":null}},"12":{"start":{"line":15,"column":23},"end":{"line":15,"column":null}},"13":{"start":{"line":16,"column":31},"end":{"line":16,"column":null}},"14":{"start":{"line":19,"column":23},"end":{"line":19,"column":null}},"15":{"start":{"line":28,"column":17},"end":{"line":28,"column":null}},"16":{"start":{"line":29,"column":23},"end":{"line":29,"column":null}},"17":{"start":{"line":32,"column":20},"end":{"line":32,"column":null}},"18":{"start":{"line":33,"column":40},"end":{"line":33,"column":null}},"19":{"start":{"line":34,"column":50},"end":{"line":34,"column":null}},"20":{"start":{"line":35,"column":40},"end":{"line":35,"column":null}},"21":{"start":{"line":36,"column":54},"end":{"line":36,"column":null}},"22":{"start":{"line":38,"column":24},"end":{"line":41,"column":null}},"23":{"start":{"line":44,"column":2},"end":{"line":49,"column":null}},"24":{"start":{"line":45,"column":19},"end":{"line":45,"column":null}},"25":{"start":{"line":46,"column":4},"end":{"line":46,"column":null}},"26":{"start":{"line":47,"column":4},"end":{"line":47,"column":null}},"27":{"start":{"line":48,"column":4},"end":{"line":48,"column":null}},"28":{"start":{"line":52,"column":29},"end":{"line":55,"column":null}},"29":{"start":{"line":53,"column":16},"end":{"line":53,"column":70}},"30":{"start":{"line":54,"column":4},"end":{"line":54,"column":null}},"31":{"start":{"line":57,"column":30},"end":{"line":60,"column":null}},"32":{"start":{"line":58,"column":4},"end":{"line":58,"column":null}},"33":{"start":{"line":59,"column":4},"end":{"line":59,"column":null}},"34":{"start":{"line":63,"column":27},"end":{"line":90,"column":null}},"35":{"start":{"line":64,"column":19},"end":{"line":64,"column":null}},"36":{"start":{"line":67,"column":4},"end":{"line":74,"column":null}},"37":{"start":{"line":68,"column":20},"end":{"line":68,"column":null}},"38":{"start":{"line":69,"column":6},"end":{"line":72,"column":null}},"39":{"start":{"line":70,"column":8},"end":{"line":72,"column":null}},"40":{"start":{"line":72,"column":45},"end":{"line":72,"column":null}},"41":{"start":{"line":77,"column":4},"end":{"line":79,"column":null}},"42":{"start":{"line":78,"column":6},"end":{"line":78,"column":null}},"43":{"start":{"line":78,"column":44},"end":{"line":78,"column":null}},"44":{"start":{"line":82,"column":4},"end":{"line":87,"column":null}},"45":{"start":{"line":83,"column":30},"end":{"line":83,"column":null}},"46":{"start":{"line":83,"column":49},"end":{"line":83,"column":null}},"47":{"start":{"line":84,"column":6},"end":{"line":86,"column":null}},"48":{"start":{"line":85,"column":8},"end":{"line":85,"column":null}},"49":{"start":{"line":85,"column":61},"end":{"line":85,"column":93}},"50":{"start":{"line":89,"column":4},"end":{"line":89,"column":null}},"51":{"start":{"line":93,"column":21},"end":{"line":93,"column":null}},"52":{"start":{"line":94,"column":28},"end":{"line":96,"column":null}},"53":{"start":{"line":100,"column":26},"end":{"line":134,"column":null}},"54":{"start":{"line":101,"column":20},"end":{"line":101,"column":null}},"55":{"start":{"line":104,"column":4},"end":{"line":110,"column":null}},"56":{"start":{"line":105,"column":6},"end":{"line":109,"column":null}},"57":{"start":{"line":106,"column":8},"end":{"line":106,"column":null}},"58":{"start":{"line":108,"column":8},"end":{"line":108,"column":null}},"59":{"start":{"line":113,"column":4},"end":{"line":119,"column":null}},"60":{"start":{"line":114,"column":6},"end":{"line":118,"column":null}},"61":{"start":{"line":115,"column":8},"end":{"line":115,"column":null}},"62":{"start":{"line":117,"column":8},"end":{"line":117,"column":null}},"63":{"start":{"line":122,"column":4},"end":{"line":128,"column":null}},"64":{"start":{"line":123,"column":6},"end":{"line":127,"column":null}},"65":{"start":{"line":124,"column":8},"end":{"line":124,"column":null}},"66":{"start":{"line":126,"column":8},"end":{"line":126,"column":null}},"67":{"start":{"line":130,"column":19},"end":{"line":130,"column":null}},"68":{"start":{"line":131,"column":18},"end":{"line":131,"column":null}},"69":{"start":{"line":133,"column":4},"end":{"line":133,"column":null}},"70":{"start":{"line":137,"column":29},"end":{"line":140,"column":null}},"71":{"start":{"line":138,"column":4},"end":{"line":138,"column":null}},"72":{"start":{"line":139,"column":4},"end":{"line":139,"column":null}},"73":{"start":{"line":142,"column":31},"end":{"line":145,"column":null}},"74":{"start":{"line":143,"column":4},"end":{"line":143,"column":null}},"75":{"start":{"line":144,"column":4},"end":{"line":144,"column":null}},"76":{"start":{"line":148,"column":2},"end":{"line":150,"column":null}},"77":{"start":{"line":149,"column":4},"end":{"line":149,"column":null}},"78":{"start":{"line":188,"column":34},"end":{"line":188,"column":null}},"79":{"start":{"line":188,"column":68},"end":{"line":188,"column":null}},"80":{"start":{"line":189,"column":32},"end":{"line":189,"column":null}},"81":{"start":{"line":191,"column":10},"end":{"line":193,"column":null}},"82":{"start":{"line":227,"column":24},"end":{"line":227,"column":null}},"83":{"start":{"line":228,"column":24},"end":{"line":228,"column":null}},"84":{"start":{"line":237,"column":22},"end":{"line":237,"column":null}},"85":{"start":{"line":238,"column":22},"end":{"line":238,"column":null}},"86":{"start":{"line":251,"column":24},"end":{"line":251,"column":41}},"87":{"start":{"line":284,"column":28},"end":{"line":284,"column":null}},"88":{"start":{"line":285,"column":28},"end":{"line":285,"column":null}}},"fnMap":{"0":{"name":"PartnersClient","decl":{"start":{"line":27,"column":16},"end":{"line":27,"column":31}},"loc":{"start":{"line":27,"column":112},"end":{"line":349,"column":null}}},"1":{"name":"(anonymous_6)","decl":{"start":{"line":44,"column":18},"end":{"line":44,"column":null}},"loc":{"start":{"line":44,"column":18},"end":{"line":49,"column":5}}},"2":{"name":"(anonymous_7)","decl":{"start":{"line":52,"column":47},"end":{"line":52,"column":48}},"loc":{"start":{"line":52,"column":48},"end":{"line":55,"column":5}}},"3":{"name":"(anonymous_8)","decl":{"start":{"line":57,"column":48},"end":{"line":57,"column":49}},"loc":{"start":{"line":57,"column":49},"end":{"line":60,"column":5}}},"4":{"name":"(anonymous_9)","decl":{"start":{"line":63,"column":41},"end":{"line":63,"column":null}},"loc":{"start":{"line":63,"column":41},"end":{"line":90,"column":5}}},"5":{"name":"(anonymous_10)","decl":{"start":{"line":69,"column":33},"end":{"line":69,"column":null}},"loc":{"start":{"line":70,"column":8},"end":{"line":72,"column":null}}},"6":{"name":"(anonymous_11)","decl":{"start":{"line":72,"column":28},"end":{"line":72,"column":29}},"loc":{"start":{"line":72,"column":45},"end":{"line":72,"column":null}}},"7":{"name":"(anonymous_12)","decl":{"start":{"line":78,"column":33},"end":{"line":78,"column":44}},"loc":{"start":{"line":78,"column":44},"end":{"line":78,"column":null}}},"8":{"name":"(anonymous_13)","decl":{"start":{"line":83,"column":44},"end":{"line":83,"column":49}},"loc":{"start":{"line":83,"column":49},"end":{"line":83,"column":null}}},"9":{"name":"(anonymous_14)","decl":{"start":{"line":85,"column":56},"end":{"line":85,"column":61}},"loc":{"start":{"line":85,"column":61},"end":{"line":85,"column":93}}},"10":{"name":"(anonymous_15)","decl":{"start":{"line":100,"column":44},"end":{"line":100,"column":45}},"loc":{"start":{"line":100,"column":45},"end":{"line":134,"column":5}}},"11":{"name":"(anonymous_16)","decl":{"start":{"line":137,"column":47},"end":{"line":137,"column":48}},"loc":{"start":{"line":137,"column":48},"end":{"line":140,"column":5}}},"12":{"name":"(anonymous_17)","decl":{"start":{"line":142,"column":49},"end":{"line":142,"column":50}},"loc":{"start":{"line":142,"column":50},"end":{"line":145,"column":5}}},"13":{"name":"(anonymous_18)","decl":{"start":{"line":148,"column":18},"end":{"line":148,"column":null}},"loc":{"start":{"line":148,"column":18},"end":{"line":150,"column":5}}},"14":{"name":"(anonymous_19)","decl":{"start":{"line":186,"column":31},"end":{"line":186,"column":32}},"loc":{"start":{"line":186,"column":41},"end":{"line":317,"column":null}}},"15":{"name":"(anonymous_20)","decl":{"start":{"line":188,"column":57},"end":{"line":188,"column":68}},"loc":{"start":{"line":188,"column":68},"end":{"line":188,"column":null}}},"16":{"name":"(anonymous_21)","decl":{"start":{"line":226,"column":31},"end":{"line":226,"column":32}},"loc":{"start":{"line":226,"column":32},"end":{"line":229,"column":null}}},"17":{"name":"(anonymous_22)","decl":{"start":{"line":236,"column":29},"end":{"line":236,"column":30}},"loc":{"start":{"line":236,"column":30},"end":{"line":239,"column":null}}},"18":{"name":"(anonymous_23)","decl":{"start":{"line":250,"column":54},"end":{"line":250,"column":55}},"loc":{"start":{"line":251,"column":24},"end":{"line":251,"column":41}}},"19":{"name":"(anonymous_24)","decl":{"start":{"line":283,"column":35},"end":{"line":283,"column":36}},"loc":{"start":{"line":283,"column":36},"end":{"line":286,"column":null}}}},"branchMap":{"0":{"loc":{"start":{"line":27,"column":69},"end":{"line":27,"column":89}},"type":"default-arg","locations":[{"start":{"line":27,"column":87},"end":{"line":27,"column":89}}]},"1":{"loc":{"start":{"line":32,"column":38},"end":{"line":32,"column":null}},"type":"binary-expr","locations":[{"start":{"line":32,"column":38},"end":{"line":32,"column":54}},{"start":{"line":32,"column":54},"end":{"line":32,"column":null}}]},"2":{"loc":{"start":{"line":45,"column":37},"end":{"line":45,"column":null}},"type":"binary-expr","locations":[{"start":{"line":45,"column":37},"end":{"line":45,"column":53}},{"start":{"line":45,"column":53},"end":{"line":45,"column":null}}]},"3":{"loc":{"start":{"line":67,"column":4},"end":{"line":74,"column":null}},"type":"if","locations":[{"start":{"line":67,"column":4},"end":{"line":74,"column":null}},{"start":{},"end":{}}]},"4":{"loc":{"start":{"line":70,"column":8},"end":{"line":72,"column":null}},"type":"binary-expr","locations":[{"start":{"line":70,"column":8},"end":{"line":70,"column":null}},{"start":{"line":71,"column":8},"end":{"line":71,"column":null}},{"start":{"line":72,"column":8},"end":{"line":72,"column":null}}]},"5":{"loc":{"start":{"line":77,"column":4},"end":{"line":79,"column":null}},"type":"if","locations":[{"start":{"line":77,"column":4},"end":{"line":79,"column":null}},{"start":{},"end":{}}]},"6":{"loc":{"start":{"line":82,"column":4},"end":{"line":87,"column":null}},"type":"if","locations":[{"start":{"line":82,"column":4},"end":{"line":87,"column":null}},{"start":{},"end":{}}]},"7":{"loc":{"start":{"line":84,"column":6},"end":{"line":86,"column":null}},"type":"if","locations":[{"start":{"line":84,"column":6},"end":{"line":86,"column":null}},{"start":{},"end":{}}]},"8":{"loc":{"start":{"line":101,"column":52},"end":{"line":101,"column":88}},"type":"binary-expr","locations":[{"start":{"line":101,"column":52},"end":{"line":101,"column":68}},{"start":{"line":101,"column":68},"end":{"line":101,"column":88}}]},"9":{"loc":{"start":{"line":104,"column":4},"end":{"line":110,"column":null}},"type":"if","locations":[{"start":{"line":104,"column":4},"end":{"line":110,"column":null}},{"start":{},"end":{}}]},"10":{"loc":{"start":{"line":105,"column":6},"end":{"line":109,"column":null}},"type":"if","locations":[{"start":{"line":105,"column":6},"end":{"line":109,"column":null}},{"start":{"line":107,"column":13},"end":{"line":109,"column":null}}]},"11":{"loc":{"start":{"line":113,"column":4},"end":{"line":119,"column":null}},"type":"if","locations":[{"start":{"line":113,"column":4},"end":{"line":119,"column":null}},{"start":{},"end":{}}]},"12":{"loc":{"start":{"line":114,"column":6},"end":{"line":118,"column":null}},"type":"if","locations":[{"start":{"line":114,"column":6},"end":{"line":118,"column":null}},{"start":{"line":116,"column":13},"end":{"line":118,"column":null}}]},"13":{"loc":{"start":{"line":114,"column":10},"end":{"line":114,"column":56}},"type":"binary-expr","locations":[{"start":{"line":114,"column":10},"end":{"line":114,"column":25}},{"start":{"line":114,"column":29},"end":{"line":114,"column":56}}]},"14":{"loc":{"start":{"line":122,"column":4},"end":{"line":128,"column":null}},"type":"if","locations":[{"start":{"line":122,"column":4},"end":{"line":128,"column":null}},{"start":{},"end":{}}]},"15":{"loc":{"start":{"line":123,"column":6},"end":{"line":127,"column":null}},"type":"if","locations":[{"start":{"line":123,"column":6},"end":{"line":127,"column":null}},{"start":{"line":125,"column":13},"end":{"line":127,"column":null}}]},"16":{"loc":{"start":{"line":131,"column":18},"end":{"line":131,"column":null}},"type":"cond-expr","locations":[{"start":{"line":131,"column":27},"end":{"line":131,"column":39}},{"start":{"line":131,"column":42},"end":{"line":131,"column":null}}]},"17":{"loc":{"start":{"line":157,"column":17},"end":{"line":157,"column":null}},"type":"cond-expr","locations":[{"start":{"line":157,"column":26},"end":{"line":157,"column":49}},{"start":{"line":157,"column":49},"end":{"line":157,"column":null}}]},"18":{"loc":{"start":{"line":174,"column":17},"end":{"line":174,"column":null}},"type":"cond-expr","locations":[{"start":{"line":174,"column":26},"end":{"line":174,"column":43}},{"start":{"line":174,"column":43},"end":{"line":174,"column":null}}]},"19":{"loc":{"start":{"line":180,"column":11},"end":{"line":180,"column":66}},"type":"binary-expr","locations":[{"start":{"line":180,"column":11},"end":{"line":180,"column":41}},{"start":{"line":180,"column":41},"end":{"line":180,"column":66}}]},"20":{"loc":{"start":{"line":195,"column":23},"end":{"line":195,"column":null}},"type":"cond-expr","locations":[{"start":{"line":195,"column":32},"end":{"line":195,"column":55}},{"start":{"line":195,"column":55},"end":{"line":195,"column":null}}]},"21":{"loc":{"start":{"line":198,"column":73},"end":{"line":198,"column":125}},"type":"cond-expr","locations":[{"start":{"line":198,"column":89},"end":{"line":198,"column":122}},{"start":{"line":198,"column":122},"end":{"line":198,"column":125}}]},"22":{"loc":{"start":{"line":202,"column":23},"end":{"line":202,"column":null}},"type":"binary-expr","locations":[{"start":{"line":202,"column":23},"end":{"line":202,"column":58}},{"start":{"line":202,"column":62},"end":{"line":202,"column":null}}]},"23":{"loc":{"start":{"line":216,"column":23},"end":{"line":216,"column":null}},"type":"binary-expr","locations":[{"start":{"line":216,"column":23},"end":{"line":216,"column":null}}]},"24":{"loc":{"start":{"line":219,"column":23},"end":{"line":219,"column":null}},"type":"binary-expr","locations":[{"start":{"line":219,"column":23},"end":{"line":219,"column":null}}]},"25":{"loc":{"start":{"line":228,"column":44},"end":{"line":228,"column":null}},"type":"binary-expr","locations":[{"start":{"line":228,"column":44},"end":{"line":228,"column":65}},{"start":{"line":228,"column":65},"end":{"line":228,"column":null}}]},"26":{"loc":{"start":{"line":269,"column":21},"end":{"line":269,"column":null}},"type":"binary-expr","locations":[{"start":{"line":269,"column":21},"end":{"line":269,"column":null}}]},"27":{"loc":{"start":{"line":272,"column":63},"end":{"line":272,"column":null}},"type":"cond-expr","locations":[{"start":{"line":272,"column":94},"end":{"line":272,"column":100}},{"start":{"line":272,"column":100},"end":{"line":272,"column":null}}]},"28":{"loc":{"start":{"line":278,"column":23},"end":{"line":278,"column":null}},"type":"binary-expr","locations":[{"start":{"line":278,"column":23},"end":{"line":278,"column":null}}]},"29":{"loc":{"start":{"line":285,"column":47},"end":{"line":285,"column":null}},"type":"binary-expr","locations":[{"start":{"line":285,"column":47},"end":{"line":285,"column":64}},{"start":{"line":285,"column":64},"end":{"line":285,"column":null}}]},"30":{"loc":{"start":{"line":305,"column":23},"end":{"line":305,"column":null}},"type":"binary-expr","locations":[{"start":{"line":305,"column":23},"end":{"line":305,"column":null}}]},"31":{"loc":{"start":{"line":321,"column":7},"end":{"line":321,"column":null}},"type":"binary-expr","locations":[{"start":{"line":321,"column":7},"end":{"line":321,"column":null}}]},"32":{"loc":{"start":{"line":334,"column":7},"end":{"line":334,"column":null}},"type":"binary-expr","locations":[{"start":{"line":334,"column":7},"end":{"line":334,"column":null}}]},"33":{"loc":{"start":{"line":337,"column":19},"end":{"line":337,"column":null}},"type":"cond-expr","locations":[{"start":{"line":337,"column":28},"end":{"line":337,"column":51}},{"start":{"line":337,"column":51},"end":{"line":337,"column":null}}]}},"s":{"0":0,"1":0,"2":0,"3":0,"4":0,"5":0,"6":0,"7":0,"8":0,"9":0,"10":0,"11":0,"12":0,"13":0,"14":0,"15":0,"16":0,"17":0,"18":0,"19":0,"20":0,"21":0,"22":0,"23":0,"24":0,"25":0,"26":0,"27":0,"28":0,"29":0,"30":0,"31":0,"32":0,"33":0,"34":0,"35":0,"36":0,"37":0,"38":0,"39":0,"40":0,"41":0,"42":0,"43":0,"44":0,"45":0,"46":0,"47":0,"48":0,"49":0,"50":0,"51":0,"52":0,"53":0,"54":0,"55":0,"56":0,"57":0,"58":0,"59":0,"60":0,"61":0,"62":0,"63":0,"64":0,"65":0,"66":0,"67":0,"68":0,"69":0,"70":0,"71":0,"72":0,"73":0,"74":0,"75":0,"76":0,"77":0,"78":0,"79":0,"80":0,"81":0,"82":0,"83":0,"84":0,"85":0,"86":0,"87":0,"88":0},"f":{"0":0,"1":0,"2":0,"3":0,"4":0,"5":0,"6":0,"7":0,"8":0,"9":0,"10":0,"11":0,"12":0,"13":0,"14":0,"15":0,"16":0,"17":0,"18":0,"19":0},"b":{"0":[0],"1":[0,0],"2":[0,0],"3":[0,0],"4":[0,0,0],"5":[0,0],"6":[0,0],"7":[0,0],"8":[0,0],"9":[0,0],"10":[0,0],"11":[0,0],"12":[0,0],"13":[0,0],"14":[0,0],"15":[0,0],"16":[0,0],"17":[0,0],"18":[0,0],"19":[0,0],"20":[0,0],"21":[0,0],"22":[0,0],"23":[0],"24":[0],"25":[0,0],"26":[0],"27":[0,0],"28":[0],"29":[0,0],"30":[0],"31":[0],"32":[0],"33":[0,0]}}
,"/home/edwin/development/ptnextjs/app/components/products-client.tsx": {"path":"/home/edwin/development/ptnextjs/app/components/products-client.tsx","statementMap":{"0":{"start":{"line":28,"column":16},"end":{"line":28,"column":31}},"1":{"start":{"line":4,"column":23},"end":{"line":4,"column":null}},"2":{"start":{"line":5,"column":43},"end":{"line":5,"column":null}},"3":{"start":{"line":6,"column":23},"end":{"line":6,"column":null}},"4":{"start":{"line":7,"column":26},"end":{"line":7,"column":null}},"5":{"start":{"line":8,"column":74},"end":{"line":8,"column":null}},"6":{"start":{"line":9,"column":22},"end":{"line":9,"column":null}},"7":{"start":{"line":10,"column":23},"end":{"line":10,"column":null}},"8":{"start":{"line":11,"column":29},"end":{"line":11,"column":null}},"9":{"start":{"line":12,"column":27},"end":{"line":12,"column":null}},"10":{"start":{"line":13,"column":29},"end":{"line":13,"column":null}},"11":{"start":{"line":14,"column":44},"end":{"line":14,"column":null}},"12":{"start":{"line":15,"column":17},"end":{"line":15,"column":null}},"13":{"start":{"line":16,"column":34},"end":{"line":16,"column":null}},"14":{"start":{"line":17,"column":31},"end":{"line":17,"column":null}},"15":{"start":{"line":20,"column":23},"end":{"line":20,"column":null}},"16":{"start":{"line":29,"column":17},"end":{"line":29,"column":null}},"17":{"start":{"line":30,"column":23},"end":{"line":30,"column":null}},"18":{"start":{"line":33,"column":20},"end":{"line":33,"column":null}},"19":{"start":{"line":34,"column":40},"end":{"line":34,"column":null}},"20":{"start":{"line":35,"column":50},"end":{"line":35,"column":null}},"21":{"start":{"line":36,"column":40},"end":{"line":36,"column":null}},"22":{"start":{"line":37,"column":48},"end":{"line":37,"column":null}},"23":{"start":{"line":38,"column":38},"end":{"line":39,"column":null}},"24":{"start":{"line":43,"column":24},"end":{"line":46,"column":null}},"25":{"start":{"line":50,"column":2},"end":{"line":56,"column":null}},"26":{"start":{"line":51,"column":19},"end":{"line":51,"column":null}},"27":{"start":{"line":52,"column":4},"end":{"line":52,"column":null}},"28":{"start":{"line":53,"column":4},"end":{"line":53,"column":null}},"29":{"start":{"line":54,"column":4},"end":{"line":54,"column":null}},"30":{"start":{"line":55,"column":4},"end":{"line":55,"column":null}},"31":{"start":{"line":59,"column":28},"end":{"line":62,"column":null}},"32":{"start":{"line":60,"column":16},"end":{"line":60,"column":70}},"33":{"start":{"line":61,"column":4},"end":{"line":61,"column":null}},"34":{"start":{"line":64,"column":30},"end":{"line":67,"column":null}},"35":{"start":{"line":65,"column":4},"end":{"line":65,"column":null}},"36":{"start":{"line":66,"column":4},"end":{"line":66,"column":null}},"37":{"start":{"line":70,"column":23},"end":{"line":75,"column":null}},"38":{"start":{"line":71,"column":4},"end":{"line":74,"column":null}},"39":{"start":{"line":72,"column":6},"end":{"line":72,"column":null}},"40":{"start":{"line":73,"column":6},"end":{"line":73,"column":null}},"41":{"start":{"line":78,"column":27},"end":{"line":116,"column":null}},"42":{"start":{"line":79,"column":19},"end":{"line":79,"column":null}},"43":{"start":{"line":82,"column":4},"end":{"line":92,"column":null}},"44":{"start":{"line":83,"column":20},"end":{"line":83,"column":null}},"45":{"start":{"line":84,"column":6},"end":{"line":89,"column":null}},"46":{"start":{"line":85,"column":8},"end":{"line":89,"column":null}},"47":{"start":{"line":87,"column":45},"end":{"line":87,"column":null}},"48":{"start":{"line":89,"column":10},"end":{"line":89,"column":null}},"49":{"start":{"line":95,"column":4},"end":{"line":97,"column":null}},"50":{"start":{"line":96,"column":6},"end":{"line":96,"column":null}},"51":{"start":{"line":96,"column":44},"end":{"line":96,"column":null}},"52":{"start":{"line":100,"column":4},"end":{"line":102,"column":null}},"53":{"start":{"line":101,"column":6},"end":{"line":101,"column":null}},"54":{"start":{"line":101,"column":44},"end":{"line":101,"column":null}},"55":{"start":{"line":105,"column":4},"end":{"line":112,"column":null}},"56":{"start":{"line":106,"column":6},"end":{"line":111,"column":null}},"57":{"start":{"line":107,"column":25},"end":{"line":107,"column":null}},"58":{"start":{"line":108,"column":8},"end":{"line":108,"column":null}},"59":{"start":{"line":108,"column":23},"end":{"line":108,"column":null}},"60":{"start":{"line":109,"column":23},"end":{"line":109,"column":45}},"61":{"start":{"line":110,"column":8},"end":{"line":110,"column":null}},"62":{"start":{"line":115,"column":4},"end":{"line":115,"column":null}},"63":{"start":{"line":119,"column":21},"end":{"line":119,"column":null}},"64":{"start":{"line":120,"column":28},"end":{"line":122,"column":null}},"65":{"start":{"line":126,"column":26},"end":{"line":169,"column":null}},"66":{"start":{"line":127,"column":20},"end":{"line":127,"column":null}},"67":{"start":{"line":130,"column":4},"end":{"line":136,"column":null}},"68":{"start":{"line":131,"column":6},"end":{"line":135,"column":null}},"69":{"start":{"line":132,"column":8},"end":{"line":132,"column":null}},"70":{"start":{"line":134,"column":8},"end":{"line":134,"column":null}},"71":{"start":{"line":139,"column":4},"end":{"line":145,"column":null}},"72":{"start":{"line":140,"column":6},"end":{"line":144,"column":null}},"73":{"start":{"line":141,"column":8},"end":{"line":141,"column":null}},"74":{"start":{"line":143,"column":8},"end":{"line":143,"column":null}},"75":{"start":{"line":148,"column":4},"end":{"line":154,"column":null}},"76":{"start":{"line":149,"column":6},"end":{"line":153,"column":null}},"77":{"start":{"line":150,"column":8},"end":{"line":150,"column":null}},"78":{"start":{"line":152,"column":8},"end":{"line":152,"column":null}},"79":{"start":{"line":157,"column":4},"end":{"line":163,"column":null}},"80":{"start":{"line":158,"column":6},"end":{"line":162,"column":null}},"81":{"start":{"line":159,"column":8},"end":{"line":159,"column":null}},"82":{"start":{"line":161,"column":8},"end":{"line":161,"column":32}},"83":{"start":{"line":165,"column":19},"end":{"line":165,"column":null}},"84":{"start":{"line":166,"column":18},"end":{"line":166,"column":null}},"85":{"start":{"line":168,"column":4},"end":{"line":168,"column":null}},"86":{"start":{"line":172,"column":29},"end":{"line":175,"column":null}},"87":{"start":{"line":173,"column":4},"end":{"line":173,"column":null}},"88":{"start":{"line":174,"column":4},"end":{"line":174,"column":null}},"89":{"start":{"line":177,"column":31},"end":{"line":180,"column":null}},"90":{"start":{"line":178,"column":4},"end":{"line":178,"column":null}},"91":{"start":{"line":179,"column":4},"end":{"line":179,"column":null}},"92":{"start":{"line":182,"column":33},"end":{"line":185,"column":null}},"93":{"start":{"line":183,"column":4},"end":{"line":183,"column":null}},"94":{"start":{"line":184,"column":4},"end":{"line":184,"column":null}},"95":{"start":{"line":188,"column":2},"end":{"line":190,"column":null}},"96":{"start":{"line":189,"column":4},"end":{"line":189,"column":null}},"97":{"start":{"line":245,"column":10},"end":{"line":246,"column":null}},"98":{"start":{"line":254,"column":28},"end":{"line":254,"column":99}},"99":{"start":{"line":255,"column":16},"end":{"line":255,"column":null}},"100":{"start":{"line":276,"column":24},"end":{"line":276,"column":null}},"101":{"start":{"line":277,"column":24},"end":{"line":277,"column":null}},"102":{"start":{"line":299,"column":26},"end":{"line":299,"column":55}},"103":{"start":{"line":313,"column":22},"end":{"line":313,"column":39}},"104":{"start":{"line":334,"column":24},"end":{"line":334,"column":null}},"105":{"start":{"line":335,"column":24},"end":{"line":335,"column":null}}},"fnMap":{"0":{"name":"ProductsClient","decl":{"start":{"line":28,"column":16},"end":{"line":28,"column":31}},"loc":{"start":{"line":28,"column":106},"end":{"line":390,"column":null}}},"1":{"name":"(anonymous_6)","decl":{"start":{"line":50,"column":18},"end":{"line":50,"column":null}},"loc":{"start":{"line":50,"column":18},"end":{"line":56,"column":5}}},"2":{"name":"(anonymous_7)","decl":{"start":{"line":59,"column":46},"end":{"line":59,"column":47}},"loc":{"start":{"line":59,"column":47},"end":{"line":62,"column":5}}},"3":{"name":"(anonymous_8)","decl":{"start":{"line":64,"column":48},"end":{"line":64,"column":49}},"loc":{"start":{"line":64,"column":49},"end":{"line":67,"column":5}}},"4":{"name":"(anonymous_9)","decl":{"start":{"line":70,"column":37},"end":{"line":70,"column":null}},"loc":{"start":{"line":70,"column":37},"end":{"line":75,"column":5}}},"5":{"name":"(anonymous_10)","decl":{"start":{"line":71,"column":33},"end":{"line":71,"column":34}},"loc":{"start":{"line":71,"column":42},"end":{"line":74,"column":7}}},"6":{"name":"(anonymous_11)","decl":{"start":{"line":78,"column":41},"end":{"line":78,"column":null}},"loc":{"start":{"line":78,"column":41},"end":{"line":116,"column":5}}},"7":{"name":"(anonymous_12)","decl":{"start":{"line":84,"column":33},"end":{"line":84,"column":null}},"loc":{"start":{"line":85,"column":8},"end":{"line":89,"column":null}}},"8":{"name":"(anonymous_13)","decl":{"start":{"line":87,"column":28},"end":{"line":87,"column":29}},"loc":{"start":{"line":87,"column":45},"end":{"line":87,"column":null}}},"9":{"name":"(anonymous_14)","decl":{"start":{"line":88,"column":32},"end":{"line":88,"column":33}},"loc":{"start":{"line":89,"column":10},"end":{"line":89,"column":null}}},"10":{"name":"(anonymous_15)","decl":{"start":{"line":96,"column":33},"end":{"line":96,"column":44}},"loc":{"start":{"line":96,"column":44},"end":{"line":96,"column":null}}},"11":{"name":"(anonymous_16)","decl":{"start":{"line":101,"column":33},"end":{"line":101,"column":44}},"loc":{"start":{"line":101,"column":44},"end":{"line":101,"column":null}}},"12":{"name":"(anonymous_17)","decl":{"start":{"line":106,"column":33},"end":{"line":106,"column":null}},"loc":{"start":{"line":106,"column":33},"end":{"line":111,"column":null}}},"13":{"name":"(anonymous_18)","decl":{"start":{"line":126,"column":44},"end":{"line":126,"column":45}},"loc":{"start":{"line":126,"column":45},"end":{"line":169,"column":5}}},"14":{"name":"(anonymous_19)","decl":{"start":{"line":172,"column":47},"end":{"line":172,"column":48}},"loc":{"start":{"line":172,"column":48},"end":{"line":175,"column":5}}},"15":{"name":"(anonymous_20)","decl":{"start":{"line":177,"column":49},"end":{"line":177,"column":50}},"loc":{"start":{"line":177,"column":50},"end":{"line":180,"column":5}}},"16":{"name":"(anonymous_21)","decl":{"start":{"line":182,"column":51},"end":{"line":182,"column":52}},"loc":{"start":{"line":182,"column":52},"end":{"line":185,"column":5}}},"17":{"name":"(anonymous_22)","decl":{"start":{"line":188,"column":18},"end":{"line":188,"column":null}},"loc":{"start":{"line":188,"column":18},"end":{"line":190,"column":5}}},"18":{"name":"(anonymous_23)","decl":{"start":{"line":244,"column":31},"end":{"line":244,"column":32}},"loc":{"start":{"line":245,"column":10},"end":{"line":246,"column":null}}},"19":{"name":"(anonymous_24)","decl":{"start":{"line":253,"column":23},"end":{"line":253,"column":null}},"loc":{"start":{"line":253,"column":23},"end":{"line":256,"column":null}}},"20":{"name":"(anonymous_25)","decl":{"start":{"line":275,"column":31},"end":{"line":275,"column":32}},"loc":{"start":{"line":275,"column":32},"end":{"line":278,"column":null}}},"21":{"name":"(anonymous_26)","decl":{"start":{"line":298,"column":58},"end":{"line":298,"column":59}},"loc":{"start":{"line":299,"column":26},"end":{"line":299,"column":55}}},"22":{"name":"(anonymous_27)","decl":{"start":{"line":312,"column":52},"end":{"line":312,"column":53}},"loc":{"start":{"line":313,"column":22},"end":{"line":313,"column":39}}},"23":{"name":"(anonymous_28)","decl":{"start":{"line":333,"column":31},"end":{"line":333,"column":32}},"loc":{"start":{"line":333,"column":32},"end":{"line":336,"column":null}}}},"branchMap":{"0":{"loc":{"start":{"line":33,"column":38},"end":{"line":33,"column":null}},"type":"binary-expr","locations":[{"start":{"line":33,"column":38},"end":{"line":33,"column":54}},{"start":{"line":33,"column":54},"end":{"line":33,"column":null}}]},"1":{"loc":{"start":{"line":39,"column":4},"end":{"line":39,"column":null}},"type":"cond-expr","locations":[{"start":{"line":39,"column":42},"end":{"line":39,"column":50}},{"start":{"line":39,"column":50},"end":{"line":39,"column":null}}]},"2":{"loc":{"start":{"line":51,"column":37},"end":{"line":51,"column":null}},"type":"binary-expr","locations":[{"start":{"line":51,"column":37},"end":{"line":51,"column":53}},{"start":{"line":51,"column":53},"end":{"line":51,"column":null}}]},"3":{"loc":{"start":{"line":55,"column":18},"end":{"line":55,"column":null}},"type":"cond-expr","locations":[{"start":{"line":55,"column":56},"end":{"line":55,"column":64}},{"start":{"line":55,"column":64},"end":{"line":55,"column":null}}]},"4":{"loc":{"start":{"line":82,"column":4},"end":{"line":92,"column":null}},"type":"if","locations":[{"start":{"line":82,"column":4},"end":{"line":92,"column":null}},{"start":{},"end":{}}]},"5":{"loc":{"start":{"line":85,"column":8},"end":{"line":89,"column":null}},"type":"binary-expr","locations":[{"start":{"line":85,"column":8},"end":{"line":85,"column":null}},{"start":{"line":86,"column":8},"end":{"line":86,"column":null}},{"start":{"line":87,"column":8},"end":{"line":87,"column":null}},{"start":{"line":88,"column":8},"end":{"line":89,"column":null}}]},"6":{"loc":{"start":{"line":95,"column":4},"end":{"line":97,"column":null}},"type":"if","locations":[{"start":{"line":95,"column":4},"end":{"line":97,"column":null}},{"start":{},"end":{}}]},"7":{"loc":{"start":{"line":100,"column":4},"end":{"line":102,"column":null}},"type":"if","locations":[{"start":{"line":100,"column":4},"end":{"line":102,"column":null}},{"start":{},"end":{}}]},"8":{"loc":{"start":{"line":105,"column":4},"end":{"line":112,"column":null}},"type":"if","locations":[{"start":{"line":105,"column":4},"end":{"line":112,"column":null}},{"start":{},"end":{}}]},"9":{"loc":{"start":{"line":107,"column":25},"end":{"line":107,"column":null}},"type":"binary-expr","locations":[{"start":{"line":107,"column":25},"end":{"line":107,"column":46}},{"start":{"line":107,"column":46},"end":{"line":107,"column":null}}]},"10":{"loc":{"start":{"line":108,"column":8},"end":{"line":108,"column":null}},"type":"if","locations":[{"start":{"line":108,"column":8},"end":{"line":108,"column":null}},{"start":{},"end":{}}]},"11":{"loc":{"start":{"line":127,"column":52},"end":{"line":127,"column":88}},"type":"binary-expr","locations":[{"start":{"line":127,"column":52},"end":{"line":127,"column":68}},{"start":{"line":127,"column":68},"end":{"line":127,"column":88}}]},"12":{"loc":{"start":{"line":130,"column":4},"end":{"line":136,"column":null}},"type":"if","locations":[{"start":{"line":130,"column"
[...]
:53,"column":4},"end":{"line":53,"column":null}},"26":{"start":{"line":56,"column":2},"end":{"line":56,"column":null}}},"fnMap":{"0":{"name":"cn","decl":{"start":{"line":4,"column":16},"end":{"line":4,"column":18}},"loc":{"start":{"line":4,"column":42},"end":{"line":6,"column":null}}},"1":{"name":"formatDuration","decl":{"start":{"line":8,"column":16},"end":{"line":8,"column":30}},"loc":{"start":{"line":8,"column":46},"end":{"line":14,"column":null}}},"2":{"name":"formatDate","decl":{"start":{"line":16,"column":16},"end":{"line":16,"column":26}},"loc":{"start":{"line":16,"column":45},"end":{"line":27,"column":null}}},"3":{"name":"(anonymous_9)","decl":{"start":{"line":30,"column":33},"end":{"line":30,"column":34}},"loc":{"start":{"line":30,"column":34},"end":{"line":37,"column":null}}},"4":{"name":"(anonymous_10)","decl":{"start":{"line":39,"column":31},"end":{"line":39,"column":32}},"loc":{"start":{"line":39,"column":50},"end":{"line":57,"column":null}}}},"branchMap":{"0":{"loc":{"start":{"line":32,"column":14},"end":{"line":32,"column":null}},"type":"binary-expr","locations":[{"start":{"line":32,"column":14},"end":{"line":32,"column":46}},{"start":{"line":32,"column":46},"end":{"line":32,"column":null}}]},"1":{"loc":{"start":{"line":33,"column":13},"end":{"line":33,"column":null}},"type":"binary-expr","locations":[{"start":{"line":33,"column":13},"end":{"line":33,"column":44}},{"start":{"line":33,"column":44},"end":{"line":33,"column":null}}]},"2":{"loc":{"start":{"line":34,"column":12},"end":{"line":34,"column":null}},"type":"binary-expr","locations":[{"start":{"line":34,"column":12},"end":{"line":34,"column":42}},{"start":{"line":34,"column":42},"end":{"line":34,"column":null}}]},"3":{"loc":{"start":{"line":35,"column":10},"end":{"line":35,"column":null}},"type":"binary-expr","locations":[{"start":{"line":35,"column":10},"end":{"line":35,"column":38}},{"start":{"line":35,"column":38},"end":{"line":35,"column":null}}]},"4":{"loc":{"start":{"line":44,"column":32},"end":{"line":44,"column":null}},"type":"cond-expr","locations":[{"start":{"line":44,"column":64},"end":{"line":44,"column":86}},{"start":{"line":44,"column":89},"end":{"line":44,"column":null}}]},"5":{"loc":{"start":{"line":46,"column":2},"end":{"line":48,"column":null}},"type":"if","locations":[{"start":{"line":46,"column":2},"end":{"line":48,"column":null}},{"start":{},"end":{}}]},"6":{"loc":{"start":{"line":46,"column":6},"end":{"line":46,"column":52}},"type":"binary-expr","locations":[{"start":{"line":46,"column":6},"end":{"line":46,"column":21}},{"start":{"line":46,"column":25},"end":{"line":46,"column":52}}]},"7":{"loc":{"start":{"line":49,"column":2},"end":{"line":51,"column":null}},"type":"if","locations":[{"start":{"line":49,"column":2},"end":{"line":51,"column":null}},{"start":{},"end":{}}]},"8":{"loc":{"start":{"line":52,"column":2},"end":{"line":54,"column":null}},"type":"if","locations":[{"start":{"line":52,"column":2},"end":{"line":54,"column":null}},{"start":{},"end":{}}]}},"s":{"0":0,"1":0,"2":0,"3":0,"4":0,"5":0,"6":0,"7":0,"8":0,"9":0,"10":0,"11":0,"12":0,"13":0,"14":0,"15":0,"16":0,"17":0,"18":0,"19":0,"20":0,"21":0,"22":0,"23":0,"24":0,"25":0,"26":0},"f":{"0":0,"1":0,"2":0,"3":0,"4":0},"b":{"0":[0,0],"1":[0,0],"2":[0,0],"3":[0,0],"4":[0,0],"5":[0,0],"6":[0,0],"7":[0,0],"8":[0,0]}}
,"/home/edwin/development/ptnextjs/lib/hooks/use-lazy-loading.ts": {"path":"/home/edwin/development/ptnextjs/lib/hooks/use-lazy-loading.ts","statementMap":{"0":{"start":{"line":22,"column":16},"end":{"line":22,"column":30}},"1":{"start":{"line":216,"column":16},"end":{"line":216,"column":32}},"2":{"start":{"line":180,"column":16},"end":{"line":180,"column":37}},"3":{"start":{"line":90,"column":16},"end":{"line":90,"column":35}},"4":{"start":{"line":8,"column":57},"end":{"line":8,"column":null}},"5":{"start":{"line":27,"column":36},"end":{"line":27,"column":null}},"6":{"start":{"line":28,"column":38},"end":{"line":28,"column":null}},"7":{"start":{"line":29,"column":14},"end":{"line":29,"column":null}},"8":{"start":{"line":31,"column":2},"end":{"line":67,"column":null}},"9":{"start":{"line":32,"column":20},"end":{"line":32,"column":31}},"10":{"start":{"line":33,"column":4},"end":{"line":33,"column":null}},"11":{"start":{"line":33,"column":18},"end":{"line":33,"column":null}},"12":{"start":{"line":36,"column":4},"end":{"line":41,"column":null}},"13":{"start":{"line":37,"column":6},"end":{"line":37,"column":null}},"14":{"start":{"line":38,"column":6},"end":{"line":38,"column":null}},"15":{"start":{"line":39,"column":6},"end":{"line":39,"column":null}},"16":{"start":{"line":40,"column":6},"end":{"line":40,"column":null}},"17":{"start":{"line":43,"column":21},"end":{"line":59,"column":null}},"18":{"start":{"line":45,"column":31},"end":{"line":45,"column":51}},"19":{"start":{"line":47,"column":8},"end":{"line":47,"column":null}},"20":{"start":{"line":49,"column":8},"end":{"line":54,"column":null}},"21":{"start":{"line":50,"column":10},"end":{"line":50,"column":null}},"22":{"start":{"line":51,"column":10},"end":{"line":53,"column":null}},"23":{"start":{"line":52,"column":12},"end":{"line":52,"column":null}},"24":{"start":{"line":62,"column":4},"end":{"line":62,"column":null}},"25":{"start":{"line":64,"column":4},"end":{"line":66,"column":null}},"26":{"start":{"line":65,"column":6},"end":{"line":65,"column":null}},"27":{"start":{"line":69,"column":2},"end":{"line":69,"column":null}},"28":{"start":{"line":94,"column":29},"end":{"line":94,"column":null}},"29":{"start":{"line":95,"column":34},"end":{"line":95,"column":null}},"30":{"start":{"line":96,"column":34},"end":{"line":96,"column":null}},"31":{"start":{"line":97,"column":34},"end":{"line":97,"column":null}},"32":{"start":{"line":98,"column":17},"end":{"line":98,"column":null}},"33":{"start":{"line":100,"column":2},"end":{"line":153,"column":null}},"34":{"start":{"line":101,"column":4},"end":{"line":101,"column":null}},"35":{"start":{"line":101,"column":28},"end":{"line":101,"column":null}},"36":{"start":{"line":104,"column":4},"end":{"line":104,"column":null}},"37":{"start":{"line":105,"column":4},"end":{"line":105,"column":null}},"38":{"start":{"line":108,"column":4},"end":{"line":112,"column":null}},"39":{"start":{"line":109,"column":6},"end":{"line":109,"column":null}},"40":{"start":{"line":110,"column":6},"end":{"line":110,"column":null}},"41":{"start":{"line":111,"column":6},"end":{"line":111,"column":null}},"42":{"start":{"line":115,"column":4},"end":{"line":117,"column":null}},"43":{"start":{"line":116,"column":6},"end":{"line":116,"column":null}},"44":{"start":{"line":120,"column":16},"end":{"line":120,"column":null}},"45":{"start":{"line":121,"column":4},"end":{"line":121,"column":null}},"46":{"start":{"line":124,"column":4},"end":{"line":131,"column":null}},"47":{"start":{"line":126,"column":6},"end":{"line":130,"column":null}},"48":{"start":{"line":127,"column":8},"end":{"line":127,"column":null}},"49":{"start":{"line":128,"column":8},"end":{"line":128,"column":null}},"50":{"start":{"line":129,"column":8},"end":{"line":129,"column":null}},"51":{"start":{"line":133,"column":4},"end":{"line":140,"column":null}},"52":{"start":{"line":134,"column":6},"end":{"line":134,"column":null}},"53":{"start":{"line":136,"column":6},"end":{"line":139,"column":null}},"54":{"start":{"line":137,"column":8},"end":{"line":137,"column":null}},"55":{"start":{"line":138,"column":8},"end":{"line":138,"column":null}},"56":{"start":{"line":143,"column":4},"end":{"line":143,"column":null}},"57":{"start":{"line":146,"column":4},"end":{"line":152,"column":null}},"58":{"start":{"line":147,"column":6},"end":{"line":151,"column":null}},"59":{"start":{"line":148,"column":8},"end":{"line":148,"column":null}},"60":{"start":{"line":149,"column":8},"end":{"line":149,"column":null}},"61":{"start":{"line":150,"column":8},"end":{"line":150,"column":null}},"62":{"start":{"line":156,"column":2},"end":{"line":160,"column":null}},"63":{"start":{"line":157,"column":4},"end":{"line":157,"column":null}},"64":{"start":{"line":158,"column":4},"end":{"line":158,"column":null}},"65":{"start":{"line":159,"column":4},"end":{"line":159,"column":null}},"66":{"start":{"line":162,"column":2},"end":{"line":162,"column":null}},"67":{"start":{"line":184,"column":34},"end":{"line":184,"column":null}},"68":{"start":{"line":185,"column":23},"end":{"line":185,"column":null}},"69":{"start":{"line":187,"column":23},"end":{"line":190,"column":null}},"70":{"start":{"line":188,"column":4},"end":{"line":188,"column":null}},"71":{"start":{"line":188,"column":18},"end":{"line":188,"column":null}},"72":{"start":{"line":189,"column":4},"end":{"line":189,"column":null}},"73":{"start":{"line":192,"column":21},"end":{"line":202,"column":null}},"74":{"start":{"line":193,"column":4},"end":{"line":193,"column":null}},"75":{"start":{"line":193,"column":43},"end":{"line":193,"column":null}},"76":{"start":{"line":194,"column":20},"end":{"line":194,"column":null}},"77":{"start":{"line":195,"column":28},"end":{"line":195,"column":58}},"78":{"start":{"line":196,"column":4},"end":{"line":196,"column":null}},"79":{"start":{"line":199,"column":4},"end":{"line":201,"column":null}},"80":{"start":{"line":200,"column":6},"end":{"line":200,"column":null}},"81":{"start":{"line":204,"column":2},"end":{"line":204,"column":null}},"82":{"start":{"line":217,"column":38},"end":{"line":217,"column":null}},"83":{"start":{"line":219,"column":27},"end":{"line":227,"column":null}},"84":{"start":{"line":220,"column":4},"end":{"line":226,"column":null}},"85":{"start":{"line":221,"column":6},"end":{"line":225,"column":null}},"86":{"start":{"line":222,"column":8},"end":{"line":222,"column":null}},"87":{"start":{"line":224,"column":8},"end":{"line":224,"column":null}},"88":{"start":{"line":229,"column":2},"end":{"line":239,"column":null}},"89":{"start":{"line":230,"column":4},"end":{"line":238,"column":null}},"90":{"start":{"line":231,"column":6},"end":{"line":231,"column":null}},"91":{"start":{"line":232,"column":23},"end":{"line":232,"column":59}},"92":{"start":{"line":233,"column":6},"end":{"line":237,"column":null}},"93":{"start":{"line":234,"column":8},"end":{"line":234,"column":null}},"94":{"start":{"line":236,"column":8},"end":{"line":236,"column":null}},"95":{"start":{"line":241,"column":2},"end":{"line":241,"column":null}}},"fnMap":{"0":{"name":"useLazyLoading","decl":{"start":{"line":22,"column":16},"end":{"line":22,"column":30}},"loc":{"start":{"line":26,"column":29},"end":{"line":70,"column":null}}},"1":{"name":"(anonymous_6)","decl":{"start":{"line":31,"column":12},"end":{"line":31,"column":null}},"loc":{"start":{"line":31,"column":12},"end":{"line":67,"column":5}}},"2":{"name":"(anonymous_7)","decl":{"start":{"line":44,"column":6},"end":{"line":44,"column":7}},"loc":{"start":{"line":44,"column":14},"end":{"line":55,"column":null}}},"3":{"name":"(anonymous_8)","decl":{"start":{"line":64,"column":11},"end":{"line":64,"column":null}},"loc":{"start":{"line":64,"column":11},"end":{"line":66,"column":null}}},"4":{"name":"useProgressiveImage","decl":{"start":{"line":90,"column":16},"end":{"line":90,"column":35}},"loc":{"start":{"line":93,"column":29},"end":{"line":163,"column":null}}},"5":{"name":"(anonymous_10)","decl":{"start":{"line":100,"column":12},"end":{"line":100,"column":null}},"loc":{"start":{"line":100,"column":12},"end":{"line":153,"column":5}}},"6":{"name":"(anonymous_11)","decl":{"start":{"line":124,"column":17},"end":{"line":124,"column":null}},"loc":{"start":{"line":124,"column":17},"end":{"line":131,"column":null}}},"7":{"name":"(anonymous_12)","decl":{"start":{"line":133,"column":18},"end":{"line":133,"column":19}},"loc":{"start":{"line":133,"column":19},"end":{"line":140,"column":null}}},"8":{"name":"(anonymous_13)","decl":{"start":{"line":146,"column":11},"end":{"line":146,"column":null}},"loc":{"start":{"line":146,"column":11},"end":{"line":152,"column":null}}},"9":{"name":"(anonymous_14)","decl":{"start":{"line":156,"column":12},"end":{"line":156,"column":null}},"loc":{"start":{"line":156,"column":12},"end":{"line":160,"column":5}}},"10":{"name":"usePerformanceMetrics","decl":{"start":{"line":180,"column":16},"end":{"line":180,"column":37}},"loc":{"start":{"line":183,"column":31},"end":{"line":205,"column":null}}},"11":{"name":"(anonymous_16)","decl":{"start":{"line":187,"column":23},"end":{"line":187,"column":null}},"loc":{"start":{"line":187,"column":23},"end":{"line":190,"column":null}}},"12":{"name":"(anonymous_17)","decl":{"start":{"line":192,"column":21},"end":{"line":192,"column":null}},"loc":{"start":{"line":192,"column":21},"end":{"line":202,"column":null}}},"13":{"name":"useMemoryMonitor","decl":{"start":{"line":216,"column":16},"end":{"line":216,"column":32}},"loc":{"start":{"line":216,"column":16},"end":{"line":242,"column":null}}},"14":{"name":"(anonymous_19)","decl":{"start":{"line":219,"column":39},"end":{"line":219,"column":null}},"loc":{"start":{"line":219,"column":39},"end":{"line":227,"column":5}}},"15":{"name":"(anonymous_20)","decl":{"start":{"line":229,"column":12},"end":{"line":229,"column":null}},"loc":{"start":{"line":229,"column":12},"end":{"line":239,"column":5}}},"16":{"name":"(anonymous_21)","decl":{"start":{"line":233,"column":13},"end":{"line":233,"column":null}},"loc":{"start":{"line":233,"column":13},"end":{"line":237,"column":null}}}},"branchMap":{"0":{"loc":{"start":{"line":22,"column":31},"end":{"line":26,"column":29}},"type":"default-arg","locations":[{"start":{"line":26,"column":27},"end":{"line":26,"column":29}}]},"1":{"loc":{"start":{"line":23,"column":2},"end":{"line":23,"column":17}},"type":"default-arg","locations":[{"start":{"line":23,"column":14},"end":{"line":23,"column":17}}]},"2":{"loc":{"start":{"line":24,"column":2},"end":{"line":24,"column":21}},"type":"default-arg","locations":[{"start":{"line":24,"column":15},"end":{"line":24,"column":21}}]},"3":{"loc":{"start":{"line":25,"column":2},"end":{"line":25,"column":20}},"type":"default-arg","locations":[{"start":{"line":25,"column":16},"end":{"line":25,"column":20}}]},"4":{"loc":{"start":{"line":33,"column":4},"end":{"line":33,"column":null}},"type":"if","locations":[{"start":{"line":33,"column":4},"end":{"line":33,"column":null}},{"start":{},"end":{}}]},"5":{"loc":{"start":{"line":36,"column":4},"end":{"line":41,"column":null}},"type":"if","locations":[{"start":{"line":36,"column":4},"end":{"line":41,"column":null}},{"start":{},"end":{}}]},"6":{"loc":{"start":{"line":49,"column":8},"end":{"line":54,"column":null}},"type":"if","locations":[{"start":{"line":49,"column":8},"end":{"line":54,"column":null}},{"start":{},"end":{}}]},"7":{"loc":{"start":{"line":49,"column":12},"end":{"line":49,"column":43}},"type":"binary-expr","locations":[{"start":{"line":49,"column":12},"end":{"line":49,"column":30}},{"start":{"line":49,"column":30},"end":{"line":49,"column":43}}]},"8":{"loc":{"start":{"line":51,"column":10},"end":{"line":53,"column":null}},"type":"if","locations":[{"start":{"line":51,"column":10},"end":{"line":53,"column":null}},{"start":{},"end":{}}]},"9":{"loc":{"start":{"line":101,"column":4},"end":{"line":101,"column":null}},"type":"if","locations":[{"start":{"line":101,"column":4},"end":{"line":101,"column":null}},{"start":{},"end":{}}]},"10":{"loc":{"start":{"line":101,"column":8},"end":{"line":101,"column":28}},"type":"binary-expr","locations":[{"start":{"line":101,"column":8},"end":{"line":101,"column":22}},{"start":{"line":101,"column":22},"end":{"line":101,"column":28}}]},"11":{"loc":{"start":{"line":108,"column":4},"end":{"line":112,"column":null}},"type":"if","locations":[{"start":{"line":108,"column":4},"end":{"line":112,"column":null}},{"start":{},"end":{}}]},"12":{"loc":{"start":{"line":108,"column":8},"end":{"line":108,"column":85}},"type":"binary-expr","locations":[{"start":{"line":108,"column":8},"end":{"line":108,"column":35}},{"start":{"line":108,"column":35},"end":{"line":108,"column":59}},{"start":{"line":108,"column":59},"end":{"line":108,"column":85}}]},"13":{"loc":{"start":{"line":115,"column":4},"end":{"line":117,"column":null}},"type":"if","locations":[{"start":{"line":115,"column":4},"end":{"line":117,"column":null}},{"start":{},"end":{}}]},"14":{"loc":{"start":{"line":115,"column":8},"end":{"line":115,"column":44}},"type":"binary-expr","locations":[{"start":{"line":115,"column":8},"end":{"line":115,"column":23}},{"start":{"line":115,"column":23},"end":{"line":115,"column":44}}]},"15":{"loc":{"start":{"line":126,"column":6},"end":{"line":130,"column":null}},"type":"if","locations":[{"start":{"line":126,"column":6},"end":{"line":130,"column":null}},{"start":{},"end":{}}]},"16":{"loc":{"start":{"line":136,"column":6},"end":{"line":139,"column":null}},"type":"if","locations":[{"start":{"line":136,"column":6},"end":{"line":139,"column":null}},{"start":{},"end":{}}]},"17":{"loc":{"start":{"line":147,"column":6},"end":{"line":151,"column":null}},"type":"if","locations":[{"start":{"line":147,"column":6},"end":{"line":151,"column":null}},{"start":{},"end":{}}]},"18":{"loc":{"start":{"line":182,"column":2},"end":{"line":182,"column":16}},"type":"default-arg","locations":[{"start":{"line":182,"column":12},"end":{"line":182,"column":16}}]},"19":{"loc":{"start":{"line":188,"column":4},"end":{"line":188,"column":null}},"type":"if","locations":[{"start":{"line":188,"column":4},"end":{"line":188,"column":null}},{"start":{},"end":{}}]},"20":{"loc":{"start":{"line":193,"column":4},"end":{"line":193,"column":null}},"type":"if","locations":[{"start":{"line":193,"column":4},"end":{"line":193,"column":null}},{"start":{},"end":{}}]},"21":{"loc":{"start":{"line":193,"column":8},"end":{"line":193,"column":41}},"type":"binary-expr","locations":[{"start":{"line":193,"column":8},"end":{"line":193,"column":20}},{"start":{"line":193,"column":20},"end":{"line":193,"column":41}}]},"22":{"loc":{"start":{"line":199,"column":4},"end":{"line":201,"column":null}},"type":"if","locations":[{"start":{"line":199,"column":4},"end":{"line":201,"column":null}},{"start":{},"end":{}}]},"23":{"loc":{"start":{"line":220,"column":4},"end":{"line":226,"column":null}},"type":"if","locations":[{"start":{"line":220,"column":4},"end":{"line":226,"column":null}},{"start":{},"end":{}}]},"24":{"loc":{"start":{"line":220,"column":8},"end":{"line":220,"column":66}},"type":"binary-expr","locations":[{"start":{"line":220,"column":8},"end":{"line":220,"column":41}},{"start":{"line":220,"column":41},"end":{"line":220,"column":66}}]},"25":{"loc":{"start":{"line":222,"column":22},"end":{"line":222,"column":null}},"type":"binary-expr","locations":[{"start":{"line":222,"column":22},"end":{"line":222,"column":83}},{"start":{"line":222,"column":87},"end":{"line":222,"column":null}}]},"26":{"loc":{"start":{"line":230,"column":4},"end":{"line":238,"column":null}},"type":"if","locations":[{"start":{"line":230,"column":4},"end":{"line":238,"column":null}},{"start":{},"end":{}}]}},"s":{"0":0,"1":0,"2":0,"3":0,"4":0,"5":0,"6":0,"7":0,"8":0,"9":0,"10":0,"11":0,"12":0,"13":0,"14":0,"15":0,"16":0,"17":0,"18":0,"19":0,"20":0,"21":0,"22":0,"23":0,"24":0,"25":0,"26":0,"27":0,"28":0,"29":0,"30":0,"31":0,"32":0,"33":0,"34":0,"35":0,"36":0,"37":0,"38":0,"39":0,"40":0,"41":0,"42":0,"43":0,"44":0,"45":0,"46":0,"47":0,"48":0,"49":0,"50":0,"51":0,"52":0,"53":0,"54":0,"55":0,"56":0,"57":0,"58":0,"59":0,"60":0,"61":0,"62":0,"63":0,"64":0,"65":0,"66":0,"67":0,"68":0,"69":0,"70":0,"71":0,"72":0,"73":0,"74":0,"75":0,"76":0,"77":0,"78":0,"79":0,"80":0,"81":0,"82":0,"83":0,"84":0,"85":0,"86":0,"87":0,"88":0,"89":0,"90":0,"91":0,"92":0,"93":0,"94":0,"95":0},"f":{"0":0,"1":0,"2":0,"3":0,"4":0,"5":0,"6":0,"7":0,"8":0,"9":0,"10":0,"11":0,"12":0,"13":0,"14":0,"15":0,"16":0},"b":{"0":[0],"1":[0],"2":[0],"3":[0],"4":[0,0],"5":[0,0],"6":[0,0],"7":[0,0],"8":[0,0],"9":[0,0],"10":[0,0],"11":[0,0],"12":[0,0,0],"13":[0,0],"14":[0,0],"15":[0,0],"16":[0,0],"17":[0,0],"18":[0],"19":[0,0],"20":[0,0],"21":[0,0],"22":[0,0],"23":[0,0],"24":[0,0],"25":[0,0],"26":[0,0]}}
}
