{"total": {"lines":{"total":526,"covered":473,"skipped":0,"pct":89.92},"statements":{"total":548,"covered":485,"skipped":0,"pct":88.5},"functions":{"total":79,"covered":73,"skipped":0,"pct":92.4},"branches":{"total":335,"covered":257,"skipped":0,"pct":76.71},"branchesTrue":{"total":0,"covered":0,"skipped":0,"pct":"Unknown"}}
,"/home/edwin/development/ptnextjs/lib/services/ExcelExportService.ts": {"lines":{"total":95,"covered":86,"skipped":0,"pct":90.52},"functions":{"total":15,"covered":15,"skipped":0,"pct":100},"statements":{"total":96,"covered":86,"skipped":0,"pct":89.58},"branches":{"total":57,"covered":49,"skipped":0,"pct":85.96}}
,"/home/edwin/development/ptnextjs/lib/services/ExcelParserService.ts": {"lines":{"total":81,"covered":78,"skipped":0,"pct":96.29},"functions":{"total":12,"covered":12,"skipped":0,"pct":100},"statements":{"total":87,"covered":82,"skipped":0,"pct":94.25},"branches":{"total":57,"covered":47,"skipped":0,"pct":82.45}}
,"/home/edwin/development/ptnextjs/lib/services/ExcelTemplateService.ts": {"lines":{"total":145,"covered":131,"skipped":0,"pct":90.34},"functions":{"total":18,"covered":17,"skipped":0,"pct":94.44},"statements":{"total":150,"covered":135,"skipped":0,"pct":90},"branches":{"total":81,"covered":55,"skipped":0,"pct":67.9}}
,"/home/edwin/development/ptnextjs/lib/services/ImportExecutionService.ts": {"lines":{"total":123,"covered":107,"skipped":0,"pct":86.99},"functions":{"total":18,"covered":15,"skipped":0,"pct":83.33},"statements":{"total":131,"covered":110,"skipped":0,"pct":83.96},"branches":{"total":80,"covered":60,"skipped":0,"pct":75}}
,"/home/edwin/development/ptnextjs/lib/services/ImportValidationService.ts": {"lines":{"total":82,"covered":71,"skipped":0,"pct":86.58},"functions":{"total":16,"covered":14,"skipped":0,"pct":87.5},"statements":{"total":84,"covered":72,"skipped":0,"pct":85.71},"branches":{"total":60,"covered":46,"skipped":0,"pct":76.66}}
}
