{"/home/edwin/development/ptnextjs/app/layout.tsx": {"path":"/home/edwin/development/ptnextjs/app/layout.tsx","statementMap":{"0":{"start":{"line":27,"column":30},"end":{"line":27,"column":41}},"1":{"start":{"line":14,"column":13},"end":{"line":14,"column":21}},"2":{"start":{"line":3,"column":22},"end":{"line":3,"column":null}},"3":{"start":{"line":4,"column":7},"end":{"line":4,"column":null}},"4":{"start":{"line":5,"column":30},"end":{"line":5,"column":null}},"5":{"start":{"line":6,"column":27},"end":{"line":6,"column":null}},"6":{"start":{"line":7,"column":23},"end":{"line":7,"column":null}},"7":{"start":{"line":8,"column":24},"end":{"line":8,"column":null}},"8":{"start":{"line":9,"column":29},"end":{"line":9,"column":null}},"9":{"start":{"line":10,"column":35},"end":{"line":10,"column":null}},"10":{"start":{"line":12,"column":14},"end":{"line":12,"column":null}},"11":{"start":{"line":14,"column":34},"end":{"line":25,"column":null}},"12":{"start":{"line":35,"column":22},"end":{"line":35,"column":null}}},"fnMap":{"0":{"name":"RootLayout","decl":{"start":{"line":27,"column":30},"end":{"line":27,"column":41}},"loc":{"start":{"line":31,"column":1},"end":{"line":138,"column":1}}}},"branchMap":{},"s":{"0":0,"1":0,"2":0,"3":0,"4":0,"5":0,"6":0,"7":0,"8":0,"9":0,"10":0,"11":0,"12":0},"f":{"0":0},"b":{}}
,"/home/edwin/development/ptnextjs/app/next.config.js": {"path":"/home/edwin/development/ptnextjs/app/next.config.js","statementMap":{"0":{"start":{"line":1,"column":13},"end":{"line":1,"column":null}},"1":{"start":{"line":4,"column":19},"end":{"line":17,"column":null}},"2":{"start":{"line":19,"column":0},"end":{"line":19,"column":null}}},"fnMap":{},"branchMap":{"0":{"loc":{"start":{"line":5,"column":11},"end":{"line":5,"column":null}},"type":"binary-expr","locations":[{"start":{"line":5,"column":11},"end":{"line":5,"column":36}},{"start":{"line":5,"column":40},"end":{"line":5,"column":null}}]}},"s":{"0":0,"1":0,"2":0},"f":{},"b":{"0":[0,0]}}
,"/home/edwin/development/ptnextjs/app/page.tsx": {"path":"/home/edwin/development/ptnextjs/app/page.tsx","statementMap":{"0":{"start":{"line":9,"column":30},"end":{"line":9,"column":null}},"1":{"start":{"line":2,"column":30},"end":{"line":2,"column":null}},"2":{"start":{"line":3,"column":40},"end":{"line":3,"column":null}},"3":{"start":{"line":4,"column":40},"end":{"line":4,"column":null}},"4":{"start":{"line":5,"column":36},"end":{"line":5,"column":null}},"5":{"start":{"line":6,"column":27},"end":{"line":6,"column":null}},"6":{"start":{"line":7,"column":35},"end":{"line":7,"column":null}},"7":{"start":{"line":10,"column":57},"end":{"line":14,"column":null}},"8":{"start":{"line":17,"column":25},"end":{"line":42,"column":null}},"9":{"start":{"line":44,"column":26},"end":{"line":62,"column":null}}},"fnMap":{"0":{"name":"HomePage","decl":{"start":{"line":9,"column":30},"end":{"line":9,"column":null}},"loc":{"start":{"line":9,"column":30},"end":{"line":76,"column":null}}}},"branchMap":{},"s":{"0":0,"1":0,"2":0,"3":0,"4":0,"5":0,"6":0,"7":0,"8":0,"9":0},"f":{"0":0},"b":{}}
,"/home/edwin/development/ptnextjs/app/postcss.config.js": {"path":"/home/edwin/development/ptnextjs/app/postcss.config.js","statementMap":{"0":{"start":{"line":1,"column":0},"end":{"line":6,"column":null}}},"fnMap":{},"branchMap":{},"s":{"0":0},"f":{},"b":{}}
,"/home/edwin/development/ptnextjs/app/tailwind.config.ts": {"path":"/home/edwin/development/ptnextjs/app/tailwind.config.ts","statementMap":{"0":{"start":{"line":101,"column":0},"end":{"line":101,"column":15}},"1":{"start":{"line":4,"column":15},"end":{"line":99,"column":null}},"2":{"start":{"line":101,"column":15},"end":{"line":101,"column":null}}},"fnMap":{},"branchMap":{},"s":{"0":0,"1":0,"2":0},"f":{},"b":{}}
,"/home/edwin/development/ptnextjs/app/about/page.tsx": {"path":"/home/edwin/development/ptnextjs/app/about/page.tsx","statementMap":{"0":{"start":{"line":41,"column":30},"end":{"line":41,"column":null}},"1":{"start":{"line":3,"column":23},"end":{"line":3,"column":null}},"2":{"start":{"line":4,"column":74},"end":{"line":4,"column":null}},"3":{"start":{"line":5,"column":22},"end":{"line":5,"column":null}},"4":{"start":{"line":6,"column":61},"end":{"line":6,"column":null}},"5":{"start":{"line":7,"column":28},"end":{"line":7,"column":null}},"6":{"start":{"line":8,"column":35},"end":{"line":8,"column":null}},"7":{"start":{"line":9,"column":31},"end":{"line":9,"column":null}},"8":{"start":{"line":11,"column":15},"end":{"line":32,"column":null}},"9":{"start":{"line":34,"column":14},"end":{"line":39,"column":null}},"10":{"start":{"line":43,"column":22},"end":{"line":43,"column":null}},"11":{"start":{"line":44,"column":22},"end":{"line":44,"column":null}},"12":{"start":{"line":67,"column":20},"end":{"line":67,"column":36}},"13":{"start":{"line":102,"column":14},"end":{"line":102,"column":36}},"14":{"start":{"line":124,"column":14},"end":{"line":124,"column":null}},"15":{"start":{"line":154,"column":14},"end":{"line":154,"column":null}}},"fnMap":{"0":{"name":"AboutPage","decl":{"start":{"line":41,"column":30},"end":{"line":41,"column":null}},"loc":{"start":{"line":41,"column":30},"end":{"line":188,"column":null}}},"1":{"name":"(anonymous_5)","decl":{"start":{"line":66,"column":55},"end":{"line":66,"column":56}},"loc":{"start":{"line":67,"column":20},"end":{"line":67,"column":36}}},"2":{"name":"(anonymous_6)","decl":{"start":{"line":101,"column":23},"end":{"line":101,"column":24}},"loc":{"start":{"line":102,"column":14},"end":{"line":102,"column":36}}},"3":{"name":"(anonymous_7)","decl":{"start":{"line":123,"column":24},"end":{"line":123,"column":25}},"loc":{"start":{"line":124,"column":14},"end":{"line":124,"column":null}}},"4":{"name":"(anonymous_8)","decl":{"start":{"line":153,"column":29},"end":{"line":153,"column":30}},"loc":{"start":{"line":154,"column":14},"end":{"line":154,"column":null}}}},"branchMap":{"0":{"loc":{"start":{"line":55,"column":13},"end":{"line":55,"column":null}},"type":"binary-expr","locations":[{"start":{"line":55,"column":13},"end":{"line":55,"column":37}},{"start":{"line":55,"column":37},"end":{"line":55,"column":null}}]},"1":{"loc":{"start":{"line":60,"column":9},"end":{"line":60,"column":null}},"type":"binary-expr","locations":[{"start":{"line":60,"column":9},"end":{"line":60,"column":null}}]},"2":{"loc":{"start":{"line":160,"column":29},"end":{"line":160,"column":null}},"type":"binary-expr","locations":[{"start":{"line":160,"column":29},"end":{"line":160,"column":45}},{"start":{"line":160,"column":45},"end":{"line":160,"column":null}}]}},"s":{"0":0,"1":0,"2":0,"3":0,"4":0,"5":0,"6":0,"7":0,"8":0,"9":0,"10":0,"11":0,"12":0,"13":0,"14":0,"15":0},"f":{"0":0,"1":0,"2":0,"3":0,"4":0},"b":{"0":[0,0],"1":[0],"2":[0,0]}}
,"/home/edwin/development/ptnextjs/app/about/_components/about-client.tsx": {"path":"/home/edwin/development/ptnextjs/app/about/_components/about-client.tsx","statementMap":{"0":{"start":{"line":18,"column":16},"end":{"line":18,"column":28}},"1":{"start":{"line":4,"column":23},"end":{"line":4,"column":null}},"2":{"start":{"line":5,"column":23},"end":{"line":5,"column":null}},"3":{"start":{"line":6,"column":21},"end":{"line":6,"column":null}},"4":{"start":{"line":19,"column":2},"end":{"line":19,"column":null}},"5":{"start":{"line":19,"column":22},"end":{"line":19,"column":null}},"6":{"start":{"line":26,"column":21},"end":{"line":26,"column":null}}},"fnMap":{"0":{"name":"AboutClient","decl":{"start":{"line":18,"column":16},"end":{"line":18,"column":28}},"loc":{"start":{"line":18,"column":56},"end":{"line":32,"column":null}}},"1":{"name":"(anonymous_5)","decl":{"start":{"line":26,"column":15},"end":{"line":26,"column":21}},"loc":{"start":{"line":26,"column":21},"end":{"line":26,"column":null}}}},"branchMap":{"0":{"loc":{"start":{"line":19,"column":2},"end":{"line":19,"column":null}},"type":"if","locations":[{"start":{"line":19,"column":2},"end":{"line":19,"column":null}},{"start":{},"end":{}}]}},"s":{"0":0,"1":0,"2":0,"3":0,"4":0,"5":0,"6":0},"f":{"0":0,"1":0},"b":{"0":[0,0]}}
,"/home/edwin/development/ptnextjs/app/admin/page.tsx": {"path":"/home/edwin/development/ptnextjs/app/admin/page.tsx","statementMap":{"0":{"start":{"line":3,"column":24},"end":{"line":3,"column":null}},"1":{"start":{"line":1,"column":25},"end":{"line":1,"column":null}},"2":{"start":{"line":5,"column":2},"end":{"line":5,"column":null}}},"fnMap":{"0":{"name":"AdminRedirect","decl":{"start":{"line":3,"column":24},"end":{"line":3,"column":null}},"loc":{"start":{"line":3,"column":24},"end":{"line":6,"column":null}}}},"branchMap":{},"s":{"0":0,"1":0,"2":0},"f":{"0":0},"b":{}}
,"/home/edwin/development/ptnextjs/app/blog/page.tsx": {"path":"/home/edwin/development/ptnextjs/app/blog/page.tsx","statementMap":{"0":{"start":{"line":13,"column":30},"end":{"line":13,"column":null}},"1":{"start":{"line":3,"column":23},"end":{"line":3,"column":null}},"2":{"start":{"line":4,"column":74},"end":{"line":4,"column":null}},"3":{"start":{"line":5,"column":22},"end":{"line":5,"column":null}},"4":{"start":{"line":6,"column":23},"end":{"line":6,"column":null}},"5":{"start":{"line":7,"column":50},"end":{"line":7,"column":null}},"6":{"start":{"line":8,"column":17},"end":{"line":8,"column":null}},"7":{"start":{"line":9,"column":27},"end":{"line":9,"column":null}},"8":{"start":{"line":10,"column":27},"end":{"line":10,"column":null}},"9":{"start":{"line":11,"column":35},"end":{"line":11,"column":null}},"10":{"start":{"line":15,"column":20},"end":{"line":15,"column":null}},"11":{"start":{"line":16,"column":21},"end":{"line":16,"column":null}},"12":{"start":{"line":17,"column":25},"end":{"line":17,"column":null}},"13":{"start":{"line":17,"column":47},"end":{"line":17,"column":55}},"14":{"start":{"line":19,"column":23},"end":{"line":19,"column":null}},"15":{"start":{"line":19,"column":46},"end":{"line":19,"column":null}}},"fnMap":{"0":{"name":"BlogPage","decl":{"start":{"line":13,"column":30},"end":{"line":13,"column":null}},"loc":{"start":{"line":13,"column":30},"end":{"line":95,"column":null}}},"1":{"name":"(anonymous_6)","decl":{"start":{"line":17,"column":40},"end":{"line":17,"column":47}},"loc":{"start":{"line":17,"column":47},"end":{"line":17,"column":55}}},"2":{"name":"(anonymous_7)","decl":{"start":{"line":19,"column":38},"end":{"line":19,"column":46}},"loc":{"start":{"line":19,"column":46},"end":{"line":19,"column":null}}}},"branchMap":{"0":{"loc":{"start":{"line":35,"column":9},"end":{"line":35,"column":null}},"type":"binary-expr","locations":[{"start":{"line":35,"column":9},"end":{"line":35,"column":null}}]}},"s":{"0":0,"1":0,"2":0,"3":0,"4":0,"5":0,"6":0,"7":0,"8":0,"9":0,"10":0,"11":0,"12":0,"13":0,"14":0,"15":0},"f":{"0":0,"1":0,"2":0},"b":{"0":[0]}}
,"/home/edwin/development/ptnextjs/app/blog/[slug]/page.tsx": {"path":"/home/edwin/development/ptnextjs/app/blog/[slug]/page.tsx","statementMap":{"0":{"start":{"line":40,"column":30},"end":{"line":40,"column":43}},"1":{"start":{"line":14,"column":13},"end":{"line":14,"column":20}},"2":{"start":{"line":15,"column":13},"end":{"line":15,"column":26}},"3":{"start":{"line":19,"column":22},"end":{"line":19,"column":42}},"4":{"start":{"line":16,"column":13},"end":{"line":16,"column":23}},"5":{"start":{"line":2,"column":34},"end":{"line":2,"column":null}},"6":{"start":{"line":3,"column":22},"end":{"line":3,"column":null}},"7":{"start":{"line":4,"column":23},"end":{"line":4,"column":null}},"8":{"start":{"line":5,"column":49},"end":{"line":5,"column":null}},"9":{"start":{"line":6,"column":17},"end":{"line":6,"column":null}},"10":{"start":{"line":7,"column":27},"end":{"line":7,"column":null}},"11":{"start":{"line":8,"column":25},"end":{"line":8,"column":null}},"12":{"start":{"line":9,"column":27},"end":{"line":9,"column":null}},"13":{"start":{"line":10,"column":35},"end":{"line":10,"column":null}},"14":{"start":{"line":11,"column":31},"end":{"line":11,"column":null}},"15":{"start":{"line":14,"column":23},"end":{"line":14,"column":null}},"16":{"start":{"line":15,"column":29},"end":{"line":15,"column":null}},"17":{"start":{"line":16,"column":26},"end":{"line":16,"column":null}},"18":{"start":{"line":20,"column":2},"end":{"line":31,"column":null}},"19":{"start":{"line":21,"column":4},"end":{"line":21,"column":null}},"20":{"start":{"line":22,"column":26},"end":{"line":22,"column":null}},"21":{"start":{"line":23,"column":4},"end":{"line":23,"column":null}},"22":{"start":{"line":25,"column":19},"end":{"line":25,"column":null}},"23":{"start":{"line":25,"column":48},"end":{"line":25,"column":null}},"24":{"start":{"line":26,"column":4},"end":{"line":26,"column":null}},"25":{"start":{"line":27,"column":4},"end":{"line":27,"column":null}},"26":{"start":{"line":29,"column":4},"end":{"line":29,"column":null}},"27":{"start":{"line":30,"column":4},"end":{"line":30,"column":17}},"28":{"start":{"line":42,"column":19},"end":{"line":42,"column":null}},"29":{"start":{"line":45,"column":15},"end":{"line":45,"column":null}},"30":{"start":{"line":47,"column":2},"end":{"line":50,"column":null}},"31":{"start":{"line":48,"column":4},"end":{"line":48,"column":null}},"32":{"start":{"line":49,"column":4},"end":{"line":49,"column":null}},"33":{"start":{"line":52,"column":2},"end":{"line":52,"column":null}},"34":{"start":{"line":55,"column":23},"end":{"line":55,"column":null}},"35":{"start":{"line":56,"column":23},"end":{"line":58,"column":null}},"36":{"start":{"line":57,"column":17},"end":{"line":57,"column":65}},"37":{"start":{"line":143,"column":16},"end":{"line":143,"column":33}},"38":{"start":{"line":157,"column":16},"end":{"line":157,"column":43}}},"fnMap":{"0":{"name":"generateStaticParams","decl":{"start":{"line":19,"column":22},"end":{"line":19,"column":42}},"loc":{"start":{"line":19,"column":22},"end":{"line":32,"column":null}}},"1":{"name":"(anonymous_8)","decl":{"start":{"line":25,"column":37},"end":{"line":25,"column":38}},"loc":{"start":{"line":25,"column":48},"end":{"line":25,"column":null}}},"2":{"name":"BlogPostPage","decl":{"start":{"line":40,"column":30},"end":{"line":40,"column":43}},"loc":{"start":{"line":40,"column":72},"end":{"line":189,"column":1}}},"3":{"name":"(anonymous_10)","decl":{"start":{"line":57,"column":12},"end":{"line":57,"column":17}},"loc":{"start":{"line":57,"column":17},"end":{"line":57,"column":65}}},"4":{"name":"(anonymous_11)","decl":{"start":{"line":142,"column":29},"end":{"line":142,"column":30}},"loc":{"start":{"line":143,"column":16},"end":{"line":143,"column":33}}},"5":{"name":"(anonymous_12)","decl":{"start":{"line":156,"column":32},"end":{"line":156,"column":33}},"loc":{"start":{"line":157,"column":16},"end":{"line":157,"column":43}}}},"branchMap":{"0":{"loc":{"start":{"line":47,"column":2},"end":{"line":50,"column":null}},"type":"if","locations":[{"start":{"line":47,"column":2},"end":{"line":50,"column":null}},{"start":{},"end":{}}]},"1":{"loc":{"start":{"line":57,"column":17},"end":{"line":57,"column":65}},"type":"binary-expr","locations":[{"start":{"line":57,"column":17},"end":{"line":57,"column":33}},{"start":{"line":57,"column":37},"end":{"line":57,"column":65}}]},"2":{"loc":{"start":{"line":113,"column":9},"end":{"line":113,"column":19}},"type":"binary-expr","locations":[{"start":{"line":113,"column":9},"end":{"line":113,"column":19}}]},"3":{"loc":{"start":{"line":138,"column":9},"end":{"line":138,"column":18}},"type":"binary-expr","locations":[{"start":{"line":138,"column":9},"end":{"line":138,"column":18}},{"start":{"line":138,"column":22},"end":{"line":138,"column":null}}]},"4":{"loc":{"start":{"line":152,"column":9},"end":{"line":152,"column":null}},"type":"binary-expr","locations":[{"start":{"line":152,"column":9},"end":{"line":152,"column":null}}]}},"s":{"0":0,"1":0,"2":0,"3":0,"4":0,"5":0,"6":0,"7":0,"8":0,"9":0,"10":0,"11":0,"12":0,"13":0,"14":0,"15":0,"16":0,"17":0,"18":0,"19":0,"20":0,"21":0,"22":0,"23":0,"24":0,"25":0,"26":0,"27":0,"28":0,"29":0,"30":0,"31":0,"32":0,"33":0,"34":0,"35":0,"36":0,"37":0,"38":0},"f":{"0":0,"1":0,"2":0,"3":0,"4":0,"5":0},"b":{"0":[0,0],"1":[0,0],"2":[0],"3":[0,0],"4":[0]}}
,"/home/edwin/development/ptnextjs/app/blog/[slug]/_components/blog-post-client.tsx": {"path":"/home/edwin/development/ptnextjs/app/blog/[slug]/_components/blog-post-client.tsx","statementMap":{"0":{"start":{"line":15,"column":24},"end":{"line":15,"column":39}},"1":{"start":{"line":4,"column":23},"end":{"line":4,"column":null}},"2":{"start":{"line":5,"column":23},"end":{"line":5,"column":null}},"3":{"start":{"line":6,"column":26},"end":{"line":6,"column":null}},"4":{"start":{"line":7,"column":23},"end":{"line":7,"column":null}},"5":{"start":{"line":8,"column":47},"end":{"line":8,"column":null}},"6":{"start":{"line":16,"column":24},"end":{"line":19,"column":null}},"7":{"start":{"line":21,"column":32},"end":{"line":21,"column":null}},"8":{"start":{"line":23,"column":21},"end":{"line":27,"column":null}},"9":{"start":{"line":24,"column":4},"end":{"line":24,"column":null}},"10":{"start":{"line":29,"column":22},"end":{"line":45,"column":null}},"11":{"start":{"line":30,"column":4},"end":{"line":44,"column":null}},"12":{"start":{"line":31,"column":6},"end":{"line":40,"column":null}},"13":{"start":{"line":32,"column":8},"end":{"line":36,"column":null}},"14":{"start":{"line":39,"column":8},"end":{"line":39,"column":null}},"15":{"start":{"line":43,"column":6},"end":{"line":43,"column":null}},"16":{"start":{"line":47,"column":26},"end":{"line":62,"column":null}},"17":{"start":{"line":48,"column":4},"end":{"line":61,"column":null}},"18":{"start":{"line":49,"column":6},"end":{"line":49,"column":null}},"19":{"start":{"line":51,"column":6},"end":{"line":51,"column":null}},"20":{"start":{"line":54,"column":23},"end":{"line":54,"column":null}},"21":{"start":{"line":55,"column":6},"end":{"line":55,"column":null}},"22":{"start":{"line":56,"column":6},"end":{"line":56,"column":null}},"23":{"start":{"line":57,"column":6},"end":{"line":57,"column":null}},"24":{"start":{"line":58,"column":6},"end":{"line":58,"column":null}},"25":{"start":{"line":59,"column":6},"end":{"line":59,"column":null}},"26":{"start":{"line":60,"column":6},"end":{"line":60,"column":null}}},"fnMap":{"0":{"name":"BlogPostClient","decl":{"start":{"line":15,"column":24},"end":{"line":15,"column":39}},"loc":{"start":{"line":15,"column":68},"end":{"line":86,"column":null}}},"1":{"name":"(anonymous_5)","decl":{"start":{"line":23,"column":21},"end":{"line":23,"column":null}},"loc":{"start":{"line":23,"column":21},"end":{"line":27,"column":null}}},"2":{"name":"(anonymous_6)","decl":{"start":{"line":29,"column":22},"end":{"line":29,"column":null}},"loc":{"start":{"line":29,"column":22},"end":{"line":45,"column":null}}},"3":{"name":"(anonymous_7)","decl":{"start":{"line":47,"column":26},"end":{"line":47,"column":null}},"loc":{"start":{"line":47,"column":26},"end":{"line":62,"column":null}}}},"branchMap":{"0":{"loc":{"start":{"line":30,"column":4},"end":{"line":44,"column":null}},"type":"if","locations":[{"start":{"line":30,"column":4},"end":{"line":44,"column":null}},{"start":{"line":41,"column":11},"end":{"line":44,"column":null}}]},"1":{"loc":{"start":{"line":68,"column":15},"end":{"line":68,"column":null}},"type":"cond-expr","locations":[{"start":{"line":68,"column":24},"end":{"line":68,"column":47}},{"start":{"line":68,"column":47},"end":{"line":68,"column":null}}]},"2":{"loc":{"start":{"line":74,"column":10},"end":{"line":76,"column":11}},"type":"cond-expr","locations":[{"start":{"line":74,"column":10},"end":{"line":76,"column":11}}]},"3":{"loc":{"start":{"line":78,"column":9},"end":{"line":78,"column":null}},"type":"cond-expr","locations":[{"start":{"line":78,"column":19},"end":{"line":78,"column":29}},{"start":{"line":78,"column":29},"end":{"line":78,"column":null}}]}},"s":{"0":0,"1":0,"2":0,"3":0,"4":0,"5":0,"6":0,"7":0,"8":0,"9":0,"10":0,"11":0,"12":0,"13":0,"14":0,"15":0,"16":0,"17":0,"18":0,"19":0,"20":0,"21":0,"22":0,"23":0,"24":0,"25":0,"26":0},"f":{"0":0,"1":0,"2":0,"3":0},"b":{"0":[0,0],"1":[0,0],"2":[0],"3":[0,0]}}
,"/home/edwin/development/ptnextjs/app/blog/_components/blog-client.tsx": {"path":"/home/edwin/development/ptnextjs/app/blog/_components/blog-client.tsx","statementMap":{"0":{"start":{"line":32,"column":16},"end":{"line":32,"column":27}},"1":{"start":{"line":4,"column":23},"end":{"line":4,"column":null}},"2":{"start":{"line":5,"column":23},"end":{"line":5,"column":null}},"3":{"start":{"line":6,"column":26},"end":{"line":6,"column":null}},"4":{"start":{"line":7,"column":74},"end":{"line":7,"column":null}},"5":{"start":{"line":8,"column":22},"end":{"line":8,"column":null}},"6":{"start":{"line":9,"column":29},"end":{"line":9,"column":null}},"7":{"start":{"line":10,"column":27},"end":{"line":10,"column":null}},"8":{"start":{"line":11,"column":38},"end":{"line":11,"column":null}},"9":{"start":{"line":12,"column":17},"end":{"line":12,"column":null}},"10":{"start":{"line":13,"column":31},"end":{"line":13,"column":null}},"11":{"start":{"line":23,"column":27},"end":{"line":23,"column":null}},"12":{"start":{"line":15,"column":24},"end":{"line":22,"column":null}},"13":{"start":{"line":16,"column":25},"end":{"line":16,"column":null}},"14":{"start":{"line":17,"column":2},"end":{"line":20,"column":null}},"15":{"start":{"line":18,"column":4},"end":{"line":20,"column":null}},"16":{"start":{"line":20,"column":36},"end":{"line":20,"column":null}},"17":{"start":{"line":25,"column":23},"end":{"line":25,"column":null}},"18":{"start":{"line":33,"column":40},"end":{"line":33,"column":null}},"19":{"start":{"line":34,"column":50},"end":{"line":34,"column":null}},"20":{"start":{"line":35,"column":40},"end":{"line":35,"column":null}},"21":{"start":{"line":37,"column":24},"end":{"line":40,"column":null}},"22":{"start":{"line":43,"column":24},"end":{"line":57,"column":null}},"23":{"start":{"line":44,"column":19},"end":{"line":44,"column":null}},"24":{"start":{"line":47,"column":4},"end":{"line":49,"column":null}},"25":{"start":{"line":48,"column":6},"end":{"line":48,"column":null}},"26":{"start":{"line":52,"column":4},"end":{"line":54,"column":null}},"27":{"start":{"line":53,"column":6},"end":{"line":53,"column":null}},"28":{"start":{"line":53,"column":41},"end":{"line":53,"column":null}},"29":{"start":{"line":56,"column":4},"end":{"line":56,"column":null}},"30":{"start":{"line":56,"column":35},"end":{"line":56,"column":null}},"31":{"start":{"line":60,"column":21},"end":{"line":60,"column":null}},"32":{"start":{"line":61,"column":25},"end":{"line":63,"column":null}},"33":{"start":{"line":67,"column":2},"end":{"line":69,"column":null}},"34":{"start":{"line":68,"column":4},"end":{"line":68,"column":null}},"35":{"start":{"line":106,"column":10},"end":{"line":107,"column":null}},"36":{"start":{"line":144,"column":22},"end":{"line":144,"column":39}}},"fnMap":{"0":{"name":"(anonymous_5)","decl":{"start":{"line":15,"column":24},"end":{"line":15,"column":25}},"loc":{"start":{"line":15,"column":40},"end":{"line":22,"column":null}}},"1":{"name":"(anonymous_6)","decl":{"start":{"line":17,"column":22},"end":{"line":17,"column":null}},"loc":{"start":{"line":18,"column":4},"end":{"line":20,"column":null}}},"2":{"name":"(anonymous_7)","decl":{"start":{"line":20,"column":19},"end":{"line":20,"column":20}},"loc":{"start":{"line":20,"column":36},"end":{"line":20,"column":null}}},"3":{"name":"BlogClient","decl":{"start":{"line":32,"column":16},"end":{"line":32,"column":27}},"loc":{"start":{"line":32,"column":69},"end":{"line":197,"column":null}}},"4":{"name":"(anonymous_9)","decl":{"start":{"line":43,"column":38},"end":{"line":43,"column":null}},"loc":{"start":{"line":43,"column":38},"end":{"line":57,"column":5}}},"5":{"name":"(anonymous_10)","decl":{"start":{"line":53,"column":33},"end":{"line":53,"column":41}},"loc":{"start":{"line":53,"column":41},"end":{"line":53,"column":null}}},"6":{"name":"(anonymous_11)","decl":{"start":{"line":56,"column":25},"end":{"line":56,"column":26}},"loc":{"start":{"line":56,"column":35},"end":{"line":56,"column":null}}},"7":{"name":"(anonymous_12)","decl":{"start":{"line":67,"column":18},"end":{"line":67,"column":null}},"loc":{"start":{"line":67,"column":18},"end":{"line":69,"column":5}}},"8":{"name":"(anonymous_13)","decl":{"start":{"line":105,"column":28},"end":{"line":105,"column":29}},"loc":{"start":{"line":106,"column":10},"end":{"line":107,"column":null}}},"9":{"name":"(anonymous_14)","decl":{"start":{"line":143,"column":49},"end":{"line":143,"column":50}},"loc":{"start":{"line":144,"column":22},"end":{"line":144,"column":39}}}},"branchMap":{"0":{"loc":{"start":{"line":18,"column":4},"end":{"line":20,"column":null}},"type":"binary-expr","locations":[{"start":{"line":18,"column":4},"end":{"line":18,"column":null}},{"start":{"line":19,"column":4},"end":{"line":19,"column":null}},{"start":{"line":20,"column":4},"end":{"line":20,"column":null}}]},"1":{"loc":{"start":{"line":47,"column":4},"end":{"line":49,"column":null}},"type":"if","locations":[{"start":{"line":47,"column":4},"end":{"line":49,"column":null}},{"start":{},"end":{}}]},"2":{"loc":{"start":{"line":52,"column":4},"end":{"line":54,"column":null}},"type":"if","locations":[{"start":{"line":52,"column":4},"end":{"line":54,"column":null}},{"start":{},"end":{}}]},"3":{"loc":{"start":{"line":56,"column":44},"end":{"line":56,"column":66}},"type":"binary-expr","locations":[{"start":{"line":56,"column":44},"end":{"line":56,"column":62}},{"start":{"line":56,"column":62},"end":{"line":56,"column":66}}]},"4":{"loc":{"start":{"line":56,"column":87},"end":{"line":56,"column":109}},"type":"binary-expr","locations":[{"start":{"line":56,"column":87},"end":{"line":56,"column":105}},{"start":{"line":56,"column":105},"end":{"line":56,"column":109}}]},"5":{"loc":{"start":{"line":77,"column":17},"end":{"line":77,"column":null}},"type":"cond-expr","locations":[{"start":{"line":77,"column":26},"end":{"line":77,"column":49}},{"start":{"line":77,"column":49},"end":{"line":77,"column":null}}]},"6":{"loc":{"start":{"line":93,"column":17},"end":{"line":93,"column":null}},"type":"cond-expr","locations":[{"start":{"line":93,"column":26},"end":{"line":93,"column":43}},{"start":{"line":93,"column":43},"end":{"line":93,"column":null}}]},"7":{"loc":{"start":{"line":99,"column":11},"end":{"line":99,"column":66}},"type":"binary-expr","locations":[{"start":{"line":99,"column":11},"end":{"line":99,"column":41}},{"start":{"line":99,"column":41},"end":{"line":99,"column":66}}]},"8":{"loc":{"start":{"line":109,"column":21},"end":{"line":109,"column":null}},"type":"cond-expr","locations":[{"start":{"line":109,"column":30},"end":{"line":109,"column":53}},{"start":{"line":109,"column":53},"end":{"line":109,"column":null}}]},"9":{"loc":{"start":{"line":117,"column":23},"end":{"line":117,"column":null}},"type":"binary-expr","locations":[{"start":{"line":117,"column":23},"end":{"line":117,"column":38}},{"start":{"line":117,"column":38},"end":{"line":117,"column":null}}]},"10":{"loc":{"start":{"line":157,"column":40},"end":{"line":157,"column":null}},"type":"binary-expr","locations":[{"start":{"line":157,"column":40},"end":{"line":157,"column":61}},{"start":{"line":157,"column":61},"end":{"line":157,"column":null}}]},"11":{"loc":{"start":{"line":169,"column":7},"end":{"line":169,"column":null}},"type":"binary-expr","locations":[{"start":{"line":169,"column":7},"end":{"line":169,"column":null}}]},"12":{"loc":{"start":{"line":182,"column":7},"end":{"line":182,"column":null}},"type":"binary-expr","locations":[{"start":{"line":182,"column":7},"end":{"line":182,"column":null}}]},"13":{"loc":{"start":{"line":185,"column":19},"end":{"line":185,"column":null}},"type":"cond-expr","locations":[{"start":{"line":185,"column":28},"end":{"line":185,"column":51}},{"start":{"line":185,"column":51},"end":{"line":185,"column":null}}]}},"s":{"0":0,"1":0,"2":0,"3":0,"4":0,"5":0,"6":0,"7":0,"8":0,"9":0,"10":0,"11":0,"12":0,"13":0,"14":0,"15":0,"16":0,"17":0,"18":0,"19":0,"20":0,"21":0,"22":0,"23":0,"24":0,"25":0,"26":0,"27":0,"28":0,"29":0,"30":0,"31":0,"32":0,"33":0,"34":0,"35":0,"36":0},"f":{"0":0,"1":0,"2":0,"3":0,"4":0,"5":0,"6":0,"7":0,"8":0,"9":0},"b":{"0":[0,0,0],"1":[0,0],"2":[0,0],"3":[0,0],"4":[0,0],"5":[0,0],"6":[0,0],"7":[0,0],"8":[0,0],"9":[0,0],"10":[0,0],"11":[0],"12":[0],"13":[0,0]}}
,"/home/edwin/development/ptnextjs/app/components/cta-section.tsx": {"path":"/home/edwin/development/ptnextjs/app/components/cta-section.tsx","statementMap":{"0":{"start":{"line":13,"column":16},"end":{"line":13,"column":27}},"1":{"start":{"line":3,"column":23},"end":{"line":3,"column":null}},"2":{"start":{"line":4,"column":23},"end":{"line":4,"column":null}},"3":{"start":{"line":5,"column":40},"end":{"line":5,"column":null}},"4":{"start":{"line":6,"column":17},"end":{"line":6,"column":null}}},"fnMap":{"0":{"name":"CTASection","decl":{"start":{"line":13,"column":16},"end":{"line":13,"column":27}},"loc":{"start":{"line":13,"column":59},"end":{"line":49,"column":null}}}},"branchMap":{},"s":{"0":0,"1":0,"2":0,"3":0,"4":0},"f":{"0":0},"b":{}}
,"/home/edwin/development/ptnextjs/app/components/featured-blog-section.tsx": {"path":"/home/edwin/development/ptnextjs/app/components/featured-blog-section.tsx","statementMap":{"0":{"start":{"line":16,"column":16},"end":{"line":16,"column":36}},"1":{"start":{"line":3,"column":23},"end":{"line":3,"column":null}},"2":{"start":{"line":4,"column":74},"end":{"line":4,"column":null}},"3":{"start":{"line":5,"column":23},"end":{"line":5,"column":null}},"4":{"start":{"line":6,"column":22},"end":{"line":6,"column":null}},"5":{"start":{"line":7,"column":50},"end":{"line":7,"column":null}},"6":{"start":{"line":8,"column":17},"end":{"line":8,"column":null}},"7":{"start":{"line":9,"column":27},"end":{"line":9,"column":null}},"8":{"start":{"line":10,"column":31},"end":{"line":10,"column":null}},"9":{"start":{"line":18,"column":19},"end":{"line":18,"column":null}},"10":{"start":{"line":34,"column":12},"end":{"line":34,"column":null}}},"fnMap":{"0":{"name":"FeaturedBlogSection","decl":{"start":{"line":16,"column":16},"end":{"line":16,"column":36}},"loc":{"start":{"line":16,"column":79},"end":{"line":92,"column":null}}},"1":{"name":"(anonymous_6)","decl":{"start":{"line":33,"column":24},"end":{"line":33,"column":25}},"loc":{"start":{"line":34,"column":12},"end":{"line":34,"column":null}}}},"branchMap":{"0":{"loc":{"start":{"line":40,"column":25},"end":{"line":40,"column":null}},"type":"binary-expr","locations":[{"start":{"line":40,"column":25},"end":{"line":40,"column":40}},{"start":{"line":40,"column":40},"end":{"line":40,"column":null}}]},"1":{"loc":{"start":{"line":71,"column":40},"end":{"line":71,"column":null}},"type":"binary-expr","locations":[{"start":{"line":71,"column":40},"end":{"line":71,"column":61}},{"start":{"line":71,"column":61},"end":{"line":71,"column":null}}]}},"s":{"0":0,"1":0,"2":0,"3":0,"4":0,"5":0,"6":0,"7":0,"8":0,"9":0,"10":0},"f":{"0":0,"1":0},"b":{"0":[0,0],"1":[0,0]}}
,"/home/edwin/development/ptnextjs/app/components/featured-partners-section.tsx": {"path":"/home/edwin/development/ptnextjs/app/components/featured-partners-section.tsx","statementMap":{"0":{"start":{"line":16,"column":16},"end":{"line":16,"column":40}},"1":{"start":{"line":3,"column":23},"end":{"line":3,"column":null}},"2":{"start":{"line":4,"column":74},"end":{"line":4,"column":null}},"3":{"start":{"line":5,"column":23},"end":{"line":5,"column":null}},"4":{"start":{"line":6,"column":22},"end":{"line":6,"column":null}},"5":{"start":{"line":7,"column":38},"end":{"line":7,"column":null}},"6":{"start":{"line":8,"column":17},"end":{"line":8,"column":null}},"7":{"start":{"line":10,"column":31},"end":{"line":10,"column":null}},"8":{"start":{"line":18,"column":26},"end":{"line":18,"column":null}},"9":{"start":{"line":34,"column":12},"end":{"line":34,"column":36}},"10":{"start":{"line":64,"column":24},"end":{"line":64,"column":41}}},"fnMap":{"0":{"name":"FeaturedPartnersSection","decl":{"start":{"line":16,"column":16},"end":{"line":16,"column":40}},"loc":{"start":{"line":16,"column":90},"end":{"line":94,"column":null}}},"1":{"name":"(anonymous_6)","decl":{"start":{"line":33,"column":31},"end":{"line":33,"column":32}},"loc":{"start":{"line":34,"column":12},"end":{"line":34,"column":36}}},"2":{"name":"(anonymous_7)","decl":{"start":{"line":63,"column":54},"end":{"line":63,"column":55}},"loc":{"start":{"line":64,"column":24},"end":{"line":64,"column":41}}}},"branchMap":{},"s":{"0":0,"1":0,"2":0,"3":0,"4":0,"5":0,"6":0,"7":0,"8":0,"9":0,"10":0},"f":{"0":0,"1":0,"2":0},"b":{}}
,"/home/edwin/development/ptnextjs/app/components/footer.tsx": {"path":"/home/edwin/development/ptnextjs/app/components/footer.tsx","statementMap":{"0":{"start":{"line":14,"column":16},"end":{"line":14,"column":23}},"1":{"start":{"line":2,"column":17},"end":{"line":2,"column":null}},"2":{"start":{"line":3,"column":44},"end":{"line":3,"column":null}},"3":{"start":{"line":16,"column":18},"end":{"line":22,"column":null}}},"fnMap":{"0":{"name":"Footer","decl":{"start":{"line":14,"column":16},"end":{"line":14,"column":23}},"loc":{"start":{"line":14,"column":51},"end":{"line":95,"column":null}}}},"branchMap":{"0":{"loc":{"start":{"line":16,"column":18},"end":{"line":22,"column":null}},"type":"binary-expr","locations":[{"start":{"line":16,"column":18},"end":{"line":16,"column":33}},{"start":{"line":16,"column":33},"end":{"line":22,"column":null}}]}},"s":{"0":0,"1":0,"2":0,"3":0},"f":{"0":0},"b":{"0":[0,0]}}
,"/home/edwin/development/ptnextjs/app/components/hero-client.tsx": {"path":"/home/edwin/development/ptnextjs/app/components/hero-client.tsx","statementMap":{"0":{"start":{"line":8,"column":16},"end":{"line":8,"column":null}},"1":{"start":{"line":4,"column":23},"end":{"line":4,"column":null}},"2":{"start":{"line":5,"column":25},"end":{"line":5,"column":null}},"3":{"start":{"line":6,"column":18},"end":{"line":6,"column":null}},"4":{"start":{"line":9,"column":35},"end":{"line":9,"column":null}},"5":{"start":{"line":10,"column":32},"end":{"line":10,"column":null}},"6":{"start":{"line":12,"column":2},"end":{"line":14,"column":null}},"7":{"start":{"line":13,"column":4},"end":{"line":13,"column":null}},"8":{"start":{"line":17,"column":2},"end":{"line":21,"column":null}},"9":{"start":{"line":23,"column":23},"end":{"line":23,"column":null}},"10":{"start":{"line":24,"column":18},"end":{"line":26,"column":null}}},"fnMap":{"0":{"name":"HeroClient","decl":{"start":{"line":8,"column":16},"end":{"line":8,"column":null}},"loc":{"start":{"line":8,"column":16},"end":{"line":40,"column":null}}},"1":{"name":"(anonymous_6)","decl":{"start":{"line":12,"column":18},"end":{"line":12,"column":null}},"loc":{"start":{"line":12,"column":18},"end":{"line":14,"column":5}}}},"branchMap":{"0":{"loc":{"start":{"line":17,"column":2},"end":{"line":21,"column":null}},"type":"if","locations":[{"start":{"line":17,"column":2},"end":{"line":21,"column":null}},{"start":{},"end":{}}]},"1":{"loc":{"start":{"line":23,"column":23},"end":{"line":23,"column":null}},"type":"binary-expr","locations":[{"start":{"line":23,"column":23},"end":{"line":23,"column":40}},{"start":{"line":23,"column":40},"end":{"line":23,"column":null}}]},"2":{"loc":{"start":{"line":24,"column":18},"end":{"line":26,"column":null}},"type":"cond-expr","locations":[{"start":{"line":25,"column":6},"end":{"line":25,"column":null}},{"start":{"line":26,"column":6},"end":{"line":26,"column":null}}]}},"s":{"0":0,"1":0,"2":0,"3":0,"4":0,"5":0,"6":0,"7":0,"8":0,"9":0,"10":0},"f":{"0":0,"1":0},"b":{"0":[0,0],"1":[0,0],"2":[0,0]}}
,"/home/edwin/development/ptnextjs/app/components/hero-section.tsx": {"path":"/home/edwin/development/ptnextjs/app/components/hero-section.tsx","statementMap":{"0":{"start":{"line":24,"column":16},"end":{"line":24,"column":28}},"1":{"start":{"line":3,"column":23},"end":{"line":3,"column":null}},"2":{"start":{"line":5,"column":23},"end":{"line":5,"column":null}},"3":{"start":{"line":6,"column":45},"end":{"line":6,"column":null}},"4":{"start":{"line":7,"column":17},"end":{"line":7,"column":null}},"5":{"start":{"line":8,"column":27},"end":{"line":8,"column":null}},"6":{"start":{"line":10,"column":14},"end":{"line":14,"column":null}},"7":{"start":{"line":67,"column":14},"end":{"line":67,"column":36}}},"fnMap":{"0":{"name":"HeroSection","decl":{"start":{"line":24,"column":16},"end":{"line":24,"column":28}},"loc":{"start":{"line":24,"column":61},"end":{"line":84,"column":null}}},"1":{"name":"(anonymous_6)","decl":{"start":{"line":66,"column":23},"end":{"line":66,"column":24}},"loc":{"start":{"line":67,"column":14},"end":{"line":67,"column":36}}}},"branchMap":{},"s":{"0":0,"1":0,"2":0,"3":0,"4":0,"5":0,"6":0,"7":0},"f":{"0":0,"1":0},"b":{}}
,"/home/edwin/development/ptnextjs/app/components/navigation.tsx": {"path":"/home/edwin/development/ptnextjs/app/components/navigation.tsx","statementMap":{"0":{"start":{"line":59,"column":16},"end":{"line":59,"column":null}},"1":{"start":{"line":4,"column":23},"end":{"line":4,"column":null}},"2":{"start":{"line":5,"column":17},"end":{"line":5,"column":null}},"3":{"start":{"line":6,"column":18},"end":{"line":6,"column":null}},"4":{"start":{"line":7,"column":28},"end":{"line":7,"column":null}},"5":{"start":{"line":8,"column":25},"end":{"line":8,"column":null}},"6":{"start":{"line":9,"column":19},"end":{"line":9,"column":null}},"7":{"start":{"line":10,"column":28},"end":{"line":10,"column":null}},"8":{"start":{"line":11,"column":23},"end":{"line":11,"column":null}},"9":{"start":{"line":12,"column":50},"end":{"line":12,"column":null}},"10":{"start":{"line":13,"column":21},"end":{"line":13,"column":null}},"11":{"start":{"line":15,"column":24},"end":{"line":23,"column":null}},"12":{"start":{"line":26,"column":35},"end":{"line":26,"column":null}},"13":{"start":{"line":27,"column":32},"end":{"line":27,"column":null}},"14":{"start":{"line":29,"column":2},"end":{"line":31,"column":null}},"15":{"start":{"line":30,"column":4},"end":{"line":30,"column":null}},"16":{"start":{"line":34,"column":2},"end":{"line":38,"column":null}},"17":{"start":{"line":40,"column":23},"end":{"line":40,"column":null}},"18":{"start":{"line":41,"column":18},"end":{"line":43,"column":null}},"19":{"start":{"line":60,"column":19},"end":{"line":60,"column":null}},"20":{"start":{"line":61,"column":30},"end":{"line":61,"column":null}},"21":{"start":{"line":73,"column":12},"end":{"line":74,"column":null}},"22":{"start":{"line":102,"column":18},"end":{"line":103,"column":null}},"23":{"start":{"line":105,"column":35},"end":{"line":105,"column":null}}},"fnMap":{"0":{"name":"Logo","decl":{"start":{"line":25,"column":9},"end":{"line":25,"column":null}},"loc":{"start":{"line":25,"column":9},"end":{"line":57,"column":null}}},"1":{"name":"(anonymous_6)","decl":{"start":{"line":29,"column":18},"end":{"line":29,"column":null}},"loc":{"start":{"line":29,"column":18},"end":{"line":31,"column":5}}},"2":{"name":"Navigation","decl":{"start":{"line":59,"column":16},"end":{"line":59,"column":null}},"loc":{"start":{"line":59,"column":16},"end":{"line":123,"column":null}}},"3":{"name":"(anonymous_8)","decl":{"start":{"line":72,"column":31},"end":{"line":72,"column":32}},"loc":{"start":{"line":73,"column":12},"end":{"line":74,"column":null}}},"4":{"name":"(anonymous_9)","decl":{"start":{"line":101,"column":37},"end":{"line":101,"column":38}},"loc":{"start":{"line":102,"column":18},"end":{"line":103,"column":null}}},"5":{"name":"(anonymous_10)","decl":{"start":{"line":105,"column":29},"end":{"line":105,"column":35}},"loc":{"start":{"line":105,"column":35},"end":{"line":105,"column":null}}}},"branchMap":{"0":{"loc":{"start":{"line":34,"column":2},"end":{"line":38,"column":null}},"type":"if","locations":[{"start":{"line":34,"column":2},"end":{"line":38,"column":null}},{"start":{},"end":{}}]},"1":{"loc":{"start":{"line":40,"column":23},"end":{"line":40,"column":null}},"type":"binary-expr","locations":[{"start":{"line":40,"column":23},"end":{"line":40,"column":40}},{"start":{"line":40,"column":40},"end":{"line":40,"column":null}}]},"2":{"loc":{"start":{"line":41,"column":18},"end":{"line":43,"column":null}},"type":"cond-expr","locations":[{"start":{"line":42,"column":6},"end":{"line":42,"column":null}},{"start":{"line":43,"column":6},"end":{"line":43,"column":null}}]},"3":{"loc":{"start":{"line":78,"column":16},"end":{"line":80,"column":null}},"type":"cond-expr","locations":[{"start":{"line":79,"column":20},"end":{"line":79,"column":null}},{"start":{"line":80,"column":20},"end":{"line":80,"column":null}}]},"4":{"loc":{"start":{"line":108,"column":22},"end":{"line":110,"column":null}},"type":"cond-expr","locations":[{"start":{"line":109,"column":26},"end":{"line":109,"column":null}},{"start":{"line":110,"column":26},"end":{"line":110,"column":null}}]}},"s":{"0":0,"1":0,"2":0,"3":0,"4":0,"5":0,"6":0,"7":0,"8":0,"9":0,"10":0,"11":0,"12":0,"13":0,"14":0,"15":0,"16":0,"17":0,"18":0,"19":0,"20":0,"21":0,"22":0,"23":0},"f":{"0":0,"1":0,"2":0,"3":0,"4":0,"5":0},"b":{"0":[0,0],"1":[0,0],"2":[0,0],"3":[0,0],"4":[0,0]}}
,"/home/edwin/development/ptnextjs/app/components/pagination.tsx": {"path":"/home/edwin/development/ptnextjs/app/components/pagination.tsx","statementMap":{"0":{"start":{"line":16,"column":16},"end":{"line":16,"column":27}},"1":{"start":{"line":4,"column":23},"end":{"line":4,"column":null}},"2":{"start":{"line":5,"column":42},"end":{"line":5,"column":null}},"3":{"start":{"line":6,"column":23},"end":{"line":6,"column":null}},"4":{"start":{"line":7,"column":19},"end":{"line":7,"column":null}},"5":{"start":{"line":17,"column":30},"end":{"line":50,"column":null}},"6":{"start":{"line":18,"column":18},"end":{"line":18,"column":20}},"7":{"start":{"line":19,"column":28},"end":{"line":19,"column":null}},"8":{"start":{"line":21,"column":4},"end":{"line":47,"column":null}},"9":{"start":{"line":22,"column":6},"end":{"line":24,"column":null}},"10":{"start":{"line":22,"column":19},"end":{"line":22,"column":22}},"11":{"start":{"line":23,"column":8},"end":{"line":23,"column":null}},"12":{"start":{"line":26,"column":6},"end":{"line":46,"column":null}},"13":{"start":{"line":27,"column":8},"end":{"line":29,"column":null}},"14":{"start":{"line":27,"column":21},"end":{"line":27,"column":24}},"15":{"start":{"line":28,"column":10},"end":{"line":28,"column":null}},"16":{"start":{"line":30,"column":8},"end":{"line":30,"column":null}},"17":{"start":{"line":31,"column":8},"end":{"line":31,"column":null}},"18":{"start":{"line":32,"column":13},"end":{"line":46,"column":null}},"19":{"start":{"line":33,"column":8},"end":{"line":33,"column":null}},"20":{"start":{"line":34,"column":8},"end":{"line":34,"column":null}},"21":{"start":{"line":35,"column":8},"end":{"line":37,"column":null}},"22":{"start":{"line":35,"column":21},"end":{"line":35,"column":37}},"23":{"start":{"line":36,"column":10},"end":{"line":36,"column":null}},"24":{"start":{"line":39,"column":8},"end":{"line":39,"column":null}},"25":{"start":{"line":40,"column":8},"end":{"line":40,"column":null}},"26":{"start":{"line":41,"column":8},"end":{"line":43,"column":null}},"27":{"start":{"line":41,"column":21},"end":{"line":41,"column":38}},"28":{"start":{"line":42,"column":10},"end":{"line":42,"column":null}},"29":{"start":{"line":44,"column":8},"end":{"line":44,"column":null}},"30":{"start":{"line":45,"column":8},"end":{"line":45,"column":null}},"31":{"start":{"line":49,"column":4},"end":{"line":49,"column":null}},"32":{"start":{"line":52,"column":2},"end":{"line":52,"column":null}},"33":{"start":{"line":52,"column":23},"end":{"line":52,"column":null}},"34":{"start":{"line":59,"column":23},"end":{"line":59,"column":null}},"35":{"start":{"line":67,"column":8},"end":{"line":67,"column":null}},"36":{"start":{"line":74,"column":29},"end":{"line":74,"column":null}},"37":{"start":{"line":86,"column":23},"end":{"line":86,"column":null}}},"fnMap":{"0":{"name":"Pagination","decl":{"start":{"line":16,"column":16},"end":{"line":16,"column":27}},"loc":{"start":{"line":16,"column":96},"end":{"line":94,"column":null}}},"1":{"name":"(anonymous_5)","decl":{"start":{"line":17,"column":30},"end":{"line":17,"column":null}},"loc":{"start":{"line":17,"column":30},"end":{"line":50,"column":null}}},"2":{"name":"(anonymous_6)","decl":{"start":{"line":59,"column":17},"end":{"line":59,"column":23}},"loc":{"start":{"line":59,"column":23},"end":{"line":59,"column":null}}},"3":{"name":"(anonymous_7)","decl":{"start":{"line":66,"column":33},"end":{"line":66,"column":34}},"loc":{"start":{"line":67,"column":8},"end":{"line":67,"column":null}}},"4":{"name":"(anonymous_8)","decl":{"start":{"line":74,"column":23},"end":{"line":74,"column":29}},"loc":{"start":{"line":74,"column":29},"end":{"line":74,"column":null}}},"5":{"name":"(anonymous_9)","decl":{"start":{"line":86,"column":17},"end":{"line":86,"column":23}},"loc":{"start":{"line":86,"column":23},"end":{"line":86,"column":null}}}},"branchMap":{"0":{"loc":{"start":{"line":21,"column":4},"end":{"line":47,"column":null}},"type":"if","locations":[{"start":{"line":21,"column":4},"end":{"line":47,"column":null}},{"start":{"line":25,"column":11},"end":{"line":47,"column":null}}]},"1":{"loc":{"start":{"line":26,"column":6},"end":{"line":46,"column":null}},"type":"if","locations":[{"start":{"line":26,"column":6},"end":{"line":46,"column":null}},{"start":{"line":32,"column":13},"end":{"line":46,"column":null}}]},"2":{"loc":{"start":{"line":32,"column":13},"end":{"line":46,"column":null}},"type":"if","locations":[{"start":{"line":32,"column":13},"end":{"line":46,"column":null}},{"start":{"line":38,"column":13},"end":{"line":46,"column":null}}]},"3":{"loc":{"start":{"line":52,"column":2},"end":{"line":52,"column":null}},"type":"if","locations":[{"start":{"line":52,"column":2},"end":{"line":52,"column":null}},{"start":{},"end":{}}]},"4":{"loc":{"start":{"line":69,"column":12},"end":{"line":71,"column":13}},"type":"cond-expr","locations":[{"start":{"line":69,"column":12},"end":{"line":71,"column":13}}]},"5":{"loc":{"start":{"line":72,"column":23},"end":{"line":72,"column":null}},"type":"cond-expr","locations":[{"start":{"line":72,"column":46},"end":{"line":72,"column":57}},{"start":{"line":72,"column":57},"end":{"line":72,"column":null}}]}},"s":{"0":0,"1":0,"2":0,"3":0,"4":0,"5":0,"6":0,"7":0,"8":0,"9":0,"10":0,"11":0,"12":0,"13":0,"14":0,"15":0,"16":0,"17":0,"18":0,"19":0,"20":0,"21":0,"22":0,"23":0,"24":0,"25":0,"26":0,"27":0,"28":0,"29":0,"30":0,"31":0,"32":0,"33":0,"34":0,"35":0,"36":0,"37":0},"f":{"0":0,"1":0,"2":0,"3":0,"4":0,"5":0},"b":{"0":[0,0],"1":[0,0],"2":[0,0],"3":[0,0],"4":[0],"5":[0,0]}}
,"/home/edwin/development/ptnextjs/app/components/partners-client.tsx": {"path":"/home/edwin/development/ptnextjs/app/components/partners-client.tsx","statementMap":{"0":{"start":{"line":26,"column":16},"end":{"line":26,"column":31}},"1":{"start":{"line":4,"column":23},"end":{"line":4,"column":null}},"2":{"start":{"line":5,"column":43},"end":{"line":5,"column":null}},"3":{"start":{"line":6,"column":23},"end":{"line":6,"column":null}},"4":{"start":{"line":7,"column":26},"end":{"line":7,"column":null}},"5":{"start":{"line":8,"column":74},"end":{"line":8,"column":null}},"6":{"start":{"line":9,"column":22},"end":{"line":9,"column":null}},"7":{"start":{"line":10,"column":29},"end":{"line":10,"column":null}},"8":{"start":{"line":11,"column":27},"end":{"line":11,"column":null}},"9":{"start":{"line":12,"column":79},"end":{"line":12,"column":null}},"10":{"start":{"line":13,"column":17},"end":{"line":13,"column":null}},"11":{"start":{"line":14,"column":34},"end":{"line":14,"column":null}},"12":{"start":{"line":15,"column":23},"end":{"line":15,"column":null}},"13":{"start":{"line":16,"column":31},"end":{"line":16,"column":null}},"14":{"start":{"line":18,"column":23},"end":{"line":18,"column":null}},"15":{"start":{"line":27,"column":17},"end":{"line":27,"column":null}},"16":{"start":{"line":28,"column":23},"end":{"line":28,"column":null}},"17":{"start":{"line":31,"column":20},"end":{"line":31,"column":null}},"18":{"start":{"line":32,"column":40},"end":{"line":32,"column":null}},"19":{"start":{"line":33,"column":50},"end":{"line":33,"column":null}},"20":{"start":{"line":34,"column":40},"end":{"line":34,"column":null}},"21":{"start":{"line":35,"column":54},"end":{"line":35,"column":null}},"22":{"start":{"line":37,"column":24},"end":{"line":40,"column":null}},"23":{"start":{"line":43,"column":2},"end":{"line":48,"column":null}},"24":{"start":{"line":44,"column":19},"end":{"line":44,"column":null}},"25":{"start":{"line":45,"column":4},"end":{"line":45,"column":null}},"26":{"start":{"line":46,"column":4},"end":{"line":46,"column":null}},"27":{"start":{"line":47,"column":4},"end":{"line":47,"column":null}},"28":{"start":{"line":51,"column":29},"end":{"line":54,"column":null}},"29":{"start":{"line":52,"column":16},"end":{"line":52,"column":70}},"30":{"start":{"line":53,"column":4},"end":{"line":53,"column":null}},"31":{"start":{"line":56,"column":30},"end":{"line":59,"column":null}},"32":{"start":{"line":57,"column":4},"end":{"line":57,"column":null}},"33":{"start":{"line":58,"column":4},"end":{"line":58,"column":null}},"34":{"start":{"line":62,"column":27},"end":{"line":89,"column":null}},"35":{"start":{"line":63,"column":19},"end":{"line":63,"column":null}},"36":{"start":{"line":66,"column":4},"end":{"line":73,"column":null}},"37":{"start":{"line":67,"column":20},"end":{"line":67,"column":null}},"38":{"start":{"line":68,"column":6},"end":{"line":71,"column":null}},"39":{"start":{"line":69,"column":8},"end":{"line":71,"column":null}},"40":{"start":{"line":71,"column":45},"end":{"line":71,"column":null}},"41":{"start":{"line":76,"column":4},"end":{"line":78,"column":null}},"42":{"start":{"line":77,"column":6},"end":{"line":77,"column":null}},"43":{"start":{"line":77,"column":44},"end":{"line":77,"column":null}},"44":{"start":{"line":81,"column":4},"end":{"line":86,"column":null}},"45":{"start":{"line":82,"column":30},"end":{"line":82,"column":null}},"46":{"start":{"line":82,"column":49},"end":{"line":82,"column":null}},"47":{"start":{"line":83,"column":6},"end":{"line":85,"column":null}},"48":{"start":{"line":84,"column":8},"end":{"line":84,"column":null}},"49":{"start":{"line":84,"column":61},"end":{"line":84,"column":93}},"50":{"start":{"line":88,"column":4},"end":{"line":88,"column":null}},"51":{"start":{"line":92,"column":21},"end":{"line":92,"column":null}},"52":{"start":{"line":93,"column":28},"end":{"line":95,"column":null}},"53":{"start":{"line":99,"column":26},"end":{"line":133,"column":null}},"54":{"start":{"line":100,"column":20},"end":{"line":100,"column":null}},"55":{"start":{"line":103,"column":4},"end":{"line":109,"column":null}},"56":{"start":{"line":104,"column":6},"end":{"line":108,"column":null}},"57":{"start":{"line":105,"column":8},"end":{"line":105,"column":null}},"58":{"start":{"line":107,"column":8},"end":{"line":107,"column":null}},"59":{"start":{"line":112,"column":4},"end":{"line":118,"column":null}},"60":{"start":{"line":113,"column":6},"end":{"line":117,"column":null}},"61":{"start":{"line":114,"column":8},"end":{"line":114,"column":null}},"62":{"start":{"line":116,"column":8},"end":{"line":116,"column":null}},"63":{"start":{"line":121,"column":4},"end":{"line":127,"column":null}},"64":{"start":{"line":122,"column":6},"end":{"line":126,"column":null}},"65":{"start":{"line":123,"column":8},"end":{"line":123,"column":null}},"66":{"start":{"line":125,"column":8},"end":{"line":125,"column":null}},"67":{"start":{"line":129,"column":19},"end":{"line":129,"column":null}},"68":{"start":{"line":130,"column":18},"end":{"line":130,"column":null}},"69":{"start":{"line":132,"column":4},"end":{"line":132,"column":null}},"70":{"start":{"line":136,"column":29},"end":{"line":139,"column":null}},"71":{"start":{"line":137,"column":4},"end":{"line":137,"column":null}},"72":{"start":{"line":138,"column":4},"end":{"line":138,"column":null}},"73":{"start":{"line":141,"column":31},"end":{"line":144,"column":null}},"74":{"start":{"line":142,"column":4},"end":{"line":142,"column":null}},"75":{"start":{"line":143,"column":4},"end":{"line":143,"column":null}},"76":{"start":{"line":147,"column":2},"end":{"line":149,"column":null}},"77":{"start":{"line":148,"column":4},"end":{"line":148,"column":null}},"78":{"start":{"line":187,"column":34},"end":{"line":187,"column":null}},"79":{"start":{"line":187,"column":68},"end":{"line":187,"column":null}},"80":{"start":{"line":188,"column":32},"end":{"line":188,"column":null}},"81":{"start":{"line":190,"column":10},"end":{"line":192,"column":null}},"82":{"start":{"line":226,"column":24},"end":{"line":226,"column":null}},"83":{"start":{"line":227,"column":24},"end":{"line":227,"column":null}},"84":{"start":{"line":236,"column":22},"end":{"line":236,"column":null}},"85":{"start":{"line":237,"column":22},"end":{"line":237,"column":null}},"86":{"start":{"line":250,"column":24},"end":{"line":250,"column":41}},"87":{"start":{"line":283,"column":28},"end":{"line":283,"column":null}},"88":{"start":{"line":284,"column":28},"end":{"line":284,"column":null}}},"fnMap":{"0":{"name":"PartnersClient","decl":{"start":{"line":26,"column":16},"end":{"line":26,"column":31}},"loc":{"start":{"line":26,"column":112},"end":{"line":348,"column":null}}},"1":{"name":"(anonymous_6)","decl":{"start":{"line":43,"column":18},"end":{"line":43,"column":null}},"loc":{"start":{"line":43,"column":18},"end":{"line":48,"column":5}}},"2":{"name":"(anonymous_7)","decl":{"start":{"line":51,"column":47},"end":{"line":51,"column":48}},"loc":{"start":{"line":51,"column":48},"end":{"line":54,"column":5}}},"3":{"name":"(anonymous_8)","decl":{"start":{"line":56,"column":48},"end":{"line":56,"column":49}},"loc":{"start":{"line":56,"column":49},"end":{"line":59,"column":5}}},"4":{"name":"(anonymous_9)","decl":{"start":{"line":62,"column":41},"end":{"line":62,"column":null}},"loc":{"start":{"line":62,"column":41},"end":{"line":89,"column":5}}},"5":{"name":"(anonymous_10)","decl":{"start":{"line":68,"column":33},"end":{"line":68,"column":null}},"loc":{"start":{"line":69,"column":8},"end":{"line":71,"column":null}}},"6":{"name":"(anonymous_11)","decl":{"start":{"line":71,"column":28},"end":{"line":71,"column":29}},"loc":{"start":{"line":71,"column":45},"end":{"line":71,"column":null}}},"7":{"name":"(anonymous_12)","decl":{"start":{"line":77,"column":33},"end":{"line":77,"column":44}},"loc":{"start":{"line":77,"column":44},"end":{"line":77,"column":null}}},"8":{"name":"(anonymous_13)","decl":{"start":{"line":82,"column":44},"end":{"line":82,"column":49}},"loc":{"start":{"line":82,"column":49},"end":{"line":82,"column":null}}},"9":{"name":"(anonymous_14)","decl":{"start":{"line":84,"column":56},"end":{"line":84,"column":61}},"loc":{"start":{"line":84,"column":61},"end":{"line":84,"column":93}}},"10":{"name":"(anonymous_15)","decl":{"start":{"line":99,"column":44},"end":{"line":99,"column":45}},"loc":{"start":{"line":99,"column":45},"end":{"line":133,"column":5}}},"11":{"name":"(anonymous_16)","decl":{"start":{"line":136,"column":47},"end":{"line":136,"column":48}},"loc":{"start":{"line":136,"column":48},"end":{"line":139,"column":5}}},"12":{"name":"(anonymous_17)","decl":{"start":{"line":141,"column":49},"end":{"line":141,"column":50}},"loc":{"start":{"line":141,"column":50},"end":{"line":144,"column":5}}},"13":{"name":"(anonymous_18)","decl":{"start":{"line":147,"column":18},"end":{"line":147,"column":null}},"loc":{"start":{"line":147,"column":18},"end":{"line":149,"column":5}}},"14":{"name":"(anonymous_19)","decl":{"start":{"line":185,"column":31},"end":{"line":185,"column":32}},"loc":{"start":{"line":185,"column":41},"end":{"line":316,"column":null}}},"15":{"name":"(anonymous_20)","decl":{"start":{"line":187,"column":57},"end":{"line":187,"column":68}},"loc":{"start":{"line":187,"column":68},"end":{"line":187,"column":null}}},"16":{"name":"(anonymous_21)","decl":{"start":{"line":225,"column":31},"end":{"line":225,"column":32}},"loc":{"start":{"line":225,"column":32},"end":{"line":228,"column":null}}},"17":{"name":"(anonymous_22)","decl":{"start":{"line":235,"column":29},"end":{"line":235,"column":30}},"loc":{"start":{"line":235,"column":30},"end":{"line":238,"column":null}}},"18":{"name":"(anonymous_23)","decl":{"start":{"line":249,"column":54},"end":{"line":249,"column":55}},"loc":{"start":{"line":250,"column":24},"end":{"line":250,"column":41}}},"19":{"name":"(anonymous_24)","decl":{"start":{"line":282,"column":35},"end":{"line":282,"column":36}},"loc":{"start":{"line":282,"column":36},"end":{"line":285,"column":null}}}},"branchMap":{"0":{"loc":{"start":{"line":26,"column":69},"end":{"line":26,"column":89}},"type":"default-arg","locations":[{"start":{"line":26,"column":87},"end":{"line":26,"column":89}}]},"1":{"loc":{"start":{"line":31,"column":38},"end":{"line":31,"column":null}},"type":"binary-expr","locations":[{"start":{"line":31,"column":38},"end":{"line":31,"column":54}},{"start":{"line":31,"column":54},"end":{"line":31,"column":null}}]},"2":{"loc":{"start":{"line":44,"column":37},"end":{"line":44,"column":null}},"type":"binary-expr","locations":[{"start":{"line":44,"column":37},"end":{"line":44,"column":53}},{"start":{"line":44,"column":53},"end":{"line":44,"column":null}}]},"3":{"loc":{"start":{"line":66,"column":4},"end":{"line":73,"column":null}},"type":"if","locations":[{"start":{"line":66,"column":4},"end":{"line":73,"column":null}},{"start":{},"end":{}}]},"4":{"loc":{"start":{"line":69,"column":8},"end":{"line":71,"column":null}},"type":"binary-expr","locations":[{"start":{"line":69,"column":8},"end":{"line":69,"column":null}},{"start":{"line":70,"column":8},"end":{"line":70,"column":null}},{"start":{"line":71,"column":8},"end":{"line":71,"column":null}}]},"5":{"loc":{"start":{"line":76,"column":4},"end":{"line":78,"column":null}},"type":"if","locations":[{"start":{"line":76,"column":4},"end":{"line":78,"column":null}},{"start":{},"end":{}}]},"6":{"loc":{"start":{"line":81,"column":4},"end":{"line":86,"column":null}},"type":"if","locations":[{"start":{"line":81,"column":4},"end":{"line":86,"column":null}},{"start":{},"end":{}}]},"7":{"loc":{"start":{"line":83,"column":6},"end":{"line":85,"column":null}},"type":"if","locations":[{"start":{"line":83,"column":6},"end":{"line":85,"column":null}},{"start":{},"end":{}}]},"8":{"loc":{"start":{"line":100,"column":52},"end":{"line":100,"column":88}},"type":"binary-expr","locations":[{"start":{"line":100,"column":52},"end":{"line":100,"column":68}},{"start":{"line":100,"column":68},"end":{"line":100,"column":88}}]},"9":{"loc":{"start":{"line":103,"column":4},"end":{"line":109,"column":null}},"type":"if","locations":[{"start":{"line":103,"column":4},"end":{"line":109,"column":null}},{"start":{},"end":{}}]},"10":{"loc":{"start":{"line":104,"column":6},"end":{"line":108,"column":null}},"type":"if","locations":[{"start":{"line":104,"column":6},"end":{"line":108,"column":null}},{"start":{"line":106,"column":13},"end":{"line":108,"column":null}}]},"11":{"loc":{"start":{"line":112,"column":4},"end":{"line":118,"column":null}},"type":"if","locations":[{"start":{"line":112,"column":4},"end":{"line":118,"column":null}},{"start":{},"end":{}}]},"12":{"loc":{"start":{"line":113,"column":6},"end":{"line":117,"column":null}},"type":"if","locations":[{"start":{"line":113,"column":6},"end":{"line":117,"column":null}},{"start":{"line":115,"column":13},"end":{"line":117,"column":null}}]},"13":{"loc":{"start":{"line":113,"column":10},"end":{"line":113,"column":56}},"type":"binary-expr","locations":[{"start":{"line":113,"column":10},"end":{"line":113,"column":25}},{"start":{"line":113,"column":29},"end":{"line":113,"column":56}}]},"14":{"loc":{"start":{"line":121,"column":4},"end":{"line":127,"column":null}},"type":"if","locations":[{"start":{"line":121,"column":4},"end":{"line":127,"column":null}},{"start":{},"end":{}}]},"15":{"loc":{"start":{"line":122,"column":6},"end":{"line":126,"column":null}},"type":"if","locations":[{"start":{"line":122,"column":6},"end":{"line":126,"column":null}},{"start":{"line":124,"column":13},"end":{"line":126,"column":null}}]},"16":{"loc":{"start":{"line":130,"column":18},"end":{"line":130,"column":null}},"type":"cond-expr","locations":[{"start":{"line":130,"column":27},"end":{"line":130,"column":39}},{"start":{"line":130,"column":42},"end":{"line":130,"column":null}}]},"17":{"loc":{"start":{"line":156,"column":17},"end":{"line":156,"column":null}},"type":"cond-expr","locations":[{"start":{"line":156,"column":26},"end":{"line":156,"column":49}},{"start":{"line":156,"column":49},"end":{"line":156,"column":null}}]},"18":{"loc":{"start":{"line":173,"column":17},"end":{"line":173,"column":null}},"type":"cond-expr","locations":[{"start":{"line":173,"column":26},"end":{"line":173,"column":43}},{"start":{"line":173,"column":43},"end":{"line":173,"column":null}}]},"19":{"loc":{"start":{"line":179,"column":11},"end":{"line":179,"column":66}},"type":"binary-expr","locations":[{"start":{"line":179,"column":11},"end":{"line":179,"column":41}},{"start":{"line":179,"column":41},"end":{"line":179,"column":66}}]},"20":{"loc":{"start":{"line":194,"column":23},"end":{"line":194,"column":null}},"type":"cond-expr","locations":[{"start":{"line":194,"column":32},"end":{"line":194,"column":55}},{"start":{"line":194,"column":55},"end":{"line":194,"column":null}}]},"21":{"loc":{"start":{"line":197,"column":73},"end":{"line":197,"column":125}},"type":"cond-expr","locations":[{"start":{"line":197,"column":89},"end":{"line":197,"column":122}},{"start":{"line":197,"column":122},"end":{"line":197,"column":125}}]},"22":{"loc":{"start":{"line":201,"column":23},"end":{"line":201,"column":null}},"type":"binary-expr","locations":[{"start":{"line":201,"column":23},"end":{"line":201,"column":58}},{"start":{"line":201,"column":62},"end":{"line":201,"column":null}}]},"23":{"loc":{"start":{"line":215,"column":23},"end":{"line":215,"column":null}},"type":"binary-expr","locations":[{"start":{"line":215,"column":23},"end":{"line":215,"column":null}}]},"24":{"loc":{"start":{"line":218,"column":23},"end":{"line":218,"column":null}},"type":"binary-expr","locations":[{"start":{"line":218,"column":23},"end":{"line":218,"column":null}}]},"25":{"loc":{"start":{"line":227,"column":44},"end":{"line":227,"column":null}},"type":"binary-expr","locations":[{"start":{"line":227,"column":44},"end":{"line":227,"column":65}},{"start":{"line":227,"column":65},"end":{"line":227,"column":null}}]},"26":{"loc":{"start":{"line":268,"column":21},"end":{"line":268,"column":null}},"type":"binary-expr","locations":[{"start":{"line":268,"column":21},"end":{"line":268,"column":null}}]},"27":{"loc":{"start":{"line":271,"column":63},"end":{"line":271,"column":null}},"type":"cond-expr","locations":[{"start":{"line":271,"column":94},"end":{"line":271,"column":100}},{"start":{"line":271,"column":100},"end":{"line":271,"column":null}}]},"28":{"loc":{"start":{"line":277,"column":23},"end":{"line":277,"column":null}},"type":"binary-expr","locations":[{"start":{"line":277,"column":23},"end":{"line":277,"column":null}}]},"29":{"loc":{"start":{"line":284,"column":47},"end":{"line":284,"column":null}},"type":"binary-expr","locations":[{"start":{"line":284,"column":47},"end":{"line":284,"column":64}},{"start":{"line":284,"column":64},"end":{"line":284,"column":null}}]},"30":{"loc":{"start":{"line":304,"column":23},"end":{"line":304,"column":null}},"type":"binary-expr","locations":[{"start":{"line":304,"column":23},"end":{"line":304,"column":null}}]},"31":{"loc":{"start":{"line":320,"column":7},"end":{"line":320,"column":null}},"type":"binary-expr","locations":[{"start":{"line":320,"column":7},"end":{"line":320,"column":null}}]},"32":{"loc":{"start":{"line":333,"column":7},"end":{"line":333,"column":null}},"type":"binary-expr","locations":[{"start":{"line":333,"column":7},"end":{"line":333,"column":null}}]},"33":{"loc":{"start":{"line":336,"column":19},"end":{"line":336,"column":null}},"type":"cond-expr","locations":[{"start":{"line":336,"column":28},"end":{"line":336,"column":51}},{"start":{"line":336,"column":51},"end":{"line":336,"column":null}}]}},"s":{"0":0,"1":0,"2":0,"3":0,"4":0,"5":0,"6":0,"7":0,"8":0,"9":0,"10":0,"11":0,"12":0,"13":0,"14":0,"15":0,"16":0,"17":0,"18":0,"19":0,"20":0,"21":0,"22":0,"23":0,"24":0,"25":0,"26":0,"27":0,"28":0,"29":0,"30":0,"31":0,"32":0,"33":0,"34":0,"35":0,"36":0,"37":0,"38":0,"39":0,"40":0,"41":0,"42":0,"43":0,"44":0,"45":0,"46":0,"47":0,"48":0,"49":0,"50":0,"51":0,"52":0,"53":0,"54":0,"55":0,"56":0,"57":0,"58":0,"59":0,"60":0,"61":0,"62":0,"63":0,"64":0,"65":0,"66":0,"67":0,"68":0,"69":0,"70":0,"71":0,"72":0,"73":0,"74":0,"75":0,"76":0,"77":0,"78":0,"79":0,"80":0,"81":0,"82":0,"83":0,"84":0,"85":0,"86":0,"87":0,"88":0},"f":{"0":0,"1":0,"2":0,"3":0,"4":0,"5":0,"6":0,"7":0,"8":0,"9":0,"10":0,"11":0,"12":0,"13":0,"14":0,"15":0,"16":0,"17":0,"18":0,"19":0},"b":{"0":[0],"1":[0,0],"2":[0,0],"3":[0,0],"4":[0,0,0],"5":[0,0],"6":[0,0],"7":[0,0],"8":[0,0],"9":[0,0],"10":[0,0],"11":[0,0],"12":[0,0],"13":[0,0],"14":[0,0],"15":[0,0],"16":[0,0],"17":[0,0],"18":[0,0],"19":[0,0],"20":[0,0],"21":[0,0],"22":[0,0],"23":[0],"24":[0],"25":[0,0],"26":[0],"27":[0,0],"28":[0],"29":[0,0],"30":[0],"31":[0],"32":[0],"33":[0,0]}}
,"/home/edwin/development/ptnextjs/app/components/products-client.tsx": {"path":"/home/edwin/development/ptnextjs/app/components/products-client.tsx","statementMap":{"0":{"start":{"line":27,"column":16},"end":{"line":27,"column":31}},"1":{"start":{"line":4,"column":23},"end":{"line":4,"column":null}},"2":{"start":{"line":5,"column":43},"end":{"line":5,"column":null}},"3":{"start":{"line":6,"column":23},"end":{"line":6,"column":null}},"4":{"start":{"line":7,"column":26},"end":{"line":7,"column":null}},"5":{"start":{"line":8,"column":74},"end":{"line":8,"column":null}},"6":{"start":{"line":9,"column":22},"end":{"line":9,"column":null}},"7":{"start":{"line":10,"column":23},"end":{"line":10,"column":null}},"8":{"start":{"line":11,"column":29},"end":{"line":11,"column":null}},"9":{"start":{"line":12,"column":27},"end":{"line":12,"column":null}},"10":{"start":{"line":13,"column":29},"end":{"line":13,"column":null}},"11":{"start":{"line":14,"column":53},"end":{"line":14,"column":null}},"12":{"start":{"line":15,"column":17},"end":{"line":15,"column":null}},"13":{"start":{"line":17,"column":34},"end":{"line":17,"column":null}},"14":{"start":{"line":18,"column":31},"end":{"line":18,"column":null}},"15":{"start":{"line":19,"column":23},"end":{"line":19,"column":null}},"16":{"start":{"line":28,"column":17},"end":{"line":28,"column":null}},"17":{"start":{"line":29,"column":23},"end":{"line":29,"column":null}},"18":{"start":{"line":32,"column":20},"end":{"line":32,"column":null}},"19":{"start":{"line":33,"column":40},"end":{"line":33,"column":null}},"20":{"start":{"line":34,"column":50},"end":{"line":34,"column":null}},"21":{"start":{"line":35,"column":40},"end":{"line":35,"column":null}},"22":{"start":{"line":36,"column":48},"end":{"line":36,"column":null}},"23":{"start":{"line":37,"column":38},"end":{"line":38,"column":null}},"24":{"start":{"line":42,"column":24},"end":{"line":45,"column":null}},"25":{"start":{"line":49,"column":2},"end":{"line":55,"column":null}},"26":{"start":{"line":50,"column":19},"end":{"line":50,"column":null}},"27":{"start":{"line":51,"column":4},"end":{"line":51,"column":null}},"28":{"start":{"line":52,"column":4},"end":{"line":52,"column":null}},"29":{"start":{"line":53,"column":4},"end":{"line":53,"column":null}},"30":{"start":{"line":54,"column":4},"end":{"line":54,"column":null}},"31":{"start":{"line":58,"column":28},"end":{"line":61,"column":null}},"32":{"start":{"line":59,"column":16},"end":{"line":59,"column":70}},"33":{"start":{"line":60,"column":4},"end":{"line":60,"column":null}},"34":{"start":{"line":63,"column":30},"end":{"line":66,"column":null}},"35":{"start":{"line":64,"column":4},"end":{"line":64,"column":null}},"36":{"start":{"line":65,"column":4},"end":{"line":65,"column":null}},"37":{"start":{"line":69,"column":23},"end":{"line":74,"column":null}},"38":{"start":{"line":70,"column":4},"end":{"line":73,"column":null}},"39":{"start":{"line":71,"column":6},"end":{"line":71,"column":null}},"40":{"start":{"line":72,"column":6},"end":{"line":72,"column":null}},"41":{"start":{"line":77,"column":27},"end":{"line":116,"column":null}},"42":{"start":{"line":78,"column":19},"end":{"line":78,"column":null}},"43":{"start":{"line":81,"column":4},"end":{"line":92,"column":null}},"44":{"start":{"line":82,"column":20},"end":{"line":82,"column":null}},"45":{"start":{"line":83,"column":6},"end":{"line":89,"column":null}},"46":{"start":{"line":84,"column":8},"end":{"line":89,"column":null}},"47":{"start":{"line":86,"column":45},"end":{"line":86,"column":null}},"48":{"start":{"line":88,"column":10},"end":{"line":89,"column":null}},"49":{"start":{"line":95,"column":4},"end":{"line":97,"column":null}},"50":{"start":{"line":96,"column":6},"end":{"line":96,"column":null}},"51":{"start":{"line":96,"column":44},"end":{"line":96,"column":null}},"52":{"start":{"line":100,"column":4},"end":{"line":102,"column":null}},"53":{"start":{"line":101,"column":6},"end":{"line":101,"column":null}},"54":{"start":{"line":101,"column":44},"end":{"line":101,"column":null}},"55":{"start":{"line":105,"column":4},"end":{"line":112,"column":null}},"56":{"start":{"line":106,"column":6},"end":{"line":111,"column":null}},"57":{"start":{"line":107,"column":25},"end":{"line":107,"column":null}},"58":{"start":{"line":108,"column":8},"end":{"line":108,"column":null}},"59":{"start":{"line":108,"column":23},"end":{"line":108,"column":null}},"60":{"start":{"line":109,"column":23},"end":{"line":109,"column":45}},"61":{"start":{"line":110,"column":8},"end":{"line":110,"column":null}},"62":{"start":{"line":115,"column":4},"end":{"line":115,"column":null}},"63":{"start":{"line":119,"column":21},"end":{"line":119,"column":null}},"64":{"start":{"line":120,"column":28},"end":{"line":122,"column":null}},"65":{"start":{"line":126,"column":26},"end":{"line":169,"column":null}},"66":{"start":{"line":127,"column":20},"end":{"line":127,"column":null}},"67":{"start":{"line":130,"column":4},"end":{"line":136,"column":null}},"68":{"start":{"line":131,"column":6},"end":{"line":135,"column":null}},"69":{"start":{"line":132,"column":8},"end":{"line":132,"column":null}},"70":{"start":{"line":134,"column":8},"end":{"line":134,"column":null}},"71":{"start":{"line":139,"column":4},"end":{"line":145,"column":null}},"72":{"start":{"line":140,"column":6},"end":{"line":144,"column":null}},"73":{"start":{"line":141,"column":8},"end":{"line":141,"column":null}},"74":{"start":{"line":143,"column":8},"end":{"line":143,"column":null}},"75":{"start":{"line":148,"column":4},"end":{"line":154,"column":null}},"76":{"start":{"line":149,"column":6},"end":{"line":153,"column":null}},"77":{"start":{"line":150,"column":8},"end":{"line":150,"column":null}},"78":{"start":{"line":152,"column":8},"end":{"line":152,"column":null}},"79":{"start":{"line":157,"column":4},"end":{"line":163,"column":null}},"80":{"start":{"line":158,"column":6},"end":{"line":162,"column":null}},"81":{"start":{"line":159,"column":8},"end":{"line":159,"column":null}},"82":{"start":{"line":161,"column":8},"end":{"line":161,"column":32}},"83":{"start":{"line":165,"column":19},"end":{"line":165,"column":null}},"84":{"start":{"line":166,"column":18},"end":{"line":166,"column":null}},"85":{"start":{"line":168,"column":4},"end":{"line":168,"column":null}},"86":{"start":{"line":172,"column":29},"end":{"line":175,"column":null}},"87":{"start":{"line":173,"column":4},"end":{"line":173,"column":null}},"88":{"start":{"line":174,"column":4},"end":{"line":174,"column":null}},"89":{"start":{"line":177,"column":31},"end":{"line":180,"column":null}},"90":{"start":{"line":178,"column":4},"end":{"line":178,"column":null}},"91":{"start":{"line":179,"column":4},"end":{"line":179,"column":null}},"92":{"start":{"line":182,"column":33},"end":{"line":185,"column":null}},"93":{"start":{"line":183,"column":4},"end":{"line":183,"column":null}},"94":{"start":{"line":184,"column":4},"end":{"line":184,"column":null}},"95":{"start":{"line":188,"column":2},"end":{"line":190,"column":null}},"96":{"start":{"line":189,"column":4},"end":{"line":189,"column":null}},"97":{"start":{"line":245,"column":10},"end":{"line":246,"column":null}},"98":{"start":{"line":254,"column":28},"end":{"line":254,"column":99}},"99":{"start":{"line":255,"column":16},"end":{"line":255,"column":null}},"100":{"start":{"line":276,"column":24},"end":{"line":276,"column":null}},"101":{"start":{"line":277,"column":24},"end":{"line":277,"column":null}},"102":{"start":{"line":299,"column":26},"end":{"line":299,"column":55}},"103":{"start":{"line":313,"column":22},"end":{"line":313,"column":39}},"104":{"start":{"line":334,"column":24},"end":{"line":334,"column":null}},"105":{"start":{"line":335,"column":24},"end":{"line":335,"column":null}}},"fnMap":{"0":{"name":"ProductsClient","decl":{"start":{"line":27,"column":16},"end":{"line":27,"column":31}},"loc":{"start":{"line":27,"column":106},"end":{"line":390,"column":null}}},"1":{"name":"(anonymous_6)","decl":{"start":{"line":49,"column":18},"end":{"line":49,"column":null}},"loc":{"start":{"line":49,"column":18},"end":{"line":55,"column":5}}},"2":{"name":"(anonymous_7)","decl":{"start":{"line":58,"column":46},"end":{"line":58,"column":47}},"loc":{"start":{"line":58,"column":47},"end":{"line":61,"column":5}}},"3":{"name":"(anonymous_8)","decl":{"start":{"line":63,"column":48},"end":{"line":63,"column":49}},"loc":{"start":{"line":63,"column":49},"end":{"line":66,"column":5}}},"4":{"name":"(anonymous_9)","decl":{"start":{"line":69,"column":37},"end":{"line":69,"column":null}},"loc":{"start":{"line":69,"column":37},"end":{"line":74,"column":5}}},"5":{"name":"(anonymous_10)","decl":{"start":{"line":70,"column":33},"end":{"line":70,"column":34}},"loc":{"start":{"line":70,"column":42},"end":{"line":73,"column":7}}},"6":{"name":"(anonymous_11)","decl":{"start":{"line":77,"column":41},"end":{"line":77,"column":null}},"loc":{"start":{"line":77,"column":41},"end":{"line":116,"column":5}}},"7":{"name":"(anonymous_12)","decl":{"start":{"line":83,"column":33},"end":{"line":83,"column":null}},"loc":{"start":{"line":84,"column":8},"end":{"line":89,"column":null}}},"8":{"name":"(anonymous_13)","decl":{"start":{"line":86,"column":28},"end":{"line":86,"column":29}},"loc":{"start":{"line":86,"column":45},"end":{"line":86,"column":null}}},"9":{"name":"(anonymous_14)","decl":{"start":{"line":87,"column":32},"end":{"line":87,"column":33}},"loc":{"start":{"line":88,"column":10},"end":{"line":89,"column":null}}},"10":{"name":"(anonymous_15)","decl":{"start":{"line":96,"column":33},"end":{"line":96,"column":44}},"loc":{"start":{"line":96,"column":44},"end":{"line":96,"column":null}}},"11":{"name":"(anonymous_16)","decl":{"start":{"line":101,"column":33},"end":{"line":101,"column":44}},"loc":{"start":{"line":101,"column":44},"end":{"line":101,"column":null}}},"12":{"name":"(anonymous_17)","decl":{"start":{"line":106,"column":33},"end":{"line":106,"column":null}},"loc":{"start":{"line":106,"column":33},"end":{"line":111,"column":null}}},"13":{"name":"(anonymous_18)","decl":{"start":{"line":126,"column":44},"end":{"line":126,"column":45}},"loc":{"start":{"line":126,"column":45},"end":{"line":169,"column":5}}},"14":{"name":"(anonymous_19)","decl":{"start":{"line":172,"column":47},"end":{"line":172,"column":48}},"loc":{"start":{"line":172,"column":48},"end":{"line":175,"column":5}}},"15":{"name":"(anonymous_20)","decl":{"start":{"line":177,"column":49},"end":{"line":177,"column":50}},"loc":{"start":{"line":177,"column":50},"end":{"line":180,"column":5}}},"16":{"name":"(anonymous_21)","decl":{"start":{"line":182,"column":51},"end":{"line":182,"column":52}},"loc":{"start":{"line":182,"column":52},"end":{"line":185,"column":5}}},"17":{"name":"(anonymous_22)","decl":{"start":{"line":188,"column":18},"end":{"line":188,"column":null}},"loc":{"start":{"line":188,"column":18},"end":{"line":190,"column":5}}},"18":{"name":"(anonymous_23)","decl":{"start":{"line":244,"column":31},"end":{"line":244,"column":32}},"loc":{"start":{"line":245,"column":10},"end":{"line":246,"column":null}}},"19":{"name":"(anonymous_24)","decl":{"start":{"line":253,"column":23},"end":{"line":253,"column":null}},"loc":{"start":{"line":253,"column":23},"end":{"line":256,"column":null}}},"20":{"name":"(anonymous_25)","decl":{"start":{"line":275,"column":31},"end":{"line":275,"column":32}},"loc":{"start":{"line":275,"column":32},"end":{"line":278,"column":null}}},"21":{"name":"(anonymous_26)","decl":{"start":{"line":298,"column":58},"end":{"line":298,"column":59}},"loc":{"start":{"line":299,"column":26},"end":{"line":299,"column":55}}},"22":{"name":"(anonymous_27)","decl":{"start":{"line":312,"column":52},"end":{"line":312,"column":53}},"loc":{"start":{"line":313,"column":22},"end":{"line":313,"column":39}}},"23":{"name":"(anonymous_28)","decl":{"start":{"line":333,"column":31},"end":{"line":333,"column":32}},"loc":{"start":{"line":333,"column":32},"end":{"line":336,"column":null}}}},"branchMap":{"0":{"loc":{"start":{"line":32,"column":38},"end":{"line":32,"column":null}},"type":"binary-expr","locations":[{"start":{"line":32,"column":38},"end":{"line":32,"column":54}},{"start":{"line":32,"column":54},"end":{"line":32,"column":null}}]},"1":{"loc":{"start":{"line":38,"column":4},"end":{"line":38,"column":null}},"type":"cond-expr","locations":[{"start":{"line":38,"column":42},"end":{"line":38,"column":50}},{"start":{"line":38,"column":50},"end":{"line":38,"column":null}}]},"2":{"loc":{"start":{"line":50,"column":37},"end":{"line":50,"column":null}},"type":"binary-expr","locations":[{"start":{"line":50,"column":37},"end":{"line":50,"column":53}},{"start":{"line":50,"column":53},"end":{"line":50,"column":null}}]},"3":{"loc":{"start":{"line":54,"column":18},"end":{"line":54,"column":null}},"type":"cond-expr","locations":[{"start":{"line":54,"column":56},"end":{"line":54,"column":64}},{"start":{"line":54,"column":64},"end":{"line":54,"column":null}}]},"4":{"loc":{"start":{"line":81,"column":4},"end":{"line":92,"column":null}},"type":"if","locations":[{"start":{"line":81,"column":4},"end":{"line":92,"column":null}},{"start":{},"end":{}}]},"5":{"loc":{"start":{"line":84,"column":8},"end":{"line":89,"column":null}},"type":"binary-expr","locations":[{"start":{"line":84,"column":8},"end":{"line":84,"column":null}},{"start":{"line":85,"column":8},"end":{"line":85,"column":null}},{"start":{"line":86,"column":8},"end":{"line":86,"column":null}},{"start":{"line":87,"column":8},"end":{"line":89,"column":null}}]},"6":{"loc":{"start":{"line":88,"column":11},"end":{"line":88,"column":70}},"type":"cond-expr","locations":[{"start":{"line":88,"column":41},"end":{"line":88,"column":51}},{"start":{"line":88,"column":51},"end":{"line":88,"column":70}}]},"7":{"loc":{"start":{"line":88,"column":51},"end":{"line":88,"column":70}},"type":"binary-expr","locations":[{"start":{"line":88,"column":51},"end":{"line":88,"column":69}},{"start":{"line":88,"column":69},"end":{"line":88,"column":70}}]},"8":{"loc":{"start":{"line":95,"column":4},"end":{"line":97,"column":null}},"type":"if","locations":[{"start":{"line":95,"column":4},"end":{"line":97,"column":null}},{"start":{},"end":{}}]},"9":{"loc":{"start":{"line":100,"column":4},"end":{"line":102,"column":null}},"type":"if","locations":[{"start":{"line":100,"column":4},"end":{"line":102,"column":null}},{"start":{},"end":{}}]},"10":{"loc":{"start":{"line":105,"column":4},"end":{"line":112,"column":null}},"type":"if","locations":[{"start":{"line":105,"column":4},"end":{"line":112,"column":null}},{"start":{},"end":{}}]},"11":{"loc":{"start":{"line":107,"column":25},"end":{"line":107,"column":null}},"type":"binary-expr","locations":[{"start":{"line":107,"column":25},"end":{"line":107,"column":46}},{"start":{"line":107,"column":46},"end":{"line":107,"column":null}}]},"12":{"loc":{"start":{"line":108,"column":8},"end":{"line":108,"column":null}},"type":"if","locations":[{
[...]
e":464,"column":null}}]},"106":{"loc":{"start":{"line":477,"column":11},"end":{"line":477,"column":null}},"type":"cond-expr","locations":[{"start":{"line":477,"column":20},"end":{"line":477,"column":47}},{"start":{"line":477,"column":47},"end":{"line":477,"column":null}}]},"107":{"loc":{"start":{"line":482,"column":11},"end":{"line":482,"column":null}},"type":"cond-expr","locations":[{"start":{"line":482,"column":20},"end":{"line":482,"column":47}},{"start":{"line":482,"column":47},"end":{"line":482,"column":null}}]},"108":{"loc":{"start":{"line":501,"column":28},"end":{"line":501,"column":55}},"type":"binary-expr","locations":[{"start":{"line":501,"column":28},"end":{"line":501,"column":39}},{"start":{"line":501,"column":43},"end":{"line":501,"column":55}}]},"109":{"loc":{"start":{"line":502,"column":10},"end":{"line":517,"column":null}},"type":"if","locations":[{"start":{"line":502,"column":10},"end":{"line":517,"column":null}},{"start":{},"end":{}}]},"110":{"loc":{"start":{"line":504,"column":12},"end":{"line":510,"column":null}},"type":"if","locations":[{"start":{"line":504,"column":12},"end":{"line":510,"column":null}},{"start":{},"end":{}}]},"111":{"loc":{"start":{"line":505,"column":33},"end":{"line":505,"column":null}},"type":"binary-expr","locations":[{"start":{"line":505,"column":33},"end":{"line":505,"column":83}},{"start":{"line":505,"column":83},"end":{"line":505,"column":null}}]},"112":{"loc":{"start":{"line":506,"column":35},"end":{"line":506,"column":null}},"type":"binary-expr","locations":[{"start":{"line":506,"column":35},"end":{"line":506,"column":50}},{"start":{"line":506,"column":54},"end":{"line":506,"column":null}}]},"113":{"loc":{"start":{"line":512,"column":37},"end":{"line":512,"column":null}},"type":"binary-expr","locations":[{"start":{"line":512,"column":37},"end":{"line":512,"column":87}},{"start":{"line":512,"column":87},"end":{"line":512,"column":null}}]},"114":{"loc":{"start":{"line":520,"column":10},"end":{"line":523,"column":null}},"type":"if","locations":[{"start":{"line":520,"column":10},"end":{"line":523,"column":null}},{"start":{},"end":{}}]},"115":{"loc":{"start":{"line":522,"column":31},"end":{"line":522,"column":null}},"type":"binary-expr","locations":[{"start":{"line":522,"column":31},"end":{"line":522,"column":53}},{"start":{"line":522,"column":53},"end":{"line":522,"column":null}}]},"116":{"loc":{"start":{"line":526,"column":10},"end":{"line":530,"column":null}},"type":"if","locations":[{"start":{"line":526,"column":10},"end":{"line":530,"column":null}},{"start":{},"end":{}}]},"117":{"loc":{"start":{"line":526,"column":14},"end":{"line":526,"column":53}},"type":"binary-expr","locations":[{"start":{"line":526,"column":14},"end":{"line":526,"column":23}},{"start":{"line":526,"column":27},"end":{"line":526,"column":53}}]},"118":{"loc":{"start":{"line":545,"column":4},"end":{"line":547,"column":null}},"type":"if","locations":[{"start":{"line":545,"column":4},"end":{"line":547,"column":null}},{"start":{},"end":{}}]},"119":{"loc":{"start":{"line":545,"column":8},"end":{"line":545,"column":55}},"type":"binary-expr","locations":[{"start":{"line":545,"column":8},"end":{"line":545,"column":28}},{"start":{"line":545,"column":28},"end":{"line":545,"column":55}}]},"120":{"loc":{"start":{"line":550,"column":21},"end":{"line":550,"column":null}},"type":"binary-expr","locations":[{"start":{"line":550,"column":21},"end":{"line":550,"column":41}},{"start":{"line":550,"column":41},"end":{"line":550,"column":null}}]},"121":{"loc":{"start":{"line":551,"column":4},"end":{"line":555,"column":null}},"type":"if","locations":[{"start":{"line":551,"column":4},"end":{"line":555,"column":null}},{"start":{},"end":{}}]},"122":{"loc":{"start":{"line":553,"column":8},"end":{"line":553,"column":null}},"type":"binary-expr","locations":[{"start":{"line":553,"column":8},"end":{"line":553,"column":41}},{"start":{"line":553,"column":41},"end":{"line":553,"column":null}}]},"123":{"loc":{"start":{"line":562,"column":11},"end":{"line":562,"column":null}},"type":"binary-expr","locations":[{"start":{"line":562,"column":11},"end":{"line":562,"column":62}},{"start":{"line":562,"column":62},"end":{"line":562,"column":null}}]},"124":{"loc":{"start":{"line":567,"column":11},"end":{"line":567,"column":null}},"type":"binary-expr","locations":[{"start":{"line":567,"column":11},"end":{"line":567,"column":58}},{"start":{"line":567,"column":58},"end":{"line":567,"column":null}}]},"125":{"loc":{"start":{"line":594,"column":10},"end":{"line":597,"column":null}},"type":"if","locations":[{"start":{"line":594,"column":10},"end":{"line":597,"column":null}},{"start":{},"end":{}}]},"126":{"loc":{"start":{"line":596,"column":28},"end":{"line":596,"column":null}},"type":"binary-expr","locations":[{"start":{"line":596,"column":28},"end":{"line":596,"column":50}},{"start":{"line":596,"column":50},"end":{"line":596,"column":null}}]},"127":{"loc":{"start":{"line":600,"column":10},"end":{"line":604,"column":null}},"type":"if","locations":[{"start":{"line":600,"column":10},"end":{"line":604,"column":null}},{"start":{},"end":{}}]},"128":{"loc":{"start":{"line":600,"column":14},"end":{"line":600,"column":53}},"type":"binary-expr","locations":[{"start":{"line":600,"column":14},"end":{"line":600,"column":23}},{"start":{"line":600,"column":27},"end":{"line":600,"column":53}}]},"129":{"loc":{"start":{"line":621,"column":4},"end":{"line":623,"column":null}},"type":"if","locations":[{"start":{"line":621,"column":4},"end":{"line":623,"column":null}},{"start":{},"end":{}}]},"130":{"loc":{"start":{"line":625,"column":4},"end":{"line":627,"column":null}},"type":"if","locations":[{"start":{"line":625,"column":4},"end":{"line":627,"column":null}},{"start":{},"end":{}}]},"131":{"loc":{"start":{"line":634,"column":11},"end":{"line":634,"column":null}},"type":"binary-expr","locations":[{"start":{"line":634,"column":11},"end":{"line":634,"column":53}},{"start":{"line":634,"column":53},"end":{"line":634,"column":null}}]},"132":{"loc":{"start":{"line":685,"column":6},"end":{"line":686,"column":null}},"type":"binary-expr","locations":[{"start":{"line":685,"column":6},"end":{"line":685,"column":null}},{"start":{"line":686,"column":6},"end":{"line":686,"column":null}}]},"133":{"loc":{"start":{"line":695,"column":6},"end":{"line":696,"column":null}},"type":"binary-expr","locations":[{"start":{"line":695,"column":6},"end":{"line":695,"column":null}},{"start":{"line":696,"column":6},"end":{"line":696,"column":null}}]},"134":{"loc":{"start":{"line":705,"column":6},"end":{"line":706,"column":null}},"type":"binary-expr","locations":[{"start":{"line":705,"column":6},"end":{"line":705,"column":null}},{"start":{"line":706,"column":6},"end":{"line":706,"column":null}}]},"135":{"loc":{"start":{"line":715,"column":6},"end":{"line":716,"column":null}},"type":"binary-expr","locations":[{"start":{"line":715,"column":6},"end":{"line":715,"column":null}},{"start":{"line":716,"column":6},"end":{"line":716,"column":null}}]},"136":{"loc":{"start":{"line":733,"column":35},"end":{"line":733,"column":61}},"type":"binary-expr","locations":[{"start":{"line":733,"column":35},"end":{"line":733,"column":47}},{"start":{"line":733,"column":51},"end":{"line":733,"column":61}}]},"137":{"loc":{"start":{"line":755,"column":6},"end":{"line":757,"column":null}},"type":"if","locations":[{"start":{"line":755,"column":6},"end":{"line":757,"column":null}},{"start":{},"end":{}}]},"138":{"loc":{"start":{"line":759,"column":6},"end":{"line":761,"column":null}},"type":"if","locations":[{"start":{"line":759,"column":6},"end":{"line":761,"column":null}},{"start":{},"end":{}}]},"139":{"loc":{"start":{"line":763,"column":6},"end":{"line":765,"column":null}},"type":"if","locations":[{"start":{"line":763,"column":6},"end":{"line":765,"column":null}},{"start":{},"end":{}}]},"140":{"loc":{"start":{"line":770,"column":8},"end":{"line":771,"column":null}},"type":"binary-expr","locations":[{"start":{"line":770,"column":8},"end":{"line":770,"column":19}},{"start":{"line":770,"column":23},"end":{"line":770,"column":null}},{"start":{"line":771,"column":9},"end":{"line":771,"column":20}},{"start":{"line":771,"column":24},"end":{"line":771,"column":null}}]},"141":{"loc":{"start":{"line":774,"column":6},"end":{"line":776,"column":null}},"type":"if","locations":[{"start":{"line":774,"column":6},"end":{"line":776,"column":null}},{"start":{},"end":{}}]},"142":{"loc":{"start":{"line":782,"column":6},"end":{"line":784,"column":null}},"type":"if","locations":[{"start":{"line":782,"column":6},"end":{"line":784,"column":null}},{"start":{},"end":{}}]},"143":{"loc":{"start":{"line":789,"column":6},"end":{"line":791,"column":null}},"type":"if","locations":[{"start":{"line":789,"column":6},"end":{"line":791,"column":null}},{"start":{},"end":{}}]},"144":{"loc":{"start":{"line":793,"column":52},"end":{"line":793,"column":94}},"type":"cond-expr","locations":[{"start":{"line":793,"column":74},"end":{"line":793,"column":85}},{"start":{"line":793,"column":85},"end":{"line":793,"column":94}}]},"145":{"loc":{"start":{"line":795,"column":6},"end":{"line":797,"column":null}},"type":"if","locations":[{"start":{"line":795,"column":6},"end":{"line":797,"column":null}},{"start":{},"end":{}}]},"146":{"loc":{"start":{"line":805,"column":66},"end":{"line":805,"column":123}},"type":"cond-expr","locations":[{"start":{"line":805,"column":91},"end":{"line":805,"column":104}},{"start":{"line":805,"column":107},"end":{"line":805,"column":123}}]}},"s":{"0":0,"1":0,"2":0,"3":0,"4":0,"5":0,"6":0,"7":0,"8":0,"9":0,"10":0,"11":0,"12":0,"13":0,"14":0,"15":0,"16":0,"17":0,"18":0,"19":0,"20":0,"21":0,"22":0,"23":0,"24":0,"25":0,"26":0,"27":0,"28":0,"29":0,"30":0,"31":0,"32":0,"33":0,"34":0,"35":0,"36":0,"37":0,"38":0,"39":0,"40":0,"41":0,"42":0,"43":0,"44":0,"45":0,"46":0,"47":0,"48":0,"49":0,"50":0,"51":0,"52":0,"53":0,"54":0,"55":0,"56":0,"57":0,"58":0,"59":0,"60":0,"61":0,"62":0,"63":0,"64":0,"65":0,"66":0,"67":0,"68":0,"69":0,"70":0,"71":0,"72":0,"73":0,"74":0,"75":0,"76":0,"77":0,"78":0,"79":0,"80":0,"81":0,"82":0,"83":0,"84":0,"85":0,"86":0,"87":0,"88":0,"89":0,"90":0,"91":0,"92":0,"93":0,"94":0,"95":0,"96":0,"97":0,"98":0,"99":0,"100":0,"101":0,"102":0,"103":0,"104":0,"105":0,"106":0,"107":0,"108":0,"109":0,"110":0,"111":0,"112":0,"113":0,"114":0,"115":0,"116":0,"117":0,"118":0,"119":0,"120":0,"121":0,"122":0,"123":0,"124":0,"125":0,"126":0,"127":0,"128":0,"129":0,"130":0,"131":0,"132":0,"133":0,"134":0,"135":0,"136":0,"137":0,"138":0,"139":0,"140":0,"141":0,"142":0,"143":0,"144":0,"145":0,"146":0,"147":0,"148":0,"149":0,"150":0,"151":0,"152":0,"153":0,"154":0,"155":0,"156":0,"157":0,"158":0,"159":0,"160":0,"161":0,"162":0,"163":0,"164":0,"165":0,"166":0,"167":0,"168":0,"169":0,"170":0,"171":0,"172":0,"173":0,"174":0,"175":0,"176":0,"177":0,"178":0,"179":0,"180":0,"181":0,"182":0,"183":0,"184":0,"185":0,"186":0,"187":0,"188":0,"189":0,"190":0,"191":0,"192":0,"193":0,"194":0,"195":0,"196":0,"197":0,"198":0,"199":0,"200":0,"201":0,"202":0,"203":0,"204":0,"205":0,"206":0,"207":0,"208":0,"209":0,"210":0,"211":0,"212":0,"213":0,"214":0,"215":0,"216":0,"217":0,"218":0,"219":0,"220":0,"221":0,"222":0,"223":0,"224":0,"225":0,"226":0,"227":0,"228":0,"229":0,"230":0,"231":0,"232":0,"233":0,"234":0,"235":0,"236":0,"237":0,"238":0,"239":0,"240":0,"241":0,"242":0,"243":0,"244":0,"245":0,"246":0,"247":0,"248":0,"249":0,"250":0,"251":0,"252":0,"253":0,"254":0,"255":0,"256":0,"257":0,"258":0,"259":0,"260":0,"261":0,"262":0,"263":0,"264":0,"265":0,"266":0,"267":0,"268":0,"269":0,"270":0,"271":0,"272":0,"273":0,"274":0,"275":0,"276":0,"277":0,"278":0,"279":0,"280":0,"281":0,"282":0,"283":0,"284":0,"285":0,"286":0,"287":0,"288":0,"289":0,"290":0,"291":0,"292":0,"293":0,"294":0,"295":0,"296":0,"297":0,"298":0,"299":0,"300":0,"301":0,"302":0,"303":0,"304":0,"305":0,"306":0,"307":0,"308":0,"309":0,"310":0,"311":0,"312":0,"313":0,"314":0,"315":0,"316":0,"317":0,"318":0,"319":0,"320":0,"321":0,"322":0,"323":0,"324":0,"325":0,"326":0,"327":0,"328":0,"329":0,"330":0},"f":{"0":0,"1":0,"2":0,"3":0,"4":0,"5":0,"6":0,"7":0,"8":0,"9":0,"10":0,"11":0,"12":0,"13":0,"14":0,"15":0,"16":0,"17":0,"18":0,"19":0,"20":0,"21":0,"22":0,"23":0,"24":0,"25":0,"26":0,"27":0,"28":0,"29":0,"30":0,"31":0,"32":0,"33":0,"34":0,"35":0,"36":0,"37":0,"38":0,"39":0,"40":0,"41":0,"42":0,"43":0,"44":0,"45":0,"46":0,"47":0,"48":0,"49":0,"50":0,"51":0,"52":0,"53":0,"54":0,"55":0,"56":0,"57":0,"58":0,"59":0,"60":0,"61":0,"62":0,"63":0,"64":0,"65":0,"66":0,"67":0,"68":0,"69":0,"70":0,"71":0,"72":0,"73":0,"74":0,"75":0,"76":0,"77":0,"78":0,"79":0,"80":0,"81":0,"82":0,"83":0,"84":0,"85":0,"86":0,"87":0,"88":0,"89":0,"90":0,"91":0,"92":0,"93":0,"94":0,"95":0,"96":0,"97":0,"98":0,"99":0,"100":0,"101":0,"102":0,"103":0,"104":0,"105":0,"106":0,"107":0,"108":0,"109":0},"b":{"0":[0,0],"1":[0,0],"2":[0,0],"3":[0,0],"4":[0,0],"5":[0,0],"6":[0,0],"7":[0,0],"8":[0,0],"9":[0,0],"10":[0,0],"11":[0,0],"12":[0,0],"13":[0,0],"14":[0,0],"15":[0,0],"16":[0,0],"17":[0,0],"18":[0,0],"19":[0,0],"20":[0,0],"21":[0,0],"22":[0,0],"23":[0,0],"24":[0,0],"25":[0,0],"26":[0,0],"27":[0,0],"28":[0,0],"29":[0,0],"30":[0,0],"31":[0,0],"32":[0,0],"33":[0,0],"34":[0,0],"35":[0,0],"36":[0,0],"37":[0,0],"38":[0,0],"39":[0,0],"40":[0,0],"41":[0,0],"42":[0,0],"43":[0,0],"44":[0,0],"45":[0,0],"46":[0,0],"47":[0,0],"48":[0,0],"49":[0,0],"50":[0,0],"51":[0,0],"52":[0,0],"53":[0,0],"54":[0,0],"55":[0,0],"56":[0,0],"57":[0,0],"58":[0,0],"59":[0,0],"60":[0,0],"61":[0,0],"62":[0,0],"63":[0,0],"64":[0,0],"65":[0,0],"66":[0,0],"67":[0,0],"68":[0,0],"69":[0,0],"70":[0,0],"71":[0,0],"72":[0,0],"73":[0,0],"74":[0,0],"75":[0,0],"76":[0,0],"77":[0,0],"78":[0,0],"79":[0,0],"80":[0,0],"81":[0,0],"82":[0,0],"83":[0,0],"84":[0,0],"85":[0,0],"86":[0,0],"87":[0,0],"88":[0,0],"89":[0,0],"90":[0,0],"91":[0,0],"92":[0,0],"93":[0,0],"94":[0,0],"95":[0,0],"96":[0,0],"97":[0,0],"98":[0,0],"99":[0,0],"100":[0,0],"101":[0,0],"102":[0,0],"103":[0,0],"104":[0,0],"105":[0,0],"106":[0,0],"107":[0,0],"108":[0,0],"109":[0,0],"110":[0,0],"111":[0,0],"112":[0,0],"113":[0,0],"114":[0,0],"115":[0,0],"116":[0,0],"117":[0,0],"118":[0,0],"119":[0,0],"120":[0,0],"121":[0,0],"122":[0,0],"123":[0,0],"124":[0,0],"125":[0,0],"126":[0,0],"127":[0,0],"128":[0,0],"129":[0,0],"130":[0,0],"131":[0,0],"132":[0,0],"133":[0,0],"134":[0,0],"135":[0,0],"136":[0,0],"137":[0,0],"138":[0,0],"139":[0,0],"140":[0,0,0,0],"141":[0,0],"142":[0,0],"143":[0,0],"144":[0,0],"145":[0,0],"146":[0,0]}}
,"/home/edwin/development/ptnextjs/lib/types.ts": {"path":"/home/edwin/development/ptnextjs/lib/types.ts","statementMap":{"0":{"start":{"line":397,"column":13},"end":{"line":397,"column":34}},"1":{"start":{"line":397,"column":34},"end":{"line":407,"column":null}}},"fnMap":{},"branchMap":{},"s":{"0":0,"1":0},"f":{},"b":{}}
,"/home/edwin/development/ptnextjs/lib/utils.ts": {"path":"/home/edwin/development/ptnextjs/lib/utils.ts","statementMap":{"0":{"start":{"line":4,"column":16},"end":{"line":4,"column":18}},"1":{"start":{"line":39,"column":13},"end":{"line":39,"column":28}},"2":{"start":{"line":16,"column":16},"end":{"line":16,"column":26}},"3":{"start":{"line":8,"column":16},"end":{"line":8,"column":30}},"4":{"start":{"line":30,"column":13},"end":{"line":30,"column":30}},"5":{"start":{"line":1,"column":38},"end":{"line":1,"column":null}},"6":{"start":{"line":2,"column":24},"end":{"line":2,"column":null}},"7":{"start":{"line":5,"column":2},"end":{"line":5,"column":null}},"8":{"start":{"line":9,"column":16},"end":{"line":9,"column":null}},"9":{"start":{"line":10,"column":18},"end":{"line":10,"column":null}},"10":{"start":{"line":11,"column":27},"end":{"line":11,"column":null}},"11":{"start":{"line":13,"column":2},"end":{"line":13,"column":null}},"12":{"start":{"line":17,"column":2},"end":{"line":26,"column":null}},"13":{"start":{"line":18,"column":17},"end":{"line":18,"column":null}},"14":{"start":{"line":19,"column":4},"end":{"line":23,"column":null}},"15":{"start":{"line":25,"column":4},"end":{"line":25,"column":null}},"16":{"start":{"line":30,"column":33},"end":{"line":37,"column":null}},"17":{"start":{"line":31,"column":2},"end":{"line":36,"column":null}},"18":{"start":{"line":39,"column":31},"end":{"line":57,"column":null}},"19":{"start":{"line":44,"column":14},"end":{"line":44,"column":null}},"20":{"start":{"line":46,"column":2},"end":{"line":48,"column":null}},"21":{"start":{"line":47,"column":4},"end":{"line":47,"column":null}},"22":{"start":{"line":49,"column":2},"end":{"line":51,"column":null}},"23":{"start":{"line":50,"column":4},"end":{"line":50,"column":null}},"24":{"start":{"line":52,"column":2},"end":{"line":54,"column":null}},"25":{"start":{"line":53,"column":4},"end":{"line":53,"column":null}},"26":{"start":{"line":56,"column":2},"end":{"line":56,"column":null}}},"fnMap":{"0":{"name":"cn","decl":{"start":{"line":4,"column":16},"end":{"line":4,"column":18}},"loc":{"start":{"line":4,"column":42},"end":{"line":6,"column":null}}},"1":{"name":"formatDuration","decl":{"start":{"line":8,"column":16},"end":{"line":8,"column":30}},"loc":{"start":{"line":8,"column":46},"end":{"line":14,"column":null}}},"2":{"name":"formatDate","decl":{"start":{"line":16,"column":16},"end":{"line":16,"column":26}},"loc":{"start":{"line":16,"column":45},"end":{"line":27,"column":null}}},"3":{"name":"(anonymous_9)","decl":{"start":{"line":30,"column":33},"end":{"line":30,"column":34}},"loc":{"start":{"line":30,"column":34},"end":{"line":37,"column":null}}},"4":{"name":"(anonymous_10)","decl":{"start":{"line":39,"column":31},"end":{"line":39,"column":32}},"loc":{"start":{"line":39,"column":50},"end":{"line":57,"column":null}}}},"branchMap":{"0":{"loc":{"start":{"line":32,"column":14},"end":{"line":32,"column":null}},"type":"binary-expr","locations":[{"start":{"line":32,"column":14},"end":{"line":32,"column":46}},{"start":{"line":32,"column":46},"end":{"line":32,"column":null}}]},"1":{"loc":{"start":{"line":33,"column":13},"end":{"line":33,"column":null}},"type":"binary-expr","locations":[{"start":{"line":33,"column":13},"end":{"line":33,"column":44}},{"start":{"line":33,"column":44},"end":{"line":33,"column":null}}]},"2":{"loc":{"start":{"line":34,"column":12},"end":{"line":34,"column":null}},"type":"binary-expr","locations":[{"start":{"line":34,"column":12},"end":{"line":34,"column":42}},{"start":{"line":34,"column":42},"end":{"line":34,"column":null}}]},"3":{"loc":{"start":{"line":35,"column":10},"end":{"line":35,"column":null}},"type":"binary-expr","locations":[{"start":{"line":35,"column":10},"end":{"line":35,"column":38}},{"start":{"line":35,"column":38},"end":{"line":35,"column":null}}]},"4":{"loc":{"start":{"line":44,"column":32},"end":{"line":44,"column":null}},"type":"cond-expr","locations":[{"start":{"line":44,"column":64},"end":{"line":44,"column":86}},{"start":{"line":44,"column":89},"end":{"line":44,"column":null}}]},"5":{"loc":{"start":{"line":46,"column":2},"end":{"line":48,"column":null}},"type":"if","locations":[{"start":{"line":46,"column":2},"end":{"line":48,"column":null}},{"start":{},"end":{}}]},"6":{"loc":{"start":{"line":46,"column":6},"end":{"line":46,"column":52}},"type":"binary-expr","locations":[{"start":{"line":46,"column":6},"end":{"line":46,"column":21}},{"start":{"line":46,"column":25},"end":{"line":46,"column":52}}]},"7":{"loc":{"start":{"line":49,"column":2},"end":{"line":51,"column":null}},"type":"if","locations":[{"start":{"line":49,"column":2},"end":{"line":51,"column":null}},{"start":{},"end":{}}]},"8":{"loc":{"start":{"line":52,"column":2},"end":{"line":54,"column":null}},"type":"if","locations":[{"start":{"line":52,"column":2},"end":{"line":54,"column":null}},{"start":{},"end":{}}]}},"s":{"0":896,"1":0,"2":0,"3":0,"4":0,"5":5,"6":5,"7":896,"8":0,"9":0,"10":0,"11":0,"12":0,"13":0,"14":0,"15":0,"16":5,"17":0,"18":5,"19":0,"20":0,"21":0,"22":0,"23":0,"24":0,"25":0,"26":0},"f":{"0":896,"1":0,"2":0,"3":0,"4":0},"b":{"0":[0,0],"1":[0,0],"2":[0,0],"3":[0,0],"4":[0,0],"5":[0,0],"6":[0,0],"7":[0,0],"8":[0,0]}}
}
