TN:
SF:app/layout.tsx
FN:29,RootLayout
FNF:1
FNH:0
FNDA:0,RootLayout
DA:3,0
DA:4,0
DA:5,0
DA:6,0
DA:7,0
DA:8,0
DA:9,0
DA:10,0
DA:11,0
DA:13,0
DA:15,0
DA:29,0
DA:37,0
LF:13
LH:0
BRDA:16,0,0,0
BRDA:16,0,1,0
BRF:2
BRH:0
end_of_record
TN:
SF:app/next.config.js
FNF:0
FNH:0
DA:1,0
DA:4,0
DA:19,0
LF:3
LH:0
BRDA:5,0,0,0
BRDA:5,0,1,0
BRF:2
BRH:0
end_of_record
TN:
SF:app/page.tsx
FN:10,HomePage
FNF:1
FNH:0
FNDA:0,HomePage
DA:2,0
DA:3,0
DA:4,0
DA:5,0
DA:6,0
DA:7,0
DA:8,0
DA:10,0
DA:11,0
DA:18,0
DA:27,0
LF:11
LH:0
BRF:0
BRH:0
end_of_record
TN:
SF:app/postcss.config.js
FNF:0
FNH:0
DA:1,0
LF:1
LH:0
BRF:0
BRH:0
end_of_record
TN:
SF:app/tailwind.config.ts
FNF:0
FNH:0
DA:4,0
DA:101,0
LF:2
LH:0
BRF:0
BRH:0
end_of_record
TN:
SF:app/(payload)/admin/importMap.js
FNF:0
FNH:0
DA:1,0
DA:4,0
DA:25,0
LF:3
LH:0
BRF:0
BRH:0
end_of_record
TN:
SF:app/(payload)/admin/importMap.ts
FNF:0
FNH:0
DA:5,0
LF:1
LH:0
BRF:0
BRH:0
end_of_record
TN:
SF:app/(payload)/admin/[[...segments]]/page.tsx
FN:16,(anonymous_4)
FN:19,(anonymous_5)
FNF:2
FNH:0
FNDA:0,(anonymous_4)
FNDA:0,(anonymous_5)
DA:5,0
DA:6,0
DA:7,0
DA:16,0
DA:17,0
DA:19,0
DA:20,0
DA:22,0
LF:8
LH:0
BRF:0
BRH:0
end_of_record
TN:
SF:app/(payload)/api/[...slug]/route.ts
FNF:0
FNH:0
DA:2,0
DA:3,0
DA:5,0
DA:6,0
DA:7,0
DA:8,0
LF:6
LH:0
BRF:0
BRH:0
end_of_record
TN:
SF:app/about/page.tsx
FN:31,AboutPage
FN:126,(anonymous_5)
FN:157,(anonymous_6)
FNF:3
FNH:0
FNDA:0,AboutPage
FNDA:0,(anonymous_5)
FNDA:0,(anonymous_6)
DA:1,0
DA:2,0
DA:3,0
DA:4,0
DA:5,0
DA:6,0
DA:8,0
DA:31,0
DA:33,0
DA:127,0
DA:158,0
LF:11
LH:0
BRDA:147,0,0,0
BRDA:164,1,0,0
BRDA:164,1,1,0
BRDA:158,2,0,0
BRDA:158,2,1,0
BRF:5
BRH:0
end_of_record
TN:
SF:app/about/_components/about-client.tsx
FN:18,AboutClient
FN:26,(anonymous_5)
FNF:2
FNH:0
FNDA:0,AboutClient
FNDA:0,(anonymous_5)
DA:4,0
DA:5,0
DA:6,0
DA:18,0
DA:19,0
DA:26,0
LF:6
LH:0
BRDA:19,0,0,0
BRDA:19,0,1,0
BRF:2
BRH:0
end_of_record
TN:
SF:app/admin/vendors/pending/page.tsx
FN:21,AdminVendorsPendingPage
FN:28,(anonymous_6)
FNF:2
FNH:0
FNDA:0,AdminVendorsPendingPage
FNDA:0,(anonymous_6)
DA:3,0
DA:4,0
DA:5,0
DA:6,0
DA:7,0
DA:21,0
DA:22,0
DA:23,0
DA:28,0
DA:29,0
DA:30,0
DA:32,0
DA:33,0
DA:35,0
DA:43,0
DA:55,0
DA:56,0
LF:17
LH:0
BRDA:29,0,0,0
BRDA:29,0,1,0
BRDA:30,1,0,0
BRDA:30,1,1,0
BRDA:33,2,0,0
BRDA:33,2,1,0
BRDA:43,3,0,0
BRDA:43,3,1,0
BRDA:55,4,0,0
BRDA:55,4,1,0
BRDA:55,5,0,0
BRDA:55,5,1,0
BRF:12
BRH:0
end_of_record
TN:
SF:app/api/admin/vendors/[id]/approve/route.ts
FN:9,extractAdminUser
FN:29,POST
FNF:2
FNH:2
FNDA:7,extractAdminUser
FNDA:7,POST
DA:1,1
DA:2,1
DA:3,1
DA:4,1
DA:10,7
DA:13,7
DA:14,1
DA:17,6
DA:19,6
DA:20,1
DA:23,5
DA:29,7
DA:33,7
DA:34,7
DA:36,5
DA:37,5
DA:40,4
DA:46,4
DA:47,4
DA:53,1
DA:54,1
DA:55,1
DA:60,0
DA:64,3
DA:70,3
DA:71,3
DA:78,3
DA:88,3
DA:89,3
DA:91,3
DA:92,1
DA:95,2
DA:96,1
DA:99,1
LF:34
LH:33
BRDA:10,0,0,7
BRDA:10,0,1,7
BRDA:13,1,0,1
BRDA:13,1,1,6
BRDA:19,2,0,1
BRDA:19,2,1,5
BRDA:53,3,0,1
BRDA:53,3,1,0
BRDA:54,4,0,1
BRDA:54,4,1,0
BRDA:54,5,0,1
BRDA:54,5,1,0
BRDA:70,6,0,3
BRDA:70,6,1,0
BRDA:89,7,0,3
BRDA:89,7,1,0
BRDA:91,8,0,1
BRDA:91,8,1,2
BRDA:95,9,0,1
BRDA:95,9,1,1
BRF:20
BRH:15
end_of_record
TN:
SF:app/api/admin/vendors/[id]/reject/route.ts
FN:9,extractAdminUser
FN:29,POST
FNF:2
FNH:2
FNDA:8,extractAdminUser
FNDA:8,POST
DA:1,1
DA:2,1
DA:3,1
DA:4,1
DA:10,8
DA:13,8
DA:14,1
DA:17,7
DA:19,7
DA:20,1
DA:23,6
DA:29,8
DA:33,8
DA:34,8
DA:36,6
DA:37,6
DA:40,6
DA:41,2
DA:47,4
DA:48,4
DA:51,3
DA:58,3
DA:59,3
DA:65,1
DA:66,1
DA:67,1
DA:72,0
DA:75,2
DA:86,3
DA:87,3
DA:89,3
DA:90,1
DA:93,2
DA:94,1
DA:97,1
LF:35
LH:34
BRDA:10,0,0,8
BRDA:10,0,1,8
BRDA:13,1,0,1
BRDA:13,1,1,7
BRDA:19,2,0,1
BRDA:19,2,1,6
BRDA:40,3,0,2
BRDA:40,3,1,4
BRDA:40,4,0,6
BRDA:40,4,1,4
BRDA:65,5,0,1
BRDA:65,5,1,0
BRDA:66,6,0,1
BRDA:66,6,1,0
BRDA:66,7,0,1
BRDA:66,7,1,0
BRDA:87,8,0,3
BRDA:87,8,1,0
BRDA:89,9,0,1
BRDA:89,9,1,2
BRDA:93,10,0,1
BRDA:93,10,1,1
BRF:22
BRH:18
end_of_record
TN:
SF:app/api/admin/vendors/approval/route.ts
FN:9,extractAdminUser
FN:29,GET
FN:44,(anonymous_6)
FN:79,POST
FNF:4
FNH:0
FNDA:0,extractAdminUser
FNDA:0,GET
FNDA:0,(anonymous_6)
FNDA:0,POST
DA:1,0
DA:2,0
DA:3,0
DA:4,0
DA:10,0
DA:13,0
DA:14,0
DA:17,0
DA:19,0
DA:20,0
DA:23,0
DA:29,0
DA:30,0
DA:31,0
DA:33,0
DA:36,0
DA:43,0
DA:45,0
DA:51,0
DA:64,0
DA:66,0
DA:68,0
DA:69,0
DA:72,0
DA:79,0
DA:80,0
DA:81,0
DA:83,0
DA:84,0
DA:86,0
DA:87,0
DA:93,0
DA:94,0
DA:100,0
DA:101,0
DA:107,0
DA:110,0
DA:114,0
DA:115,0
DA:117,0
DA:118,0
DA:121,0
DA:129,0
DA:138,0
DA:139,0
DA:140,0
LF:46
LH:0
BRDA:10,0,0,0
BRDA:10,0,1,0
BRDA:13,1,0,0
BRDA:13,1,1,0
BRDA:19,2,0,0
BRDA:19,2,1,0
BRDA:59,3,0,0
BRDA:59,3,1,0
BRDA:66,4,0,0
BRDA:66,4,1,0
BRDA:68,5,0,0
BRDA:68,5,1,0
BRDA:86,6,0,0
BRDA:86,6,1,0
BRDA:86,7,0,0
BRDA:86,7,1,0
BRDA:93,8,0,0
BRDA:93,8,1,0
BRDA:93,9,0,0
BRDA:93,9,1,0
BRDA:100,10,0,0
BRDA:100,10,1,0
BRDA:100,11,0,0
BRDA:100,11,1,0
BRDA:111,12,0,0
BRDA:111,12,1,0
BRDA:114,13,0,0
BRDA:114,13,1,0
BRDA:130,14,0,0
BRDA:130,14,1,0
BRDA:139,15,0,0
BRDA:139,15,1,0
BRF:32
BRH:0
end_of_record
TN:
SF:app/api/admin/vendors/pending/route.ts
FN:9,extractAdminUser
FN:29,GET
FN:44,(anonymous_4)
FNF:3
FNH:3
FNDA:5,extractAdminUser
FNDA:5,GET
FNDA:1,(anonymous_4)
DA:1,1
DA:2,1
DA:3,1
DA:4,1
DA:10,5
DA:13,5
DA:14,1
DA:17,4
DA:19,3
DA:20,1
DA:23,2
DA:29,5
DA:30,5
DA:31,5
DA:33,2
DA:36,2
DA:43,2
DA:45,1
DA:51,1
DA:64,2
DA:66,3
DA:68,3
DA:69,1
DA:72,2
LF:24
LH:24
BRDA:10,0,0,5
BRDA:10,0,1,5
BRDA:13,1,0,1
BRDA:13,1,1,4
BRDA:19,2,0,1
BRDA:19,2,1,2
BRDA:59,3,0,1
BRDA:59,3,1,0
BRDA:66,4,0,3
BRDA:66,4,1,0
BRDA:68,5,0,1
BRDA:68,5,1,2
BRF:12
BRH:10
end_of_record
TN:
SF:app/api/auth/login/route.ts
FN:4,POST
FNF:1
FNH:1
FNDA:19,POST
DA:1,1
DA:2,1
DA:4,19
DA:5,19
DA:6,19
DA:7,19
DA:10,19
DA:11,5
DA:18,14
DA:21,7
DA:27,7
DA:36,7
DA:44,7
DA:46,7
DA:49,7
DA:50,5
DA:53,2
LF:17
LH:17
BRDA:10,0,0,5
BRDA:10,0,1,14
BRDA:10,1,0,19
BRDA:10,1,1,16
BRDA:46,2,0,6
BRDA:46,2,1,1
BRDA:49,3,0,5
BRDA:49,3,1,2
BRDA:49,4,0,7
BRDA:49,4,1,4
BRF:10
BRH:10
end_of_record
TN:
SF:app/api/auth/logout/route.ts
FN:8,POST
FNF:1
FNH:0
FNDA:0,POST
DA:1,0
DA:8,0
DA:9,0
DA:14,0
DA:23,0
DA:31,0
LF:6
LH:0
BRF:0
BRH:0
end_of_record
TN:
SF:app/api/auth/me/route.ts
FN:9,GET
FNF:1
FNH:0
FNDA:0,GET
DA:1,0
DA:2,0
DA:9,0
DA:10,0
DA:12,0
DA:14,0
DA:15,0
DA:22,0
DA:24,0
DA:28,0
DA:30,0
DA:31,0
DA:37,0
LF:13
LH:0
BRDA:14,0,0,0
BRDA:14,0,1,0
BRDA:28,1,0,0
BRDA:28,1,1,0
BRDA:30,2,0,0
BRDA:30,2,1,0
BRF:6
BRH:0
end_of_record
TN:
SF:app/api/auth/refresh/route.ts
FN:9,POST
FNF:1
FNH:0
FNDA:0,POST
DA:1,0
DA:2,0
DA:9,0
DA:10,0
DA:12,0
DA:14,0
DA:15,0
DA:22,0
DA:25,0
DA:29,0
DA:37,0
DA:39,0
DA:41,0
DA:42,0
DA:48,0
LF:15
LH:0
BRDA:14,0,0,0
BRDA:14,0,1,0
BRDA:39,1,0,0
BRDA:39,1,1,0
BRDA:41,2,0,0
BRDA:41,2,1,0
BRF:6
BRH:0
end_of_record
TN:
SF:app/api/vendors/[id]/route.ts
FN:45,PATCH
FN:59,(anonymous_6)
FN:101,(anonymous_7)
FNF:3
FNH:0
FNDA:0,PATCH
FNDA:0,(anonymous_6)
FNDA:0,(anonymous_7)
DA:1,0
DA:2,0
DA:3,0
DA:4,0
DA:5,0
DA:6,0
DA:45,0
DA:49,0
DA:50,0
DA:55,0
DA:58,0
DA:59,0
DA:61,0
DA:64,0
DA:65,0
DA:77,0
DA:78,0
DA:80,0
DA:94,0
DA:97,0
DA:99,0
DA:100,0
DA:101,0
DA:102,0
DA:103,0
DA:106,0
DA:119,0
DA:122,0
DA:123,0
DA:136,0
DA:140,0
DA:141,0
DA:146,0
DA:158,0
DA:161,0
DA:163,0
DA:167,0
DA:168,0
DA:182,0
DA:186,0
DA:187,0
DA:189,0
DA:202,0
DA:209,0
DA:217,0
DA:229,0
DA:236,0
LF:47
LH:0
BRDA:58,0,0,0
BRDA:58,0,1,0
BRDA:61,1,0,0
BRDA:61,1,1,0
BRDA:64,2,0,0
BRDA:64,2,1,0
BRDA:99,3,0,0
BRDA:99,3,1,0
BRDA:122,4,0,0
BRDA:122,4,1,0
BRDA:161,5,0,0
BRDA:161,5,1,0
BRDA:163,6,0,0
BRDA:163,6,1,0
BRDA:163,7,0,0
BRDA:163,7,1,0
BRDA:167,8,0,0
BRDA:167,8,1,0
BRDA:182,9,0,0
BRDA:182,9,1,0
BRDA:194,10,0,0
BRDA:194,10,1,0
BRDA:230,11,0,0
BRDA:230,11,1,0
BRDA:231,12,0,0
BRDA:231,12,1,0
BRF:26
BRH:0
end_of_record
TN:
SF:app/api/vendors/profile/route.ts
FN:9,extractUser
FN:23,GET
FN:61,PATCH
FNF:3
FNH:0
FNDA:0,extractUser
FNDA:0,GET
FNDA:0,PATCH
DA:1,0
DA:2,0
DA:3,0
DA:4,0
DA:10,0
DA:13,0
DA:14,0
DA:17,0
DA:23,0
DA:24,0
DA:25,0
DA:27,0
DA:28,0
DA:34,0
DA:37,0
DA:44,0
DA:45,0
DA:51,0
DA:53,0
DA:54,0
DA:61,0
DA:62,0
DA:63,0
DA:65,0
DA:66,0
DA:72,0
DA:73,0
DA:76,0
DA:82,0
DA:83,0
DA:89,0
DA:90,0
DA:93,0
DA:96,0
DA:97,0
DA:98,0
DA:99,0
DA:100,0
DA:103,0
DA:105,0
DA:107,0
DA:108,0
DA:111,0
DA:113,0
DA:114,0
DA:115,0
DA:119,0
DA:125,0
DA:130,0
DA:131,0
DA:132,0
LF:51
LH:0
BRDA:10,0,0,0
BRDA:10,0,1,0
BRDA:13,1,0,0
BRDA:13,1,1,0
BRDA:27,2,0,0
BRDA:27,2,1,0
BRDA:44,3,0,0
BRDA:44,3,1,0
BRDA:53,4,0,0
BRDA:53,4,1,0
BRDA:65,5,0,0
BRDA:65,5,1,0
BRDA:82,6,0,0
BRDA:82,6,1,0
BRDA:96,7,0,0
BRDA:96,7,1,0
BRDA:97,8,0,0
BRDA:97,8,1,0
BRDA:98,9,0,0
BRDA:98,9,1,0
BRDA:99,10,0,0
BRDA:99,10,1,0
BRDA:100,11,0,0
BRDA:100,11,1,0
BRDA:103,12,0,0
BRDA:103,12,1,0
BRDA:105,13,0,0
BRDA:105,13,1,0
BRDA:105,14,0,0
BRDA:105,14,1,0
BRDA:107,15,0,0
BRDA:107,15,1,0
BRDA:108,16,0,0
BRDA:108,16,1,0
BRDA:111,17,0,0
BRDA:111,17,1,0
BRDA:113,18,0,0
BRDA:113,18,1,0
BRDA:114,19,0,0
BRDA:114,19,1,0
BRDA:115,20,0,0
BRDA:115,20,1,0
BRDA:131,21,0,0
BRDA:131,21,1,0
BRF:44
BRH:0
end_of_record
TN:
SF:app/api/vendors/register/route.ts
FN:21,(anonymous_2)
FN:50,generateSlug
FN:62,POST
FN:72,(anonymous_5)
FNF:4
FNH:0
FNDA:0,(anonymous_2)
FNDA:0,generateSlug
FNDA:0,POST
FNDA:0,(anonymous_5)
DA:1,0
DA:2,0
DA:3,0
DA:4,0
DA:5,0
DA:8,0
DA:21,0
DA:51,0
DA:62,0
DA:63,0
DA:65,0
DA:68,0
DA:70,0
DA:71,0
DA:72,0
DA:73,0
DA:74,0
DA:77,0
DA:90,0
DA:93,0
DA:94,0
DA:96,0
DA:112,0
DA:115,0
DA:125,0
DA:126,0
DA:142,0
DA:145,0
DA:152,0
DA:154,0
DA:165,0
DA:168,0
DA:182,0
DA:185,0
DA:194,0
DA:207,0
DA:208,0
DA:209,0
DA:213,0
DA:215,0
DA:219,0
DA:223,0
DA:230,0
LF:43
LH:0
BRDA:21,0,0,0
BRDA:21,0,1,0
BRDA:70,1,0,0
BRDA:70,1,1,0
BRDA:101,2,0,0
BRDA:101,2,1,0
BRDA:103,3,0,0
BRDA:103,3,1,0
BRDA:125,4,0,0
BRDA:125,4,1,0
BRDA:175,5,0,0
BRDA:175,5,1,0
BRDA:207,6,0,0
BRDA:207,6,1,0
BRDA:207,7,0,0
BRDA:207,7,1,0
BRDA:224,8,0,0
BRDA:224,8,1,0
BRDA:225,9,0,0
BRDA:225,9,1,0
BRF:20
BRH:0
end_of_record
TN:
SF:app/bespoke-solutions/page.tsx
FN:59,BespokeSolutionsPage
FN:119,(anonymous_6)
FN:139,(anonymous_7)
FNF:3
FNH:0
FNDA:0,BespokeSolutionsPage
FNDA:0,(anonymous_6)
FNDA:0,(anonymous_7)
DA:1,0
DA:2,0
DA:3,0
DA:4,0
DA:5,0
DA:6,0
DA:8,0
DA:59,0
DA:120,0
DA:140,0
LF:10
LH:0
BRF:0
BRH:0
end_of_record
TN:
SF:app/blog/page.tsx
FN:13,BlogPage
FN:17,(anonymous_6)
FN:19,(anonymous_7)
FNF:3
FNH:0
FNDA:0,BlogPage
FNDA:0,(anonymous_6)
FNDA:0,(anonymous_7)
DA:3,0
DA:4,0
DA:5,0
DA:6,0
DA:7,0
DA:8,0
DA:9,0
DA:10,0
DA:11,0
DA:13,0
DA:15,0
DA:16,0
DA:17,0
DA:19,0
LF:14
LH:0
BRDA:35,0,0,0
BRF:1
BRH:0
end_of_record
TN:
SF:app/blog/[slug]/page.tsx
FN:19,generateStaticParams
FN:25,(anonymous_8)
FN:40,BlogPostPage
FN:57,(anonymous_10)
FN:142,(anonymous_11)
FN:156,(anonymous_12)
FNF:6
FNH:0
FNDA:0,generateStaticParams
FNDA:0,(anonymous_8)
FNDA:0,BlogPostPage
FNDA:0,(anonymous_10)
FNDA:0,(anonymous_11)
FNDA:0,(anonymous_12)
DA:2,0
DA:3,0
DA:4,0
DA:5,0
DA:6,0
DA:7,0
DA:8,0
DA:9,0
DA:10,0
DA:11,0
DA:14,0
DA:15,0
DA:16,0
DA:19,0
DA:20,0
DA:21,0
DA:22,0
DA:23,0
DA:25,0
DA:26,0
DA:27,0
DA:29,0
DA:30,0
DA:40,0
DA:42,0
DA:45,0
DA:47,0
DA:48,0
DA:49,0
DA:52,0
DA:55,0
DA:56,0
DA:57,0
DA:143,0
DA:157,0
LF:35
LH:0
BRDA:47,0,0,0
BRDA:47,0,1,0
BRDA:57,1,0,0
BRDA:57,1,1,0
BRDA:113,2,0,0
BRDA:138,3,0,0
BRDA:138,3,1,0
BRDA:152,4,0,0
BRF:8
BRH:0
end_of_record
TN:
SF:app/blog/[slug]/_components/blog-post-client.tsx
FN:15,BlogPostClient
FN:23,(anonymous_5)
FN:29,(anonymous_6)
FN:47,(anonymous_7)
FNF:4
FNH:0
FNDA:0,BlogPostClient
FNDA:0,(anonymous_5)
FNDA:0,(anonymous_6)
FNDA:0,(anonymous_7)
DA:4,0
DA:5,0
DA:6,0
DA:7,0
DA:8,0
DA:15,0
DA:16,0
DA:21,0
DA:23,0
DA:24,0
DA:29,0
DA:30,0
DA:31,0
DA:32,0
DA:39,0
DA:43,0
DA:47,0
DA:48,0
DA:49,0
DA:51,0
DA:54,0
DA:55,0
DA:56,0
DA:57,0
DA:58,0
DA:59,0
DA:60,0
LF:27
LH:0
BRDA:30,0,0,0
BRDA:30,0,1,0
BRDA:68,1,0,0
BRDA:68,1,1,0
BRDA:74,2,0,0
BRDA:78,3,0,0
BRDA:78,3,1,0
BRF:7
BRH:0
end_of_record
TN:
SF:app/blog/_components/blog-client.tsx
FN:17,(anonymous_5)
FN:19,(anonymous_6)
FN:22,(anonymous_7)
FN:34,BlogClient
FN:45,(anonymous_9)
FN:55,(anonymous_10)
FN:58,(anonymous_11)
FN:69,(anonymous_12)
FN:107,(anonymous_13)
FN:147,(anonymous_14)
FNF:10
FNH:0
FNDA:0,(anonymous_5)
FNDA:0,(anonymous_6)
FNDA:0,(anonymous_7)
FNDA:0,BlogClient
FNDA:0,(anonymous_9)
FNDA:0,(anonymous_10)
FNDA:0,(anonymous_11)
FNDA:0,(anonymous_12)
FNDA:0,(anonymous_13)
FNDA:0,(anonymous_14)
DA:4,0
DA:5,0
DA:6,0
DA:7,0
DA:8,0
DA:9,0
DA:10,0
DA:11,0
DA:12,0
DA:13,0
DA:17,0
DA:18,0
DA:19,0
DA:20,0
DA:22,0
DA:25,0
DA:27,0
DA:34,0
DA:35,0
DA:36,0
DA:37,0
DA:39,0
DA:45,0
DA:46,0
DA:49,0
DA:50,0
DA:54,0
DA:55,0
DA:58,0
DA:62,0
DA:63,0
DA:69,0
DA:70,0
DA:108,0
DA:148,0
LF:35
LH:0
BRDA:20,0,0,0
BRDA:20,0,1,0
BRDA:20,0,2,0
BRDA:49,1,0,0
BRDA:49,1,1,0
BRDA:54,2,0,0
BRDA:54,2,1,0
BRDA:58,3,0,0
BRDA:58,3,1,0
BRDA:58,4,0,0
BRDA:58,4,1,0
BRDA:79,5,0,0
BRDA:79,5,1,0
BRDA:95,6,0,0
BRDA:95,6,1,0
BRDA:101,7,0,0
BRDA:101,7,1,0
BRDA:111,8,0,0
BRDA:111,8,1,0
BRDA:120,9,0,0
BRDA:120,9,1,0
BRDA:161,10,0,0
BRDA:161,10,1,0
BRDA:173,11,0,0
BRDA:186,12,0,0
BRDA:189,13,0,0
BRDA:189,13,1,0
BRF:27
BRH:0
end_of_record
TN:
SF:app/components/cta-section.tsx
FN:13,CTASection
FNF:1
FNH:0
FNDA:0,CTASection
DA:3,0
DA:4,0
DA:5,0
DA:6,0
DA:13,0
LF:5
LH:0
BRF:0
BRH:0
end_of_record
TN:
SF:app/components/featured-blog-section.tsx
FN:17,FeaturedBlogSection
FN:34,(anonymous_6)
FNF:2
FNH:0
FNDA:0,FeaturedBlogSection
FNDA:0,(anonymous_6)
DA:3,0
DA:4,0
DA:5,0
DA:6,0
DA:7,0
DA:8,0
DA:9,0
DA:10,0
DA:17,0
DA:19,0
DA:35,0
LF:11
LH:0
BRDA:41,0,0,0
BRDA:41,0,1,0
BRDA:72,1,0,0
BRDA:72,1,1,0
BRF:4
BRH:0
end_of_record
TN:
SF:app/components/featured-partners-section.tsx
FN:16,FeaturedPartnersSection
FN:33,(anonymous_6)
FN:63,(anonymous_7)
FNF:3
FNH:0
FNDA:0,FeaturedPartnersSection
FNDA:0,(anonymous_6)
FNDA:0,(anonymous_7)
DA:3,0
DA:4,0
DA:5,0
DA:6,0
DA:7,0
DA:8,0
DA:10,0
DA:16,0
DA:18,0
DA:34,0
DA:64,0
LF:11
LH:0
BRF:0
BRH:0
end_of_record
TN:
SF:app/components/footer.tsx
FN:14,Footer
FNF:1
FNH:0
FNDA:0,Footer
DA:2,0
DA:3,0
DA:14,0
DA:16,0
LF:4
LH:0
BRDA:16,0,0,0
BRDA:16,0,1,0
BRF:2
BRH:0
end_of_record
TN:
SF:app/components/hero-client.tsx
FN:8,HeroClient
FN:12,(anonymous_6)
FNF:2
FNH:0
FNDA:0,HeroClient
FNDA:0,(anonymous_6)
DA:4,0
DA:5,0
DA:6,0
DA:8,0
DA:9,0
DA:10,0
DA:12,0
DA:13,0
DA:17,0
DA:23,0
DA:24,0
LF:11
LH:0
BRDA:17,0,0,0
BRDA:17,0,1,0
BRDA:23,1,0,0
BRDA:23,1,1,0
BRDA:24,2,0,0
BRDA:24,2,1,0
BRF:6
BRH:0
end_of_record
TN:
SF:app/components/hero-section.tsx
FN:23,HeroSection
FN:65,(anonymous_6)
FNF:2
FNH:0
FNDA:0,HeroSection
FNDA:0,(anonymous_6)
DA:3,0
DA:4,0
DA:5,0
DA:6,0
DA:7,0
DA:9,0
DA:23,0
DA:66,0
LF:8
LH:0
BRF:0
BRH:0
end_of_record
TN:
SF:app/components/navigation.tsx
FN:25,Logo
FN:29,(anonymous_6)
FN:59,Navigation
FN:72,(anonymous_8)
FN:101,(anonymous_9)
FN:105,(anonymous_10)
FNF:6
FNH:0
FNDA:0,Logo
FNDA:0,(anonymous_6)
FNDA:0,Navigation
FNDA:0,(anonymous_8)
FNDA:0,(anonymous_9)
FNDA:0,(anonymous_10)
DA:4,0
DA:5,0
DA:6,0
DA:7,0
DA:8,0
DA:9,0
DA:10,0
DA:11,0
DA:12,0
DA:13,0
DA:15,0
DA:26,0
DA:27,0
DA:29,0
DA:30,0
DA:34,0
DA:40,0
DA:41,0
DA:59,0
DA:60,0
DA:61,0
DA:73,0
DA:102,0
DA:105,0
LF:24
LH:0
BRDA:34,0,0,0
BRDA:34,0,1,0
BRDA:40,1,0,0
BRDA:40,1,1,0
BRDA:41,2,0,0
BRDA:41,2,1,0
BRDA:78,3,0,0
BRDA:78,3,1,0
BRDA:108,4,0,0
BRDA:108,4,1,0
BRF:10
BRH:0
end_of_record
TN:
SF:app/components/pagination.tsx
FN:16,Pagination
FN:17,(anonymous_5)
FN:59,(anonymous_6)
FN:66,(anonymous_7)
FN:74,(anonymous_8)
FN:86,(anonymous_9)
FNF:6
FNH:0
FNDA:0,Pagination
FNDA:0,(anonymous_5)
FNDA:0,(anonymous_6)
FNDA:0,(anonymous_7)
FNDA:0,(anonymous_8)
FNDA:0,(anonymous_9)
DA:4,0
DA:5,0
DA:6,0
DA:7,0
DA:16,0
DA:17,0
DA:18,0
DA:19,0
DA:21,0
DA:22,0
DA:23,0
DA:26,0
DA:27,0
DA:28,0
DA:30,0
DA:31,0
DA:32,0
DA:33,0
DA:34,0
DA:35,0
DA:36,0
DA:39,0
DA:40,0
DA:41,0
DA:42,0
DA:44,0
DA:45,0
DA:49,0
DA:52,0
DA:59,0
DA:67,0
DA:74,0
DA:86,0
LF:33
LH:0
BRDA:21,0,0,0
BRDA:21,0,1,0
BRDA:26,1,0,0
BRDA:26,1,1,0
BRDA:32,2,0,0
BRDA:32,2,1,0
BRDA:52,3,0,0
BRDA:52,3,1,0
BRDA:69,4,0,0
BRDA:72,5,0,0
BRDA:72,5,1,0
BRF:11
BRH:0
end_of_record
TN:
SF:app/components/partners-client.tsx
FN:27,PartnersClient
FN:44,(anonymous_6)
FN:52,(anonymous_7)
FN:57,(anonymous_8)
FN:63,(anonymous_9)
FN:69,(anonymous_10)
FN:72,(anonymous_11)
FN:78,(anonymous_12)
FN:83,(anonymous_13)
FN:85,(anonymous_14)
FN:100,(anonymous_15)
FN:137,(anonymous_16)
FN:142,(anonymous_17)
FN:148,(anonymous_18)
FN:186,(anonymous_19)
FN:188,(anonymous_20)
FN:226,(anonymous_21)
FN:236,(anonymous_22)
FN:250,(anonymous_23)
FN:283,(anonymous_24)
FNF:20
FNH:0
FNDA:0,PartnersClient
FNDA:0,(anonymous_6)
FNDA:0,(anonymous_7)
FNDA:0,(anonymous_8)
FNDA:0,(anonymous_9)
FNDA:0,(anonymous_10)
FNDA:0,(anonymous_11)
FNDA:0,(anonymous_12)
FNDA:0,(anonymous_13)
FNDA:0,(anonymous_14)
FNDA:0,(anonymous_15)
FNDA:0,(anonymous_16)
FNDA:0,(anonymous_17)
FNDA:0,(anonymous_18)
FNDA:0,(anonymous_19)
FNDA:0,(anonymous_20)
FNDA:0,(anonymous_21)
FNDA:0,(anonymous_22)
FNDA:0,(anonymous_23)
FNDA:0,(anonymous_24)
DA:4,0
DA:5,0
DA:6,0
DA:7,0
DA:8,0
DA:9,0
DA:10,0
DA:11,0
DA:12,0
DA:13,0
DA:14,0
DA:15,0
DA:16,0
DA:19,0
DA:27,0
DA:28,0
DA:29,0
DA:32,0
DA:33,0
DA:34,0
DA:35,0
DA:36,0
DA:38,0
DA:44,0
DA:45,0
DA:46,0
DA:47,0
DA:48,0
DA:52,0
DA:53,0
DA:54,0
DA:57,0
DA:58,0
DA:59,0
DA:63,0
DA:64,0
DA:67,0
DA:68,0
DA:69,0
DA:70,0
DA:72,0
DA:77,0
DA:78,0
DA:82,0
DA:83,0
DA:84,0
DA:85,0
DA:89,0
DA:93,0
DA:94,0
DA:100,0
DA:101,0
DA:104,0
DA:105,0
DA:106,0
DA:108,0
DA:113,0
DA:114,0
DA:115,0
DA:117,0
DA:122,0
DA:123,0
DA:124,0
DA:126,0
DA:130,0
DA:131,0
DA:133,0
DA:137,0
DA:138,0
DA:139,0
DA:142,0
DA:143,0
DA:144,0
DA:148,0
DA:149,0
DA:188,0
DA:189,0
DA:191,0
DA:227,0
DA:228,0
DA:237,0
DA:238,0
DA:251,0
DA:284,0
DA:285,0
LF:85
LH:0
BRDA:27,0,0,0
BRDA:32,1,0,0
BRDA:32,1,1,0
BRDA:45,2,0,0
BRDA:45,2,1,0
BRDA:67,3,0,0
BRDA:67,3,1,0
BRDA:70,4,0,0
BRDA:70,4,1,0
BRDA:70,4,2,0
BRDA:77,5,0,0
BRDA:77,5,1,0
BRDA:82,6,0,0
BRDA:82,6,1,0
BRDA:84,7,0,0
BRDA:84,7,1,0
BRDA:101,8,0,0
BRDA:101,8,1,0
BRDA:104,9,0,0
BRDA:104,9,1,0
BRDA:105,10,0,0
BRDA:105,10,1,0
BRDA:113,11,0,0
BRDA:113,11,1,0
BRDA:114,12,0,0
BRDA:114,12,1,0
BRDA:114,13,0,0
BRDA:114,13,1,0
BRDA:122,14,0,0
BRDA:122,14,1,0
BRDA:123,15,0,0
BRDA:123,15,1,0
BRDA:131,16,0,0
BRDA:131,16,1,0
BRDA:157,17,0,0
BRDA:157,17,1,0
BRDA:174,18,0,0
BRDA:174,18,1,0
BRDA:180,19,0,0
BRDA:180,19,1,0
BRDA:195,20,0,0
BRDA:195,20,1,0
BRDA:198,21,0,0
BRDA:198,21,1,0
BRDA:202,22,0,0
BRDA:202,22,1,0
BRDA:216,23,0,0
BRDA:219,24,0,0
BRDA:228,25,0,0
BRDA:228,25,1,0
BRDA:269,26,0,0
BRDA:272,27,0,0
BRDA:272,27,1,0
BRDA:278,28,0,0
BRDA:285,29,0,0
BRDA:285,29,1,0
BRDA:305,30,0,0
BRDA:321,31,0,0
BRDA:334,32,0,0
BRDA:337,33,0,0
BRDA:337,33,1,0
BRF:61
BRH:0
end_of_record
TN:
SF:app/components/products-client.tsx
FN:29,ProductsClient
FN:51,(anonymous_6)
FN:60,(anonymous_7)
FN:65,(anonymous_8)
FN:71,(anonymous_9)
FN:72,(anonymous_10)
FN:79,(anonymous_11)
FN:85,(anonymous_12)
FN:88,(anonymous_13)
FN:89,(anonymous_14)
FN:97,(anonymous_15)
FN:102,(anonymous_16)
FN:107,(anonymous_17)
FN:127,(anonymous_18)
FN:173,(anonymous_19)
FN:178,(anonymous_20)
FN:183,(anonymous_21)
FN:189,(anonymous_22)
FN:247,(anonymous_23)
FN:256,(anonymous_24)
FN:281,(anonymous_25)
FN:312,(anonymous_26)
FN:326,(anonymous_27)
FN:348,(anonymous_28)
FNF:24
FNH:0
FNDA:0,ProductsClient
FNDA:0,(anonymous_6)
FNDA:0,(anonymous_7)
FNDA:0,(anonymous_8)
FNDA:0,(anonymous_9)
FNDA:0,(anonymous_10)
FNDA:0,(anonymous_11)
FNDA:0,(anonymous_12)
FNDA:0,(anonymous_13)
FNDA:0,(anonymous_14)
FNDA:0,(anonymous_15)
FNDA:0,(anonymous_16)
FNDA:0,(anonymous_17)
FNDA:0,(anonymous_18)
FNDA:0,(anonymous_19)
FNDA:0,(anonymous_20)
FNDA:0,(anonymous_21)
FNDA:0,(anonymous_22)
FNDA:0,(anonymous_23)
FNDA:0,(anonymous_24)
FNDA:0,(anonymous_25)
FNDA:0,(anonymous_26)
FNDA:0,(anonymous_27)
FNDA:0,(anonymous_28)
DA:4,0
DA:5,0
DA:6,0
DA:7,0
DA:8,0
DA:9,0
DA:10,0
DA:11,0
DA:12,0
DA:13,0
DA:14,0
DA:15,0
DA:16,0
DA:17,0
DA:18,0
DA:21,0
DA:29,0
DA:30,0
DA:31,0
DA:34,0
DA:35,0
DA:36,0
DA:37,0
DA:38,0
DA:39,0
DA:44,0
DA:51,0
DA:52,0
DA:53,0
DA:54,0
DA:55,0
DA:56,0
DA:60,0
DA:61,0
DA:62,0
DA:65,0
DA:66,0
DA:67,0
DA:71,0
DA:72,0
DA:73,0
DA:74,0
DA:79,0
DA:80,0
DA:83,0
DA:84,0
DA:85,0
DA:86,0
DA:88,0
DA:90,0
DA:96,0
DA:97,0
DA:101,0
DA:102,0
DA:106,0
DA:107,0
DA:108,0
DA:109,0
DA:110,0
DA:111,0
DA:116,0
DA:120,0
DA:121,0
DA:127,0
DA:128,0
DA:131,0
DA:132,0
DA:133,0
DA:135,0
DA:140,0
DA:141,0
DA:142,0
DA:144,0
DA:149,0
DA:150,0
DA:151,0
DA:153,0
DA:158,0
DA:159,0
DA:160,0
DA:162,0
DA:166,0
DA:167,0
DA:169,0
DA:173,0
DA:174,0
DA:175,0
DA:178,0
DA:179,0
DA:180,0
DA:183,0
DA:184,0
DA:185,0
DA:189,0
DA:190,0
DA:248,0
DA:257,0
DA:258,0
DA:282,0
DA:283,0
DA:313,0
DA:327,0
DA:349,0
DA:350,0
LF:104
LH:0
BRDA:34,0,0,0
BRDA:34,0,1,0
BRDA:40,1,0,0
BRDA:40,1,1,0
BRDA:52,2,0,0
BRDA:52,2,1,0
BRDA:56,3,0,0
BRDA:56,3,1,0
BRDA:83,4,0,0
BRDA:83,4,1,0
BRDA:86,5,0,0
BRDA:86,5,1,0
BRDA:86,5,2,0
BRDA:86,5,3,0
BRDA:96,6,0,0
BRDA:96,6,1,0
BRDA:101,7,0,0
BRDA:101,7,1,0
BRDA:106,8,0,0
BRDA:106,8,1,0
BRDA:108,9,0,0
BRDA:108,9,1,0
BRDA:109,10,0,0
BRDA:109,10,1,0
BRDA:128,11,0,0
BRDA:128,11,1,0
BRDA:131,12,0,0
BRDA:131,12,1,0
BRDA:132,13,0,0
BRDA:132,13,1,0
BRDA:140,14,0,0
BRDA:140,14,1,0
BRDA:141,15,0,0
BRDA:141,15,1,0
BRDA:141,16,0,0
BRDA:141,16,1,0
BRDA:149,17,0,0
BRDA:149,17,1,0
BRDA:150,18,0,0
BRDA:150,18,1,0
BRDA:158,19,0,0
BRDA:158,19,1,0
BRDA:159,20,0,0
BRDA:159,20,1,0
BRDA:167,21,0,0
BRDA:167,21,1,0
BRDA:203,22,0,0
BRDA:203,22,1,0
BRDA:219,23,0,0
BRDA:219,23,1,0
BRDA:233,24,0,0
BRDA:233,24,1,0
BRDA:239,25,0,0
BRDA:239,25,1,0
BRDA:240,26,0,0
BRDA:240,26,1,0
BRDA:241,27,0,0
BRDA:241,27,1,0
BRDA:251,28,0,0
BRDA:251,28,1,0
BRDA:257,29,0,0
BRDA:257,29,1,0
BRDA:267,30,0,0
BRDA:267,30,1,0
BRDA:268,31,0,0
BRDA:268,31,1,0
BRDA:268,31,2,0
BRDA:283,32,0,0
BRDA:283,32,1,0
BRDA:290,33,0,0
BRDA:290,33,1,0
BRDA:290,33,2,0
BRDA:290,33,3,0
BRDA:290,33,4,0
BRDA:308,34,0,0
BRDA:308,34,1,0
BRDA:316,35,0,0
BRDA:316,35,1,0
BRDA:313,36,0,0
BRDA:313,36,1,0
BRDA:350,37,0,0
BRDA:350,37,1,0
BRDA:366,38,0,0
BRDA:366,38,1,0
BRDA:380,39,0,0
BRDA:393,40,0,0
BRDA:396,41,0,0
BRDA:396,41,1,0
BRF:88
BRH:0
end_of_record
TN:
SF:app/components/search-filter.tsx
FN:19,SearchFilter
FN:36,(anonymous_5)
FN:48,(anonymous_6)
FNF:3
FNH:0
FNDA:0,SearchFilter
FNDA:0,(anonymous_5)
FNDA:0,(anonymous_6)
DA:4,0
DA:5,0
DA:6,0
DA:7,0
DA:19,0
DA:36,0
DA:49,0
LF:7
LH:0
BRDA:25,0,0,0
BRDA:26,1,0,0
BRF:2
BRH:0
end_of_record
TN:
SF:app/components/services-overview-section.tsx
FN:42,ServicesOverviewSection
FN:56,(anonymous_6)
FNF:2
FNH:0
FNDA:0,ServicesOverviewSection
FNDA:0,(anonymous_6)
DA:3,0
DA:4,0
DA:5,0
DA:6,0
DA:7,0
DA:9,0
DA:42,0
DA:57,0
LF:8
LH:0
BRF:0
BRH:0
end_of_record
TN:
SF:app/components/suspense-wrapper.tsx
FN:11,SuspenseWrapper
FNF:1
FNH:0
FNDA:0,SuspenseWrapper
DA:4,0
DA:11,0
LF:2
LH:0
BRDA:13,0,0,0
BRF:1
BRH:0
end_of_record
TN:
SF:app/components/theme-provider.tsx
FN:9,detectSystemTheme
FN:15,(anonymous_5)
FN:17,(anonymous_6)
FN:28,(anonymous_7)
FN:47,EnhancedThemeProvider
FN:51,(anonymous_9)
FN:61,(anonymous_10)
FN:83,(anonymous_11)
FN:92,(anonymous_12)
FN:105,(anonymous_13)
FN:125,ThemeProvider
FNF:11
FNH:0
FNDA:0,detectSystemTheme
FNDA:0,(anonymous_5)
FNDA:0,(anonymous_6)
FNDA:0,(anonymous_7)
FNDA:0,EnhancedThemeProvider
FNDA:0,(anonymous_9)
FNDA:0,(anonymous_10)
FNDA:0,(anonymous_11)
FNDA:0,(anonymous_12)
FNDA:0,(anonymous_13)
FNDA:0,ThemeProvider
DA:3,0
DA:4,0
DA:10,0
DA:13,0
DA:15,0
DA:18,0
DA:19,0
DA:20,0
DA:21,0
DA:22,0
DA:23,0
DA:24,0
DA:25,0
DA:29,0
DA:36,0
DA:37,0
DA:38,0
DA:40,0
DA:44,0
DA:48,0
DA:49,0
DA:51,0
DA:52,0
DA:55,0
DA:56,0
DA:59,0
DA:61,0
DA:62,0
DA:63,0
DA:64,0
DA:68,0
DA:69,0
DA:72,0
DA:76,0
DA:79,0
DA:81,0
DA:83,0
DA:84,0
DA:85,0
DA:86,0
DA:87,0
DA:92,0
DA:93,0
DA:94,0
DA:96,0
DA:98,0
DA:99,0
DA:105,0
DA:106,0
DA:108,0
DA:125,0
LF:51
LH:0
BRDA:10,0,0,0
BRDA:10,0,1,0
BRDA:29,1,0,0
BRDA:29,1,1,0
BRDA:29,2,0,0
BRDA:29,2,1,0
BRDA:38,3,0,0
BRDA:38,3,1,0
BRDA:62,4,0,0
BRDA:62,4,1,0
BRDA:68,5,0,0
BRDA:68,5,1,0
BRDA:76,6,0,0
BRDA:76,6,1,0
BRDA:76,6,2,0
BRDA:81,7,0,0
BRDA:81,7,1,0
BRDA:85,8,0,0
BRDA:85,8,1,0
BRDA:93,9,0,0
BRDA:93,9,1,0
BRDA:98,10,0,0
BRDA:98,10,1,0
BRDA:106,11,0,0
BRDA:106,11,1,0
BRDA:106,12,0,0
BRDA:106,12,1,0
BRF:27
BRH:0
end_of_record
TN:
SF:app/components/theme-toggle.tsx
FN:9,ThemeToggle
FN:15,(anonymous_5)
FN:55,(anonymous_6)
FN:65,(anonymous_7)
FN:72,(anonymous_8)
FN:92,(anonymous_9)
FN:101,(anonymous_10)
FN:113,(anonymous_11)
FN:129,(anonymous_12)
FN:135,(anonymous_13)
FNF:10
FNH:0
FNDA:0,ThemeToggle
FNDA:0,(anonymous_5)
FNDA:0,(anonymous_6)
FNDA:0,(anonymous_7)
FNDA:0,(anonymous_8)
FNDA:0,(anonymous_9)
FNDA:0,(anonymous_10)
FNDA:0,(anonymous_11)
FNDA:0,(anonymous_12)
FNDA:0,(anonymous_13)
DA:4,0
DA:5,0
DA:6,0
DA:7,0
DA:9,0
DA:10,0
DA:11,0
DA:12,0
DA:15,0
DA:16,0
DA:19,0
DA:22,0
DA:24,0
DA:26,0
DA:27,0
DA:30,0
DA:31,0
DA:32,0
DA:33,0
DA:35,0
DA:36,0
DA:38,0
DA:40,0
DA:43,0
DA:44,0
DA:47,0
DA:52,0
DA:55,0
DA:56,0
DA:59,0
DA:60,0
DA:63,0
DA:65,0
DA:66,0
DA:67,0
DA:70,0
DA:72,0
DA:73,0
DA:74,0
DA:79,0
DA:80,0
DA:82,0
DA:86,0
DA:89,0
DA:91,0
DA:92,0
DA:93,0
DA:94,0
DA:95,0
DA:96,0
DA:101,0
DA:102,0
DA:103,0
DA:105,0
DA:107,0
DA:108,0
DA:113,0
DA:115,0
DA:116,0
DA:117,0
DA:118,0
DA:120,0
DA:124,0
DA:125,0
DA:129,0
DA:130,0
DA:131,0
DA:132,0
DA:135,0
DA:136,0
DA:148,0
DA:154,0
LF:72
LH:0
BRDA:16,0,0,0
BRDA:16,0,1,0
BRDA:19,1,0,0
BRDA:19,1,1,0
BRDA:19,1,2,0
BRDA:22,2,0,0
BRDA:22,2,1,0
BRDA:27,3,0,0
BRDA:27,3,1,0
BRDA:40,4,0,0
BRDA:40,4,1,0
BRDA:44,5,0,0
BRDA:44,5,1,0
BRDA:44,6,0,0
BRDA:44,6,1,0
BRDA:52,7,0,0
BRDA:52,7,1,0
BRDA:70,8,0,0
BRDA:70,8,1,0
BRDA:79,9,0,0
BRDA:79,9,1,0
BRDA:86,10,0,0
BRDA:86,10,1,0
BRDA:86,10,2,0
BRDA:91,11,0,0
BRDA:91,11,1,0
BRDA:94,12,0,0
BRDA:94,12,1,0
BRDA:102,13,0,0
BRDA:102,13,1,0
BRDA:107,14,0,0
BRDA:107,14,1,0
BRDA:115,15,0,0
BRDA:115,15,1,0
BRDA:117,16,0,0
BRDA:117,16,1,0
BRDA:124,17,0,0
BRDA:124,17,1,0
BRDA:124,18,0,0
BRDA:124,18,1,0
BRDA:130,19,0,0
BRDA:130,19,1,0
BRDA:131,20,0,0
BRDA:131,20,1,0
BRDA:136,21,0,0
BRDA:136,21,1,0
BRDA:142,22,0,0
BRDA:148,23,0,0
BRDA:148,23,1,0
BRDA:154,24,0,0
BRDA:154,24,1,0
BRDA:175,25,0,0
BRDA:175,25,1,0
BRF:53
BRH:0
end_of_record
TN:
SF:app/components/vendor-card.tsx
FN:24,VendorCard
FN:75,(anonymous_6)
FN:98,(anonymous_7)
FN:165,(anonymous_8)
FNF:4
FNH:0
FNDA:0,VendorCard
FNDA:0,(anonymous_6)
FNDA:0,(anonymous_7)
FNDA:0,(anonymous_8)
DA:3,0
DA:4,0
DA:5,0
DA:6,0
DA:7,0
DA:8,0
DA:9,0
DA:10,0
DA:24,0
DA:76,0
DA:77,0
DA:99,0
DA:166,0
DA:167,0
DA:168,0
LF:15
LH:0
BRDA:27,0,0,0
BRDA:28,1,0,0
BRDA:29,2,0,0
BRDA:32,3,0,0
BRDA:37,4,0,0
BRDA:37,4,1,0
BRDA:40,5,0,0
BRDA:40,5,1,0
BRDA:48,6,0,0
BRDA:48,6,1,0
BRDA:62,7,0,0
BRDA:65,8,0,0
BRDA:68,9,0,0
BRDA:77,10,0,0
BRDA:77,10,1,0
BRDA:117,11,0,0
BRDA:120,12,0,0
BRDA:120,12,1,0
BRDA:126,13,0,0
BRDA:126,13,1,0
BRDA:129,14,0,0
BRDA:129,14,1,0
BRDA:132,15,0,0
BRDA:132,15,1,0
BRDA:135,16,0,0
BRDA:135,16,1,0
BRDA:138,17,0,0
BRDA:138,17,1,0
BRDA:144,18,0,0
BRDA:144,18,1,0
BRDA:147,19,0,0
BRDA:147,19,1,0
BRDA:150,20,0,0
BRDA:150,20,1,0
BRDA:153,21,0,0
BRDA:153,21,1,0
BRDA:160,22,0,0
BRDA:167,23,0,0
BRDA:167,23,1,0
BRF:39
BRH:0
end_of_record
TN:
SF:app/components/vendors-client.tsx
FN:25,VendorsClient
FN:50,(anonymous_5)
FN:58,(anonymous_6)
FN:69,(anonymous_7)
FN:75,(anonymous_8)
FN:80,(anonymous_9)
FN:85,(anonymous_10)
FN:91,(anonymous_11)
FN:94,(anonymous_12)
FN:100,(anonymous_13)
FN:105,(anonymous_14)
FN:107,(anonymous_15)
FN:122,(anonymous_16)
FN:159,(anonymous_17)
FN:164,(anonymous_18)
FN:170,(anonymous_19)
FN:208,(anonymous_20)
FN:210,(anonymous_21)
FNF:18
FNH:0
FNDA:0,VendorsClient
FNDA:0,(anonymous_5)
FNDA:0,(anonymous_6)
FNDA:0,(anonymous_7)
FNDA:0,(anonymous_8)
FNDA:0,(anonymous_9)
FNDA:0,(anonymous_10)
FNDA:0,(anonymous_11)
FNDA:0,(anonymous_12)
FNDA:0,(anonymous_13)
FNDA:0,(anonymous_14)
FNDA:0,(anonymous_15)
FNDA:0,(anonymous_16)
FNDA:0,(anonymous_17)
FNDA:0,(anonymous_18)
FNDA:0,(anonymous_19)
FNDA:0,(anonymous_20)
FNDA:0,(anonymous_21)
DA:3,0
DA:4,0
DA:5,0
DA:6,0
DA:7,0
DA:8,0
DA:9,0
DA:10,0
DA:13,0
DA:25,0
DA:34,0
DA:35,0
DA:38,0
DA:39,0
DA:40,0
DA:41,0
DA:42,0
DA:44,0
DA:50,0
DA:51,0
DA:52,0
DA:53,0
DA:54,0
DA:58,0
DA:59,0
DA:62,0
DA:63,0
DA:66,0
DA:69,0
DA:70,0
DA:71,0
DA:75,0
DA:76,0
DA:79,0
DA:80,0
DA:84,0
DA:85,0
DA:89,0
DA:90,0
DA:91,0
DA:92,0
DA:94,0
DA:99,0
DA:100,0
DA:104,0
DA:105,0
DA:106,0
DA:107,0
DA:111,0
DA:115,0
DA:116,0
DA:122,0
DA:123,0
DA:126,0
DA:127,0
DA:128,0
DA:130,0
DA:135,0
DA:136,0
DA:137,0
DA:139,0
DA:144,0
DA:145,0
DA:146,0
DA:148,0
DA:152,0
DA:153,0
DA:155,0
DA:159,0
DA:160,0
DA:161,0
DA:164,0
DA:165,0
DA:166,0
DA:170,0
DA:171,0
DA:210,0
DA:211,0
DA:213,0
DA:215,0
LF:80
LH:0
BRDA:28,0,0,0
BRDA:29,1,0,0
BRDA:30,2,0,0
BRDA:31,3,0,0
BRDA:32,4,0,0
BRDA:38,5,0,0
BRDA:38,5,1,0
BRDA:51,6,0,0
BRDA:51,6,1,0
BRDA:62,7,0,0
BRDA:62,7,1,0
BRDA:79,8,0,0
BRDA:79,8,1,0
BRDA:84,9,0,0
BRDA:84,9,1,0
BRDA:89,10,0,0
BRDA:89,10,1,0
BRDA:92,11,0,0
BRDA:92,11,1,0
BRDA:92,11,2,0
BRDA:99,12,0,0
BRDA:99,12,1,0
BRDA:104,13,0,0
BRDA:104,13,1,0
BRDA:106,14,0,0
BRDA:106,14,1,0
BRDA:123,15,0,0
BRDA:123,15,1,0
BRDA:126,16,0,0
BRDA:126,16,1,0
BRDA:127,17,0,0
BRDA:127,17,1,0
BRDA:135,18,0,0
BRDA:135,18,1,0
BRDA:136,19,0,0
BRDA:136,19,1,0
BRDA:136,20,0,0
BRDA:136,20,1,0
BRDA:144,21,0,0
BRDA:144,21,1,0
BRDA:145,22,0,0
BRDA:145,22,1,0
BRDA:153,23,0,0
BRDA:153,23,1,0
BRDA:179,24,0,0
BRDA:179,24,1,0
BRDA:196,25,0,0
BRDA:196,25,1,0
BRDA:202,26,0,0
BRDA:202,26,1,0
BRDA:211,27,0,0
BRDA:211,27,1,0
BRDA:232,28,0,0
BRDA:245,29,0,0
BRDA:248,30,0,0
BRDA:248,30,1,0
BRF:56
BRH:0
end_of_record
TN:
SF:app/components/ui/accordion.tsx
FNF:0
FNH:0
DA:3,0
DA:4,0
DA:5,0
DA:7,0
DA:9,0
DA:21,0
DA:41,0
DA:56,0
DA:58,0
LF:9
LH:0
BRF:0
BRH:0
end_of_record
TN:
SF:app/components/ui/alert-dialog.tsx
FNF:0
FNH:0
DA:3,0
DA:4,0
DA:6,0
DA:7,0
DA:9,0
DA:11,0
DA:13,0
DA:28,0
DA:46,0
DA:60,0
DA:74,0
DA:86,0
DA:98,0
DA:111,0
DA:127,0
DA:130,0
DA:131,0
DA:132,0
DA:133,0
DA:134,0
DA:135,0
DA:136,0
DA:137,0
DA:138,0
DA:139,0
DA:140,0
LF:26
LH:0
BRF:0
BRH:0
end_of_record
TN:
SF:app/components/ui/alert.tsx
FNF:0
FNH:0
DA:1,0
DA:2,0
DA:4,0
DA:6,0
DA:33,0
DA:45,0
DA:57,0
DA:59,0
LF:8
LH:0
BRF:0
BRH:0
end_of_record
TN:
SF:app/components/ui/aspect-ratio.tsx
FNF:0
FNH:0
DA:3,0
DA:5,0
DA:7,0
LF:3
LH:0
BRF:0
BRH:0
end_of_record
TN:
SF:app/components/ui/avatar.tsx
FNF:0
FNH:0
DA:3,0
DA:4,0
DA:6,0
DA:21,0
DA:33,0
DA:48,0
DA:50,0
LF:7
LH:0
BRF:0
BRH:0
end_of_record
TN:
SF:app/components/ui/badge.tsx
FN:33,Badge
FNF:1
FNH:0
FNDA:0,Badge
DA:2,0
DA:3,0
DA:5,0
DA:7,0
DA:39,0
LF:5
LH:0
BRF:0
BRH:0
end_of_record
TN:
SF:app/components/ui/breadcrumb.tsx
FN:47,(anonymous_14)
FNF:1
FNH:0
FNDA:0,(anonymous_14)
DA:1,0
DA:2,0
DA:3,0
DA:5,0
DA:13,0
DA:28,0
DA:40,0
DA:42,0
DA:48,0
DA:58,0
DA:73,0
DA:89,0
DA:105,0
DA:108,0
DA:109,0
DA:110,0
DA:111,0
DA:112,0
DA:113,0
DA:114,0
LF:20
LH:0
BRDA:48,0,0,0
BRDA:48,0,1,0
BRDA:86,1,0,0
BRDA:86,1,1,0
BRF:4
BRH:0
end_of_record
TN:
SF:app/components/ui/button.tsx
FN:45,(anonymous_6)
FNF:1
FNH:0
FNDA:0,(anonymous_6)
DA:2,0
DA:3,0
DA:4,0
DA:6,0
DA:8,0
DA:44,0
DA:46,0
DA:56,0
DA:58,0
LF:9
LH:0
BRDA:45,0,0,0
BRDA:46,1,0,0
BRDA:46,1,1,0
BRF:3
BRH:0
end_of_record
TN:
SF:app/components/ui/calendar.tsx
FN:12,Calendar
FNF:1
FNH:0
FNDA:0,Calendar
DA:3,0
DA:4,0
DA:5,0
DA:7,0
DA:8,0
DA:64,0
DA:66,0
LF:7
LH:0
BRDA:15,0,0,0
BRF:1
BRH:0
end_of_record
TN:
SF:app/components/ui/card.tsx
FNF:0
FNH:0
DA:2,0
DA:4,0
DA:19,0
DA:27,0
DA:42,0
DA:54,0
DA:62,0
DA:74,0
DA:76,0
LF:9
LH:0
BRF:0
BRH:0
end_of_record
TN:
SF:app/components/ui/carousel.tsx
FN:35,useCarousel
FN:49,(anonymous_11)
FN:71,(anonymous_12)
FN:80,(anonymous_13)
FN:84,(anonymous_14)
FN:89,(anonymous_15)
FN:101,(anonymous_16)
FN:109,(anonymous_17)
FN:118,(anonymous_18)
FN:156,(anonymous_19)
FN:178,(anonymous_20)
FN:200,(anonymous_21)
FN:229,(anonymous_22)
FNF:13
FNH:0
FNDA:0,useCarousel
FNDA:0,(anonymous_11)
FNDA:0,(anonymous_12)
FNDA:0,(anonymous_13)
FNDA:0,(anonymous_14)
FNDA:0,(anonymous_15)
FNDA:0,(anonymous_16)
FNDA:0,(anonymous_17)
FNDA:0,(anonymous_18)
FNDA:0,(anonymous_19)
FNDA:0,(anonymous_20)
FNDA:0,(anonymous_21)
FNDA:0,(anonymous_22)
DA:3,0
DA:6,0
DA:7,0
DA:9,0
DA:10,0
DA:33,0
DA:36,0
DA:38,0
DA:39,0
DA:42,0
DA:45,0
DA:61,0
DA:68,0
DA:69,0
DA:71,0
DA:72,0
DA:73,0
DA:76,0
DA:77,0
DA:80,0
DA:81,0
DA:84,0
DA:85,0
DA:88,0
DA:90,0
DA:91,0
DA:92,0
DA:93,0
DA:94,0
DA:95,0
DA:101,0
DA:102,0
DA:103,0
DA:106,0
DA:109,0
DA:110,0
DA:111,0
DA:114,0
DA:115,0
DA:116,0
DA:118,0
DA:119,0
DA:151,0
DA:153,0
DA:157,0
DA:173,0
DA:175,0
DA:179,0
DA:195,0
DA:197,0
DA:201,0
DA:224,0
DA:226,0
DA:230,0
DA:253,0
DA:257,0
DA:258,0
DA:259,0
DA:260,0
DA:261,0
LF:60
LH:0
BRDA:38,0,0,0
BRDA:38,0,1,0
BRDA:51,1,0,0
BRDA:64,2,0,0
BRDA:64,2,1,0
BRDA:72,3,0,0
BRDA:72,3,1,0
BRDA:90,4,0,0
BRDA:90,4,1,0
BRDA:93,5,0,0
BRDA:93,5,1,0
BRDA:102,6,0,0
BRDA:102,6,1,0
BRDA:102,7,0,0
BRDA:102,7,1,0
BRDA:110,8,0,0
BRDA:110,8,1,0
BRDA:130,9,0,0
BRDA:130,9,1,0
BRDA:130,10,0,0
BRDA:130,10,1,0
BRDA:165,11,0,0
BRDA:165,11,1,0
BRDA:188,12,0,0
BRDA:188,12,1,0
BRDA:200,13,0,0
BRDA:200,14,0,0
BRDA:210,15,0,0
BRDA:210,15,1,0
BRDA:229,16,0,0
BRDA:229,17,0,0
BRDA:239,18,0,0
BRDA:239,18,1,0
BRF:33
BRH:0
end_of_record
TN:
SF:app/components/ui/checkbox.tsx
FNF:0
FNH:0
DA:3,0
DA:4,0
DA:5,0
DA:7,0
DA:28,0
DA:30,0
LF:6
LH:0
BRF:0
BRH:0
end_of_record
TN:
SF:app/components/ui/collapsible.tsx
FNF:0
FNH:0
DA:3,0
DA:5,0
DA:7,0
DA:9,0
DA:11,0
LF:5
LH:0
BRF:0
BRH:0
end_of_record
TN:
SF:app/components/ui/command.tsx
FN:28,(anonymous_14)
FN:129,(anonymous_21)
FNF:2
FNH:0
FNDA:0,(anonymous_14)
FNDA:0,(anonymous_21)
DA:3,0
DA:5,0
DA:6,0
DA:8,0
DA:9,0
DA:24,0
DA:28,0
DA:57,0
DA:70,0
DA:83,0
DA:99,0
DA:111,0
DA:127,0
DA:129,0
DA:143,0
DA:146,0
DA:147,0
DA:148,0
DA:149,0
DA:150,0
DA:151,0
DA:152,0
DA:153,0
DA:154,0
LF:24
LH:0
BRF:0
BRH:0
end_of_record
TN:
SF:app/components/ui/context-menu.tsx
FN:168,(anonymous_27)
FNF:1
FNH:0
FNDA:0,(anonymous_27)
DA:3,0
DA:4,0
DA:5,0
DA:7,0
DA:9,0
DA:11,0
DA:13,0
DA:15,0
DA:17,0
DA:19,0
DA:40,0
DA:55,0
DA:72,0
DA:90,0
DA:113,0
DA:136,0
DA:154,0
DA:166,0
DA:168,0
DA:182,0
DA:185,0
DA:186,0
DA:187,0
DA:188,0
DA:189,0
DA:190,0
DA:191,0
DA:192,0
DA:193,0
DA:194,0
DA:195,0
DA:196,0
DA:197,0
DA:198,0
DA:199,0
LF:35
LH:0
BRDA:31,0,0,0
BRDA:31,0,1,0
BRDA:84,1,0,0
BRDA:84,1,1,0
BRDA:148,2,0,0
BRDA:148,2,1,0
BRF:6
BRH:0
end_of_record
TN:
SF:app/components/ui/date-range-picker.tsx
FN:20,DateRangePicker
FN:58,(anonymous_5)
FNF:2
FNH:0
FNDA:0,DateRangePicker
FNDA:0,(anonymous_5)
DA:1,0
DA:2,0
DA:3,0
DA:5,0
DA:6,0
DA:7,0
DA:12,0
DA:20,0
DA:58,0
LF:9
LH:0
BRDA:34,0,0,0
BRDA:34,0,1,0
BRDA:39,1,0,0
BRDA:39,2,0,0
BRDA:39,2,1,0
BRF:5
BRH:0
end_of_record
TN:
SF:app/components/ui/dialog.tsx
FNF:0
FNH:0
DA:3,0
DA:4,0
DA:5,0
DA:7,0
DA:9,0
DA:11,0
DA:13,0
DA:15,0
DA:30,0
DA:54,0
DA:68,0
DA:82,0
DA:97,0
DA:109,0
DA:112,0
DA:113,0
DA:114,0
DA:115,0
DA:116,0
DA:117,0
DA:118,0
DA:119,0
DA:120,0
DA:121,0
LF:24
LH:0
BRF:0
BRH:0
end_of_record
TN:
SF:app/components/ui/drawer.tsx
FNF:0
FNH:0
DA:3,0
DA:4,0
DA:6,0
DA:17,0
DA:19,0
DA:21,0
DA:23,0
DA:35,0
DA:56,0
DA:67,0
DA:78,0
DA:93,0
DA:105,0
DA:108,0
DA:109,0
DA:110,0
DA:111,0
DA:112,0
DA:113,0
DA:114,0
DA:115,0
DA:116,0
DA:117,0
LF:23
LH:0
BRDA:9,0,0,0
BRF:1
BRH:0
end_of_record
TN:
SF:app/components/ui/dropdown-menu.tsx
FN:173,(anonymous_27)
FNF:1
FNH:0
FNDA:0,(anonymous_27)
DA:3,0
DA:4,0
DA:5,0
DA:7,0
DA:9,0
DA:11,0
DA:13,0
DA:15,0
DA:17,0
DA:19,0
DA:40,0
DA:57,0
DA:77,0
DA:95,0
DA:118,0
DA:141,0
DA:159,0
DA:171,0
DA:173,0
DA:184,0
DA:187,0
DA:188,0
DA:189,0
DA:190,0
DA:191,0
DA:192,0
DA:193,0
DA:194,0
DA:195,0
DA:196,0
DA:197,0
DA:198,0
DA:199,0
DA:200,0
DA:201,0
LF:35
LH:0
BRDA:31,0,0,0
BRDA:31,0,1,0
BRDA:63,1,0,0
BRDA:89,2,0,0
BRDA:89,2,1,0
BRDA:153,3,0,0
BRDA:153,3,1,0
BRF:7
BRH:0
end_of_record
TN:
SF:app/components/ui/form.tsx
FN:31,(anonymous_12)
FN:44,(anonymous_13)
FN:78,(anonymous_14)
FN:92,(anonymous_15)
FN:109,(anonymous_16)
FN:132,(anonymous_17)
FN:149,(anonymous_18)
FNF:7
FNH:0
FNDA:0,(anonymous_12)
FNDA:0,(anonymous_13)
FNDA:0,(anonymous_14)
FNDA:0,(anonymous_15)
FNDA:0,(anonymous_16)
FNDA:0,(anonymous_17)
FNDA:0,(anonymous_18)
DA:3,0
DA:5,0
DA:13,0
DA:15,0
DA:16,0
DA:18,0
DA:27,0
DA:31,0
DA:44,0
DA:45,0
DA:46,0
DA:47,0
DA:49,0
DA:51,0
DA:52,0
DA:55,0
DA:57,0
DA:71,0
DA:75,0
DA:79,0
DA:87,0
DA:89,0
DA:93,0
DA:104,0
DA:106,0
DA:111,0
DA:127,0
DA:129,0
DA:133,0
DA:144,0
DA:146,0
DA:150,0
DA:151,0
DA:153,0
DA:154,0
DA:168,0
DA:171,0
DA:172,0
DA:173,0
DA:174,0
DA:175,0
DA:176,0
DA:177,0
DA:178,0
LF:44
LH:0
BRDA:51,0,0,0
BRDA:51,0,1,0
BRDA:98,1,0,0
BRDA:98,1,1,0
BRDA:118,2,0,0
BRDA:118,2,1,0
BRDA:151,3,0,0
BRDA:151,3,1,0
BRDA:153,4,0,0
BRDA:153,4,1,0
BRF:10
BRH:0
end_of_record
TN:
SF:app/components/ui/hover-card.tsx
FNF:0
FNH:0
DA:3,0
DA:4,0
DA:6,0
DA:8,0
DA:10,0
DA:27,0
DA:29,0
LF:7
LH:0
BRDA:15,0,0,0
BRDA:15,1,0,0
BRF:2
BRH:0
end_of_record
TN:
SF:app/components/ui/input-otp.tsx
FN:36,(anonymous_10)
FNF:1
FNH:0
FNDA:0,(anonymous_10)
DA:3,0
DA:4,0
DA:5,0
DA:7,0
DA:23,0
DA:31,0
DA:33,0
DA:37,0
DA:38,0
DA:59,0
DA:69,0
DA:71,0
LF:12
LH:0
BRDA:45,0,0,0
BRDA:45,0,1,0
BRDA:51,1,0,0
BRF:3
BRH:0
end_of_record
TN:
SF:app/components/ui/input.tsx
FN:10,(anonymous_4)
FNF:1
FNH:0
FNDA:0,(anonymous_4)
DA:2,0
DA:4,0
DA:9,0
DA:24,0
DA:26,0
LF:5
LH:0
BRF:0
BRH:0
end_of_record
TN:
SF:app/components/ui/label.tsx
FNF:0
FNH:0
DA:4,0
DA:5,0
DA:6,0
DA:8,0
DA:10,0
DA:25,0
DA:27,0
LF:7
LH:0
BRF:0
BRH:0
end_of_record
TN:
SF:app/components/ui/menubar.tsx
FN:203,(anonymous_30)
FNF:1
FNH:0
FNDA:0,(anonymous_30)
DA:3,0
DA:4,0
DA:5,0
DA:7,0
DA:9,0
DA:11,0
DA:13,0
DA:15,0
DA:17,0
DA:32,0
DA:47,0
DA:68,0
DA:83,0
DA:108,0
DA:126,0
DA:149,0
DA:171,0
DA:189,0
DA:201,0
DA:203,0
DA:217,0
DA:220,0
DA:221,0
DA:222,0
DA:223,0
DA:224,0
DA:225,0
DA:226,0
DA:227,0
DA:228,0
DA:229,0
DA:230,0
DA:231,0
DA:232,0
DA:233,0
DA:234,0
DA:235,0
LF:37
LH:0
BRDA:59,0,0,0
BRDA:59,0,1,0
BRDA:90,1,0,0
BRDA:90,2,0,0
BRDA:90,3,0,0
BRDA:120,4,0,0
BRDA:120,4,1,0
BRDA:183,5,0,0
BRDA:183,5,1,0
BRF:9
BRH:0
end_of_record
TN:
SF:app/components/ui/navigation-menu.tsx
FNF:0
FNH:0
DA:1,0
DA:2,0
DA:3,0
DA:4,0
DA:6,0
DA:24,0
DA:39,0
DA:41,0
DA:43,0
DA:63,0
DA:78,0
DA:80,0
DA:97,0
DA:115,0
DA:119,0
DA:120,0
DA:121,0
DA:122,0
DA:123,0
DA:124,0
DA:125,0
DA:126,0
DA:127,0
LF:23
LH:0
BRF:0
BRH:0
end_of_record
TN:
SF:app/components/ui/pagination.tsx
FNF:0
FNH:0
DA:1,0
DA:2,0
DA:4,0
DA:5,0
DA:15,0
DA:27,0
DA:35,0
DA:60,0
DA:76,0
DA:92,0
DA:107,0
DA:110,0
DA:111,0
DA:112,0
DA:113,0
DA:114,0
DA:115,0
DA:116,0
LF:18
LH:0
BRDA:45,0,0,0
BRDA:49,1,0,0
BRDA:49,1,1,0
BRDA:52,2,0,0
BRDA:52,2,1,0
BRF:5
BRH:0
end_of_record
TN:
SF:app/components/ui/popover.tsx
FNF:0
FNH:0
DA:3,0
DA:4,0
DA:6,0
DA:8,0
DA:10,0
DA:29,0
DA:31,0
LF:7
LH:0
BRDA:15,0,0,0
BRDA:15,1,0,0
BRF:2
BRH:0
end_of_record
TN:
SF:app/components/ui/progress.tsx
FNF:0
FNH:0
DA:3,0
DA:4,0
DA:6,0
DA:26,0
DA:28,0
LF:5
LH:0
BRDA:22,0,0,0
BRDA:22,0,1,0
BRF:2
BRH:0
end_of_record
TN:
SF:app/components/ui/radio-group.tsx
FN:12,(anonymous_6)
FN:26,(anonymous_7)
FNF:2
FNH:0
FNDA:0,(anonymous_6)
FNDA:0,(anonymous_7)
DA:3,0
DA:4,0
DA:5,0
DA:7,0
DA:9,0
DA:21,0
DA:23,0
DA:42,0
DA:44,0
LF:9
LH:0
BRF:0
BRH:0
end_of_record
TN:
SF:app/components/ui/resizable.tsx
FNF:0
FNH:0
DA:3,0
DA:4,0
DA:6,0
DA:21,0
DA:45,0
LF:5
LH:0
BRDA:37,0,0,0
BRF:1
BRH:0
end_of_record
TN:
SF:app/components/ui/scroll-area.tsx
FNF:0
FNH:0
DA:3,0
DA:4,0
DA:6,0
DA:24,0
DA:46,0
DA:48,0
LF:6
LH:0
BRDA:29,0,0,0
BRDA:35,1,0,0
BRDA:35,1,1,0
BRDA:37,2,0,0
BRDA:37,2,1,0
BRF:5
BRH:0
end_of_record
TN:
SF:app/components/ui/select.tsx
FNF:0
FNH:0
DA:4,0
DA:5,0
DA:6,0
DA:8,0
DA:10,0
DA:12,0
DA:14,0
DA:34,0
DA:51,0
DA:68,0
DA:107,0
DA:119,0
DA:142,0
DA:154,0
DA:157,0
DA:158,0
DA:159,0
DA:160,0
DA:161,0
DA:162,0
DA:163,0
DA:164,0
DA:165,0
DA:166,0
LF:24
LH:0
BRDA:74,0,0,0
BRDA:80,1,0,0
BRDA:80,1,1,0
BRDA:92,2,0,0
BRDA:92,2,1,0
BRDA:96,3,0,0
BRDA:96,3,1,0
BRF:7
BRH:0
end_of_record
TN:
SF:app/components/ui/separator.tsx
FNF:0
FNH:0
DA:3,0
DA:4,0
DA:6,0
DA:29,0
DA:31,0
LF:5
LH:0
BRDA:13,0,0,0
BRDA:13,1,0,0
BRDA:22,2,0,0
BRDA:22,2,1,0
BRF:4
BRH:0
end_of_record
TN:
SF:app/components/ui/sheet.tsx
FNF:0
FNH:0
DA:4,0
DA:5,0
DA:6,0
DA:7,0
DA:9,0
DA:11,0
DA:13,0
DA:15,0
DA:17,0
DA:32,0
DA:34,0
DA:76,0
DA:90,0
DA:104,0
DA:116,0
DA:128,0
DA:131,0
DA:132,0
DA:133,0
DA:134,0
DA:135,0
DA:136,0
DA:137,0
DA:138,0
DA:139,0
DA:140,0
LF:26
LH:0
BRDA:60,0,0,0
BRF:1
BRH:0
end_of_record
TN:
SF:app/components/ui/skeleton.tsx
FN:3,Skeleton
FNF:1
FNH:0
FNDA:0,Skeleton
DA:1,0
DA:15,0
LF:2
LH:0
BRF:0
BRH:0
end_of_record
TN:
SF:app/components/ui/slider.tsx
FNF:0
FNH:0
DA:3,0
DA:4,0
DA:6,0
DA:26,0
DA:28,0
LF:5
LH:0
BRF:0
BRH:0
end_of_record
TN:
SF:app/components/ui/sonner.tsx
FN:9,(anonymous_1)
FNF:1
FNH:0
FNDA:0,(anonymous_1)
DA:4,0
DA:5,0
DA:9,0
DA:10,0
DA:32,0
LF:5
LH:0
BRDA:10,0,0,0
BRF:1
BRH:0
end_of_record
TN:
SF:app/components/ui/switch.tsx
FNF:0
FNH:0
DA:3,0
DA:4,0
DA:6,0
DA:27,0
DA:29,0
LF:5
LH:0
BRF:0
BRH:0
end_of_record
TN:
SF:app/components/ui/table.tsx
FNF:0
FNH:0
DA:1,0
DA:3,0
DA:17,0
DA:25,0
DA:37,0
DA:52,0
DA:67,0
DA:82,0
DA:94,0
DA:106,0
DA:109,0
DA:110,0
DA:111,0
DA:112,0
DA:113,0
DA:114,0
DA:115,0
DA:116,0
LF:18
LH:0
BRF:0
BRH:0
end_of_record
TN:
SF:app/components/ui/tabs.tsx
FNF:0
FNH:0
DA:3,0
DA:4,0
DA:6,0
DA:8,0
DA:23,0
DA:38,0
DA:53,0
DA:55,0
LF:8
LH:0
BRF:0
BRH:0
end_of_record
TN:
SF:app/components/ui/task-card.tsx
FN:21,TaskCard
FN:43,(anonymous_2)
FN:50,(anonymous_3)
FN:53,(anonymous_4)
FNF:4
FNH:0
FNDA:0,TaskCard
FNDA:0,(anonymous_2)
FNDA:0,(anonymous_3)
FNDA:0,(anonymous_4)
DA:3,0
DA:4,0
DA:5,0
DA:6,0
DA:7,0
DA:8,0
DA:21,0
DA:43,0
DA:50,0
DA:53,0
LF:10
LH:0
BRDA:38,0,0,0
BRDA:38,0,1,0
BRDA:45,1,0,0
BRDA:45,1,1,0
BRDA:59,2,0,0
BRF:5
BRH:0
end_of_record
TN:
SF:app/components/ui/textarea.tsx
FN:10,(anonymous_4)
FNF:1
FNH:0
FNDA:0,(anonymous_4)
DA:2,0
DA:4,0
DA:9,0
DA:23,0
DA:25,0
LF:5
LH:0
BRF:0
BRH:0
end_of_record
TN:
SF:app/components/ui/toast.tsx
FN:47,(anonymous_12)
FNF:1
FNH:0
FNDA:0,(anonymous_12)
DA:3,0
DA:4,0
DA:5,0
DA:6,0
DA:8,0
DA:10,0
DA:25,0
DA:27,0
DA:43,0
DA:56,0
DA:71,0
DA:89,0
DA:101,0
DA:113,0
DA:122,0
DA:123,0
DA:124,0
DA:125,0
DA:126,0
DA:127,0
DA:128,0
LF:21
LH:0
BRF:0
BRH:0
end_of_record
TN:
SF:app/components/ui/toaster.tsx
FN:13,Toaster
FN:18,(anonymous_2)
FNF:2
FNH:0
FNDA:0,Toaster
FNDA:0,(anonymous_2)
DA:3,0
DA:11,0
DA:13,0
DA:14,0
DA:19,0
LF:5
LH:0
BRDA:22,0,0,0
BRDA:23,1,0,0
BRF:2
BRH:0
end_of_record
TN:
SF:app/components/ui/toggle-group.tsx
FN:39,(anonymous_7)
FNF:1
FNH:0
FNDA:0,(anonymous_7)
DA:3,0
DA:4,0
DA:7,0
DA:8,0
DA:10,0
DA:33,0
DA:35,0
DA:40,0
DA:59,0
DA:61,0
LF:10
LH:0
BRDA:47,0,0,0
BRDA:47,0,1,0
BRDA:48,1,0,0
BRDA:48,1,1,0
BRF:4
BRH:0
end_of_record
TN:
SF:app/components/ui/toggle.tsx
FNF:0
FNH:0
DA:3,0
DA:4,0
DA:5,0
DA:7,0
DA:9,0
DA:43,0
DA:45,0
LF:7
LH:0
BRF:0
BRH:0
end_of_record
TN:
SF:app/components/ui/tooltip.tsx
FNF:0
FNH:0
DA:3,0
DA:4,0
DA:6,0
DA:8,0
DA:10,0
DA:12,0
DA:28,0
DA:30,0
LF:8
LH:0
BRDA:17,0,0,0
BRF:1
BRH:0
end_of_record
TN:
SF:app/components/ui/use-toast.ts
FN:27,genId
FN:58,(anonymous_8)
FN:63,(anonymous_9)
FN:74,(anonymous_10)
FN:85,(anonymous_11)
FN:98,(anonymous_12)
FN:105,(anonymous_13)
FN:124,(anonymous_14)
FN:133,dispatch
FN:135,(anonymous_16)
FN:142,toast
FN:145,(anonymous_18)
FN:150,(anonymous_19)
FN:158,(anonymous_20)
FN:171,useToast
FN:174,(anonymous_22)
FN:176,(anonymous_23)
FN:187,(anonymous_24)
FNF:18
FNH:0
FNDA:0,genId
FNDA:0,(anonymous_8)
FNDA:0,(anonymous_9)
FNDA:0,(anonymous_10)
FNDA:0,(anonymous_11)
FNDA:0,(anonymous_12)
FNDA:0,(anonymous_13)
FNDA:0,(anonymous_14)
FNDA:0,dispatch
FNDA:0,(anonymous_16)
FNDA:0,toast
FNDA:0,(anonymous_18)
FNDA:0,(anonymous_19)
FNDA:0,(anonymous_20)
FNDA:0,useToast
FNDA:0,(anonymous_22)
FNDA:0,(anonymous_23)
FNDA:0,(anonymous_24)
DA:4,0
DA:8,0
DA:9,0
DA:18,0
DA:25,0
DA:28,0
DA:29,0
DA:56,0
DA:58,0
DA:59,0
DA:60,0
DA:63,0
DA:64,0
DA:65,0
DA:71,0
DA:74,0
DA:75,0
DA:77,0
DA:83,0
DA:86,0
DA:91,0
DA:95,0
DA:96,0
DA:98,0
DA:99,0
DA:103,0
DA:106,0
DA:116,0
DA:117,0
DA:122,0
DA:124,0
DA:129,0
DA:131,0
DA:134,0
DA:135,0
DA:136,0
DA:143,0
DA:145,0
DA:146,0
DA:150,0
DA:152,0
DA:159,0
DA:164,0
DA:172,0
DA:174,0
DA:175,0
DA:176,0
DA:177,0
DA:178,0
DA:179,0
DA:184,0
DA:187,0
DA:191,0
LF:53
LH:0
BRDA:59,0,0,0
BRDA:59,0,1,0
BRDA:75,1,0,0
BRDA:75,1,1,0
BRDA:75,1,2,0
BRDA:75,1,3,0
BRDA:86,2,0,0
BRDA:86,2,1,0
BRDA:95,3,0,0
BRDA:95,3,1,0
BRDA:106,4,0,0
BRDA:106,4,1,0
BRDA:106,5,0,0
BRDA:106,5,1,0
BRDA:116,6,0,0
BRDA:116,6,1,0
BRDA:159,7,0,0
BRDA:159,7,1,0
BRDA:178,8,0,0
BRDA:178,8,1,0
BRF:20
BRH:0
end_of_record
TN:
SF:app/contact/page.tsx
FN:8,ContactPage
FN:49,(anonymous_5)
FN:62,(anonymous_6)
FNF:3
FNH:0
FNDA:0,ContactPage
FNDA:0,(anonymous_5)
FNDA:0,(anonymous_6)
DA:3,0
DA:4,0
DA:5,0
DA:6,0
DA:8,0
DA:10,0
DA:12,0
DA:50,0
DA:63,0
LF:9
LH:0
BRF:0
BRH:0
end_of_record
TN:
SF:app/contact/_components/contact-client.tsx
FN:15,ContactClient
FN:31,(anonymous_5)
FN:33,(anonymous_6)
FN:36,(anonymous_7)
FN:42,(anonymous_8)
FNF:5
FNH:0
FNDA:0,ContactClient
FNDA:0,(anonymous_5)
FNDA:0,(anonymous_6)
FNDA:0,(anonymous_7)
FNDA:0,(anonymous_8)
DA:4,0
DA:5,0
DA:6,0
DA:7,0
DA:8,0
DA:9,0
DA:10,0
DA:11,0
DA:12,0
DA:13,0
DA:15,0
DA:16,0
DA:21,0
DA:29,0
DA:31,0
DA:32,0
DA:33,0
DA:36,0
DA:37,0
DA:38,0
DA:40,0
DA:42,0
DA:45,0
DA:47,0
DA:50,0
DA:58,0
DA:60,0
LF:27
LH:0
BRDA:68,0,0,0
BRDA:68,0,1,0
BRDA:151,1,0,0
BRF:3
BRH:0
end_of_record
TN:
SF:app/discovery-platform/page.tsx
FN:109,DiscoveryPlatformPage
FN:135,(anonymous_6)
FN:164,(anonymous_7)
FN:191,(anonymous_8)
FN:221,(anonymous_9)
FNF:5
FNH:0
FNDA:0,DiscoveryPlatformPage
FNDA:0,(anonymous_6)
FNDA:0,(anonymous_7)
FNDA:0,(anonymous_8)
FNDA:0,(anonymous_9)
DA:1,0
DA:2,0
DA:3,0
DA:4,0
DA:5,0
DA:6,0
DA:8,0
DA:41,0
DA:64,0
DA:91,0
DA:109,0
DA:136,0
DA:165,0
DA:192,0
DA:222,0
LF:15
LH:0
BRF:0
BRH:0
end_of_record
TN:
SF:app/hooks/use-toast.ts
FN:27,genId
FN:58,(anonymous_8)
FN:63,(anonymous_9)
FN:74,(anonymous_10)
FN:85,(anonymous_11)
FN:98,(anonymous_12)
FN:105,(anonymous_13)
FN:124,(anonymous_14)
FN:133,dispatch
FN:135,(anonymous_16)
FN:142,toast
FN:145,(anonymous_18)
FN:150,(anonymous_19)
FN:158,(anonymous_20)
FN:171,useToast
FN:174,(anonymous_22)
FN:176,(anonymous_23)
FN:187,(anonymous_24)
FNF:18
FNH:0
FNDA:0,genId
FNDA:0,(anonymous_8)
FNDA:0,(anonymous_9)
FNDA:0,(anonymous_10)
FNDA:0,(anonymous_11)
FNDA:0,(anonymous_12)
FNDA:0,(anonymous_13)
FNDA:0,(anonymous_14)
FNDA:0,dispatch
FNDA:0,(anonymous_16)
FNDA:0,toast
FNDA:0,(anonymous_18)
FNDA:0,(anonymous_19)
FNDA:0,(anonymous_20)
FNDA:0,useToast
FNDA:0,(anonymous_22)
FNDA:0,(anonymous_23)
FNDA:0,(anonymous_24)
DA:4,0
DA:8,0
DA:9,0
DA:18,0
DA:25,0
DA:28,0
DA:29,0
DA:56,0
DA:58,0
DA:59,0
DA:60,0
DA:63,0
DA:64,0
DA:65,0
DA:71,0
DA:74,0
DA:75,0
DA:77,0
DA:83,0
DA:86,0
DA:91,0
DA:95,0
DA:96,0
DA:98,0
DA:99,0
DA:103,0
DA:106,0
DA:116,0
DA:117,0
DA:122,0
DA:124,0
DA:129,0
DA:131,0
DA:134,0
DA:135,0
DA:136,0
DA:143,0
DA:145,0
DA:146,0
DA:150,0
DA:152,0
DA:159,0
DA:164,0
DA:172,0
DA:174,0
DA:175,0
DA:176,0
DA:177,0
DA:178,0
DA:179,0
DA:184,0
DA:187,0
DA:191,0
LF:53
LH:0
BRDA:59,0,0,0
BRDA:59,0,1,0
BRDA:75,1,0,0
BRDA:75,1,1,0
BRDA:75,1,2,0
BRDA:75,1,3,0
BRDA:86,2,0,0
BRDA:86,2,1,0
BRDA:95,3,0,0
BRDA:95,3,1,0
BRDA:106,4,0,0
BRDA:106,4,1,0
BRDA:106,5,0,0
BRDA:106,5,1,0
BRDA:116,6,0,0
BRDA:116,6,1,0
BRDA:159,7,0,0
BRDA:159,7,1,0
BRDA:178,8,0,0
BRDA:178,8,1,0
BRF:20
BRH:0
end_of_record
TN:
SF:app/info-for-vendors/page.tsx
FN:76,InfoForVendorsPage
FN:103,(anonymous_6)
FN:136,(anonymous_7)
FN:167,(anonymous_8)
FNF:4
FNH:0
FNDA:0,InfoForVendorsPage
FNDA:0,(anonymous_6)
FNDA:0,(anonymous_7)
FNDA:0,(anonymous_8)
DA:1,0
DA:2,0
DA:3,0
DA:4,0
DA:5,0
DA:7,0
DA:35,0
DA:58,0
DA:76,0
DA:104,0
DA:137,0
DA:168,0
LF:12
LH:0
BRF:0
BRH:0
end_of_record
TN:
SF:app/lib/blog-content.ts
FNF:0
FNH:0
DA:2,0
LF:1
LH:0
BRF:0
BRH:0
end_of_record
TN:
SF:app/lib/types.ts
FNF:0
FNH:0
DA:66,0
LF:1
LH:0
BRF:0
BRH:0
end_of_record
TN:
SF:app/lib/utils.ts
FN:4,cn
FN:8,formatDuration
FN:16,formatDate
FNF:3
FNH:0
FNDA:0,cn
FNDA:0,formatDuration
FNDA:0,formatDate
DA:1,0
DA:2,0
DA:4,0
DA:5,0
DA:8,0
DA:9,0
DA:10,0
DA:11,0
DA:13,0
DA:16,0
DA:17,0
DA:18,0
DA:19,0
DA:25,0
LF:14
LH:0
BRF:0
BRH:0
end_of_record
TN:
SF:app/partners/page.tsx
FN:20,PartnersPage
FN:30,(anonymous_8)
FN:51,(anonymous_9)
FNF:3
FNH:0
FNDA:0,PartnersPage
FNDA:0,(anonymous_8)
FNDA:0,(anonymous_9)
DA:3,0
DA:5,0
DA:6,0
DA:9,0
DA:10,0
DA:20,0
DA:21,0
DA:24,0
DA:30,0
DA:32,0
DA:52,0
LF:11
LH:0
BRF:0
BRH:0
end_of_record
TN:
SF:app/partners/partners-server.tsx
FN:17,PartnersServer
FN:33,(anonymous_3)
FN:40,(anonymous_4)
FN:43,(anonymous_5)
FN:49,(anonymous_6)
FN:51,(anonymous_7)
FN:57,(anonymous_8)
FN:77,(anonymous_9)
FN:115,(anonymous_10)
FNF:9
FNH:0
FNDA:0,PartnersServer
FNDA:0,(anonymous_3)
FNDA:0,(anonymous_4)
FNDA:0,(anonymous_5)
FNDA:0,(anonymous_6)
FNDA:0,(anonymous_7)
FNDA:0,(anonymous_8)
FNDA:0,(anonymous_9)
FNDA:0,(anonymous_10)
DA:1,0
DA:2,0
DA:3,0
DA:4,0
DA:5,0
DA:6,0
DA:17,0
DA:18,0
DA:21,0
DA:27,0
DA:30,0
DA:32,0
DA:33,0
DA:34,0
DA:38,0
DA:39,0
DA:40,0
DA:41,0
DA:43,0
DA:48,0
DA:49,0
DA:50,0
DA:51,0
DA:56,0
DA:57,0
DA:58,0
DA:59,0
DA:61,0
DA:62,0
DA:78,0
DA:79,0
DA:81,0
DA:116,0
LF:33
LH:0
BRDA:32,0,0,0
BRDA:32,0,1,0
BRDA:32,1,0,0
BRDA:32,1,1,0
BRDA:38,2,0,0
BRDA:38,2,1,0
BRDA:41,3,0,0
BRDA:41,3,1,0
BRDA:41,3,2,0
BRDA:41,3,3,0
BRDA:48,4,0,0
BRDA:48,4,1,0
BRDA:50,5,0,0
BRDA:50,5,1,0
BRDA:58,6,0,0
BRDA:58,6,1,0
BRDA:58,7,0,0
BRDA:58,7,1,0
BRDA:61,8,0,0
BRDA:61,8,1,0
BRDA:71,9,0,0
BRDA:71,9,1,0
BRDA:71,9,2,0
BRDA:72,10,0,0
BRDA:72,10,1,0
BRDA:78,11,0,0
BRDA:78,11,1,0
BRDA:84,12,0,0
BRDA:84,12,1,0
BRDA:92,13,0,0
BRDA:95,14,0,0
BRDA:134,15,0,0
BRDA:137,16,0,0
BRDA:137,16,1,0
BRDA:143,17,0,0
BRDA:169,18,0,0
BRDA:191,19,0,0
BRF:37
BRH:0
end_of_record
TN:
SF:app/partners/[slug]/page.tsx
FN:31,generateStaticParams
FN:38,(anonymous_8)
FN:39,(anonymous_9)
FN:44,(anonymous_10)
FN:61,PartnerDetailPage
FN:103,(anonymous_12)
FN:106,(anonymous_13)
FN:110,(anonymous_14)
FN:115,(anonymous_15)
FN:184,(anonymous_16)
FN:201,(anonymous_17)
FN:222,(anonymous_18)
FN:245,(anonymous_19)
FN:356,(anonymous_20)
FNF:14
FNH:0
FNDA:0,generateStaticParams
FNDA:0,(anonymous_8)
FNDA:0,(anonymous_9)
FNDA:0,(anonymous_10)
FNDA:0,PartnerDetailPage
FNDA:0,(anonymous_12)
FNDA:0,(anonymous_13)
FNDA:0,(anonymous_14)
FNDA:0,(anonymous_15)
FNDA:0,(anonymous_16)
FNDA:0,(anonymous_17)
FNDA:0,(anonymous_18)
FNDA:0,(anonymous_19)
FNDA:0,(anonymous_20)
DA:1,0
DA:2,0
DA:3,0
DA:4,0
DA:17,0
DA:18,0
DA:19,0
DA:20,0
DA:21,0
DA:22,0
DA:26,0
DA:27,0
DA:28,0
DA:31,0
DA:32,0
DA:33,0
DA:34,0
DA:35,0
DA:37,0
DA:38,0
DA:39,0
DA:43,0
DA:44,0
DA:47,0
DA:48,0
DA:50,0
DA:51,0
DA:61,0
DA:63,0
DA:66,0
DA:67,0
DA:71,0
DA:73,0
DA:74,0
DA:75,0
DA:78,0
DA:81,0
DA:85,0
DA:88,0
DA:102,0
DA:103,0
DA:106,0
DA:109,0
DA:110,0
DA:114,0
DA:115,0
DA:185,0
DA:202,0
DA:203,0
DA:223,0
DA:246,0
DA:357,0
LF:52
LH:0
BRDA:43,0,0,0
BRDA:43,0,1,0
BRDA:66,1,0,0
BRDA:66,1,1,0
BRDA:66,2,0,0
BRDA:66,2,1,0
BRDA:66,2,2,0
BRDA:66,2,3,0
BRDA:73,3,0,0
BRDA:73,3,1,0
BRDA:102,4,0,0
BRDA:102,4,1,0
BRDA:102,5,0,0
BRDA:102,5,1,0
BRDA:103,6,0,0
BRDA:103,6,1,0
BRDA:103,7,0,0
BRDA:103,7,1,0
BRDA:109,8,0,0
BRDA:109,8,1,0
BRDA:109,9,0,0
BRDA:109,9,1,0
BRDA:110,10,0,0
BRDA:110,10,1,0
BRDA:110,11,0,0
BRDA:110,11,1,0
BRDA:114,12,0,0
BRDA:114,12,1,0
BRDA:114,13,0,0
BRDA:114,13,1,0
BRDA:115,14,0,0
BRDA:115,14,1,0
BRDA:138,15,0,0
BRDA:181,16,0,0
BRDA:197,17,0,0
BRDA:202,18,0,0
BRDA:202,18,1,0
BRDA:202,19,0,0
BRDA:202,19,1,0
BRDA:218,20,0,0
BRDA:233,21,0,0
BRDA:247,22,0,0
BRDA:247,22,1,0
BRDA:251,23,0,0
BRDA:251,23,1,0
BRDA:252,24,0,0
BRDA:252,24,1,0
BRDA:272,25,0,0
BRDA:272,25,1,0
BRDA:289,26,0,0
BRDA:289,26,1,0
BRDA:295,27,0,0
BRDA:295,27,1,0
BRDA:301,28,0,0
BRDA:301,28,1,0
BRDA:301,28,2,0
BRDA:352,29,0,0
BRDA:352,29,1,0
BRF:58
BRH:0
end_of_record
TN:
SF:app/partners/[slug]/_components/partner-detail-client.tsx
FN:20,PartnerDetailClient
FN:27,(anonymous_5)
FN:31,(anonymous_6)
FN:35,(anonymous_7)
FNF:4
FNH:0
FNDA:0,PartnerDetailClient
FNDA:0,(anonymous_5)
FNDA:0,(anonymous_6)
FNDA:0,(anonymous_7)
DA:4,0
DA:5,0
DA:6,0
DA:7,0
DA:13,0
DA:20,0
DA:21,0
DA:27,0
DA:28,0
DA:31,0
DA:32,0
DA:35,0
DA:36,0
LF:13
LH:0
BRDA:43,0,0,0
BRDA:43,0,1,0
BRDA:57,1,0,0
BRF:3
BRH:0
end_of_record
TN:
SF:app/products/page.tsx
FN:22,ProductsPage
FN:32,(anonymous_8)
FN:54,(anonymous_9)
FNF:3
FNH:0
FNDA:0,ProductsPage
FNDA:0,(anonymous_8)
FNDA:0,(anonymous_9)
DA:3,0
DA:5,0
DA:6,0
DA:7,0
DA:10,0
DA:11,0
DA:22,0
DA:23,0
DA:26,0
DA:32,0
DA:34,0
DA:55,0
LF:12
LH:0
BRF:0
BRH:0
end_of_record
TN:
SF:app/products/products-server.tsx
FN:18,ProductsServer
FN:34,(anonymous_3)
FN:40,(anonymous_4)
FN:47,(anonymous_5)
FN:50,(anonymous_6)
FN:51,(anonymous_7)
FN:57,(anonymous_8)
FN:73,(anonymous_9)
FN:124,(anonymous_10)
FN:136,(anonymous_11)
FNF:10
FNH:0
FNDA:0,ProductsServer
FNDA:0,(anonymous_3)
FNDA:0,(anonymous_4)
FNDA:0,(anonymous_5)
FNDA:0,(anonymous_6)
FNDA:0,(anonymous_7)
FNDA:0,(anonymous_8)
FNDA:0,(anonymous_9)
FNDA:0,(anonymous_10)
FNDA:0,(anonymous_11)
DA:1,0
DA:2,0
DA:3,0
DA:4,0
DA:5,0
DA:6,0
DA:7,0
DA:18,0
DA:19,0
DA:22,0
DA:28,0
DA:31,0
DA:33,0
DA:34,0
DA:35,0
DA:39,0
DA:40,0
DA:41,0
DA:45,0
DA:46,0
DA:47,0
DA:48,0
DA:50,0
DA:51,0
DA:56,0
DA:57,0
DA:58,0
DA:74,0
DA:76,0
DA:125,0
DA:137,0
LF:31
LH:0
BRDA:33,0,0,0
BRDA:33,0,1,0
BRDA:33,1,0,0
BRDA:33,1,1,0
BRDA:39,2,0,0
BRDA:39,2,1,0
BRDA:45,3,0,0
BRDA:45,3,1,0
BRDA:48,4,0,0
BRDA:48,4,1,0
BRDA:48,4,2,0
BRDA:48,4,3,0
BRDA:48,4,4,0
BRDA:48,4,5,0
BRDA:66,5,0,0
BRDA:66,5,1,0
BRDA:66,5,2,0
BRDA:67,6,0,0
BRDA:67,6,1,0
BRDA:68,7,0,0
BRDA:68,7,1,0
BRDA:74,8,0,0
BRDA:74,8,1,0
BRDA:82,9,0,0
BRDA:82,9,1,0
BRDA:85,10,0,0
BRDA:84,11,0,0
BRDA:84,11,1,0
BRDA:86,12,0,0
BRDA:86,12,1,0
BRDA:86,12,2,0
BRDA:87,13,0,0
BRDA:87,13,1,0
BRDA:108,14,0,0
BRDA:108,14,1,0
BRDA:120,15,0,0
BRDA:120,15,1,0
BRDA:153,16,0,0
BRDA:173,17,0,0
BRDA:173,17,1,0
BRDA:187,18,0,0
BRF:41
BRH:0
end_of_record
TN:
SF:app/products/[id]/page.tsx
FN:40,generateStaticParams
FN:47,(anonymous_8)
FN:57,(anonymous_9)
FN:73,ProductDetailPage
FN:110,(anonymous_11)
FN:122,(anonymous_12)
FN:135,(anonymous_13)
FN:159,(anonymous_14)
FN:160,(anonymous_15)
FN:227,(anonymous_16)
FN:250,(anonymous_17)
FN:267,(anonymous_18)
FN:286,(anonymous_19)
FN:304,(anonymous_20)
FN:305,(anonymous_21)
FN:539,(anonymous_22)
FNF:16
FNH:0
FNDA:0,generateStaticParams
FNDA:0,(anonymous_8)
FNDA:0,(anonymous_9)
FNDA:0,ProductDetailPage
FNDA:0,(anonymous_11)
FNDA:0,(anonymous_12)
FNDA:0,(anonymous_13)
FNDA:0,(anonymous_14)
FNDA:0,(anonymous_15)
FNDA:0,(anonymous_16)
FNDA:0,(anonymous_17)
FNDA:0,(anonymous_18)
FNDA:0,(anonymous_19)
FNDA:0,(anonymous_20)
FNDA:0,(anonymous_21)
FNDA:0,(anonymous_22)
DA:2,0
DA:3,0
DA:4,0
DA:5,0
DA:6,0
DA:21,0
DA:22,0
DA:23,0
DA:24,0
DA:25,0
DA:26,0
DA:32,0
DA:35,0
DA:36,0
DA:37,0
DA:40,0
DA:41,0
DA:42,0
DA:43,0
DA:44,0
DA:47,0
DA:48,0
DA:49,0
DA:50,0
DA:52,0
DA:55,0
DA:56,0
DA:57,0
DA:60,0
DA:62,0
DA:63,0
DA:73,0
DA:75,0
DA:78,0
DA:79,0
DA:83,0
DA:85,0
DA:87,0
DA:90,0
DA:91,0
DA:95,0
DA:96,0
DA:97,0
DA:100,0
DA:103,0
DA:104,0
DA:105,0
DA:109,0
DA:110,0
DA:121,0
DA:122,0
DA:133,0
DA:134,0
DA:135,0
DA:159,0
DA:161,0
DA:228,0
DA:251,0
DA:268,0
DA:287,0
DA:304,0
DA:306,0
DA:540,0
LF:63
LH:0
BRDA:49,0,0,0
BRDA:49,0,1,0
BRDA:49,1,0,0
BRDA:49,1,1,0
BRDA:56,2,0,0
BRDA:56,2,1,0
BRDA:78,3,0,0
BRDA:78,3,1,0
BRDA:78,4,0,0
BRDA:78,4,1,0
BRDA:78,4,2,0
BRDA:85,5,0,0
BRDA:85,5,1,0
BRDA:90,6,0,0
BRDA:90,6,1,0
BRDA:90,7,0,0
BRDA:90,7,1,0
BRDA:90,7,2,0
BRDA:95,8,0,0
BRDA:95,8,1,0
BRDA:103,9,0,0
BRDA:103,9,1,0
BRDA:104,10,0,0
BRDA:104,10,1,0
BRDA:109,11,0,0
BRDA:109,11,1,0
BRDA:109,12,0,0
BRDA:109,12,1,0
BRDA:110,13,0,0
BRDA:110,13,1,0
BRDA:110,14,0,0
BRDA:110,14,1,0
BRDA:121,15,0,0
BRDA:121,15,1,0
BRDA:121,16,0,0
BRDA:121,16,1,0
BRDA:122,17,0,0
BRDA:122,17,1,0
BRDA:122,18,0,0
BRDA:122,18,1,0
BRDA:133,19,0,0
BRDA:133,19,1,0
BRDA:133,20,0,0
BRDA:133,20,1,0
BRDA:134,21,0,0
BRDA:134,21,1,0
BRDA:135,22,0,0
BRDA:135,22,1,0
BRDA:135,23,0,0
BRDA:135,23,1,0
BRDA:158,24,0,0
BRDA:157,25,0,0
BRDA:157,25,1,0
BRDA:159,26,0,0
BRDA:159,26,1,0
BRDA:159,27,0,0
BRDA:159,27,1,0
BRDA:162,28,0,0
BRDA:184,29,0,0
BRDA:214,30,0,0
BRDA:214,30,1,0
BRDA:225,31,0,0
BRDA:225,31,1,0
BRDA:231,32,0,0
BRDA:231,32,1,0
BRDA:231,32,2,0
BRDA:246,33,0,0
BRDA:246,33,1,0
BRDA:254,34,0,0
BRDA:254,34,1,0
BRDA:254,35,0,0
BRDA:254,35,1,0
BRDA:251,36,0,0
BRDA:251,36,1,0
BRDA:263,37,0,0
BRDA:271,38,0,0
BRDA:271,38,1,0
BRDA:280,39,0,0
BRDA:299,40,0,0
BRDA:299,40,1,0
BRDA:304,41,0,0
BRDA:304,41,1,0
BRDA:304,42,0,0
BRDA:304,42,1,0
BRDA:308,43,0,0
BRDA:311,44,0,0
BRDA:312,45,0,0
BRDA:313,46,0,0
BRDA:373,47,0,0
BRDA:372,48,0,0
BRDA:372,48,1,0
BRDA:414,49,0,0
BRDA:413,50,0,0
BRDA:413,50,1,0
BRDA:443,51,0,0
BRDA:486,52,0,0
BRDA:488,53,0,0
BRDA:488,53,1,0
BRDA:491,54,0,0
BRDA:491,54,1,0
BRDA:501,55,0,0
BRDA:501,55,1,0
BRDA:506,56,0,0
BRDA:517,57,0,0
BRDA:517,57,1,0
BRDA:517,58,0,0
BRDA:517,58,1,0
BRDA:519,59,0,0
BRDA:519,59,1,0
BRDA:535,60,0,0
BRDA:535,60,1,0
BRF:111
BRH:0
end_of_record
TN:
SF:app/products/[id]/_components/product-detail-client.tsx
FN:20,ProductDetailClient
FN:23,(anonymous_5)
FN:72,(anonymous_6)
FN:91,(anonymous_7)
FN:101,(anonymous_8)
FN:106,(anonymous_9)
FNF:6
FNH:0
FNDA:0,ProductDetailClient
FNDA:0,(anonymous_5)
FNDA:0,(anonymous_6)
FNDA:0,(anonymous_7)
FNDA:0,(anonymous_8)
FNDA:0,(anonymous_9)
DA:4,0
DA:5,0
DA:12,0
DA:20,0
DA:23,0
DA:24,0
DA:27,0
DA:28,0
DA:29,0
DA:33,0
DA:34,0
DA:35,0
DA:39,0
DA:41,0
DA:44,0
DA:46,0
DA:50,0
DA:51,0
DA:53,0
DA:57,0
DA:58,0
DA:61,0
DA:63,0
DA:66,0
DA:67,0
DA:72,0
DA:73,0
DA:85,0
DA:90,0
DA:91,0
DA:102,0
DA:106,0
LF:32
LH:0
BRDA:24,0,0,0
BRDA:24,0,1,0
BRDA:24,0,2,0
BRDA:24,0,3,0
BRDA:24,0,4,0
BRDA:24,0,5,0
BRDA:39,1,0,0
BRDA:39,1,1,0
BRDA:50,2,0,0
BRDA:50,2,1,0
BRDA:57,3,0,0
BRDA:57,3,1,0
BRDA:73,4,0,0
BRDA:90,5,0,0
BRDA:90,5,1,0
BRDA:90,6,0,0
BRDA:90,6,1,0
BRDA:91,7,0,0
BRDA:91,7,1,0
BRDA:91,8,0,0
BRDA:91,8,1,0
BRDA:104,9,0,0
BRDA:104,9,1,0
BRDA:105,10,0,0
BRDA:105,10,1,0
BRF:25
BRH:0
end_of_record
TN:
SF:app/vendor/dashboard/layout.tsx
FN:18,VendorDashboardLayout
FN:21,(anonymous_5)
FNF:2
FNH:0
FNDA:0,VendorDashboardLayout
FNDA:0,(anonymous_5)
DA:3,0
DA:4,0
DA:5,0
DA:6,0
DA:18,0
DA:19,0
DA:21,0
DA:22,0
LF:8
LH:0
BRDA:33,0,0,0
BRDA:33,0,1,0
BRDA:37,1,0,0
BRDA:49,2,0,0
BRDA:49,2,1,0
BRDA:56,3,0,0
BRF:6
BRH:0
end_of_record
TN:
SF:app/vendor/dashboard/page.tsx
FN:33,VendorDashboard
FN:40,(anonymous_5)
FN:211,(anonymous_6)
FN:221,(anonymous_7)
FN:231,(anonymous_8)
FNF:5
FNH:1
FNDA:31,VendorDashboard
FNDA:0,(anonymous_5)
FNDA:0,(anonymous_6)
FNDA:0,(anonymous_7)
FNDA:0,(anonymous_8)
DA:3,1
DA:4,1
DA:5,1
DA:6,1
DA:7,1
DA:8,1
DA:17,1
DA:33,15
DA:34,31
DA:35,31
DA:40,0
DA:41,0
DA:42,0
DA:49,0
DA:63,0
DA:64,0
DA:71,0
DA:76,0
DA:211,0
DA:221,0
DA:231,0
LF:21
LH:10
BRDA:41,0,0,0
BRDA:41,0,1,0
BRDA:41,1,0,0
BRDA:41,1,1,0
BRDA:49,2,0,0
BRDA:49,2,1,0
BRDA:63,3,0,0
BRDA:63,3,1,0
BRDA:63,4,0,0
BRDA:63,4,1,0
BRDA:71,5,0,0
BRDA:71,5,1,0
BRDA:91,6,0,0
BRDA:138,7,0,0
BRDA:143,8,0,0
BRDA:167,9,0,0
BRDA:169,10,0,0
BRDA:180,11,0,0
BRDA:191,12,0,0
BRDA:217,13,0,0
BRDA:258,14,0,0
BRF:21
BRH:0
end_of_record
TN:
SF:app/vendor/dashboard/profile/page.tsx
FN:18,VendorProfilePage
FN:25,(anonymous_5)
FNF:2
FNH:0
FNDA:0,VendorProfilePage
FNDA:0,(anonymous_5)
DA:3,0
DA:4,0
DA:5,0
DA:6,0
DA:18,0
DA:19,0
DA:20,0
DA:25,0
DA:26,0
DA:27,0
DA:31,0
DA:32,0
DA:39,0
DA:53,0
DA:54,0
LF:15
LH:0
BRDA:26,0,0,0
BRDA:26,0,1,0
BRDA:26,1,0,0
BRDA:26,1,1,0
BRDA:31,2,0,0
BRDA:31,2,1,0
BRDA:31,3,0,0
BRDA:31,3,1,0
BRDA:31,3,2,0
BRDA:39,4,0,0
BRDA:39,4,1,0
BRDA:53,5,0,0
BRDA:53,5,1,0
BRDA:53,6,0,0
BRDA:53,6,1,0
BRF:15
BRH:0
end_of_record
TN:
SF:app/vendor/login/page.tsx
FN:14,VendorLoginPage
FNF:1
FNH:0
FNDA:0,VendorLoginPage
DA:1,0
DA:4,0
DA:14,0
LF:3
LH:0
BRF:0
BRH:0
end_of_record
TN:
SF:app/vendor/register/page.tsx
FN:15,VendorRegisterPage
FNF:1
FNH:0
FNDA:0,VendorRegisterPage
DA:2,0
DA:4,0
DA:15,0
LF:3
LH:0
BRF:0
BRH:0
end_of_record
TN:
SF:app/vendor/registration-pending/page.tsx
FN:17,RegistrationPendingPage
FNF:1
FNH:0
FNDA:0,RegistrationPendingPage
DA:2,0
DA:3,0
DA:4,0
DA:6,0
DA:17,0
LF:5
LH:0
BRF:0
BRH:0
end_of_record
TN:
SF:app/vendors/page.tsx
FN:46,VendorsPage
FN:56,(anonymous_9)
FN:77,(anonymous_10)
FNF:3
FNH:0
FNDA:0,VendorsPage
FNDA:0,(anonymous_9)
FNDA:0,(anonymous_10)
DA:1,0
DA:3,0
DA:4,0
DA:8,0
DA:9,0
DA:11,0
DA:46,0
DA:47,0
DA:50,0
DA:56,0
DA:58,0
DA:78,0
LF:12
LH:0
BRF:0
BRH:0
end_of_record
TN:
SF:app/vendors/[slug]/page.tsx
FN:31,generateStaticParams
FN:38,(anonymous_9)
FN:39,(anonymous_10)
FN:44,(anonymous_11)
FN:56,generateMetadata
FN:102,VendorDetailPage
FN:144,(anonymous_14)
FN:147,(anonymous_15)
FN:151,(anonymous_16)
FN:156,(anonymous_17)
FN:285,(anonymous_18)
FN:302,(anonymous_19)
FN:333,(anonymous_20)
FN:358,(anonymous_21)
FN:379,(anonymous_22)
FN:410,(anonymous_23)
FN:433,(anonymous_24)
FN:550,(anonymous_25)
FNF:18
FNH:0
FNDA:0,generateStaticParams
FNDA:0,(anonymous_9)
FNDA:0,(anonymous_10)
FNDA:0,(anonymous_11)
FNDA:0,generateMetadata
FNDA:0,VendorDetailPage
FNDA:0,(anonymous_14)
FNDA:0,(anonymous_15)
FNDA:0,(anonymous_16)
FNDA:0,(anonymous_17)
FNDA:0,(anonymous_18)
FNDA:0,(anonymous_19)
FNDA:0,(anonymous_20)
FNDA:0,(anonymous_21)
FNDA:0,(anonymous_22)
FNDA:0,(anonymous_23)
FNDA:0,(anonymous_24)
FNDA:0,(anonymous_25)
DA:1,0
DA:2,0
DA:3,0
DA:4,0
DA:17,0
DA:18,0
DA:19,0
DA:20,0
DA:21,0
DA:22,0
DA:26,0
DA:27,0
DA:28,0
DA:31,0
DA:32,0
DA:33,0
DA:34,0
DA:35,0
DA:37,0
DA:38,0
DA:39,0
DA:43,0
DA:44,0
DA:47,0
DA:48,0
DA:50,0
DA:51,0
DA:56,0
DA:57,0
DA:58,0
DA:60,0
DA:61,0
DA:66,0
DA:102,0
DA:104,0
DA:107,0
DA:108,0
DA:112,0
DA:114,0
DA:115,0
DA:116,0
DA:119,0
DA:122,0
DA:126,0
DA:129,0
DA:143,0
DA:144,0
DA:147,0
DA:150,0
DA:151,0
DA:155,0
DA:156,0
DA:286,0
DA:303,0
DA:334,0
DA:359,0
DA:360,0
DA:380,0
DA:411,0
DA:434,0
DA:551,0
LF:61
LH:0
BRDA:43,0,0,0
BRDA:43,0,1,0
BRDA:60,1,0,0
BRDA:60,1,1,0
BRDA:74,2,0,0
BRDA:74,2,1,0
BRDA:75,3,0,0
BRDA:75,3,1,0
BRDA:82,4,0,0
BRDA:82,4,1,0
BRDA:88,5,0,0
BRDA:88,5,1,0
BRDA:107,6,0,0
BRDA:107,6,1,0
BRDA:107,7,0,0
BRDA:107,7,1,0
BRDA:107,7,2,0
BRDA:107,7,3,0
BRDA:114,8,0,0
BRDA:114,8,1,0
BRDA:143,9,0,0
BRDA:143,9,1,0
BRDA:143,10,0,0
BRDA:143,10,1,0
BRDA:144,11,0,0
BRDA:144,11,1,0
BRDA:144,12,0,0
BRDA:144,12,1,0
BRDA:150,13,0,0
BRDA:150,13,1,0
BRDA:150,14,0,0
BRDA:150,14,1,0
BRDA:151,15,0,0
BRDA:151,15,1,0
BRDA:151,16,0,0
BRDA:151,16,1,0
BRDA:155,17,0,0
BRDA:155,17,1,0
BRDA:155,18,0,0
BRDA:155,18,1,0
BRDA:156,19,0,0
BRDA:156,19,1,0
BRDA:179,20,0,0
BRDA:180,21,0,0
BRDA:185,22,0,0
BRDA:238,23,0,0
BRDA:255,24,0,0
BRDA:259,25,0,0
BRDA:265,26,0,0
BRDA:271,27,0,0
BRDA:282,28,0,0
BRDA:298,29,0,0
BRDA:298,29,1,0
BRDA:309,30,0,0
BRDA:312,31,0,0
BRDA:329,32,0,0
BRDA:329,32,1,0
BRDA:337,33,0,0
BRDA:342,34,0,0
BRDA:342,34,1,0
BRDA:344,35,0,0
BRDA:354,36,0,0
BRDA:359,37,0,0
BRDA:359,37,1,0
BRDA:359,38,0,0
BRDA:359,38,1,0
BRDA:375,39,0,0
BRDA:375,39,1,0
BRDA:382,40,0,0
BRDA:396,41,0,0
BRDA:406,42,0,0
BRDA:421,43,0,0
BRDA:435,44,0,0
BRDA:435,44,1,0
BRDA:439,45,0,0
BRDA:439,45,1,0
BRDA:440,46,0,0
BRDA:440,46,1,0
BRDA:460,47,0,0
BRDA:460,47,1,0
BRDA:477,48,0,0
BRDA:477,48,1,0
BRDA:483,49,0,0
BRDA:483,49,1,0
BRDA:489,50,0,0
BRDA:489,50,1,0
BRDA:534,51,0,0
BRDA:546,52,0,0
BRDA:546,52,1,0
BRF:89
BRH:0
end_of_record
TN:
SF:app/vendors/[slug]/_components/vendor-detail-client.tsx
FN:19,VendorDetailClient
FN:26,(anonymous_5)
FN:30,(anonymous_6)
FN:34,(anonymous_7)
FNF:4
FNH:0
FNDA:0,VendorDetailClient
FNDA:0,(anonymous_5)
FNDA:0,(anonymous_6)
FNDA:0,(anonymous_7)
DA:3,0
DA:4,0
DA:5,0
DA:6,0
DA:12,0
DA:19,0
DA:20,0
DA:26,0
DA:27,0
DA:30,0
DA:31,0
DA:34,0
DA:35,0
LF:13
LH:0
BRDA:42,0,0,0
BRDA:42,0,1,0
BRDA:56,1,0,0
BRF:3
BRH:0
end_of_record
TN:
SF:app/yachts/page.tsx
FN:10,YachtsPage
FN:27,(anonymous_5)
FNF:2
FNH:0
FNDA:0,YachtsPage
FNDA:0,(anonymous_5)
DA:2,0
DA:3,0
DA:5,0
DA:10,0
DA:11,0
DA:28,0
LF:6
LH:0
BRDA:26,0,0,0
BRF:1
BRH:0
end_of_record
TN:
SF:app/yachts/[slug]/page.tsx
FN:11,generateStaticParams
FN:14,(anonymous_5)
FN:23,YachtDetailPage
FN:165,(anonymous_7)
FN:189,(anonymous_8)
FN:215,(anonymous_9)
FN:217,(anonymous_10)
FN:218,(anonymous_11)
FN:250,(anonymous_12)
FN:274,(anonymous_13)
FN:292,(anonymous_14)
FN:294,(anonymous_15)
FN:352,(anonymous_16)
FN:354,(anonymous_17)
FN:368,(anonymous_18)
FN:452,(anonymous_19)
FN:470,(anonymous_20)
FNF:17
FNH:0
FNDA:0,generateStaticParams
FNDA:0,(anonymous_5)
FNDA:0,YachtDetailPage
FNDA:0,(anonymous_7)
FNDA:0,(anonymous_8)
FNDA:0,(anonymous_9)
FNDA:0,(anonymous_10)
FNDA:0,(anonymous_11)
FNDA:0,(anonymous_12)
FNDA:0,(anonymous_13)
FNDA:0,(anonymous_14)
FNDA:0,(anonymous_15)
FNDA:0,(anonymous_16)
FNDA:0,(anonymous_17)
FNDA:0,(anonymous_18)
FNDA:0,(anonymous_19)
FNDA:0,(anonymous_20)
DA:1,0
DA:2,0
DA:3,0
DA:4,0
DA:5,0
DA:6,0
DA:7,0
DA:11,0
DA:12,0
DA:13,0
DA:14,0
DA:18,0
DA:19,0
DA:23,0
DA:24,0
DA:25,0
DA:27,0
DA:28,0
DA:31,0
DA:32,0
DA:166,0
DA:190,0
DA:217,0
DA:218,0
DA:219,0
DA:224,0
DA:250,0
DA:251,0
DA:252,0
DA:253,0
DA:255,0
DA:256,0
DA:275,0
DA:294,0
DA:295,0
DA:299,0
DA:354,0
DA:355,0
DA:362,0
DA:363,0
DA:369,0
DA:384,0
DA:453,0
DA:471,0
DA:496,0
DA:497,0
LF:46
LH:0
BRDA:27,0,0,0
BRDA:27,0,1,0
BRDA:41,1,0,0
BRDA:41,1,1,0
BRDA:53,2,0,0
BRDA:59,3,0,0
BRDA:65,4,0,0
BRDA:71,5,0,0
BRDA:77,6,0,0
BRDA:83,7,0,0
BRDA:102,8,0,0
BRDA:108,9,0,0
BRDA:114,10,0,0
BRDA:120,11,0,0
BRDA:128,12,0,0
BRDA:134,13,0,0
BRDA:140,14,0,0
BRDA:146,15,0,0
BRDA:158,16,0,0
BRDA:158,16,1,0
BRDA:182,17,0,0
BRDA:182,17,1,0
BRDA:193,18,0,0
BRDA:197,19,0,0
BRDA:200,20,0,0
BRDA:215,21,0,0
BRDA:215,21,1,0
BRDA:215,21,2,0
BRDA:219,22,0,0
BRDA:219,22,1,0
BRDA:224,23,0,0
BRDA:224,23,1,0
BRDA:251,24,0,0
BRDA:251,24,1,0
BRDA:252,25,0,0
BRDA:252,25,1,0
BRDA:295,26,0,0
BRDA:295,26,1,0
BRDA:308,27,0,0
BRDA:319,28,0,0
BRDA:328,29,0,0
BRDA:331,30,0,0
BRDA:331,30,1,0
BRDA:332,31,0,0
BRDA:332,31,1,0
BRDA:336,32,0,0
BRDA:336,32,1,0
BRDA:337,33,0,0
BRDA:337,33,1,0
BRDA:347,34,0,0
BRDA:347,34,1,0
BRDA:355,35,0,0
BRDA:355,35,1,0
BRDA:355,35,2,0
BRDA:355,35,3,0
BRDA:355,35,4,0
BRDA:362,36,0,0
BRDA:362,36,1,0
BRDA:376,37,0,0
BRDA:396,38,0,0
BRDA:422,39,0,0
BRDA:431,40,0,0
BRDA:431,40,1,0
BRDA:437,41,0,0
BRDA:437,41,1,0
BRDA:443,42,0,0
BRDA:443,42,1,0
BRDA:448,43,0,0
BRDA:448,43,1,0
BRDA:463,44,0,0
BRDA:463,44,1,0
BRDA:473,45,0,0
BRDA:476,46,0,0
BRDA:481,47,0,0
BRF:74
BRH:0
end_of_record
TN:
SF:components/call-paul-section.tsx
FN:9,CallPaulSection
FNF:1
FNH:0
FNDA:0,CallPaulSection
DA:1,0
DA:2,0
DA:3,0
DA:9,0
LF:4
LH:0
BRF:0
BRH:0
end_of_record
TN:
SF:components/cta-section.tsx
FN:12,CTASection
FNF:1
FNH:0
FNDA:0,CTASection
DA:3,0
DA:4,0
DA:5,0
DA:6,0
DA:12,0
LF:5
LH:0
BRDA:41,0,0,0
BRDA:41,0,1,0
BRF:2
BRH:0
end_of_record
TN:
SF:components/featured-blog-section.tsx
FN:15,FeaturedBlogSection
FN:30,(anonymous_6)
FNF:2
FNH:0
FNDA:0,FeaturedBlogSection
FNDA:0,(anonymous_6)
DA:3,0
DA:4,0
DA:5,0
DA:6,0
DA:7,0
DA:8,0
DA:9,0
DA:15,0
DA:31,0
LF:9
LH:0
BRDA:57,0,0,0
BRDA:57,0,1,0
BRF:2
BRH:0
end_of_record
TN:
SF:components/featured-partners-section.tsx
FN:14,FeaturedPartnersSection
FN:29,(anonymous_6)
FN:48,(anonymous_7)
FNF:3
FNH:0
FNDA:0,FeaturedPartnersSection
FNDA:0,(anonymous_6)
FNDA:0,(anonymous_7)
DA:3,0
DA:4,0
DA:5,0
DA:6,0
DA:7,0
DA:8,0
DA:14,0
DA:30,0
DA:49,0
LF:9
LH:0
BRF:0
BRH:0
end_of_record
TN:
SF:components/footer.tsx
FN:9,Footer
FNF:1
FNH:0
FNDA:0,Footer
DA:2,0
DA:3,0
DA:9,0
LF:3
LH:0
BRDA:21,0,0,0
BRDA:21,0,1,0
BRDA:47,1,0,0
BRDA:47,1,1,0
BRDA:51,2,0,0
BRDA:51,2,1,0
BRF:6
BRH:0
end_of_record
TN:
SF:components/founder-card.tsx
FN:15,FounderCard
FN:25,(anonymous_5)
FN:72,(anonymous_6)
FNF:3
FNH:0
FNDA:0,FounderCard
FNDA:0,(anonymous_5)
FNDA:0,(anonymous_6)
DA:1,0
DA:2,0
DA:3,0
DA:4,0
DA:15,0
DA:23,0
DA:25,0
DA:73,0
LF:8
LH:0
BRDA:36,0,0,0
BRDA:36,0,1,0
BRDA:59,1,0,0
BRDA:66,2,0,0
BRDA:66,2,1,0
BRF:5
BRH:0
end_of_record
TN:
SF:components/hero-client.tsx
FN:8,HeroClient
FN:12,(anonymous_6)
FNF:2
FNH:0
FNDA:0,HeroClient
FNDA:0,(anonymous_6)
DA:4,0
DA:5,0
DA:6,0
DA:8,0
DA:9,0
DA:10,0
DA:12,0
DA:13,0
DA:17,0
DA:23,0
DA:24,0
LF:11
LH:0
BRDA:17,0,0,0
BRDA:17,0,1,0
BRDA:23,1,0,0
BRDA:23,1,1,0
BRDA:24,2,0,0
BRDA:24,2,1,0
BRF:6
BRH:0
end_of_record
TN:
SF:components/hero-section.tsx
FN:19,HeroSection
FN:62,(anonymous_6)
FNF:2
FNH:0
FNDA:0,HeroSection
FNDA:0,(anonymous_6)
DA:3,0
DA:4,0
DA:5,0
DA:6,0
DA:7,0
DA:9,0
DA:19,0
DA:63,0
LF:8
LH:0
BRDA:43,0,0,0
BRDA:43,0,1,0
BRF:2
BRH:0
end_of_record
TN:
SF:components/navigation.tsx
FN:44,Navigation
FN:48,(anonymous_6)
FN:51,(anonymous_7)
FN:65,(anonymous_8)
FN:92,(anonymous_9)
FN:134,(anonymous_10)
FN:138,(anonymous_11)
FN:150,(anonymous_12)
FN:154,(anonymous_13)
FNF:9
FNH:0
FNDA:0,Navigation
FNDA:0,(anonymous_6)
FNDA:0,(anonymous_7)
FNDA:0,(anonymous_8)
FNDA:0,(anonymous_9)
FNDA:0,(anonymous_10)
FNDA:0,(anonymous_11)
FNDA:0,(anonymous_12)
FNDA:0,(anonymous_13)
DA:3,0
DA:4,0
DA:5,0
DA:6,0
DA:7,0
DA:8,0
DA:9,0
DA:10,0
DA:11,0
DA:17,0
DA:25,0
DA:44,0
DA:45,0
DA:46,0
DA:48,0
DA:49,0
DA:50,0
DA:51,0
DA:53,0
DA:66,0
DA:93,0
DA:135,0
DA:138,0
DA:151,0
DA:154,0
LF:25
LH:0
BRDA:49,0,0,0
BRDA:49,0,1,0
BRDA:50,1,0,0
BRDA:50,1,1,0
BRDA:68,2,0,0
BRDA:74,3,0,0
BRDA:74,3,1,0
BRDA:109,4,0,0
BRDA:109,4,1,0
BRDA:141,5,0,0
BRDA:141,5,1,0
BRDA:148,6,0,0
BRDA:157,7,0,0
BRDA:157,7,1,0
BRF:14
BRH:0
end_of_record
TN:
SF:components/pagination.tsx
FN:16,Pagination
FN:17,(anonymous_5)
FN:59,(anonymous_6)
FN:66,(anonymous_7)
FN:74,(anonymous_8)
FN:86,(anonymous_9)
FNF:6
FNH:0
FNDA:0,Pagination
FNDA:0,(anonymous_5)
FNDA:0,(anonymous_6)
FNDA:0,(anonymous_7)
FNDA:0,(anonymous_8)
FNDA:0,(anonymous_9)
DA:4,0
DA:5,0
DA:6,0
DA:7,0
DA:16,0
DA:17,0
DA:18,0
DA:19,0
DA:21,0
DA:22,0
DA:23,0
DA:26,0
DA:27,0
DA:28,0
DA:30,0
DA:31,0
DA:32,0
DA:33,0
DA:34,0
DA:35,0
DA:36,0
DA:39,0
DA:40,0
DA:41,0
DA:42,0
DA:44,0
DA:45,0
DA:49,0
DA:52,0
DA:59,0
DA:67,0
DA:74,0
DA:86,0
LF:33
LH:0
BRDA:21,0,0,0
BRDA:21,0,1,0
BRDA:26,1,0,0
BRDA:26,1,1,0
BRDA:32,2,0,0
BRDA:32,2,1,0
BRDA:52,3,0,0
BRDA:52,3,1,0
BRDA:69,4,0,0
BRDA:72,5,0,0
BRDA:72,5,1,0
BRF:11
BRH:0
end_of_record
TN:
SF:components/search-filter.tsx
FN:19,SearchFilter
FN:36,(anonymous_5)
FN:48,(anonymous_6)
FNF:3
FNH:0
FNDA:0,SearchFilter
FNDA:0,(anonymous_5)
FNDA:0,(anonymous_6)
DA:4,0
DA:5,0
DA:6,0
DA:7,0
DA:19,0
DA:36,0
DA:49,0
LF:7
LH:0
BRDA:25,0,0,0
BRDA:26,1,0,0
BRF:2
BRH:0
end_of_record
TN:
SF:components/services-overview-section.tsx
FN:42,ServicesOverviewSection
FN:56,(anonymous_6)
FNF:2
FNH:0
FNDA:0,ServicesOverviewSection
FNDA:0,(anonymous_6)
DA:3,0
DA:4,0
DA:5,0
DA:6,0
DA:7,0
DA:9,0
DA:42,0
DA:57,0
LF:8
LH:0
BRF:0
BRH:0
end_of_record
TN:
SF:components/suspense-wrapper.tsx
FN:11,SuspenseWrapper
FNF:1
FNH:0
FNDA:0,SuspenseWrapper
DA:4,0
DA:11,0
LF:2
LH:0
BRDA:13,0,0,0
BRF:1
BRH:0
end_of_record
TN:
SF:components/theme-provider.tsx
FN:9,detectSystemTheme
FN:15,(anonymous_5)
FN:17,(anonymous_6)
FN:28,(anonymous_7)
FN:47,EnhancedThemeProvider
FN:51,(anonymous_9)
FN:61,(anonymous_10)
FN:83,(anonymous_11)
FN:92,(anonymous_12)
FN:105,(anonymous_13)
FN:125,ThemeProvider
FNF:11
FNH:0
FNDA:0,detectSystemTheme
FNDA:0,(anonymous_5)
FNDA:0,(anonymous_6)
FNDA:0,(anonymous_7)
FNDA:0,EnhancedThemeProvider
FNDA:0,(anonymous_9)
FNDA:0,(anonymous_10)
FNDA:0,(anonymous_11)
FNDA:0,(anonymous_12)
FNDA:0,(anonymous_13)
FNDA:0,ThemeProvider
DA:3,0
DA:4,0
DA:10,0
DA:13,0
DA:15,0
DA:18,0
DA:19,0
DA:20,0
DA:21,0
DA:22,0
DA:23,0
DA:24,0
DA:25,0
DA:29,0
DA:36,0
DA:37,0
DA:38,0
DA:44,0
DA:48,0
DA:49,0
DA:51,0
DA:52,0
DA:55,0
DA:56,0
DA:59,0
DA:61,0
DA:62,0
DA:63,0
DA:68,0
DA:69,0
DA:72,0
DA:76,0
DA:79,0
DA:81,0
DA:83,0
DA:84,0
DA:85,0
DA:86,0
DA:92,0
DA:93,0
DA:94,0
DA:96,0
DA:98,0
DA:99,0
DA:105,0
DA:106,0
DA:108,0
DA:125,0
LF:48
LH:0
BRDA:10,0,0,0
BRDA:10,0,1,0
BRDA:29,1,0,0
BRDA:29,1,1,0
BRDA:29,2,0,0
BRDA:29,2,1,0
BRDA:38,3,0,0
BRDA:38,3,1,0
BRDA:62,4,0,0
BRDA:62,4,1,0
BRDA:68,5,0,0
BRDA:68,5,1,0
BRDA:76,6,0,0
BRDA:76,6,1,0
BRDA:76,6,2,0
BRDA:81,7,0,0
BRDA:81,7,1,0
BRDA:85,8,0,0
BRDA:85,8,1,0
BRDA:93,9,0,0
BRDA:93,9,1,0
BRDA:98,10,0,0
BRDA:98,10,1,0
BRDA:106,11,0,0
BRDA:106,11,1,0
BRDA:106,12,0,0
BRDA:106,12,1,0
BRF:27
BRH:0
end_of_record
TN:
SF:components/theme-toggle.tsx
FN:9,ThemeToggle
FN:15,(anonymous_5)
FN:55,(anonymous_6)
FN:65,(anonymous_7)
FN:72,(anonymous_8)
FN:92,(anonymous_9)
FN:101,(anonymous_10)
FN:113,(anonymous_11)
FN:129,(anonymous_12)
FN:135,(anonymous_13)
FNF:10
FNH:0
FNDA:0,ThemeToggle
FNDA:0,(anonymous_5)
FNDA:0,(anonymous_6)
FNDA:0,(anonymous_7)
FNDA:0,(anonymous_8)
FNDA:0,(anonymous_9)
FNDA:0,(anonymous_10)
FNDA:0,(anonymous_11)
FNDA:0,(anonymous_12)
FNDA:0,(anonymous_13)
DA:4,0
DA:5,0
DA:6,0
DA:7,0
DA:9,0
DA:10,0
DA:11,0
DA:12,0
DA:15,0
DA:16,0
DA:19,0
DA:22,0
DA:24,0
DA:26,0
DA:27,0
DA:30,0
DA:31,0
DA:32,0
DA:33,0
DA:35,0
DA:36,0
DA:38,0
DA:40,0
DA:43,0
DA:44,0
DA:47,0
DA:52,0
DA:55,0
DA:56,0
DA:59,0
DA:60,0
DA:63,0
DA:65,0
DA:66,0
DA:67,0
DA:70,0
DA:72,0
DA:73,0
DA:74,0
DA:79,0
DA:80,0
DA:82,0
DA:86,0
DA:89,0
DA:91,0
DA:92,0
DA:93,0
DA:94,0
DA:95,0
DA:96,0
DA:101,0
DA:102,0
DA:103,0
DA:105,0
DA:107,0
DA:108,0
DA:113,0
DA:115,0
DA:116,0
DA:117,0
DA:118,0
DA:120,0
DA:124,0
DA:125,0
DA:129,0
DA:130,0
DA:131,0
DA:132,0
DA:135,0
DA:136,0
DA:148,0
DA:154,0
LF:72
LH:0
BRDA:16,0,0,0
BRDA:16,0,1,0
BRDA:19,1,0,0
BRDA:19,1,1,0
BRDA:19,1,2,0
BRDA:22,2,0,0
BRDA:22,2,1,0
BRDA:27,3,0,0
BRDA:27,3,1,0
BRDA:40,4,0,0
BRDA:40,4,1,0
BRDA:44,5,0,0
BRDA:44,5,1,0
BRDA:44,6,0,0
BRDA:44,6,1,0
BRDA:52,7,0,0
BRDA:52,7,1,0
BRDA:70,8,0,0
BRDA:70,8,1,0
BRDA:79,9,0,0
BRDA:79,9,1,0
BRDA:86,10,0,0
BRDA:86,10,1,0
BRDA:86,10,2,0
BRDA:91,11,0,0
BRDA:91,11,1,0
BRDA:94,12,0,0
BRDA:94,12,1,0
BRDA:102,13,0,0
BRDA:102,13,1,0
BRDA:107,14,0,0
BRDA:107,14,1,0
BRDA:115,15,0,0
BRDA:115,15,1,0
BRDA:117,16,0,0
BRDA:117,16,1,0
BRDA:124,17,0,0
BRDA:124,17,1,0
BRDA:124,18,0,0
BRDA:124,18,1,0
BRDA:130,19,0,0
BRDA:130,19,1,0
BRDA:131,20,0,0
BRDA:131,20,1,0
BRDA:136,21,0,0
BRDA:136,21,1,0
BRDA:142,22,0,0
BRDA:148,23,0,0
BRDA:148,23,1,0
BRDA:154,24,0,0
BRDA:154,24,1,0
BRDA:175,25,0,0
BRDA:175,25,1,0
BRF:53
BRH:0
end_of_record
TN:
SF:components/tina-provider.tsx
FN:16,TinaProvider
FNF:1
FNH:0
FNDA:0,TinaProvider
DA:3,0
DA:16,0
LF:2
LH:0
BRF:0
BRH:0
end_of_record
TN:
SF:components/two-pillar-hero.tsx
FN:34,TwoPillarHero
FN:117,PillarSection
FN:139,(anonymous_7)
FN:153,(anonymous_8)
FN:169,(anonymous_9)
FNF:5
FNH:0
FNDA:0,TwoPillarHero
FNDA:0,PillarSection
FNDA:0,(anonymous_7)
FNDA:0,(anonymous_8)
FNDA:0,(anonymous_9)
DA:1,0
DA:2,0
DA:3,0
DA:4,0
DA:5,0
DA:34,0
DA:140,0
DA:153,0
DA:170,0
LF:9
LH:0
BRDA:35,0,0,0
BRDA:36,1,0,0
BRDA:46,2,0,0
BRDA:68,3,0,0
BRDA:143,4,0,0
BRDA:167,5,0,0
BRDA:167,5,1,0
BRF:7
BRH:0
end_of_record
TN:
SF:components/admin/AdminApprovalQueue.tsx
FN:56,AdminApprovalQueue
FN:73,(anonymous_5)
FN:80,(anonymous_6)
FN:113,(anonymous_7)
FN:121,(anonymous_8)
FN:130,(anonymous_9)
FN:147,(anonymous_10)
FN:147,(anonymous_11)
FN:177,(anonymous_12)
FN:208,(anonymous_13)
FN:208,(anonymous_14)
FN:240,(anonymous_15)
FN:305,(anonymous_16)
FN:321,(anonymous_17)
FN:337,(anonymous_18)
FN:367,(anonymous_19)
FN:405,(anonymous_20)
FN:413,(anonymous_21)
FNF:18
FNH:18
FNDA:107,AdminApprovalQueue
FNDA:22,(anonymous_5)
FNDA:23,(anonymous_6)
FNDA:5,(anonymous_7)
FNDA:6,(anonymous_8)
FNDA:3,(anonymous_9)
FNDA:2,(anonymous_10)
FNDA:4,(anonymous_11)
FNDA:3,(anonymous_12)
FNDA:1,(anonymous_13)
FNDA:2,(anonymous_14)
FNDA:158,(anonymous_15)
FNDA:158,(anonymous_16)
FNDA:5,(anonymous_17)
FNDA:6,(anonymous_18)
FNDA:1,(anonymous_19)
FNDA:38,(anonymous_20)
FNDA:1,(anonymous_21)
DA:3,1
DA:11,1
DA:19,1
DA:20,1
DA:21,1
DA:22,1
DA:23,1
DA:24,1
DA:56,22
DA:57,107
DA:58,107
DA:59,107
DA:60,107
DA:63,107
DA:64,107
DA:65,107
DA:66,107
DA:68,107
DA:73,107
DA:74,22
DA:80,107
DA:81,23
DA:82,23
DA:83,23
DA:85,23
DA:90,22
DA:91,3
DA:92,3
DA:95,19
DA:96,19
DA:98,3
DA:99,3
DA:100,3
DA:106,22
DA:113,107
DA:114,5
DA:115,5
DA:121,107
DA:122,6
DA:123,6
DA:124,6
DA:130,107
DA:131,3
DA:133,3
DA:134,3
DA:136,3
DA:141,3
DA:142,1
DA:143,1
DA:147,4
DA:150,2
DA:156,2
DA:157,2
DA:159,1
DA:160,1
DA:167,1
DA:168,1
DA:170,3
DA:177,107
DA:178,3
DA:181,3
DA:182,1
DA:187,1
DA:190,2
DA:191,2
DA:193,2
DA:202,2
DA:203,1
DA:204,1
DA:208,2
DA:211,1
DA:217,1
DA:218,1
DA:219,1
DA:221,1
DA:222,1
DA:229,1
DA:230,1
DA:231,1
DA:233,2
DA:240,107
DA:241,158
DA:242,158
DA:252,107
DA:264,84
DA:278,81
DA:306,158
DA:321,5
DA:337,6
DA:367,1
DA:405,38
DA:413,1
LF:92
LH:92
BRDA:90,0,0,3
BRDA:90,0,1,19
BRDA:92,1,0,3
BRDA:92,1,1,0
BRDA:96,2,0,19
BRDA:96,2,1,0
BRDA:98,3,0,3
BRDA:98,3,1,0
BRDA:131,4,0,0
BRDA:131,4,1,3
BRDA:141,5,0,1
BRDA:141,5,1,2
BRDA:143,6,0,1
BRDA:143,6,1,0
BRDA:152,7,0,2
BRDA:152,7,1,0
BRDA:159,8,0,1
BRDA:159,8,1,0
BRDA:178,9,0,0
BRDA:178,9,1,3
BRDA:181,10,0,1
BRDA:181,10,1,2
BRDA:202,11,0,1
BRDA:202,11,1,1
BRDA:204,12,0,1
BRDA:204,12,1,0
BRDA:213,13,0,1
BRDA:213,13,1,0
BRDA:221,14,0,1
BRDA:221,14,1,0
BRDA:252,15,0,23
BRDA:252,15,1,84
BRDA:264,16,0,3
BRDA:264,16,1,81
BRDA:278,17,0,1
BRDA:278,17,1,80
BRDA:308,18,0,158
BRDA:308,18,1,0
BRDA:311,19,0,158
BRDA:311,19,1,0
BRDA:325,20,0,158
BRDA:325,20,1,0
BRDA:328,21,0,5
BRDA:341,22,0,158
BRDA:341,22,1,0
BRDA:361,23,0,80
BRDA:361,23,1,22
BRDA:377,24,0,5
BRDA:377,24,1,75
BRDA:397,25,0,80
BRDA:397,25,1,22
BRDA:424,26,0,5
BRDA:424,26,1,75
BRF:53
BRH:38
end_of_record
TN:
SF:components/case-studies/CaseStudyCard.tsx
FN:17,CaseStudyCard
FN:97,(anonymous_6)
FNF:2
FNH:2
FNDA:11,CaseStudyCard
FNDA:44,(anonymous_6)
DA:3,1
DA:4,1
DA:5,1
DA:6,1
DA:7,1
DA:8,1
DA:17,11
DA:22,11
DA:23,11
DA:98,44
LF:10
LH:10
BRDA:23,0,0,1
BRDA:23,0,1,10
BRDA:38,1,0,10
BRDA:78,2,0,11
BRDA:95,3,0,11
BRDA:95,3,1,11
BRDA:106,4,0,11
BRF:7
BRH:7
end_of_record
TN:
SF:components/case-studies/CaseStudyDetail.tsx
FN:21,CaseStudyDetail
FN:28,(anonymous_6)
FN:40,(anonymous_7)
FN:99,(anonymous_8)
FN:125,(anonymous_9)
FNF:5
FNH:3
FNDA:13,CaseStudyDetail
FNDA:0,(anonymous_6)
FNDA:0,(anonymous_7)
FNDA:60,(anonymous_8)
FNDA:36,(anonymous_9)
DA:3,1
DA:4,1
DA:5,1
DA:6,1
DA:7,1
DA:8,1
DA:9,1
DA:21,13
DA:26,13
DA:28,13
DA:29,0
DA:30,0
DA:36,0
DA:40,13
DA:41,0
DA:42,0
DA:100,60
DA:126,36
LF:18
LH:13
BRDA:29,0,0,0
BRDA:29,0,1,0
BRDA:76,1,0,13
BRDA:97,2,0,13
BRDA:97,2,1,13
BRDA:109,3,0,13
BRDA:109,3,1,13
BRDA:113,4,0,0
BRDA:176,5,0,13
BRDA:205,6,0,13
BRF:10
BRH:7
end_of_record
TN:
SF:components/case-studies/CaseStudyNavigation.tsx
FN:18,CaseStudyNavigation
FN:26,(anonymous_6)
FN:30,(anonymous_7)
FN:34,(anonymous_8)
FN:69,(anonymous_9)
FN:81,(anonymous_10)
FN:82,(anonymous_11)
FN:134,(anonymous_12)
FN:135,(anonymous_13)
FN:149,(anonymous_14)
FN:150,(anonymous_15)
FNF:11
FNH:9
FNDA:18,CaseStudyNavigation
FNDA:21,(anonymous_6)
FNDA:4,(anonymous_7)
FNDA:1,(anonymous_8)
FNDA:49,(anonymous_9)
FNDA:1,(anonymous_10)
FNDA:0,(anonymous_11)
FNDA:1,(anonymous_12)
FNDA:0,(anonymous_13)
FNDA:1,(anonymous_14)
FNDA:1,(anonymous_15)
DA:3,1
DA:4,1
DA:5,1
DA:6,1
DA:7,1
DA:8,1
DA:18,18
DA:24,18
DA:26,21
DA:27,18
DA:28,18
DA:30,18
DA:31,4
DA:34,18
DA:35,1
DA:36,1
DA:37,1
DA:41,18
DA:70,49
DA:72,49
DA:81,1
DA:82,0
DA:134,1
DA:135,0
DA:149,1
DA:150,1
LF:26
LH:24
BRDA:27,0,0,3
BRDA:27,0,1,15
BRDA:28,1,0,15
BRDA:28,1,1,3
BRDA:35,2,0,1
BRDA:35,2,1,0
BRDA:35,3,0,1
BRDA:35,3,1,0
BRDA:41,4,0,1
BRDA:41,4,1,17
BRDA:41,5,0,18
BRDA:41,5,1,18
BRDA:77,6,0,17
BRDA:77,6,1,32
BRDA:92,7,0,17
BRDA:92,7,1,32
BRDA:104,8,0,17
BRDA:104,8,1,32
BRDA:112,9,0,49
BRDA:119,10,0,49
BRDA:134,11,0,1
BRDA:134,11,1,1
BRDA:135,12,0,0
BRDA:135,12,1,0
BRDA:143,13,0,3
BRDA:143,13,1,14
BRDA:149,14,0,1
BRDA:149,14,1,1
BRDA:150,15,0,1
BRDA:150,15,1,1
BRDA:155,16,0,15
BRDA:155,16,1,2
BRF:32
BRH:28
end_of_record
TN:
SF:components/case-studies/InnovationHighlights.tsx
FN:14,InnovationHighlights
FN:61,(anonymous_5)
FN:122,(anonymous_6)
FNF:3
FNH:3
FNDA:13,InnovationHighlights
FNDA:34,(anonymous_5)
FNDA:89,(anonymous_6)
DA:3,1
DA:4,1
DA:5,1
DA:6,1
DA:14,13
DA:18,13
DA:62,34
DA:123,89
LF:8
LH:8
BRDA:18,0,0,1
BRDA:18,0,1,12
BRDA:18,1,0,13
BRDA:18,1,1,13
BRDA:99,2,0,34
BRDA:105,3,0,34
BRDA:116,4,0,34
BRDA:116,4,1,34
BRF:8
BRH:8
end_of_record
TN:
SF:components/case-studies/YachtProjectPortfolio.tsx
FN:14,YachtProjectPortfolio
FN:19,(anonymous_5)
FN:20,(anonymous_6)
FN:84,(anonymous_7)
FN:93,(anonymous_8)
FN:106,(anonymous_9)
FN:108,(anonymous_10)
FN:144,(anonymous_11)
FN:183,(anonymous_12)
FNF:9
FNH:9
FNDA:17,YachtProjectPortfolio
FNDA:17,(anonymous_5)
FNDA:30,(anonymous_6)
FNDA:46,(anonymous_7)
FNDA:46,(anonymous_8)
FNDA:46,(anonymous_9)
FNDA:121,(anonymous_10)
FNDA:46,(anonymous_11)
FNDA:121,(anonymous_12)
DA:3,1
DA:4,1
DA:5,1
DA:6,1
DA:14,17
DA:19,17
DA:20,17
DA:21,30
DA:22,30
DA:23,30
DA:24,30
DA:28,17
DA:84,46
DA:93,46
DA:106,46
DA:109,121
DA:145,46
DA:184,121
LF:18
LH:18
BRDA:21,0,0,0
BRDA:21,0,1,30
BRDA:21,1,0,30
BRDA:21,1,1,0
BRDA:22,2,0,0
BRDA:22,2,1,30
BRDA:23,3,0,0
BRDA:23,3,1,30
BRDA:28,4,0,1
BRDA:28,4,1,16
BRDA:28,5,0,17
BRDA:28,5,1,17
BRDA:93,6,0,46
BRDA:93,6,1,1
BRDA:156,7,0,46
BRDA:163,8,0,46
BRDA:171,9,0,46
BRDA:177,10,0,46
BRDA:177,10,1,46
BRF:19
BRH:15
end_of_record
TN:
SF:components/case-studies/index.ts
FNF:0
FNH:0
DA:1,0
DA:2,0
DA:3,0
DA:4,0
DA:5,0
LF:5
LH:0
BRF:0
BRH:0
end_of_record
TN:
[...]
DA:1070,0
DA:1076,0
DA:1077,0
DA:1079,0
DA:1080,0
DA:1086,0
DA:1087,0
DA:1089,0
DA:1090,0
DA:1097,0
DA:1098,0
DA:1102,0
DA:1103,0
DA:1107,0
DA:1108,0
DA:1112,0
DA:1113,0
DA:1118,0
DA:1119,0
DA:1120,0
DA:1125,0
DA:1126,0
DA:1127,0
DA:1132,0
DA:1133,0
DA:1134,0
DA:1139,0
DA:1140,0
DA:1141,0
DA:1143,0
DA:1161,0
DA:1162,0
DA:1163,0
DA:1168,0
DA:1169,0
DA:1170,0
DA:1175,0
DA:1176,0
DA:1177,0
DA:1182,0
DA:1183,0
DA:1184,0
DA:1189,0
DA:1190,0
DA:1191,0
DA:1198,0
DA:1209,0
DA:1219,0
DA:1221,0
DA:1222,0
DA:1224,0
DA:1225,0
DA:1228,0
DA:1229,0
DA:1231,0
DA:1236,0
DA:1238,0
DA:1239,0
DA:1241,0
DA:1242,0
DA:1243,0
DA:1246,0
DA:1247,0
DA:1249,0
DA:1254,0
DA:1263,13
DA:1265,13
DA:1266,13
DA:1269,13
DA:1275,11
DA:1276,1
DA:1279,11
DA:1280,5
DA:1283,11
DA:1284,5
DA:1288,43
DA:1289,11
DA:1290,76
DA:1294,11
DA:1295,1
DA:1299,43
DA:1300,42
DA:1302,11
DA:1303,1
DA:1306,76
DA:1307,75
DA:1309,11
DA:1310,1
DA:1313,11
DA:1315,11
DA:1316,7
DA:1319,11
DA:1325,2
DA:1326,2
DA:1327,2
DA:1336,6
DA:1337,231
LF:443
LH:162
BRDA:76,0,0,0
BRDA:76,0,1,0
BRDA:82,1,0,0
BRDA:82,1,1,0
BRDA:94,2,0,0
BRDA:94,2,1,0
BRDA:102,3,0,0
BRDA:102,3,1,0
BRDA:114,4,0,11
BRDA:114,4,1,11
BRDA:114,4,2,11
BRDA:122,5,0,0
BRDA:122,5,1,11
BRDA:126,6,0,0
BRDA:126,6,1,0
BRDA:126,7,0,0
BRDA:126,7,1,0
BRDA:134,8,0,0
BRDA:134,8,1,11
BRDA:134,9,0,11
BRDA:134,9,1,0
BRDA:139,10,0,0
BRDA:139,10,1,0
BRDA:150,11,0,0
BRDA:150,11,1,11
BRDA:166,12,0,0
BRDA:166,12,1,7
BRDA:182,13,0,0
BRDA:182,13,1,2
BRDA:205,14,0,0
BRDA:205,14,1,278
BRDA:205,15,0,278
BRDA:205,15,1,278
BRDA:219,16,0,0
BRDA:219,16,1,24
BRDA:223,17,0,48
BRDA:223,17,1,24
BRDA:225,18,0,24
BRDA:225,18,1,0
BRDA:227,19,0,22
BRDA:227,19,1,2
BRDA:237,20,0,718
BRDA:237,20,1,214
BRDA:240,21,0,0
BRDA:240,21,1,214
BRDA:243,22,0,154
BRDA:243,22,1,60
BRDA:246,23,0,60
BRDA:246,23,1,0
BRDA:246,24,0,60
BRDA:246,24,1,60
BRDA:249,25,0,0
BRDA:249,25,1,0
BRDA:252,26,0,0
BRDA:252,26,1,0
BRDA:255,27,0,0
BRDA:255,27,1,0
BRDA:258,28,0,0
BRDA:258,28,1,0
BRDA:261,29,0,0
BRDA:261,29,1,0
BRDA:270,30,0,104
BRDA:270,30,1,0
BRDA:280,31,0,104
BRDA:280,31,1,42
BRDA:281,32,0,104
BRDA:281,32,1,0
BRDA:282,33,0,104
BRDA:282,33,1,0
BRDA:285,34,0,104
BRDA:285,34,1,12
BRDA:286,35,0,0
BRDA:286,35,1,306
BRDA:286,36,0,306
BRDA:286,36,1,306
BRDA:288,37,0,306
BRDA:288,37,1,0
BRDA:289,38,0,306
BRDA:289,38,1,306
BRDA:290,39,0,0
BRDA:290,39,1,306
BRDA:291,40,0,306
BRDA:291,40,1,306
BRDA:292,41,0,306
BRDA:292,41,1,306
BRDA:293,42,0,306
BRDA:293,42,1,306
BRDA:297,43,0,104
BRDA:297,43,1,12
BRDA:298,44,0,0
BRDA:298,44,1,276
BRDA:298,45,0,276
BRDA:298,45,1,276
BRDA:300,46,0,276
BRDA:300,46,1,0
BRDA:301,47,0,276
BRDA:301,47,1,0
BRDA:302,48,0,276
BRDA:302,48,1,0
BRDA:303,49,0,276
BRDA:303,49,1,276
BRDA:304,50,0,276
BRDA:304,50,1,0
BRDA:308,51,0,92
BRDA:308,51,1,12
BRDA:308,52,0,104
BRDA:308,52,1,92
BRDA:309,53,0,6
BRDA:309,53,1,86
BRDA:310,54,0,92
BRDA:310,54,1,0
BRDA:311,55,0,6
BRDA:311,55,1,86
BRDA:312,56,0,0
BRDA:312,56,1,92
BRDA:315,57,0,86
BRDA:315,57,1,18
BRDA:317,58,0,86
BRDA:317,58,1,86
BRDA:322,59,0,104
BRDA:322,59,1,18
BRDA:323,60,0,0
BRDA:323,60,1,202
BRDA:323,61,0,202
BRDA:323,61,1,202
BRDA:325,62,0,202
BRDA:325,62,1,0
BRDA:326,63,0,202
BRDA:326,63,1,202
BRDA:327,64,0,202
BRDA:327,64,1,202
BRDA:328,65,0,202
BRDA:328,65,1,0
BRDA:329,66,0,202
BRDA:329,66,1,0
BRDA:330,67,0,202
BRDA:330,67,1,202
BRDA:331,68,0,0
BRDA:331,68,1,202
BRDA:332,69,0,202
BRDA:332,69,1,0
BRDA:336,70,0,104
BRDA:336,70,1,18
BRDA:340,71,0,258
BRDA:340,71,1,258
BRDA:343,72,0,104
BRDA:343,72,1,18
BRDA:347,73,0,258
BRDA:347,73,1,258
BRDA:349,74,0,258
BRDA:349,74,1,258
BRDA:352,75,0,104
BRDA:352,75,1,18
BRDA:353,76,0,0
BRDA:353,76,1,258
BRDA:353,77,0,258
BRDA:353,77,1,258
BRDA:355,78,0,258
BRDA:355,78,1,0
BRDA:356,79,0,0
BRDA:356,79,1,258
BRDA:357,80,0,0
BRDA:357,80,1,258
BRDA:358,81,0,258
BRDA:358,81,1,258
BRDA:359,82,0,258
BRDA:359,82,1,258
BRDA:373,83,0,70
BRDA:373,83,1,0
BRDA:374,84,0,70
BRDA:374,84,1,68
BRDA:378,85,0,70
BRDA:378,85,1,0
BRDA:387,86,0,70
BRDA:387,86,1,68
BRDA:389,87,0,4
BRDA:389,87,1,0
BRDA:390,88,0,4
BRDA:390,88,1,0
BRDA:391,89,0,4
BRDA:391,89,1,0
BRDA:392,90,0,4
BRDA:392,90,1,2
BRDA:394,91,0,10
BRDA:394,91,1,60
BRDA:394,92,0,70
BRDA:394,92,1,70
BRDA:397,93,0,86
BRDA:397,93,1,80
BRDA:398,94,0,86
BRDA:398,94,1,80
BRDA:399,95,0,86
BRDA:399,95,1,80
BRDA:400,96,0,86
BRDA:400,96,1,80
BRDA:407,97,0,70
BRDA:407,97,1,62
BRDA:408,98,0,0
BRDA:408,98,1,70
BRDA:410,99,0,0
BRDA:410,99,1,0
BRDA:411,100,0,0
BRDA:411,100,1,0
BRDA:414,101,0,0
BRDA:414,101,1,70
BRDA:421,102,0,0
BRDA:421,102,1,0
BRDA:423,103,0,0
BRDA:423,103,1,0
BRDA:427,104,0,0
BRDA:427,104,1,0
BRDA:436,105,0,0
BRDA:436,105,1,0
BRDA:450,106,0,0
BRDA:450,106,1,0
BRDA:457,107,0,0
BRDA:457,107,1,0
BRDA:461,108,0,0
BRDA:461,108,1,0
BRDA:464,109,0,0
BRDA:464,109,1,0
BRDA:465,110,0,0
BRDA:465,110,1,0
BRDA:466,111,0,0
BRDA:466,111,1,0
BRDA:467,112,0,0
BRDA:467,112,1,0
BRDA:470,113,0,0
BRDA:470,113,1,0
BRDA:471,114,0,0
BRDA:471,114,1,0
BRDA:477,115,0,0
BRDA:477,115,1,0
BRDA:478,116,0,0
BRDA:478,116,1,0
BRDA:479,117,0,0
BRDA:479,117,1,0
BRDA:482,118,0,0
BRDA:482,118,1,0
BRDA:483,119,0,0
BRDA:483,119,1,0
BRDA:486,120,0,0
BRDA:486,120,1,0
BRDA:489,121,0,0
BRDA:489,121,1,0
BRDA:490,122,0,0
BRDA:490,122,1,0
BRDA:490,123,0,0
BRDA:490,123,1,0
BRDA:492,124,0,0
BRDA:492,124,1,0
BRDA:493,125,0,0
BRDA:493,125,1,0
BRDA:494,126,0,0
BRDA:494,126,1,0
BRDA:495,127,0,0
BRDA:495,127,1,0
BRDA:496,128,0,0
BRDA:496,128,1,0
BRDA:497,129,0,0
BRDA:497,129,1,0
BRDA:501,130,0,0
BRDA:501,130,1,0
BRDA:502,131,0,0
BRDA:502,131,1,0
BRDA:502,132,0,0
BRDA:502,132,1,0
BRDA:505,133,0,0
BRDA:505,133,1,0
BRDA:509,134,0,0
BRDA:509,134,1,0
BRDA:510,135,0,0
BRDA:510,135,1,0
BRDA:511,136,0,0
BRDA:511,136,1,0
BRDA:512,137,0,0
BRDA:512,137,1,0
BRDA:518,138,0,0
BRDA:518,138,1,0
BRDA:520,139,0,0
BRDA:520,139,1,0
BRDA:521,140,0,0
BRDA:521,140,1,0
BRDA:522,141,0,0
BRDA:522,141,1,0
BRDA:523,142,0,0
BRDA:523,142,1,0
BRDA:527,143,0,0
BRDA:527,143,1,0
BRDA:527,144,0,0
BRDA:527,144,1,0
BRDA:528,145,0,0
BRDA:528,145,1,0
BRDA:529,146,0,0
BRDA:529,146,1,0
BRDA:530,147,0,0
BRDA:530,147,1,0
BRDA:531,148,0,0
BRDA:531,148,1,0
BRDA:532,149,0,0
BRDA:532,149,1,0
BRDA:533,150,0,0
BRDA:533,150,1,0
BRDA:534,151,0,0
BRDA:534,151,1,0
BRDA:537,152,0,0
BRDA:537,152,1,0
BRDA:538,153,0,0
BRDA:538,153,1,0
BRDA:538,154,0,0
BRDA:538,154,1,0
BRDA:540,155,0,0
BRDA:540,155,1,0
BRDA:541,156,0,0
BRDA:541,156,1,0
BRDA:542,157,0,0
BRDA:542,157,1,0
BRDA:543,158,0,0
BRDA:543,158,1,0
BRDA:544,159,0,0
BRDA:544,159,1,0
BRDA:545,160,0,0
BRDA:545,160,1,0
BRDA:549,161,0,0
BRDA:549,161,1,0
BRDA:550,162,0,0
BRDA:550,162,1,0
BRDA:550,163,0,0
BRDA:550,163,1,0
BRDA:552,164,0,0
BRDA:552,164,1,0
BRDA:553,165,0,0
BRDA:553,165,1,0
BRDA:554,166,0,0
BRDA:554,166,1,0
BRDA:555,167,0,0
BRDA:555,167,1,0
BRDA:556,168,0,0
BRDA:556,168,1,0
BRDA:557,169,0,0
BRDA:557,169,1,0
BRDA:558,170,0,0
BRDA:558,170,1,0
BRDA:559,171,0,0
BRDA:559,171,1,0
BRDA:592,172,0,42
BRDA:592,172,1,0
BRDA:619,173,0,0
BRDA:619,173,1,0
BRDA:620,174,0,0
BRDA:620,174,1,0
BRDA:622,175,0,0
BRDA:622,175,1,0
BRDA:645,176,0,34
BRDA:645,176,1,24
BRDA:651,177,0,34
BRDA:651,177,1,0
BRDA:653,178,0,34
BRDA:653,178,1,0
BRDA:657,179,0,34
BRDA:657,179,1,0
BRDA:657,180,0,34
BRDA:657,180,1,34
BRDA:676,181,0,0
BRDA:676,181,1,0
BRDA:676,182,0,0
BRDA:676,182,1,0
BRDA:680,183,0,0
BRDA:680,183,1,0
BRDA:684,184,0,0
BRDA:684,184,1,0
BRDA:693,185,0,0
BRDA:693,185,1,0
BRDA:698,186,0,0
BRDA:698,186,1,0
BRDA:731,187,0,0
BRDA:731,187,1,0
BRDA:744,188,0,0
BRDA:744,188,1,0
BRDA:749,189,0,0
BRDA:749,189,1,0
BRDA:768,190,0,70
BRDA:768,190,1,0
BRDA:769,191,0,70
BRDA:769,191,1,0
BRDA:771,192,0,70
BRDA:771,192,1,0
BRDA:772,193,0,70
BRDA:772,193,1,0
BRDA:773,194,0,70
BRDA:773,194,1,0
BRDA:779,195,0,70
BRDA:779,195,1,0
BRDA:787,196,0,70
BRDA:787,196,1,0
BRDA:789,197,0,70
BRDA:789,197,1,0
BRDA:793,198,0,70
BRDA:793,198,1,0
BRDA:793,199,0,70
BRDA:793,199,1,70
BRDA:812,200,0,0
BRDA:812,200,1,0
BRDA:812,201,0,0
BRDA:812,201,1,0
BRDA:817,202,0,0
BRDA:817,202,1,0
BRDA:818,203,0,0
BRDA:818,203,1,0
BRDA:820,204,0,0
BRDA:820,204,1,0
BRDA:829,205,0,0
BRDA:829,205,1,0
BRDA:834,206,0,0
BRDA:834,206,1,0
BRDA:861,207,0,0
BRDA:861,207,1,0
BRDA:863,208,0,0
BRDA:863,208,1,0
BRDA:867,209,0,0
BRDA:867,209,1,0
BRDA:867,210,0,0
BRDA:867,210,1,0
BRDA:888,211,0,0
BRDA:888,211,1,0
BRDA:892,212,0,0
BRDA:892,212,1,0
BRDA:901,213,0,0
BRDA:901,213,1,0
BRDA:921,214,0,0
BRDA:921,214,1,0
BRDA:921,215,0,0
BRDA:921,215,1,0
BRDA:940,216,0,0
BRDA:940,216,1,0
BRDA:946,217,0,0
BRDA:946,217,1,0
BRDA:948,218,0,0
BRDA:948,218,1,0
BRDA:952,219,0,0
BRDA:952,219,1,0
BRDA:952,220,0,0
BRDA:952,220,1,0
BRDA:954,221,0,0
BRDA:954,221,1,0
BRDA:954,222,0,0
BRDA:954,222,1,0
BRDA:964,223,0,0
BRDA:964,223,1,0
BRDA:964,224,0,0
BRDA:964,224,1,0
BRDA:966,225,0,0
BRDA:966,225,1,0
BRDA:968,226,0,0
BRDA:968,226,1,0
BRDA:976,227,0,0
BRDA:976,227,1,0
BRDA:977,228,0,0
BRDA:977,228,1,0
BRDA:977,229,0,0
BRDA:977,229,1,0
BRDA:994,230,0,0
BRDA:994,230,1,0
BRDA:1003,231,0,0
BRDA:1003,231,1,0
BRDA:1008,232,0,0
BRDA:1008,232,1,0
BRDA:1020,233,0,0
BRDA:1020,233,1,0
BRDA:1020,233,2,0
BRDA:1020,233,3,0
BRDA:1020,233,4,0
BRDA:1060,234,0,0
BRDA:1060,234,1,0
BRDA:1070,235,0,0
BRDA:1070,235,1,0
BRDA:1080,236,0,0
BRDA:1080,236,1,0
BRDA:1090,237,0,0
BRDA:1090,237,1,0
BRDA:1108,238,0,0
BRDA:1108,238,1,0
BRDA:1120,239,0,0
BRDA:1120,239,1,0
BRDA:1127,240,0,0
BRDA:1127,240,1,0
BRDA:1134,241,0,0
BRDA:1134,241,1,0
BRDA:1141,242,0,0
BRDA:1141,242,1,0
BRDA:1147,243,0,0
BRDA:1147,243,1,0
BRDA:1148,244,0,0
BRDA:1148,244,1,0
BRDA:1149,245,0,0
BRDA:1149,245,1,0
BRDA:1151,246,0,0
BRDA:1151,246,1,0
BRDA:1152,247,0,0
BRDA:1152,247,1,0
BRDA:1153,248,0,0
BRDA:1153,248,1,0
BRDA:1154,249,0,0
BRDA:1154,249,1,0
BRDA:1163,250,0,0
BRDA:1163,250,1,0
BRDA:1170,251,0,0
BRDA:1170,251,1,0
BRDA:1177,252,0,0
BRDA:1177,252,1,0
BRDA:1184,253,0,0
BRDA:1184,253,1,0
BRDA:1191,254,0,0
BRDA:1191,254,1,0
BRDA:1219,255,0,0
BRDA:1219,255,1,0
BRDA:1222,256,0,0
BRDA:1222,256,1,0
BRDA:1236,257,0,0
BRDA:1236,257,1,0
BRDA:1239,258,0,0
BRDA:1239,258,1,0
BRDA:1239,258,2,0
BRDA:1247,259,0,0
BRDA:1247,259,1,0
BRDA:1275,260,0,1
BRDA:1275,260,1,10
BRDA:1279,261,0,5
BRDA:1279,261,1,6
BRDA:1283,262,0,5
BRDA:1283,262,1,6
BRDA:1290,263,0,76
BRDA:1290,263,1,76
BRDA:1290,263,2,75
BRDA:1290,263,3,74
BRDA:1294,264,0,1
BRDA:1294,264,1,10
BRDA:1302,265,0,1
BRDA:1302,265,1,10
BRDA:1309,266,0,1
BRDA:1309,266,1,10
BRDA:1313,267,0,4
BRDA:1313,267,1,7
BRDA:1315,268,0,7
BRDA:1315,268,1,4
BRDA:1325,269,0,1
BRDA:1325,269,1,1
BRF:547
BRH:177
end_of_record
TN:
SF:lib/types.ts
FNF:0
FNH:0
DA:629,0
LF:1
LH:0
BRF:0
BRH:0
end_of_record
TN:
SF:lib/utils.ts
FN:4,cn
FN:8,formatDuration
FN:16,formatDate
FN:30,(anonymous_9)
FN:39,(anonymous_10)
FNF:5
FNH:1
FNDA:9032,cn
FNDA:0,formatDuration
FNDA:0,formatDate
FNDA:0,(anonymous_9)
FNDA:0,(anonymous_10)
DA:1,25
DA:2,25
DA:4,9032
DA:5,9032
DA:8,0
DA:9,0
DA:10,0
DA:11,0
DA:13,0
DA:16,0
DA:17,0
DA:18,0
DA:19,0
DA:25,0
DA:30,25
DA:31,0
DA:39,25
DA:44,0
DA:46,0
DA:47,0
DA:49,0
DA:50,0
DA:52,0
DA:53,0
DA:56,0
LF:25
LH:6
BRDA:32,0,0,0
BRDA:32,0,1,0
BRDA:33,1,0,0
BRDA:33,1,1,0
BRDA:34,2,0,0
BRDA:34,2,1,0
BRDA:35,3,0,0
BRDA:35,3,1,0
BRDA:44,4,0,0
BRDA:44,4,1,0
BRDA:46,5,0,0
BRDA:46,5,1,0
BRDA:46,6,0,0
BRDA:46,6,1,0
BRDA:49,7,0,0
BRDA:49,7,1,0
BRDA:52,8,0,0
BRDA:52,8,1,0
BRF:18
BRH:0
end_of_record
TN:
SF:lib/context/AuthContext.tsx
FN:40,AuthProvider
FN:50,(anonymous_7)
FN:79,(anonymous_8)
FN:116,(anonymous_9)
FN:135,(anonymous_10)
FN:162,(anonymous_11)
FN:170,(anonymous_12)
FN:173,(anonymous_13)
FN:190,(anonymous_14)
FN:231,useAuth
FNF:10
FNH:8
FNDA:15,AuthProvider
FNDA:6,(anonymous_7)
FNDA:4,(anonymous_8)
FNDA:2,(anonymous_9)
FNDA:0,(anonymous_10)
FNDA:6,(anonymous_11)
FNDA:11,(anonymous_12)
FNDA:0,(anonymous_13)
FNDA:3,(anonymous_14)
FNDA:72,useAuth
DA:3,3
DA:4,3
DA:25,3
DA:40,6
DA:41,15
DA:42,15
DA:43,15
DA:44,15
DA:50,15
DA:51,6
DA:52,6
DA:53,6
DA:56,6
DA:61,6
DA:62,0
DA:63,0
DA:65,6
DA:68,0
DA:69,0
DA:71,6
DA:79,15
DA:80,4
DA:81,4
DA:82,4
DA:84,4
DA:93,4
DA:95,4
DA:96,1
DA:100,3
DA:101,3
DA:103,1
DA:104,1
DA:105,1
DA:106,1
DA:108,4
DA:116,15
DA:118,2
DA:124,2
DA:125,2
DA:128,2
DA:135,15
DA:136,0
DA:137,0
DA:139,0
DA:144,0
DA:145,0
DA:146,0
DA:147,0
DA:149,0
DA:150,0
DA:153,0
DA:154,0
DA:155,0
DA:162,15
DA:163,6
DA:170,15
DA:171,11
DA:173,3
DA:174,0
DA:175,0
DA:180,0
DA:182,0
DA:185,0
DA:186,0
DA:190,3
DA:193,15
DA:231,72
DA:232,72
DA:234,71
DA:235,56
DA:238,15
LF:71
LH:49
BRDA:61,0,0,0
BRDA:61,0,1,6
BRDA:95,1,0,1
BRDA:95,1,1,3
BRDA:96,2,0,1
BRDA:96,2,1,0
BRDA:103,3,0,1
BRDA:103,3,1,0
BRDA:144,4,0,0
BRDA:144,4,1,0
BRDA:147,5,0,0
BRDA:147,5,1,0
BRDA:154,6,0,0
BRDA:154,6,1,0
BRDA:171,7,0,8
BRDA:171,7,1,3
BRDA:180,8,0,0
BRDA:180,8,1,0
BRDA:198,9,0,15
BRDA:198,9,1,12
BRDA:199,10,0,15
BRDA:199,10,1,12
BRDA:234,11,0,56
BRDA:234,11,1,15
BRF:24
BRH:13
end_of_record
TN:
SF:lib/hooks/use-lazy-loading.ts
FN:22,useLazyLoading
FN:31,(anonymous_6)
FN:44,(anonymous_7)
FN:64,(anonymous_8)
FN:90,useProgressiveImage
FN:100,(anonymous_10)
FN:124,(anonymous_11)
FN:133,(anonymous_12)
FN:146,(anonymous_13)
FN:156,(anonymous_14)
FN:180,usePerformanceMetrics
FN:187,(anonymous_16)
FN:192,(anonymous_17)
FN:216,useMemoryMonitor
FN:219,(anonymous_19)
FN:229,(anonymous_20)
FN:233,(anonymous_21)
FNF:17
FNH:13
FNDA:197,useLazyLoading
FNDA:183,(anonymous_6)
FNDA:0,(anonymous_7)
FNDA:169,(anonymous_8)
FNDA:7,useProgressiveImage
FNDA:7,(anonymous_10)
FNDA:0,(anonymous_11)
FNDA:0,(anonymous_12)
FNDA:0,(anonymous_13)
FNDA:7,(anonymous_14)
FNDA:51,usePerformanceMetrics
FNDA:16,(anonymous_16)
FNDA:17,(anonymous_17)
FNDA:6,useMemoryMonitor
FNDA:5,(anonymous_19)
FNDA:6,(anonymous_20)
FNDA:4,(anonymous_21)
DA:8,7
DA:22,192
DA:27,197
DA:28,197
DA:29,197
DA:31,197
DA:32,183
DA:33,183
DA:36,169
DA:37,0
DA:38,0
DA:39,0
DA:40,0
DA:43,169
DA:45,0
DA:47,0
DA:49,0
DA:50,0
DA:51,0
DA:52,0
DA:62,169
DA:64,169
DA:65,169
DA:69,197
DA:90,9
DA:94,7
DA:95,7
DA:96,7
DA:97,7
DA:98,7
DA:100,7
DA:101,7
DA:104,0
DA:105,0
DA:108,0
DA:109,0
DA:110,0
DA:111,0
DA:115,0
DA:116,0
DA:120,0
DA:121,0
DA:124,0
DA:126,0
DA:127,0
DA:128,0
DA:129,0
DA:133,0
DA:134,0
DA:136,0
DA:137,0
DA:138,0
DA:143,0
DA:146,0
DA:147,0
DA:148,0
DA:149,0
DA:150,0
DA:156,7
DA:157,7
DA:158,7
DA:159,7
DA:162,7
DA:180,53
DA:184,51
DA:185,51
DA:187,51
DA:188,16
DA:189,2
DA:192,51
DA:193,17
DA:194,2
DA:195,2
DA:196,2
DA:199,2
DA:200,1
DA:204,51
DA:216,8
DA:217,6
DA:219,6
DA:220,5
DA:221,0
DA:222,0
DA:224,0
DA:229,6
DA:230,6
DA:231,4
DA:232,4
DA:233,4
DA:234,4
DA:236,4
DA:241,6
LF:92
LH:53
BRDA:22,0,0,5
BRDA:23,1,0,7
BRDA:24,2,0,14
BRDA:25,3,0,5
BRDA:33,4,0,14
BRDA:33,4,1,169
BRDA:36,5,0,0
BRDA:36,5,1,169
BRDA:49,6,0,0
BRDA:49,6,1,0
BRDA:49,7,0,0
BRDA:49,7,1,0
BRDA:51,8,0,0
BRDA:51,8,1,0
BRDA:101,9,0,7
BRDA:101,9,1,0
BRDA:101,10,0,7
BRDA:101,10,1,0
BRDA:108,11,0,0
BRDA:108,11,1,0
BRDA:108,12,0,0
BRDA:108,12,1,0
BRDA:108,12,2,0
BRDA:115,13,0,0
BRDA:115,13,1,0
BRDA:115,14,0,0
BRDA:115,14,1,0
BRDA:126,15,0,0
BRDA:126,15,1,0
BRDA:136,16,0,0
BRDA:136,16,1,0
BRDA:147,17,0,0
BRDA:147,17,1,0
BRDA:182,18,0,6
BRDA:188,19,0,14
BRDA:188,19,1,2
BRDA:193,20,0,15
BRDA:193,20,1,2
BRDA:193,21,0,17
BRDA:193,21,1,3
BRDA:199,22,0,1
BRDA:199,22,1,1
BRDA:220,23,0,0
BRDA:220,23,1,5
BRDA:220,24,0,5
BRDA:220,24,1,5
BRDA:222,25,0,0
BRDA:222,25,1,0
BRDA:230,26,0,4
BRDA:230,26,1,2
BRF:50
BRH:23
end_of_record
TN:
SF:lib/middleware/auth-middleware.ts
FN:12,extractToken
FN:31,authMiddleware
FN:78,requireRole
FN:79,(anonymous_8)
FN:125,requireTier
FN:126,(anonymous_10)
FN:193,getUserFromRequest
FNF:7
FNH:7
FNDA:23,extractToken
FNDA:8,authMiddleware
FNDA:7,requireRole
FNDA:7,(anonymous_8)
FNDA:8,requireTier
FNDA:8,(anonymous_10)
FNDA:6,getUserFromRequest
DA:1,1
DA:2,1
DA:14,23
DA:15,23
DA:16,19
DA:20,4
DA:21,4
DA:22,1
DA:25,3
DA:31,8
DA:32,8
DA:34,8
DA:35,1
DA:41,7
DA:42,7
DA:45,5
DA:46,5
DA:47,5
DA:48,5
DA:49,5
DA:50,3
DA:53,5
DA:59,2
DA:61,2
DA:62,1
DA:68,1
DA:78,7
DA:79,7
DA:80,7
DA:82,7
DA:83,1
DA:89,6
DA:90,6
DA:92,5
DA:93,2
DA:100,3
DA:101,3
DA:102,3
DA:103,3
DA:104,3
DA:105,2
DA:108,3
DA:114,1
DA:125,8
DA:126,8
DA:127,8
DA:129,8
DA:130,1
DA:136,7
DA:137,7
DA:140,7
DA:141,1
DA:142,1
DA:143,1
DA:144,1
DA:146,1
DA:154,6
DA:155,6
DA:157,6
DA:158,3
DA:170,3
DA:171,3
DA:172,3
DA:173,3
DA:174,3
DA:176,3
DA:182,0
DA:193,6
DA:194,6
DA:195,6
DA:196,6
DA:197,6
DA:199,6
DA:200,2
DA:203,4
LF:75
LH:74
BRDA:15,0,0,19
BRDA:15,0,1,4
BRDA:21,1,0,1
BRDA:21,1,1,3
BRDA:34,2,0,1
BRDA:34,2,1,7
BRDA:49,3,0,3
BRDA:49,3,1,2
BRDA:59,4,0,2
BRDA:59,4,1,0
BRDA:61,5,0,1
BRDA:61,5,1,1
BRDA:82,6,0,1
BRDA:82,6,1,6
BRDA:92,7,0,2
BRDA:92,7,1,3
BRDA:104,8,0,2
BRDA:104,8,1,1
BRDA:129,9,0,1
BRDA:129,9,1,7
BRDA:140,10,0,1
BRDA:140,10,1,6
BRDA:155,11,0,6
BRDA:155,11,1,1
BRDA:157,12,0,3
BRDA:157,12,1,3
BRDA:199,13,0,2
BRDA:199,13,1,4
BRDA:199,14,0,6
BRDA:199,14,1,4
BRDA:199,14,2,4
BRDA:207,15,0,4
BRDA:207,15,1,2
BRF:33
BRH:32
end_of_record
TN:
SF:lib/services/auth-service.ts
FN:22,(anonymous_4)
FN:99,(anonymous_5)
FN:106,(anonymous_6)
FN:113,(anonymous_7)
FN:123,(anonymous_8)
FN:130,(anonymous_9)
FN:165,(anonymous_10)
FNF:7
FNH:7
FNDA:9,(anonymous_4)
FNDA:4,(anonymous_5)
FNDA:3,(anonymous_6)
FNDA:9,(anonymous_7)
FNDA:11,(anonymous_8)
FNDA:17,(anonymous_9)
FNDA:9,(anonymous_10)
DA:1,1
DA:2,1
DA:3,1
DA:4,1
DA:6,1
DA:23,9
DA:24,9
DA:27,9
DA:37,9
DA:39,9
DA:40,2
DA:44,7
DA:46,7
DA:47,1
DA:51,6
DA:52,2
DA:57,4
DA:58,2
DA:67,2
DA:71,4
DA:78,4
DA:80,4
DA:91,5
DA:92,5
DA:100,4
DA:107,3
DA:115,9
DA:117,4
DA:124,11
DA:132,17
DA:133,4
DA:137,13
DA:139,13
DA:140,4
DA:144,9
DA:145,2
DA:149,7
DA:150,1
DA:154,6
DA:155,2
DA:159,4
DA:166,9
DA:167,1
DA:170,8
DA:171,8
DA:172,8
DA:173,8
DA:175,8
DA:176,4
DA:182,46
DA:183,1
LF:51
LH:51
BRDA:39,0,0,2
BRDA:39,0,1,7
BRDA:44,1,0,7
BRDA:44,1,1,0
BRDA:46,2,0,1
BRDA:46,2,1,6
BRDA:51,3,0,2
BRDA:51,3,1,4
BRDA:51,4,0,6
BRDA:51,4,1,3
BRDA:57,5,0,2
BRDA:57,5,1,2
BRDA:67,6,0,2
BRDA:67,6,1,1
BRDA:91,7,0,5
BRDA:91,7,1,0
BRDA:132,8,0,4
BRDA:132,8,1,13
BRDA:137,9,0,13
BRDA:137,9,1,0
BRDA:139,10,0,4
BRDA:139,10,1,9
BRDA:139,11,0,13
BRDA:139,11,1,5
BRDA:144,12,0,2
BRDA:144,12,1,7
BRDA:144,13,0,9
BRDA:144,13,1,3
BRDA:149,14,0,1
BRDA:149,14,1,6
BRDA:149,15,0,7
BRDA:149,15,1,4
BRDA:149,15,2,3
BRDA:154,16,0,2
BRDA:154,16,1,4
BRDA:154,17,0,6
BRDA:154,17,1,3
BRDA:154,17,2,2
BRDA:166,18,0,1
BRDA:166,18,1,8
BRDA:175,19,0,4
BRDA:175,19,1,4
BRDA:175,20,0,8
BRDA:175,20,1,7
BRDA:175,20,2,6
BRDA:175,20,3,5
BRF:46
BRH:43
end_of_record
TN:
SF:lib/utils/jwt.ts
FN:22,generateTokens
FN:37,verifyToken
FN:54,decodeToken
FN:65,refreshAccessToken
FNF:4
FNH:4
FNDA:15,generateTokens
FNDA:14,verifyToken
FNDA:4,decodeToken
FNDA:6,refreshAccessToken
DA:1,1
DA:3,1
DA:4,1
DA:5,1
DA:22,15
DA:23,15
DA:27,15
DA:31,15
DA:37,8
DA:38,14
DA:39,14
DA:41,8
DA:42,2
DA:44,6
DA:45,6
DA:47,0
DA:54,4
DA:55,4
DA:56,4
DA:58,0
DA:65,6
DA:66,6
DA:69,3
DA:80,3
LF:24
LH:22
BRDA:3,0,0,1
BRDA:3,0,1,1
BRDA:41,1,0,2
BRDA:41,1,1,6
BRDA:44,2,0,6
BRDA:44,2,1,0
BRF:6
BRH:5
end_of_record
TN:
SF:lib/utils/tier-validator.ts
FN:42,getAllowedFieldsForTier
FN:55,filterFieldsByTier
FN:70,(anonymous_8)
FN:81,(anonymous_9)
FN:93,isFieldAllowedForTier
FN:109,getTierLevel
FN:121,hasTierAccess
FNF:7
FNH:7
FNDA:13,getAllowedFieldsForTier
FNDA:7,filterFieldsByTier
FNDA:14,(anonymous_8)
FNDA:10,(anonymous_9)
FNDA:6,isFieldAllowedForTier
FNDA:14,getTierLevel
FNDA:6,hasTierAccess
DA:12,2
DA:42,3
DA:43,13
DA:55,7
DA:61,7
DA:62,1
DA:65,6
DA:66,6
DA:69,6
DA:70,14
DA:73,6
DA:74,2
DA:80,4
DA:81,4
DA:82,10
DA:83,10
DA:87,4
DA:93,6
DA:98,6
DA:99,2
DA:102,4
DA:103,4
DA:109,4
DA:110,14
DA:115,14
DA:121,6
DA:126,6
DA:127,1
DA:130,5
LF:29
LH:29
BRDA:43,0,0,13
BRDA:43,0,1,0
BRDA:58,1,0,0
BRDA:61,2,0,1
BRDA:61,2,1,6
BRDA:73,3,0,2
BRDA:73,3,1,4
BRDA:82,4,0,10
BRDA:82,4,1,0
BRDA:96,5,0,0
BRDA:98,6,0,2
BRDA:98,6,1,4
BRDA:115,7,0,14
BRDA:115,7,1,4
BRDA:124,8,0,0
BRDA:126,9,0,1
BRDA:126,9,1,5
BRF:17
BRH:12
end_of_record
TN:
SF:lib/validation/vendor-update-schema.ts
FN:40,(anonymous_4)
FN:87,validateVendorUpdate
FN:94,safeValidateVendorUpdate
FNF:3
FNH:3
FNDA:28,(anonymous_4)
FNDA:2,validateVendorUpdate
FNDA:26,safeValidateVendorUpdate
DA:1,1
DA:9,1
DA:40,28
DA:87,2
DA:88,2
DA:94,26
DA:95,26
LF:7
LH:7
BRDA:40,0,0,28
BRDA:40,0,1,6
BRF:2
BRH:2
end_of_record
