TN:
SF:app/next.config.js
FNF:0
FNH:0
DA:1,0
DA:4,0
DA:19,0
LF:3
LH:0
BRDA:5,0,0,0
BRDA:5,0,1,0
BRF:2
BRH:0
end_of_record
TN:
SF:app/postcss.config.js
FNF:0
FNH:0
DA:1,0
LF:1
LH:0
BRF:0
BRH:0
end_of_record
TN:
SF:app/tailwind.config.ts
FNF:0
FNH:0
DA:4,0
DA:101,0
LF:2
LH:0
BRF:0
BRH:0
end_of_record
TN:
SF:app/(payload)/layout.tsx
FN:20,(anonymous_4)
FNF:1
FNH:0
FNDA:0,(anonymous_4)
DA:5,0
DA:6,0
DA:8,0
DA:9,0
DA:15,0
DA:20,0
DA:22,0
DA:39,0
LF:8
LH:0
BRF:0
BRH:0
end_of_record
TN:
SF:app/(payload)/admin/importMap.js
FNF:0
FNH:0
DA:1,0
DA:4,0
DA:24,0
DA:25,0
DA:27,0
LF:5
LH:0
BRF:0
BRH:0
end_of_record
TN:
SF:app/(payload)/admin/importMap.ts
FNF:0
FNH:0
DA:5,0
DA:7,0
LF:2
LH:0
BRF:0
BRH:0
end_of_record
TN:
SF:app/(payload)/admin/[[...segments]]/page.tsx
FN:16,(anonymous_4)
FN:23,(anonymous_5)
FNF:2
FNH:0
FNDA:0,(anonymous_4)
FNDA:0,(anonymous_5)
DA:5,0
DA:6,0
DA:7,0
DA:16,0
DA:17,0
DA:18,0
DA:20,0
DA:23,0
DA:24,0
DA:25,0
DA:27,0
DA:30,0
LF:12
LH:0
BRF:0
BRH:0
end_of_record
TN:
SF:app/(payload)/api/[...slug]/route.ts
FNF:0
FNH:0
DA:2,0
DA:3,0
DA:5,0
DA:6,0
DA:7,0
DA:8,0
LF:6
LH:0
BRF:0
BRH:0
end_of_record
TN:
SF:app/(site)/layout.tsx
FN:27,SiteLayout
FNF:1
FNH:0
FNDA:0,SiteLayout
DA:2,0
DA:3,0
DA:4,0
DA:5,0
DA:6,0
DA:7,0
DA:8,0
DA:9,0
DA:11,0
DA:13,0
DA:27,0
DA:33,0
LF:12
LH:0
BRDA:14,0,0,0
BRDA:14,0,1,0
BRF:2
BRH:0
end_of_record
TN:
SF:app/(site)/page.tsx
FN:10,HomePage
FNF:1
FNH:0
FNDA:0,HomePage
DA:2,0
DA:3,0
DA:4,0
DA:5,0
DA:6,0
DA:7,0
DA:8,0
DA:10,0
DA:11,0
DA:18,0
DA:27,0
LF:11
LH:0
BRF:0
BRH:0
end_of_record
TN:
SF:app/(site)/about/page.tsx
FN:31,AboutPage
FN:126,(anonymous_5)
FN:157,(anonymous_6)
FNF:3
FNH:0
FNDA:0,AboutPage
FNDA:0,(anonymous_5)
FNDA:0,(anonymous_6)
DA:1,0
DA:2,0
DA:3,0
DA:4,0
DA:5,0
DA:6,0
DA:8,0
DA:31,0
DA:33,0
DA:127,0
DA:158,0
LF:11
LH:0
BRDA:147,0,0,0
BRDA:164,1,0,0
BRDA:164,1,1,0
BRDA:158,2,0,0
BRDA:158,2,1,0
BRF:5
BRH:0
end_of_record
TN:
SF:app/(site)/about/_components/about-client.tsx
FN:18,AboutClient
FN:26,(anonymous_5)
FNF:2
FNH:0
FNDA:0,AboutClient
FNDA:0,(anonymous_5)
DA:4,0
DA:5,0
DA:6,0
DA:18,0
DA:19,0
DA:26,0
LF:6
LH:0
BRDA:19,0,0,0
BRDA:19,0,1,0
BRF:2
BRH:0
end_of_record
TN:
SF:app/(site)/bespoke-solutions/page.tsx
FN:59,BespokeSolutionsPage
FN:119,(anonymous_6)
FN:139,(anonymous_7)
FNF:3
FNH:0
FNDA:0,BespokeSolutionsPage
FNDA:0,(anonymous_6)
FNDA:0,(anonymous_7)
DA:1,0
DA:2,0
DA:3,0
DA:4,0
DA:5,0
DA:6,0
DA:8,0
DA:59,0
DA:120,0
DA:140,0
LF:10
LH:0
BRF:0
BRH:0
end_of_record
TN:
SF:app/(site)/blog/page.tsx
FN:13,BlogPage
FN:17,(anonymous_6)
FN:19,(anonymous_7)
FNF:3
FNH:0
FNDA:0,BlogPage
FNDA:0,(anonymous_6)
FNDA:0,(anonymous_7)
DA:3,0
DA:4,0
DA:5,0
DA:6,0
DA:7,0
DA:8,0
DA:9,0
DA:10,0
DA:11,0
DA:13,0
DA:15,0
DA:16,0
DA:17,0
DA:19,0
LF:14
LH:0
BRDA:35,0,0,0
BRF:1
BRH:0
end_of_record
TN:
SF:app/(site)/blog/[slug]/page.tsx
FN:20,generateStaticParams
FN:26,(anonymous_8)
FN:41,BlogPostPage
FN:58,(anonymous_10)
FN:143,(anonymous_11)
FN:157,(anonymous_12)
FNF:6
FNH:0
FNDA:0,generateStaticParams
FNDA:0,(anonymous_8)
FNDA:0,BlogPostPage
FNDA:0,(anonymous_10)
FNDA:0,(anonymous_11)
FNDA:0,(anonymous_12)
DA:2,0
DA:3,0
DA:4,0
DA:5,0
DA:6,0
DA:7,0
DA:8,0
DA:9,0
DA:10,0
DA:11,0
DA:14,0
DA:15,0
DA:17,0
DA:20,0
DA:21,0
DA:22,0
DA:23,0
DA:24,0
DA:26,0
DA:27,0
DA:28,0
DA:30,0
DA:31,0
DA:41,0
DA:43,0
DA:46,0
DA:48,0
DA:49,0
DA:50,0
DA:53,0
DA:56,0
DA:57,0
DA:58,0
DA:144,0
DA:158,0
LF:35
LH:0
BRDA:17,0,0,0
BRDA:17,0,1,0
BRDA:48,1,0,0
BRDA:48,1,1,0
BRDA:58,2,0,0
BRDA:58,2,1,0
BRDA:114,3,0,0
BRDA:139,4,0,0
BRDA:139,4,1,0
BRDA:153,5,0,0
BRF:10
BRH:0
end_of_record
TN:
SF:app/(site)/blog/[slug]/_components/blog-post-client.tsx
FN:15,BlogPostClient
FN:23,(anonymous_5)
FN:29,(anonymous_6)
FN:47,(anonymous_7)
FNF:4
FNH:0
FNDA:0,BlogPostClient
FNDA:0,(anonymous_5)
FNDA:0,(anonymous_6)
FNDA:0,(anonymous_7)
DA:4,0
DA:5,0
DA:6,0
DA:7,0
DA:8,0
DA:15,0
DA:16,0
DA:21,0
DA:23,0
DA:24,0
DA:29,0
DA:30,0
DA:31,0
DA:32,0
DA:39,0
DA:43,0
DA:47,0
DA:48,0
DA:49,0
DA:51,0
DA:54,0
DA:55,0
DA:56,0
DA:57,0
DA:58,0
DA:59,0
DA:60,0
LF:27
LH:0
BRDA:30,0,0,0
BRDA:30,0,1,0
BRDA:68,1,0,0
BRDA:68,1,1,0
BRDA:74,2,0,0
BRDA:78,3,0,0
BRDA:78,3,1,0
BRF:7
BRH:0
end_of_record
TN:
SF:app/(site)/blog/_components/blog-client.tsx
FN:17,(anonymous_5)
FN:19,(anonymous_6)
FN:22,(anonymous_7)
FN:34,BlogClient
FN:45,(anonymous_9)
FN:55,(anonymous_10)
FN:58,(anonymous_11)
FN:69,(anonymous_12)
FN:109,(anonymous_13)
FN:149,(anonymous_14)
FNF:10
FNH:0
FNDA:0,(anonymous_5)
FNDA:0,(anonymous_6)
FNDA:0,(anonymous_7)
FNDA:0,BlogClient
FNDA:0,(anonymous_9)
FNDA:0,(anonymous_10)
FNDA:0,(anonymous_11)
FNDA:0,(anonymous_12)
FNDA:0,(anonymous_13)
FNDA:0,(anonymous_14)
DA:4,0
DA:5,0
DA:6,0
DA:7,0
DA:8,0
DA:9,0
DA:10,0
DA:11,0
DA:12,0
DA:13,0
DA:17,0
DA:18,0
DA:19,0
DA:20,0
DA:22,0
DA:25,0
DA:27,0
DA:34,0
DA:35,0
DA:36,0
DA:37,0
DA:39,0
DA:45,0
DA:46,0
DA:49,0
DA:50,0
DA:54,0
DA:55,0
DA:58,0
DA:62,0
DA:63,0
DA:69,0
DA:70,0
DA:110,0
DA:150,0
LF:35
LH:0
BRDA:20,0,0,0
BRDA:20,0,1,0
BRDA:20,0,2,0
BRDA:49,1,0,0
BRDA:49,1,1,0
BRDA:54,2,0,0
BRDA:54,2,1,0
BRDA:58,3,0,0
BRDA:58,3,1,0
BRDA:58,4,0,0
BRDA:58,4,1,0
BRDA:79,5,0,0
BRDA:79,5,1,0
BRDA:97,6,0,0
BRDA:97,6,1,0
BRDA:103,7,0,0
BRDA:103,7,1,0
BRDA:113,8,0,0
BRDA:113,8,1,0
BRDA:122,9,0,0
BRDA:122,9,1,0
BRDA:163,10,0,0
BRDA:163,10,1,0
BRDA:175,11,0,0
BRDA:188,12,0,0
BRDA:191,13,0,0
BRDA:191,13,1,0
BRF:27
BRH:0
end_of_record
TN:
SF:app/(site)/components/cta-section.tsx
FN:13,CTASection
FNF:1
FNH:0
FNDA:0,CTASection
DA:3,0
DA:4,0
DA:5,0
DA:6,0
DA:13,0
LF:5
LH:0
BRF:0
BRH:0
end_of_record
TN:
SF:app/(site)/components/featured-blog-section.tsx
FN:17,FeaturedBlogSection
FN:34,(anonymous_6)
FNF:2
FNH:0
FNDA:0,FeaturedBlogSection
FNDA:0,(anonymous_6)
DA:3,0
DA:4,0
DA:5,0
DA:6,0
DA:7,0
DA:8,0
DA:9,0
DA:10,0
DA:17,0
DA:19,0
DA:35,0
LF:11
LH:0
BRDA:41,0,0,0
BRDA:41,0,1,0
BRDA:72,1,0,0
BRDA:72,1,1,0
BRF:4
BRH:0
end_of_record
TN:
SF:app/(site)/components/featured-partners-section.tsx
FN:17,FeaturedPartnersSection
FN:34,(anonymous_6)
FN:64,(anonymous_7)
FNF:3
FNH:0
FNDA:0,FeaturedPartnersSection
FNDA:0,(anonymous_6)
FNDA:0,(anonymous_7)
DA:3,0
DA:4,0
DA:5,0
DA:6,0
DA:7,0
DA:8,0
DA:10,0
DA:11,0
DA:17,0
DA:19,0
DA:35,0
DA:65,0
LF:12
LH:0
BRF:0
BRH:0
end_of_record
TN:
SF:app/(site)/components/footer.tsx
FN:14,Footer
FNF:1
FNH:0
FNDA:0,Footer
DA:2,0
DA:3,0
DA:14,0
DA:16,0
LF:4
LH:0
BRDA:16,0,0,0
BRDA:16,0,1,0
BRF:2
BRH:0
end_of_record
TN:
SF:app/(site)/components/hero-client.tsx
FN:8,HeroClient
FN:12,(anonymous_6)
FNF:2
FNH:0
FNDA:0,HeroClient
FNDA:0,(anonymous_6)
DA:4,0
DA:5,0
DA:6,0
DA:8,0
DA:9,0
DA:10,0
DA:12,0
DA:13,0
DA:17,0
DA:23,0
DA:24,0
LF:11
LH:0
BRDA:17,0,0,0
BRDA:17,0,1,0
BRDA:23,1,0,0
BRDA:23,1,1,0
BRDA:24,2,0,0
BRDA:24,2,1,0
BRF:6
BRH:0
end_of_record
TN:
SF:app/(site)/components/hero-section.tsx
FN:23,HeroSection
FN:65,(anonymous_6)
FNF:2
FNH:0
FNDA:0,HeroSection
FNDA:0,(anonymous_6)
DA:3,0
DA:4,0
DA:5,0
DA:6,0
DA:7,0
DA:9,0
DA:23,0
DA:66,0
LF:8
LH:0
BRF:0
BRH:0
end_of_record
TN:
SF:app/(site)/components/navigation.tsx
FN:24,Logo
FN:28,(anonymous_6)
FN:58,Navigation
FN:71,(anonymous_8)
FN:100,(anonymous_9)
FN:104,(anonymous_10)
FNF:6
FNH:0
FNDA:0,Logo
FNDA:0,(anonymous_6)
FNDA:0,Navigation
FNDA:0,(anonymous_8)
FNDA:0,(anonymous_9)
FNDA:0,(anonymous_10)
DA:4,0
DA:5,0
DA:6,0
DA:7,0
DA:8,0
DA:9,0
DA:10,0
DA:11,0
DA:12,0
DA:13,0
DA:15,0
DA:25,0
DA:26,0
DA:28,0
DA:29,0
DA:33,0
DA:39,0
DA:40,0
DA:58,0
DA:59,0
DA:60,0
DA:72,0
DA:101,0
DA:104,0
LF:24
LH:0
BRDA:33,0,0,0
BRDA:33,0,1,0
BRDA:39,1,0,0
BRDA:39,1,1,0
BRDA:40,2,0,0
BRDA:40,2,1,0
BRDA:77,3,0,0
BRDA:77,3,1,0
BRDA:107,4,0,0
BRDA:107,4,1,0
BRF:10
BRH:0
end_of_record
TN:
SF:app/(site)/components/pagination.tsx
FN:16,Pagination
FN:17,(anonymous_5)
FN:59,(anonymous_6)
FN:66,(anonymous_7)
FN:74,(anonymous_8)
FN:86,(anonymous_9)
FNF:6
FNH:0
FNDA:0,Pagination
FNDA:0,(anonymous_5)
FNDA:0,(anonymous_6)
FNDA:0,(anonymous_7)
FNDA:0,(anonymous_8)
FNDA:0,(anonymous_9)
DA:4,0
DA:5,0
DA:6,0
DA:7,0
DA:16,0
DA:17,0
DA:18,0
DA:19,0
DA:21,0
DA:22,0
DA:23,0
DA:26,0
DA:27,0
DA:28,0
DA:30,0
DA:31,0
DA:32,0
DA:33,0
DA:34,0
DA:35,0
DA:36,0
DA:39,0
DA:40,0
DA:41,0
DA:42,0
DA:44,0
DA:45,0
DA:49,0
DA:52,0
DA:59,0
DA:67,0
DA:74,0
DA:86,0
LF:33
LH:0
BRDA:21,0,0,0
BRDA:21,0,1,0
BRDA:26,1,0,0
BRDA:26,1,1,0
BRDA:32,2,0,0
BRDA:32,2,1,0
BRDA:52,3,0,0
BRDA:52,3,1,0
BRDA:69,4,0,0
BRDA:72,5,0,0
BRDA:72,5,1,0
BRF:11
BRH:0
end_of_record
TN:
SF:app/(site)/components/products-client.tsx
FN:29,ProductsClient
FN:51,(anonymous_6)
FN:60,(anonymous_7)
FN:65,(anonymous_8)
FN:71,(anonymous_9)
FN:72,(anonymous_10)
FN:79,(anonymous_11)
FN:85,(anonymous_12)
FN:88,(anonymous_13)
FN:89,(anonymous_14)
FN:97,(anonymous_15)
FN:102,(anonymous_16)
FN:107,(anonymous_17)
FN:132,(anonymous_18)
FN:178,(anonymous_19)
FN:183,(anonymous_20)
FN:188,(anonymous_21)
FN:194,(anonymous_22)
FN:252,(anonymous_23)
FN:261,(anonymous_24)
FN:287,(anonymous_25)
FN:318,(anonymous_26)
FN:332,(anonymous_27)
FN:354,(anonymous_28)
FNF:24
FNH:0
FNDA:0,ProductsClient
FNDA:0,(anonymous_6)
FNDA:0,(anonymous_7)
FNDA:0,(anonymous_8)
FNDA:0,(anonymous_9)
FNDA:0,(anonymous_10)
FNDA:0,(anonymous_11)
FNDA:0,(anonymous_12)
FNDA:0,(anonymous_13)
FNDA:0,(anonymous_14)
FNDA:0,(anonymous_15)
FNDA:0,(anonymous_16)
FNDA:0,(anonymous_17)
FNDA:0,(anonymous_18)
FNDA:0,(anonymous_19)
FNDA:0,(anonymous_20)
FNDA:0,(anonymous_21)
FNDA:0,(anonymous_22)
FNDA:0,(anonymous_23)
FNDA:0,(anonymous_24)
FNDA:0,(anonymous_25)
FNDA:0,(anonymous_26)
FNDA:0,(anonymous_27)
FNDA:0,(anonymous_28)
DA:4,0
DA:5,0
DA:6,0
DA:7,0
DA:8,0
DA:9,0
DA:10,0
DA:11,0
DA:12,0
DA:13,0
DA:14,0
DA:15,0
DA:16,0
DA:17,0
DA:18,0
DA:21,0
DA:29,0
DA:30,0
DA:31,0
DA:34,0
DA:35,0
DA:36,0
DA:37,0
DA:38,0
DA:39,0
DA:44,0
DA:51,0
DA:52,0
DA:53,0
DA:54,0
DA:55,0
DA:56,0
DA:60,0
DA:61,0
DA:62,0
DA:65,0
DA:66,0
DA:67,0
DA:71,0
DA:72,0
DA:73,0
DA:74,0
DA:79,0
DA:80,0
DA:83,0
DA:84,0
DA:85,0
DA:86,0
DA:88,0
DA:90,0
DA:96,0
DA:97,0
DA:101,0
DA:102,0
DA:106,0
DA:107,0
DA:109,0
DA:110,0
DA:113,0
DA:114,0
DA:115,0
DA:116,0
DA:121,0
DA:125,0
DA:126,0
DA:132,0
DA:133,0
DA:136,0
DA:137,0
DA:138,0
DA:140,0
DA:145,0
DA:146,0
DA:147,0
DA:149,0
DA:154,0
DA:155,0
DA:156,0
DA:158,0
DA:163,0
DA:164,0
DA:165,0
DA:167,0
DA:171,0
DA:172,0
DA:174,0
DA:178,0
DA:179,0
DA:180,0
DA:183,0
DA:184,0
DA:185,0
DA:188,0
DA:189,0
DA:190,0
DA:194,0
DA:195,0
DA:253,0
DA:262,0
DA:263,0
DA:288,0
DA:289,0
DA:319,0
DA:333,0
DA:355,0
DA:356,0
LF:106
LH:0
BRDA:34,0,0,0
BRDA:34,0,1,0
BRDA:40,1,0,0
BRDA:40,1,1,0
BRDA:52,2,0,0
BRDA:52,2,1,0
BRDA:56,3,0,0
BRDA:56,3,1,0
BRDA:83,4,0,0
BRDA:83,4,1,0
BRDA:86,5,0,0
BRDA:86,5,1,0
BRDA:86,5,2,0
BRDA:86,5,3,0
BRDA:96,6,0,0
BRDA:96,6,1,0
BRDA:101,7,0,0
BRDA:101,7,1,0
BRDA:106,8,0,0
BRDA:106,8,1,0
BRDA:109,9,0,0
BRDA:109,9,1,0
BRDA:113,10,0,0
BRDA:113,10,1,0
BRDA:114,11,0,0
BRDA:114,11,1,0
BRDA:133,12,0,0
BRDA:133,12,1,0
BRDA:136,13,0,0
BRDA:136,13,1,0
BRDA:137,14,0,0
BRDA:137,14,1,0
BRDA:145,15,0,0
BRDA:145,15,1,0
BRDA:146,16,0,0
BRDA:146,16,1,0
BRDA:146,17,0,0
BRDA:146,17,1,0
BRDA:154,18,0,0
BRDA:154,18,1,0
BRDA:155,19,0,0
BRDA:155,19,1,0
BRDA:163,20,0,0
BRDA:163,20,1,0
BRDA:164,21,0,0
BRDA:164,21,1,0
BRDA:172,22,0,0
BRDA:172,22,1,0
BRDA:208,23,0,0
BRDA:208,23,1,0
BRDA:224,24,0,0
BRDA:224,24,1,0
BRDA:238,25,0,0
BRDA:238,25,1,0
BRDA:244,26,0,0
BRDA:244,26,1,0
BRDA:245,27,0,0
BRDA:245,27,1,0
BRDA:246,28,0,0
BRDA:246,28,1,0
BRDA:256,29,0,0
BRDA:256,29,1,0
BRDA:262,30,0,0
BRDA:262,30,1,0
BRDA:273,31,0,0
BRDA:273,31,1,0
BRDA:274,32,0,0
BRDA:274,32,1,0
BRDA:274,32,2,0
BRDA:289,33,0,0
BRDA:289,33,1,0
BRDA:296,34,0,0
BRDA:296,34,1,0
BRDA:296,34,2,0
BRDA:296,34,3,0
BRDA:296,34,4,0
BRDA:314,35,0,0
BRDA:314,35,1,0
BRDA:322,36,0,0
BRDA:322,36,1,0
BRDA:319,37,0,0
BRDA:319,37,1,0
BRDA:356,38,0,0
BRDA:356,38,1,0
BRDA:372,39,0,0
BRDA:372,39,1,0
BRDA:386,40,0,0
BRDA:399,41,0,0
BRDA:402,42,0,0
BRDA:402,42,1,0
BRF:90
BRH:0
end_of_record
TN:
SF:app/(site)/components/search-filter.tsx
FN:19,SearchFilter
FN:36,(anonymous_5)
FN:48,(anonymous_6)
FNF:3
FNH:0
FNDA:0,SearchFilter
FNDA:0,(anonymous_5)
FNDA:0,(anonymous_6)
DA:4,0
DA:5,0
DA:6,0
DA:7,0
DA:19,0
DA:36,0
DA:49,0
LF:7
LH:0
BRDA:25,0,0,0
BRDA:26,1,0,0
BRF:2
BRH:0
end_of_record
TN:
SF:app/(site)/components/services-overview-section.tsx
FN:42,ServicesOverviewSection
FN:56,(anonymous_6)
FNF:2
FNH:0
FNDA:0,ServicesOverviewSection
FNDA:0,(anonymous_6)
DA:3,0
DA:4,0
DA:5,0
DA:6,0
DA:7,0
DA:9,0
DA:42,0
DA:57,0
LF:8
LH:0
BRF:0
BRH:0
end_of_record
TN:
SF:app/(site)/components/suspense-wrapper.tsx
FN:11,SuspenseWrapper
FNF:1
FNH:0
FNDA:0,SuspenseWrapper
DA:4,0
DA:11,0
LF:2
LH:0
BRDA:13,0,0,0
BRF:1
BRH:0
end_of_record
TN:
SF:app/(site)/components/theme-provider.tsx
FN:9,detectSystemTheme
FN:15,(anonymous_5)
FN:17,(anonymous_6)
FN:28,(anonymous_7)
FN:47,EnhancedThemeProvider
FN:51,(anonymous_9)
FN:61,(anonymous_10)
FN:83,(anonymous_11)
FN:92,(anonymous_12)
FN:105,(anonymous_13)
FN:125,ThemeProvider
FNF:11
FNH:0
FNDA:0,detectSystemTheme
FNDA:0,(anonymous_5)
FNDA:0,(anonymous_6)
FNDA:0,(anonymous_7)
FNDA:0,EnhancedThemeProvider
FNDA:0,(anonymous_9)
FNDA:0,(anonymous_10)
FNDA:0,(anonymous_11)
FNDA:0,(anonymous_12)
FNDA:0,(anonymous_13)
FNDA:0,ThemeProvider
DA:3,0
DA:4,0
DA:10,0
DA:13,0
DA:15,0
DA:18,0
DA:19,0
DA:20,0
DA:21,0
DA:22,0
DA:23,0
DA:24,0
DA:25,0
DA:29,0
DA:36,0
DA:37,0
DA:38,0
DA:40,0
DA:44,0
DA:48,0
DA:49,0
DA:51,0
DA:52,0
DA:55,0
DA:56,0
DA:59,0
DA:61,0
DA:62,0
DA:63,0
DA:64,0
DA:68,0
DA:69,0
DA:72,0
DA:76,0
DA:79,0
DA:81,0
DA:83,0
DA:84,0
DA:85,0
DA:86,0
DA:87,0
DA:92,0
DA:93,0
DA:94,0
DA:96,0
DA:98,0
DA:99,0
DA:105,0
DA:106,0
DA:108,0
DA:125,0
LF:51
LH:0
BRDA:10,0,0,0
BRDA:10,0,1,0
BRDA:29,1,0,0
BRDA:29,1,1,0
BRDA:29,2,0,0
BRDA:29,2,1,0
BRDA:38,3,0,0
BRDA:38,3,1,0
BRDA:62,4,0,0
BRDA:62,4,1,0
BRDA:68,5,0,0
BRDA:68,5,1,0
BRDA:76,6,0,0
BRDA:76,6,1,0
BRDA:76,6,2,0
BRDA:81,7,0,0
BRDA:81,7,1,0
BRDA:85,8,0,0
BRDA:85,8,1,0
BRDA:93,9,0,0
BRDA:93,9,1,0
BRDA:98,10,0,0
BRDA:98,10,1,0
BRDA:106,11,0,0
BRDA:106,11,1,0
BRDA:106,12,0,0
BRDA:106,12,1,0
BRF:27
BRH:0
end_of_record
TN:
SF:app/(site)/components/theme-toggle.tsx
FN:9,ThemeToggle
FN:15,(anonymous_5)
FN:55,(anonymous_6)
FN:65,(anonymous_7)
FN:72,(anonymous_8)
FN:92,(anonymous_9)
FN:101,(anonymous_10)
FN:113,(anonymous_11)
FN:129,(anonymous_12)
FN:135,(anonymous_13)
FNF:10
FNH:0
FNDA:0,ThemeToggle
FNDA:0,(anonymous_5)
FNDA:0,(anonymous_6)
FNDA:0,(anonymous_7)
FNDA:0,(anonymous_8)
FNDA:0,(anonymous_9)
FNDA:0,(anonymous_10)
FNDA:0,(anonymous_11)
FNDA:0,(anonymous_12)
FNDA:0,(anonymous_13)
DA:4,0
DA:5,0
DA:6,0
DA:7,0
DA:9,0
DA:10,0
DA:11,0
DA:12,0
DA:15,0
DA:16,0
DA:19,0
DA:22,0
DA:24,0
DA:26,0
DA:27,0
DA:30,0
DA:31,0
DA:32,0
DA:33,0
DA:35,0
DA:36,0
DA:38,0
DA:40,0
DA:43,0
DA:44,0
DA:47,0
DA:52,0
DA:55,0
DA:56,0
DA:59,0
DA:60,0
DA:63,0
DA:65,0
DA:66,0
DA:67,0
DA:70,0
DA:72,0
DA:73,0
DA:74,0
DA:79,0
DA:80,0
DA:82,0
DA:86,0
DA:89,0
DA:91,0
DA:92,0
DA:93,0
DA:94,0
DA:95,0
DA:96,0
DA:101,0
DA:102,0
DA:103,0
DA:105,0
DA:107,0
DA:108,0
DA:113,0
DA:115,0
DA:116,0
DA:117,0
DA:118,0
DA:120,0
DA:124,0
DA:125,0
DA:129,0
DA:130,0
DA:131,0
DA:132,0
DA:135,0
DA:136,0
DA:148,0
DA:154,0
LF:72
LH:0
BRDA:16,0,0,0
BRDA:16,0,1,0
BRDA:19,1,0,0
BRDA:19,1,1,0
BRDA:19,1,2,0
BRDA:22,2,0,0
BRDA:22,2,1,0
BRDA:27,3,0,0
BRDA:27,3,1,0
BRDA:40,4,0,0
BRDA:40,4,1,0
BRDA:44,5,0,0
BRDA:44,5,1,0
BRDA:44,6,0,0
BRDA:44,6,1,0
BRDA:52,7,0,0
BRDA:52,7,1,0
BRDA:70,8,0,0
BRDA:70,8,1,0
BRDA:79,9,0,0
BRDA:79,9,1,0
BRDA:86,10,0,0
BRDA:86,10,1,0
BRDA:86,10,2,0
BRDA:91,11,0,0
BRDA:91,11,1,0
BRDA:94,12,0,0
BRDA:94,12,1,0
BRDA:102,13,0,0
BRDA:102,13,1,0
BRDA:107,14,0,0
BRDA:107,14,1,0
BRDA:115,15,0,0
BRDA:115,15,1,0
BRDA:117,16,0,0
BRDA:117,16,1,0
BRDA:124,17,0,0
BRDA:124,17,1,0
BRDA:124,18,0,0
BRDA:124,18,1,0
BRDA:130,19,0,0
BRDA:130,19,1,0
BRDA:131,20,0,0
BRDA:131,20,1,0
BRDA:136,21,0,0
BRDA:136,21,1,0
BRDA:142,22,0,0
BRDA:148,23,0,0
BRDA:148,23,1,0
BRDA:154,24,0,0
BRDA:154,24,1,0
BRDA:175,25,0,0
BRDA:175,25,1,0
BRF:53
BRH:0
end_of_record
TN:
SF:app/(site)/components/vendor-card.tsx
FN:25,VendorCard
FN:76,(anonymous_6)
FN:99,(anonymous_7)
FN:178,(anonymous_8)
FNF:4
FNH:0
FNDA:0,VendorCard
FNDA:0,(anonymous_6)
FNDA:0,(anonymous_7)
FNDA:0,(anonymous_8)
DA:3,0
DA:4,0
DA:5,0
DA:6,0
DA:7,0
DA:8,0
DA:9,0
DA:10,0
DA:12,0
DA:25,0
DA:77,0
DA:78,0
DA:100,0
DA:179,0
DA:180,0
DA:181,0
LF:16
LH:0
BRDA:28,0,0,0
BRDA:29,1,0,0
BRDA:30,2,0,0
BRDA:33,3,0,0
BRDA:38,4,0,0
BRDA:38,4,1,0
BRDA:41,5,0,0
BRDA:41,5,1,0
BRDA:49,6,0,0
BRDA:49,6,1,0
BRDA:63,7,0,0
BRDA:66,8,0,0
BRDA:69,9,0,0
BRDA:78,10,0,0
BRDA:78,10,1,0
BRDA:111,11,0,0
BRDA:120,12,0,0
BRDA:130,13,0,0
BRDA:133,14,0,0
BRDA:133,14,1,0
BRDA:139,15,0,0
BRDA:139,15,1,0
BRDA:142,16,0,0
BRDA:142,16,1,0
BRDA:145,17,0,0
BRDA:145,17,1,0
BRDA:148,18,0,0
BRDA:148,18,1,0
BRDA:151,19,0,0
BRDA:151,19,1,0
BRDA:157,20,0,0
BRDA:157,20,1,0
BRDA:160,21,0,0
BRDA:160,21,1,0
BRDA:163,22,0,0
BRDA:163,22,1,0
BRDA:166,23,0,0
BRDA:166,23,1,0
BRDA:173,24,0,0
BRDA:180,25,0,0
BRDA:180,25,1,0
BRF:41
BRH:0
end_of_record
TN:
SF:app/(site)/components/vendors-client.tsx
FN:28,VendorsClient
FN:60,(anonymous_5)
FN:69,(anonymous_6)
FN:80,(anonymous_7)
FN:96,(anonymous_8)
FN:101,(anonymous_9)
FN:107,(anonymous_10)
FN:112,(anonymous_11)
FN:118,(anonymous_12)
FN:121,(anonymous_13)
FN:127,(anonymous_14)
FN:132,(anonymous_15)
FN:162,(anonymous_16)
FN:208,(anonymous_17)
FN:213,(anonymous_18)
FN:218,(anonymous_19)
FN:224,(anonymous_20)
FN:230,(anonymous_21)
FN:237,(anonymous_22)
FN:311,(anonymous_23)
FN:313,(anonymous_24)
FNF:21
FNH:0
FNDA:0,VendorsClient
FNDA:0,(anonymous_5)
FNDA:0,(anonymous_6)
FNDA:0,(anonymous_7)
FNDA:0,(anonymous_8)
FNDA:0,(anonymous_9)
FNDA:0,(anonymous_10)
FNDA:0,(anonymous_11)
FNDA:0,(anonymous_12)
FNDA:0,(anonymous_13)
FNDA:0,(anonymous_14)
FNDA:0,(anonymous_15)
FNDA:0,(anonymous_16)
FNDA:0,(anonymous_17)
FNDA:0,(anonymous_18)
FNDA:0,(anonymous_19)
FNDA:0,(anonymous_20)
FNDA:0,(anonymous_21)
FNDA:0,(anonymous_22)
FNDA:0,(anonymous_23)
FNDA:0,(anonymous_24)
DA:3,0
DA:4,0
DA:5,0
DA:6,0
DA:7,0
DA:8,0
DA:9,0
DA:10,0
DA:11,0
DA:13,0
DA:14,0
DA:16,0
DA:28,0
DA:37,0
DA:38,0
DA:41,0
DA:42,0
DA:43,0
DA:44,0
DA:45,0
DA:46,0
DA:51,0
DA:52,0
DA:54,0
DA:60,0
DA:61,0
DA:62,0
DA:63,0
DA:64,0
DA:65,0
DA:69,0
DA:70,0
DA:73,0
DA:74,0
DA:77,0
DA:80,0
DA:81,0
DA:82,0
DA:90,0
DA:93,0
DA:96,0
DA:97,0
DA:100,0
DA:101,0
DA:106,0
DA:107,0
DA:111,0
DA:112,0
DA:116,0
DA:117,0
DA:118,0
DA:119,0
DA:121,0
DA:126,0
DA:127,0
DA:132,0
DA:134,0
DA:135,0
DA:136,0
DA:140,0
DA:141,0
DA:143,0
DA:144,0
DA:148,0
DA:151,0
DA:155,0
DA:156,0
DA:162,0
DA:163,0
DA:166,0
DA:167,0
DA:168,0
DA:170,0
DA:175,0
DA:176,0
DA:177,0
DA:179,0
DA:184,0
DA:185,0
DA:186,0
DA:188,0
DA:193,0
DA:194,0
DA:195,0
DA:197,0
DA:201,0
DA:202,0
DA:204,0
DA:208,0
DA:209,0
DA:210,0
DA:213,0
DA:214,0
DA:215,0
DA:218,0
DA:219,0
DA:220,0
DA:224,0
DA:225,0
DA:226,0
DA:227,0
DA:230,0
DA:231,0
DA:232,0
DA:233,0
DA:237,0
DA:238,0
DA:313,0
DA:314,0
DA:316,0
DA:318,0
LF:111
LH:0
BRDA:31,0,0,0
BRDA:32,1,0,0
BRDA:33,2,0,0
BRDA:34,3,0,0
BRDA:35,4,0,0
BRDA:41,5,0,0
BRDA:41,5,1,0
BRDA:47,6,0,0
BRDA:47,6,1,0
BRDA:61,7,0,0
BRDA:61,7,1,0
BRDA:65,8,0,0
BRDA:65,8,1,0
BRDA:73,9,0,0
BRDA:73,9,1,0
BRDA:93,10,0,0
BRDA:93,10,1,0
BRDA:100,11,0,0
BRDA:100,11,1,0
BRDA:106,12,0,0
BRDA:106,12,1,0
BRDA:111,13,0,0
BRDA:111,13,1,0
BRDA:116,14,0,0
BRDA:116,14,1,0
BRDA:119,15,0,0
BRDA:119,15,1,0
BRDA:119,15,2,0
BRDA:126,16,0,0
BRDA:126,16,1,0
BRDA:134,17,0,0
BRDA:134,17,1,0
BRDA:135,18,0,0
BRDA:135,18,1,0
BRDA:136,19,0,0
BRDA:136,19,1,0
BRDA:140,20,0,0
BRDA:140,20,1,0
BRDA:141,21,0,0
BRDA:141,21,1,0
BRDA:143,22,0,0
BRDA:143,22,1,0
BRDA:163,23,0,0
BRDA:163,23,1,0
BRDA:166,24,0,0
BRDA:166,24,1,0
BRDA:167,25,0,0
BRDA:167,25,1,0
BRDA:175,26,0,0
BRDA:175,26,1,0
BRDA:176,27,0,0
BRDA:176,27,1,0
BRDA:176,28,0,0
BRDA:176,28,1,0
BRDA:184,29,0,0
BRDA:184,29,1,0
BRDA:185,30,0,0
BRDA:185,30,1,0
BRDA:193,31,0,0
BRDA:193,31,1,0
BRDA:194,32,0,0
BRDA:194,32,1,0
BRDA:202,33,0,0
BRDA:202,33,1,0
BRDA:246,34,0,0
BRDA:246,34,1,0
BRDA:256,35,0,0
BRDA:256,35,1,0
BRDA:266,36,0,0
BRDA:266,36,1,0
BRDA:282,37,0,0
BRDA:282,37,1,0
BRDA:298,38,0,0
BRDA:298,38,1,0
BRDA:304,39,0,0
BRDA:304,39,1,0
BRDA:305,40,0,0
BRDA:305,40,1,0
BRDA:314,41,0,0
BRDA:314,41,1,0
BRDA:335,42,0,0
BRDA:348,43,0,0
BRDA:351,44,0,0
BRDA:351,44,1,0
BRF:84
BRH:0
end_of_record
TN:
SF:app/(site)/components/ui/accordion.tsx
FNF:0
FNH:0
DA:3,0
DA:4,0
DA:5,0
DA:7,0
DA:9,0
DA:21,0
DA:41,0
DA:56,0
DA:58,0
LF:9
LH:0
BRF:0
BRH:0
end_of_record
TN:
SF:app/(site)/components/ui/alert-dialog.tsx
FNF:0
FNH:0
DA:3,0
DA:4,0
DA:6,0
DA:7,0
DA:9,0
DA:11,0
DA:13,0
DA:28,0
DA:46,0
DA:60,0
DA:74,0
DA:86,0
DA:98,0
DA:111,0
DA:127,0
DA:130,0
DA:131,0
DA:132,0
DA:133,0
DA:134,0
DA:135,0
DA:136,0
DA:137,0
DA:138,0
DA:139,0
DA:140,0
LF:26
LH:0
BRF:0
BRH:0
end_of_record
TN:
SF:app/(site)/components/ui/alert.tsx
FNF:0
FNH:0
DA:1,0
DA:2,0
DA:4,0
DA:6,0
DA:33,0
DA:45,0
DA:57,0
DA:59,0
LF:8
LH:0
BRF:0
BRH:0
end_of_record
TN:
SF:app/(site)/components/ui/aspect-ratio.tsx
FNF:0
FNH:0
DA:3,0
DA:5,0
DA:7,0
LF:3
LH:0
BRF:0
BRH:0
end_of_record
TN:
SF:app/(site)/components/ui/avatar.tsx
FNF:0
FNH:0
DA:3,0
DA:4,0
DA:6,0
DA:21,0
DA:33,0
DA:48,0
DA:50,0
LF:7
LH:0
BRF:0
BRH:0
end_of_record
TN:
SF:app/(site)/components/ui/badge.tsx
FN:33,Badge
FNF:1
FNH:0
FNDA:0,Badge
DA:2,0
DA:3,0
DA:5,0
DA:7,0
DA:39,0
LF:5
LH:0
BRF:0
BRH:0
end_of_record
TN:
SF:app/(site)/components/ui/breadcrumb.tsx
FN:47,(anonymous_14)
FNF:1
FNH:0
FNDA:0,(anonymous_14)
DA:1,0
DA:2,0
DA:3,0
DA:5,0
DA:13,0
DA:28,0
DA:40,0
DA:42,0
DA:48,0
DA:58,0
DA:73,0
DA:89,0
DA:105,0
DA:108,0
DA:109,0
DA:110,0
DA:111,0
DA:112,0
DA:113,0
DA:114,0
LF:20
LH:0
BRDA:48,0,0,0
BRDA:48,0,1,0
BRDA:86,1,0,0
BRDA:86,1,1,0
BRF:4
BRH:0
end_of_record
TN:
SF:app/(site)/components/ui/button.tsx
FN:45,(anonymous_6)
FNF:1
FNH:0
FNDA:0,(anonymous_6)
DA:2,0
DA:3,0
DA:4,0
DA:6,0
DA:8,0
DA:44,0
DA:46,0
DA:56,0
DA:58,0
LF:9
LH:0
BRDA:45,0,0,0
BRDA:46,1,0,0
BRDA:46,1,1,0
BRF:3
BRH:0
end_of_record
TN:
SF:app/(site)/components/ui/calendar.tsx
FN:12,Calendar
FNF:1
FNH:0
FNDA:0,Calendar
DA:3,0
DA:4,0
DA:5,0
DA:7,0
DA:8,0
DA:64,0
DA:66,0
LF:7
LH:0
BRDA:15,0,0,0
BRF:1
BRH:0
end_of_record
TN:
SF:app/(site)/components/ui/card.tsx
FNF:0
FNH:0
DA:2,0
DA:4,0
DA:19,0
DA:27,0
DA:42,0
DA:54,0
DA:62,0
DA:74,0
DA:76,0
LF:9
LH:0
BRF:0
BRH:0
end_of_record
TN:
SF:app/(site)/components/ui/carousel.tsx
FN:35,useCarousel
FN:49,(anonymous_11)
FN:71,(anonymous_12)
FN:80,(anonymous_13)
FN:84,(anonymous_14)
FN:89,(anonymous_15)
FN:101,(anonymous_16)
FN:109,(anonymous_17)
FN:118,(anonymous_18)
FN:156,(anonymous_19)
FN:178,(anonymous_20)
FN:200,(anonymous_21)
FN:229,(anonymous_22)
FNF:13
FNH:0
FNDA:0,useCarousel
FNDA:0,(anonymous_11)
FNDA:0,(anonymous_12)
FNDA:0,(anonymous_13)
FNDA:0,(anonymous_14)
FNDA:0,(anonymous_15)
FNDA:0,(anonymous_16)
FNDA:0,(anonymous_17)
FNDA:0,(anonymous_18)
FNDA:0,(anonymous_19)
FNDA:0,(anonymous_20)
FNDA:0,(anonymous_21)
FNDA:0,(anonymous_22)
DA:3,0
DA:6,0
DA:7,0
DA:9,0
DA:10,0
DA:33,0
DA:36,0
DA:38,0
DA:39,0
DA:42,0
DA:45,0
DA:61,0
DA:68,0
DA:69,0
DA:71,0
DA:72,0
DA:73,0
DA:76,0
DA:77,0
DA:80,0
DA:81,0
DA:84,0
DA:85,0
DA:88,0
DA:90,0
DA:91,0
DA:92,0
DA:93,0
DA:94,0
DA:95,0
DA:101,0
DA:102,0
DA:103,0
DA:106,0
DA:109,0
DA:110,0
DA:111,0
DA:114,0
DA:115,0
DA:116,0
DA:118,0
DA:119,0
DA:151,0
DA:153,0
DA:157,0
DA:173,0
DA:175,0
DA:179,0
DA:195,0
DA:197,0
DA:201,0
DA:224,0
DA:226,0
DA:230,0
DA:253,0
DA:257,0
DA:258,0
DA:259,0
DA:260,0
DA:261,0
LF:60
LH:0
BRDA:38,0,0,0
BRDA:38,0,1,0
BRDA:51,1,0,0
BRDA:64,2,0,0
BRDA:64,2,1,0
BRDA:72,3,0,0
BRDA:72,3,1,0
BRDA:90,4,0,0
BRDA:90,4,1,0
BRDA:93,5,0,0
BRDA:93,5,1,0
BRDA:102,6,0,0
BRDA:102,6,1,0
BRDA:102,7,0,0
BRDA:102,7,1,0
BRDA:110,8,0,0
BRDA:110,8,1,0
BRDA:130,9,0,0
BRDA:130,9,1,0
BRDA:130,10,0,0
BRDA:130,10,1,0
BRDA:165,11,0,0
BRDA:165,11,1,0
BRDA:188,12,0,0
BRDA:188,12,1,0
BRDA:200,13,0,0
BRDA:200,14,0,0
BRDA:210,15,0,0
BRDA:210,15,1,0
BRDA:229,16,0,0
BRDA:229,17,0,0
BRDA:239,18,0,0
BRDA:239,18,1,0
BRF:33
BRH:0
end_of_record
TN:
SF:app/(site)/components/ui/checkbox.tsx
FNF:0
FNH:0
DA:3,0
DA:4,0
DA:5,0
DA:7,0
DA:28,0
DA:30,0
LF:6
LH:0
BRF:0
BRH:0
end_of_record
TN:
SF:app/(site)/components/ui/collapsible.tsx
FNF:0
FNH:0
DA:3,0
DA:5,0
DA:7,0
DA:9,0
DA:11,0
LF:5
LH:0
BRF:0
BRH:0
end_of_record
TN:
SF:app/(site)/components/ui/command.tsx
FN:28,(anonymous_14)
FN:129,(anonymous_21)
FNF:2
FNH:0
FNDA:0,(anonymous_14)
FNDA:0,(anonymous_21)
DA:3,0
DA:5,0
DA:6,0
DA:8,0
DA:9,0
DA:24,0
DA:28,0
DA:57,0
DA:70,0
DA:83,0
DA:99,0
DA:111,0
DA:127,0
DA:129,0
DA:143,0
DA:146,0
DA:147,0
DA:148,0
DA:149,0
DA:150,0
DA:151,0
DA:152,0
DA:153,0
DA:154,0
LF:24
LH:0
BRF:0
BRH:0
end_of_record
TN:
SF:app/(site)/components/ui/context-menu.tsx
FN:168,(anonymous_27)
FNF:1
FNH:0
FNDA:0,(anonymous_27)
DA:3,0
DA:4,0
DA:5,0
DA:7,0
DA:9,0
DA:11,0
DA:13,0
DA:15,0
DA:17,0
DA:19,0
DA:40,0
DA:55,0
DA:72,0
DA:90,0
DA:113,0
DA:136,0
DA:154,0
DA:166,0
DA:168,0
DA:182,0
DA:185,0
DA:186,0
DA:187,0
DA:188,0
DA:189,0
DA:190,0
DA:191,0
DA:192,0
DA:193,0
DA:194,0
DA:195,0
DA:196,0
DA:197,0
DA:198,0
DA:199,0
LF:35
LH:0
BRDA:31,0,0,0
BRDA:31,0,1,0
BRDA:84,1,0,0
BRDA:84,1,1,0
BRDA:148,2,0,0
BRDA:148,2,1,0
BRF:6
BRH:0
end_of_record
TN:
SF:app/(site)/components/ui/date-range-picker.tsx
FN:20,DateRangePicker
FN:58,(anonymous_5)
FNF:2
FNH:0
FNDA:0,DateRangePicker
FNDA:0,(anonymous_5)
DA:1,0
DA:2,0
DA:3,0
DA:5,0
DA:6,0
DA:7,0
DA:12,0
DA:20,0
DA:58,0
LF:9
LH:0
BRDA:34,0,0,0
BRDA:34,0,1,0
BRDA:39,1,0,0
BRDA:39,2,0,0
BRDA:39,2,1,0
BRF:5
BRH:0
end_of_record
TN:
SF:app/(site)/components/ui/dialog.tsx
FNF:0
FNH:0
DA:3,0
DA:4,0
DA:5,0
DA:7,0
DA:9,0
DA:11,0
DA:13,0
DA:15,0
DA:30,0
DA:54,0
DA:68,0
DA:82,0
DA:97,0
DA:109,0
DA:112,0
DA:113,0
DA:114,0
DA:115,0
DA:116,0
DA:117,0
DA:118,0
DA:119,0
DA:120,0
DA:121,0
LF:24
LH:0
BRF:0
BRH:0
end_of_record
TN:
SF:app/(site)/components/ui/drawer.tsx
FNF:0
FNH:0
DA:3,0
DA:4,0
DA:6,0
DA:17,0
DA:19,0
DA:21,0
DA:23,0
DA:35,0
DA:56,0
DA:67,0
DA:78,0
DA:93,0
DA:105,0
DA:108,0
DA:109,0
DA:110,0
DA:111,0
DA:112,0
DA:113,0
DA:114,0
DA:115,0
DA:116,0
DA:117,0
LF:23
LH:0
BRDA:9,0,0,0
BRF:1
BRH:0
end_of_record
TN:
SF:app/(site)/components/ui/dropdown-menu.tsx
FN:173,(anonymous_27)
FNF:1
FNH:0
FNDA:0,(anonymous_27)
DA:3,0
DA:4,0
DA:5,0
DA:7,0
DA:9,0
DA:11,0
DA:13,0
DA:15,0
DA:17,0
DA:19,0
DA:40,0
DA:57,0
DA:77,0
DA:95,0
DA:118,0
DA:141,0
DA:159,0
DA:171,0
DA:173,0
DA:184,0
DA:187,0
DA:188,0
DA:189,0
DA:190,0
DA:191,0
DA:192,0
DA:193,0
DA:194,0
DA:195,0
DA:196,0
DA:197,0
DA:198,0
DA:199,0
DA:200,0
DA:201,0
LF:35
LH:0
BRDA:31,0,0,0
BRDA:31,0,1,0
BRDA:63,1,0,0
BRDA:89,2,0,0
BRDA:89,2,1,0
BRDA:153,3,0,0
BRDA:153,3,1,0
BRF:7
BRH:0
end_of_record
TN:
SF:app/(site)/components/ui/form.tsx
FN:31,(anonymous_12)
FN:44,(anonymous_13)
FN:78,(anonymous_14)
FN:92,(anonymous_15)
FN:109,(anonymous_16)
FN:132,(anonymous_17)
FN:149,(anonymous_18)
FNF:7
FNH:0
FNDA:0,(anonymous_12)
FNDA:0,(anonymous_13)
FNDA:0,(anonymous_14)
FNDA:0,(anonymous_15)
FNDA:0,(anonymous_16)
FNDA:0,(anonymous_17)
FNDA:0,(anonymous_18)
DA:3,0
DA:5,0
DA:13,0
DA:15,0
DA:16,0
DA:18,0
DA:27,0
DA:31,0
DA:44,0
DA:45,0
DA:46,0
DA:47,0
DA:49,0
DA:51,0
DA:52,0
DA:55,0
DA:57,0
DA:71,0
DA:75,0
DA:79,0
DA:87,0
DA:89,0
DA:93,0
DA:104,0
DA:106,0
DA:111,0
DA:127,0
DA:129,0
DA:133,0
DA:144,0
DA:146,0
DA:150,0
DA:151,0
DA:153,0
DA:154,0
DA:168,0
DA:171,0
DA:172,0
DA:173,0
DA:174,0
DA:175,0
DA:176,0
DA:177,0
DA:178,0
LF:44
LH:0
BRDA:51,0,0,0
BRDA:51,0,1,0
BRDA:98,1,0,0
BRDA:98,1,1,0
BRDA:118,2,0,0
BRDA:118,2,1,0
BRDA:151,3,0,0
BRDA:151,3,1,0
BRDA:153,4,0,0
BRDA:153,4,1,0
BRF:10
BRH:0
end_of_record
TN:
SF:app/(site)/components/ui/hover-card.tsx
FNF:0
FNH:0
DA:3,0
DA:4,0
DA:6,0
DA:8,0
DA:10,0
DA:27,0
DA:29,0
LF:7
LH:0
BRDA:15,0,0,0
BRDA:15,1,0,0
BRF:2
BRH:0
end_of_record
TN:
SF:app/(site)/components/ui/input-otp.tsx
FN:36,(anonymous_10)
FNF:1
FNH:0
FNDA:0,(anonymous_10)
DA:3,0
DA:4,0
DA:5,0
DA:7,0
DA:23,0
DA:31,0
DA:33,0
DA:37,0
DA:38,0
DA:59,0
DA:69,0
DA:71,0
LF:12
LH:0
BRDA:45,0,0,0
BRDA:45,0,1,0
BRDA:51,1,0,0
BRF:3
BRH:0
end_of_record
TN:
SF:app/(site)/components/ui/input.tsx
FN:10,(anonymous_4)
FNF:1
FNH:0
FNDA:0,(anonymous_4)
DA:2,0
DA:4,0
DA:9,0
DA:24,0
DA:26,0
LF:5
LH:0
BRF:0
BRH:0
end_of_record
TN:
SF:app/(site)/components/ui/label.tsx
FNF:0
FNH:0
DA:4,0
DA:5,0
DA:6,0
DA:8,0
DA:10,0
DA:25,0
DA:27,0
LF:7
LH:0
BRF:0
BRH:0
end_of_record
TN:
SF:app/(site)/components/ui/menubar.tsx
FN:203,(anonymous_30)
FNF:1
FNH:0
FNDA:0,(anonymous_30)
DA:3,0
DA:4,0
DA:5,0
DA:7,0
DA:9,0
DA:11,0
DA:13,0
DA:15,0
DA:17,0
DA:32,0
DA:47,0
DA:68,0
DA:83,0
DA:108,0
DA:126,0
DA:149,0
DA:171,0
DA:189,0
DA:201,0
DA:203,0
DA:217,0
DA:220,0
DA:221,0
DA:222,0
DA:223,0
DA:224,0
DA:225,0
DA:226,0
DA:227,0
DA:228,0
DA:229,0
DA:230,0
DA:231,0
DA:232,0
DA:233,0
DA:234,0
DA:235,0
LF:37
LH:0
BRDA:59,0,0,0
BRDA:59,0,1,0
BRDA:90,1,0,0
BRDA:90,2,0,0
BRDA:90,3,0,0
BRDA:120,4,0,0
BRDA:120,4,1,0
BRDA:183,5,0,0
BRDA:183,5,1,0
BRF:9
BRH:0
end_of_record
TN:
SF:app/(site)/components/ui/navigation-menu.tsx
FNF:0
FNH:0
DA:1,0
DA:2,0
DA:3,0
DA:4,0
DA:6,0
DA:24,0
DA:39,0
DA:41,0
DA:43,0
DA:63,0
DA:78,0
DA:80,0
DA:97,0
DA:115,0
DA:119,0
DA:120,0
DA:121,0
DA:122,0
DA:123,0
DA:124,0
DA:125,0
DA:126,0
DA:127,0
LF:23
LH:0
BRF:0
BRH:0
end_of_record
TN:
SF:app/(site)/components/ui/pagination.tsx
FNF:0
FNH:0
DA:1,0
DA:2,0
DA:4,0
DA:5,0
DA:15,0
DA:27,0
DA:35,0
DA:60,0
DA:76,0
DA:92,0
DA:107,0
DA:110,0
DA:111,0
DA:112,0
DA:113,0
DA:114,0
DA:115,0
DA:116,0
LF:18
LH:0
BRDA:45,0,0,0
BRDA:49,1,0,0
BRDA:49,1,1,0
BRDA:52,2,0,0
BRDA:52,2,1,0
BRF:5
BRH:0
end_of_record
TN:
SF:app/(site)/components/ui/popover.tsx
FNF:0
FNH:0
DA:3,0
DA:4,0
DA:6,0
DA:8,0
DA:10,0
DA:29,0
DA:31,0
LF:7
LH:0
BRDA:15,0,0,0
BRDA:15,1,0,0
BRF:2
BRH:0
end_of_record
TN:
SF:app/(site)/components/ui/progress.tsx
FNF:0
FNH:0
DA:3,0
DA:4,0
DA:6,0
DA:26,0
DA:28,0
LF:5
LH:0
BRDA:22,0,0,0
BRDA:22,0,1,0
BRF:2
BRH:0
end_of_record
TN:
SF:app/(site)/components/ui/radio-group.tsx
FN:12,(anonymous_6)
FN:26,(anonymous_7)
FNF:2
FNH:0
FNDA:0,(anonymous_6)
FNDA:0,(anonymous_7)
DA:3,0
DA:4,0
DA:5,0
DA:7,0
DA:9,0
DA:21,0
DA:23,0
DA:42,0
DA:44,0
LF:9
LH:0
BRF:0
BRH:0
end_of_record
TN:
SF:app/(site)/components/ui/resizable.tsx
FNF:0
FNH:0
DA:3,0
DA:4,0
DA:6,0
DA:21,0
DA:45,0
LF:5
LH:0
BRDA:37,0,0,0
BRF:1
BRH:0
end_of_record
TN:
SF:app/(site)/components/ui/scroll-area.tsx
FNF:0
FNH:0
DA:3,0
DA:4,0
DA:6,0
DA:24,0
DA:46,0
DA:48,0
LF:6
LH:0
BRDA:29,0,0,0
BRDA:35,1,0,0
BRDA:35,1,1,0
BRDA:37,2,0,0
BRDA:37,2,1,0
BRF:5
BRH:0
end_of_record
TN:
SF:app/(site)/components/ui/select.tsx
FNF:0
FNH:0
DA:4,0
DA:5,0
DA:6,0
DA:8,0
DA:10,0
DA:12,0
DA:14,0
DA:34,0
DA:51,0
DA:68,0
DA:107,0
DA:119,0
DA:142,0
DA:154,0
DA:157,0
DA:158,0
DA:159,0
DA:160,0
DA:161,0
DA:162,0
DA:163,0
DA:164,0
DA:165,0
DA:166,0
LF:24
LH:0
BRDA:74,0,0,0
BRDA:80,1,0,0
BRDA:80,1,1,0
BRDA:92,2,0,0
BRDA:92,2,1,0
BRDA:96,3,0,0
BRDA:96,3,1,0
BRF:7
BRH:0
end_of_record
TN:
SF:app/(site)/components/ui/separator.tsx
FNF:0
FNH:0
DA:3,0
DA:4,0
DA:6,0
DA:29,0
DA:31,0
LF:5
LH:0
BRDA:13,0,0,0
BRDA:13,1,0,0
BRDA:22,2,0,0
BRDA:22,2,1,0
BRF:4
BRH:0
end_of_record
TN:
SF:app/(site)/components/ui/sheet.tsx
FNF:0
FNH:0
DA:4,0
DA:5,0
DA:6,0
DA:7,0
DA:9,0
DA:11,0
DA:13,0
DA:15,0
DA:17,0
DA:32,0
DA:34,0
DA:76,0
DA:90,0
DA:104,0
DA:116,0
DA:128,0
DA:131,0
DA:132,0
DA:133,0
DA:134,0
DA:135,0
DA:136,0
DA:137,0
DA:138,0
DA:139,0
DA:140,0
LF:26
LH:0
BRDA:60,0,0,0
BRF:1
BRH:0
end_of_record
TN:
SF:app/(site)/components/ui/skeleton.tsx
FN:3,Skeleton
FNF:1
FNH:0
FNDA:0,Skeleton
DA:1,0
DA:15,0
LF:2
LH:0
BRF:0
BRH:0
end_of_record
TN:
SF:app/(site)/components/ui/slider.tsx
FNF:0
FNH:0
DA:3,0
DA:4,0
DA:6,0
DA:26,0
DA:28,0
LF:5
LH:0
BRF:0
BRH:0
end_of_record
TN:
SF:app/(site)/components/ui/sonner.tsx
FN:9,(anonymous_1)
FNF:1
FNH:0
FNDA:0,(anonymous_1)
DA:4,0
DA:5,0
DA:9,0
DA:10,0
DA:32,0
LF:5
LH:0
BRDA:10,0,0,0
BRF:1
BRH:0
end_of_record
TN:
SF:app/(site)/components/ui/switch.tsx
FNF:0
FNH:0
DA:3,0
DA:4,0
DA:6,0
DA:27,0
DA:29,0
LF:5
LH:0
BRF:0
BRH:0
end_of_record
TN:
SF:app/(site)/components/ui/table.tsx
FNF:0
FNH:0
DA:1,0
DA:3,0
DA:17,0
DA:25,0
DA:37,0
DA:52,0
DA:67,0
DA:82,0
DA:94,0
DA:106,0
DA:109,0
DA:110,0
DA:111,0
DA:112,0
DA:113,0
DA:114,0
DA:115,0
DA:116,0
LF:18
LH:0
BRF:0
BRH:0
end_of_record
TN:
SF:app/(site)/components/ui/tabs.tsx
FNF:0
FNH:0
DA:3,0
DA:4,0
DA:6,0
DA:8,0
DA:23,0
DA:38,0
DA:53,0
DA:55,0
LF:8
LH:0
BRF:0
BRH:0
end_of_record
TN:
SF:app/(site)/components/ui/task-card.tsx
FN:21,TaskCard
FN:43,(anonymous_2)
FN:50,(anonymous_3)
FN:53,(anonymous_4)
FNF:4
FNH:0
FNDA:0,TaskCard
FNDA:0,(anonymous_2)
FNDA:0,(anonymous_3)
FNDA:0,(anonymous_4)
DA:3,0
DA:4,0
DA:5,0
DA:6,0
DA:7,0
DA:8,0
DA:21,0
DA:43,0
DA:50,0
DA:53,0
LF:10
LH:0
BRDA:38,0,0,0
BRDA:38,0,1,0
BRDA:45,1,0,0
BRDA:45,1,1,0
BRDA:59,2,0,0
BRF:5
BRH:0
end_of_record
TN:
SF:app/(site)/components/ui/textarea.tsx
FN:10,(anonymous_4)
FNF:1
FNH:0
FNDA:0,(anonymous_4)
DA:2,0
DA:4,0
DA:9,0
DA:23,0
DA:25,0
LF:5
LH:0
BRF:0
BRH:0
end_of_record
TN:
SF:app/(site)/components/ui/toast.tsx
FN:47,(anonymous_12)
FNF:1
FNH:0
FNDA:0,(anonymous_12)
DA:3,0
DA:4,0
DA:5,0
DA:6,0
DA:8,0
DA:10,0
DA:25,0
DA:27,0
DA:43,0
DA:56,0
DA:71,0
DA:89,0
DA:101,0
DA:113,0
DA:122,0
DA:123,0
DA:124,0
DA:125,0
DA:126,0
DA:127,0
DA:128,0
LF:21
LH:0
BRF:0
BRH:0
end_of_record
TN:
SF:app/(site)/components/ui/toaster.tsx
FN:13,Toaster
FN:18,(anonymous_2)
FNF:2
FNH:0
FNDA:0,Toaster
FNDA:0,(anonymous_2)
DA:3,0
DA:11,0
DA:13,0
DA:14,0
DA:19,0
LF:5
LH:0
BRDA:22,0,0,0
BRDA:23,1,0,0
BRF:2
BRH:0
end_of_record
TN:
SF:app/(site)/components/ui/toggle-group.tsx
FN:39,(anonymous_7)
FNF:1
FNH:0
FNDA:0,(anonymous_7)
DA:3,0
DA:4,0
DA:7,0
DA:8,0
DA:10,0
DA:33,0
DA:35,0
DA:40,0
DA:59,0
DA:61,0
LF:10
LH:0
BRDA:47,0,0,0
BRDA:47,0,1,0
BRDA:48,1,0,0
BRDA:48,1,1,0
BRF:4
BRH:0
end_of_record
TN:
SF:app/(site)/components/ui/toggle.tsx
FNF:0
FNH:0
DA:3,0
DA:4,0
DA:5,0
DA:7,0
DA:9,0
DA:43,0
DA:45,0
LF:7
LH:0
BRF:0
BRH:0
end_of_record
TN:
SF:app/(site)/components/ui/tooltip.tsx
FNF:0
FNH:0
DA:3,0
DA:4,0
DA:6,0
DA:8,0
DA:10,0
DA:12,0
DA:28,0
DA:30,0
LF:8
LH:0
BRDA:17,0,0,0
BRF:1
BRH:0
end_of_record
TN:
SF:app/(site)/components/ui/use-toast.ts
FN:27,genId
FN:58,(anonymous_8)
FN:63,(anonymous_9)
FN:74,(anonymous_10)
FN:85,(anonymous_11)
FN:98,(anonymous_12)
FN:105,(anonymous_13)
FN:124,(anonymous_14)
FN:133,dispatch
FN:135,(anonymous_16)
FN:142,toast
FN:145,(anonymous_18)
FN:150,(anonymous_19)
FN:158,(anonymous_20)
FN:171,useToast
FN:174,(anonymous_22)
FN:176,(anonymous_23)
FN:187,(anonymous_24)
FNF:18
FNH:0
FNDA:0,genId
FNDA:0,(anonymous_8)
FNDA:0,(anonymous_9)
FNDA:0,(anonymous_10)
FNDA:0,(anonymous_11)
FNDA:0,(anonymous_12)
FNDA:0,(anonymous_13)
FNDA:0,(anonymous_14)
FNDA:0,dispatch
FNDA:0,(anonymous_16)
FNDA:0,toast
FNDA:0,(anonymous_18)
FNDA:0,(anonymous_19)
FNDA:0,(anonymous_20)
FNDA:0,useToast
FNDA:0,(anonymous_22)
FNDA:0,(anonymous_23)
FNDA:0,(anonymous_24)
DA:4,0
DA:8,0
DA:9,0
DA:18,0
DA:25,0
DA:28,0
DA:29,0
DA:56,0
DA:58,0
DA:59,0
DA:60,0
DA:63,0
DA:64,0
DA:65,0
DA:71,0
DA:74,0
DA:75,0
DA:77,0
DA:83,0
DA:86,0
DA:91,0
DA:95,0
DA:96,0
DA:98,0
DA:99,0
DA:103,0
DA:106,0
DA:116,0
DA:117,0
DA:122,0
DA:124,0
DA:129,0
DA:131,0
DA:134,0
DA:135,0
DA:136,0
DA:143,0
DA:145,0
DA:146,0
DA:150,0
DA:152,0
DA:159,0
DA:164,0
DA:172,0
DA:174,0
DA:175,0
DA:176,0
DA:177,0
DA:178,0
DA:179,0
DA:184,0
DA:187,0
DA:191,0
LF:53
LH:0
BRDA:59,0,0,0
BRDA:59,0,1,0
BRDA:75,1,0,0
BRDA:75,1,1,0
BRDA:75,1,2,0
BRDA:75,1,3,0
BRDA:86,2,0,0
BRDA:86,2,1,0
BRDA:95,3,0,0
BRDA:95,3,1,0
BRDA:106,4,0,0
BRDA:106,4,1,0
BRDA:106,5,0,0
BRDA:106,5,1,0
BRDA:116,6,0,0
BRDA:116,6,1,0
BRDA:159,7,0,0
BRDA:159,7,1,0
BRDA:178,8,0,0
BRDA:178,8,1,0
BRF:20
BRH:0
end_of_record
TN:
SF:app/(site)/contact/page.tsx
FN:8,ContactPage
FN:54,(anonymous_5)
FN:67,(anonymous_6)
FNF:3
FNH:0
FNDA:0,ContactPage
FNDA:0,(anonymous_5)
FNDA:0,(anonymous_6)
DA:3,0
DA:4,0
DA:5,0
DA:6,0
DA:8,0
DA:10,0
DA:13,0
DA:14,0
DA:15,0
DA:17,0
DA:55,0
DA:68,0
LF:12
LH:0
BRDA:13,0,0,0
BRDA:13,0,1,0
BRDA:14,1,0,0
BRDA:14,1,1,0
BRDA:15,2,0,0
BRDA:15,2,1,0
BRF:6
BRH:0
end_of_record
TN:
SF:app/(site)/contact/_components/contact-client.tsx
FN:15,ContactClient
FN:31,(anonymous_5)
FN:33,(anonymous_6)
FN:36,(anonymous_7)
FN:42,(anonymous_8)
FNF:5
FNH:0
FNDA:0,ContactClient
FNDA:0,(anonymous_5)
FNDA:0,(anonymous_6)
FNDA:0,(anonymous_7)
FNDA:0,(anonymous_8)
DA:4,0
DA:5,0
DA:6,0
DA:7,0
DA:8,0
DA:9,0
DA:10,0
DA:11,0
DA:12,0
DA:13,0
DA:15,0
DA:16,0
DA:21,0
DA:29,0
DA:31,0
DA:32,0
DA:33,0
DA:36,0
DA:37,0
DA:38,0
DA:40,0
DA:42,0
DA:45,0
DA:47,0
DA:50,0
DA:58,0
DA:60,0
LF:27
LH:0
BRDA:68,0,0,0
BRDA:68,0,1,0
BRDA:151,1,0,0
BRF:3
BRH:0
end_of_record
TN:
SF:app/(site)/discovery-platform/page.tsx
FN:109,DiscoveryPlatformPage
FN:135,(anonymous_6)
FN:164,(anonymous_7)
FN:191,(anonymous_8)
FN:221,(anonymous_9)
FNF:5
FNH:0
FNDA:0,DiscoveryPlatformPage
FNDA:0,(anonymous_6)
FNDA:0,(anonymous_7)
FNDA:0,(anonymous_8)
FNDA:0,(anonymous_9)
DA:1,0
DA:2,0
DA:3,0
DA:4,0
DA:5,0
DA:6,0
DA:8,0
DA:41,0
DA:64,0
DA:91,0
DA:109,0
DA:136,0
DA:165,0
DA:192,0
DA:222,0
LF:15
LH:0
BRF:0
BRH:0
end_of_record
TN:
SF:app/(site)/hooks/use-toast.ts
FN:27,genId
FN:58,(anonymous_8)
FN:63,(anonymous_9)
FN:74,(anonymous_10)
FN:85,(anonymous_11)
FN:98,(anonymous_12)
FN:105,(anonymous_13)
FN:124,(anonymous_14)
FN:133,dispatch
FN:135,(anonymous_16)
FN:142,toast
FN:145,(anonymous_18)
FN:150,(anonymous_19)
FN:158,(anonymous_20)
FN:171,useToast
FN:174,(anonymous_22)
FN:176,(anonymous_23)
FN:187,(anonymous_24)
FNF:18
FNH:0
FNDA:0,genId
FNDA:0,(anonymous_8)
FNDA:0,(anonymous_9)
FNDA:0,(anonymous_10)
FNDA:0,(anonymous_11)
FNDA:0,(anonymous_12)
FNDA:0,(anonymous_13)
FNDA:0,(anonymous_14)
FNDA:0,dispatch
FNDA:0,(anonymous_16)
FNDA:0,toast
FNDA:0,(anonymous_18)
FNDA:0,(anonymous_19)
FNDA:0,(anonymous_20)
FNDA:0,useToast
FNDA:0,(anonymous_22)
FNDA:0,(anonymous_23)
FNDA:0,(anonymous_24)
DA:4,0
DA:8,0
DA:9,0
DA:18,0
DA:25,0
DA:28,0
DA:29,0
DA:56,0
DA:58,0
DA:59,0
DA:60,0
DA:63,0
DA:64,0
DA:65,0
DA:71,0
DA:74,0
DA:75,0
DA:77,0
DA:83,0
DA:86,0
DA:91,0
DA:95,0
DA:96,0
DA:98,0
DA:99,0
DA:103,0
DA:106,0
DA:116,0
DA:117,0
DA:122,0
DA:124,0
DA:129,0
DA:131,0
DA:134,0
DA:135,0
DA:136,0
DA:143,0
DA:145,0
DA:146,0
DA:150,0
DA:152,0
DA:159,0
DA:164,0
DA:172,0
DA:174,0
DA:175,0
DA:176,0
DA:177,0
DA:178,0
DA:179,0
DA:184,0
DA:187,0
DA:191,0
LF:53
LH:0
BRDA:59,0,0,0
BRDA:59,0,1,0
BRDA:75,1,0,0
BRDA:75,1,1,0
BRDA:75,1,2,0
BRDA:75,1,3,0
BRDA:86,2,0,0
BRDA:86,2,1,0
BRDA:95,3,0,0
BRDA:95,3,1,0
BRDA:106,4,0,0
BRDA:106,4,1,0
BRDA:106,5,0,0
BRDA:106,5,1,0
BRDA:116,6,0,0
BRDA:116,6,1,0
BRDA:159,7,0,0
BRDA:159,7,1,0
BRDA:178,8,0,0
BRDA:178,8,1,0
BRF:20
BRH:0
end_of_record
TN:
SF:app/(site)/info-for-vendors/page.tsx
FN:76,InfoForVendorsPage
FN:103,(anonymous_6)
FN:136,(anonymous_7)
FN:167,(anonymous_8)
FNF:4
FNH:0
FNDA:0,InfoForVendorsPage
FNDA:0,(anonymous_6)
FNDA:0,(anonymous_7)
FNDA:0,(anonymous_8)
DA:1,0
DA:2,0
DA:3,0
DA:4,0
DA:5,0
DA:7,0
DA:35,0
DA:58,0
DA:76,0
DA:104,0
DA:137,0
DA:168,0
LF:12
LH:0
BRF:0
BRH:0
end_of_record
TN:
SF:app/(site)/lib/blog-content.ts
FNF:0
FNH:0
DA:2,0
LF:1
LH:0
BRF:0
BRH:0
end_of_record
TN:
SF:app/(site)/lib/types.ts
FNF:0
FNH:0
DA:66,0
LF:1
LH:0
BRF:0
BRH:0
end_of_record
TN:
SF:app/(site)/lib/utils.ts
FN:4,cn
FN:8,formatDuration
FN:16,formatDate
FNF:3
FNH:0
FNDA:0,cn
FNDA:0,formatDuration
FNDA:0,formatDate
DA:1,0
DA:2,0
DA:4,0
DA:5,0
DA:8,0
DA:9,0
DA:10,0
DA:11,0
DA:13,0
DA:16,0
DA:17,0
DA:18,0
DA:19,0
DA:25,0
LF:14
LH:0
BRF:0
BRH:0
end_of_record
TN:
SF:app/(site)/products/page.tsx
FN:23,ProductsPage
FN:34,(anonymous_8)
FN:56,(anonymous_9)
FNF:3
FNH:0
FNDA:0,ProductsPage
FNDA:0,(anonymous_8)
FNDA:0,(anonymous_9)
DA:3,0
DA:5,0
DA:6,0
DA:7,0
DA:10,0
DA:12,0
DA:23,0
DA:24,0
DA:25,0
DA:28,0
DA:34,0
DA:36,0
DA:57,0
LF:13
LH:0
BRDA:12,0,0,0
BRDA:12,0,1,0
BRDA:24,1,0,0
BRDA:24,1,1,0
BRF:4
BRH:0
end_of_record
TN:
SF:app/(site)/products/products-server.tsx
FN:18,ProductsServer
FN:34,(anonymous_3)
FN:40,(anonymous_4)
FN:47,(anonymous_5)
FN:50,(anonymous_6)
FN:51,(anonymous_7)
FN:57,(anonymous_8)
FN:73,(anonymous_9)
FN:125,(anonymous_10)
FN:137,(anonymous_11)
FNF:10
FNH:0
FNDA:0,ProductsServer
FNDA:0,(anonymous_3)
FNDA:0,(anonymous_4)
FNDA:0,(anonymous_5)
FNDA:0,(anonymous_6)
FNDA:0,(anonymous_7)
FNDA:0,(anonymous_8)
FNDA:0,(anonymous_9)
FNDA:0,(anonymous_10)
FNDA:0,(anonymous_11)
DA:1,0
DA:2,0
DA:3,0
DA:4,0
DA:5,0
DA:6,0
DA:7,0
DA:18,0
DA:19,0
DA:22,0
DA:28,0
DA:31,0
DA:33,0
DA:34,0
DA:35,0
DA:39,0
DA:40,0
DA:41,0
DA:45,0
DA:46,0
DA:47,0
DA:48,0
DA:50,0
DA:51,0
DA:56,0
DA:57,0
DA:58,0
DA:74,0
DA:75,0
DA:77,0
DA:126,0
DA:138,0
LF:32
LH:0
BRDA:33,0,0,0
BRDA:33,0,1,0
BRDA:33,1,0,0
BRDA:33,1,1,0
BRDA:39,2,0,0
BRDA:39,2,1,0
BRDA:45,3,0,0
BRDA:45,3,1,0
BRDA:48,4,0,0
BRDA:48,4,1,0
BRDA:48,4,2,0
BRDA:48,4,3,0
BRDA:48,4,4,0
BRDA:48,4,5,0
BRDA:66,5,0,0
BRDA:66,5,1,0
BRDA:66,5,2,0
BRDA:67,6,0,0
BRDA:67,6,1,0
BRDA:68,7,0,0
BRDA:68,7,1,0
BRDA:74,8,0,0
BRDA:74,8,1,0
BRDA:75,9,0,0
BRDA:75,9,1,0
BRDA:83,10,0,0
BRDA:83,10,1,0
BRDA:86,11,0,0
BRDA:85,12,0,0
BRDA:85,12,1,0
BRDA:87,13,0,0
BRDA:87,13,1,0
BRDA:87,13,2,0
BRDA:88,14,0,0
BRDA:88,14,1,0
BRDA:109,15,0,0
BRDA:109,15,1,0
BRDA:121,16,0,0
BRDA:121,16,1,0
BRDA:154,17,0,0
BRDA:174,18,0,0
BRDA:174,18,1,0
BRDA:188,19,0,0
BRF:43
BRH:0
end_of_record
TN:
SF:app/(site)/products/[id]/page.tsx
FN:42,generateStaticParams
FN:49,(anonymous_8)
FN:59,(anonymous_9)
FN:75,ProductDetailPage
FN:112,(anonymous_11)
FN:124,(anonymous_12)
FN:137,(anonymous_13)
FN:161,(anonymous_14)
FN:162,(anonymous_15)
FN:230,(anonymous_16)
FN:253,(anonymous_17)
FN:270,(anonymous_18)
FN:289,(anonymous_19)
FN:307,(anonymous_20)
FN:308,(anonymous_21)
FN:542,(anonymous_22)
FNF:16
FNH:0
FNDA:0,generateStaticParams
FNDA:0,(anonymous_8)
FNDA:0,(anonymous_9)
FNDA:0,ProductDetailPage
FNDA:0,(anonymous_11)
FNDA:0,(anonymous_12)
FNDA:0,(anonymous_13)
FNDA:0,(anonymous_14)
FNDA:0,(anonymous_15)
FNDA:0,(anonymous_16)
FNDA:0,(anonymous_17)
FNDA:0,(anonymous_18)
FNDA:0,(anonymous_19)
FNDA:0,(anonymous_20)
FNDA:0,(anonymous_21)
FNDA:0,(anonymous_22)
DA:2,0
DA:3,0
DA:4,0
DA:5,0
DA:6,0
DA:21,0
DA:22,0
DA:23,0
DA:24,0
DA:25,0
DA:26,0
DA:27,0
DA:33,0
DA:36,0
DA:37,0
DA:39,0
DA:42,0
DA:43,0
DA:44,0
DA:45,0
DA:46,0
DA:49,0
DA:50,0
DA:51,0
DA:52,0
DA:54,0
DA:57,0
DA:58,0
DA:59,0
DA:62,0
DA:64,0
DA:65,0
DA:75,0
DA:77,0
DA:80,0
DA:81,0
DA:85,0
DA:87,0
DA:89,0
DA:92,0
DA:93,0
DA:97,0
DA:98,0
DA:99,0
DA:102,0
DA:105,0
DA:106,0
DA:107,0
DA:111,0
DA:112,0
DA:123,0
DA:124,0
DA:135,0
DA:136,0
DA:137,0
DA:161,0
DA:163,0
DA:231,0
DA:254,0
DA:271,0
DA:290,0
DA:307,0
DA:309,0
DA:543,0
LF:64
LH:0
BRDA:39,0,0,0
BRDA:39,0,1,0
BRDA:51,1,0,0
BRDA:51,1,1,0
BRDA:51,2,0,0
BRDA:51,2,1,0
BRDA:58,3,0,0
BRDA:58,3,1,0
BRDA:80,4,0,0
BRDA:80,4,1,0
BRDA:80,5,0,0
BRDA:80,5,1,0
BRDA:80,5,2,0
BRDA:87,6,0,0
BRDA:87,6,1,0
BRDA:92,7,0,0
BRDA:92,7,1,0
BRDA:92,8,0,0
BRDA:92,8,1,0
BRDA:92,8,2,0
BRDA:97,9,0,0
BRDA:97,9,1,0
BRDA:105,10,0,0
BRDA:105,10,1,0
BRDA:106,11,0,0
BRDA:106,11,1,0
BRDA:111,12,0,0
BRDA:111,12,1,0
BRDA:111,13,0,0
BRDA:111,13,1,0
BRDA:112,14,0,0
BRDA:112,14,1,0
BRDA:112,15,0,0
BRDA:112,15,1,0
BRDA:123,16,0,0
BRDA:123,16,1,0
BRDA:123,17,0,0
BRDA:123,17,1,0
BRDA:124,18,0,0
BRDA:124,18,1,0
BRDA:124,19,0,0
BRDA:124,19,1,0
BRDA:135,20,0,0
BRDA:135,20,1,0
BRDA:135,21,0,0
BRDA:135,21,1,0
BRDA:136,22,0,0
BRDA:136,22,1,0
BRDA:137,23,0,0
BRDA:137,23,1,0
BRDA:137,24,0,0
BRDA:137,24,1,0
BRDA:160,25,0,0
BRDA:159,26,0,0
BRDA:159,26,1,0
BRDA:161,27,0,0
BRDA:161,27,1,0
BRDA:161,28,0,0
BRDA:161,28,1,0
BRDA:164,29,0,0
BRDA:186,30,0,0
BRDA:203,31,0,0
BRDA:203,31,1,0
BRDA:217,32,0,0
BRDA:217,32,1,0
BRDA:228,33,0,0
BRDA:228,33,1,0
BRDA:234,34,0,0
BRDA:234,34,1,0
BRDA:234,34,2,0
BRDA:249,35,0,0
BRDA:249,35,1,0
BRDA:257,36,0,0
BRDA:257,36,1,0
BRDA:257,37,0,0
BRDA:257,37,1,0
BRDA:254,38,0,0
BRDA:254,38,1,0
BRDA:266,39,0,0
BRDA:274,40,0,0
BRDA:274,40,1,0
BRDA:283,41,0,0
BRDA:302,42,0,0
BRDA:302,42,1,0
BRDA:307,43,0,0
BRDA:307,43,1,0
BRDA:307,44,0,0
BRDA:307,44,1,0
BRDA:311,45,0,0
BRDA:314,46,0,0
BRDA:315,47,0,0
BRDA:316,48,0,0
BRDA:376,49,0,0
BRDA:375,50,0,0
BRDA:375,50,1,0
BRDA:417,51,0,0
BRDA:416,52,0,0
BRDA:416,52,1,0
BRDA:446,53,0,0
BRDA:489,54,0,0
BRDA:491,55,0,0
BRDA:491,55,1,0
BRDA:494,56,0,0
BRDA:494,56,1,0
BRDA:504,57,0,0
BRDA:504,57,1,0
BRDA:509,58,0,0
BRDA:520,59,0,0
BRDA:520,59,1,0
BRDA:520,60,0,0
BRDA:520,60,1,0
BRDA:522,61,0,0
BRDA:522,61,1,0
BRDA:538,62,0,0
BRDA:538,62,1,0
BRF:115
BRH:0
end_of_record
TN:
SF:app/(site)/products/[id]/_components/product-detail-client.tsx
FN:20,ProductDetailClient
FN:23,(anonymous_5)
FN:72,(anonymous_6)
FN:91,(anonymous_7)
FN:101,(anonymous_8)
FN:106,(anonymous_9)
FNF:6
FNH:0
FNDA:0,ProductDetailClient
FNDA:0,(anonymous_5)
FNDA:0,(anonymous_6)
FNDA:0,(anonymous_7)
FNDA:0,(anonymous_8)
FNDA:0,(anonymous_9)
DA:4,0
DA:5,0
DA:12,0
DA:20,0
DA:23,0
DA:24,0
DA:27,0
DA:28,0
DA:29,0
DA:33,0
DA:34,0
DA:35,0
DA:39,0
DA:41,0
DA:44,0
DA:46,0
DA:50,0
DA:51,0
DA:53,0
DA:57,0
DA:58,0
DA:61,0
DA:63,0
DA:66,0
DA:67,0
DA:72,0
DA:73,0
DA:85,0
DA:90,0
DA:91,0
DA:102,0
DA:106,0
LF:32
LH:0
BRDA:24,0,0,0
BRDA:24,0,1,0
BRDA:24,0,2,0
BRDA:24,0,3,0
BRDA:24,0,4,0
BRDA:24,0,5,0
BRDA:39,1,0,0
BRDA:39,1,1,0
BRDA:50,2,0,0
BRDA:50,2,1,0
BRDA:57,3,0,0
BRDA:57,3,1,0
BRDA:73,4,0,0
BRDA:90,5,0,0
BRDA:90,5,1,0
BRDA:90,6,0,0
BRDA:90,6,1,0
BRDA:91,7,0,0
BRDA:91,7,1,0
BRDA:91,8,0,0
BRDA:91,8,1,0
BRDA:104,9,0,0
BRDA:104,9,1,0
BRDA:105,10,0,0
BRDA:105,10,1,0
BRF:25
BRH:0
end_of_record
TN:
SF:app/(site)/vendor/dashboard/layout.tsx
FN:21,VendorDashboardLayout
FN:25,(anonymous_5)
FNF:2
FNH:0
FNDA:0,VendorDashboardLayout
FNDA:0,(anonymous_5)
DA:3,0
DA:4,0
DA:5,0
DA:6,0
DA:7,0
DA:8,0
DA:21,0
DA:22,0
DA:23,0
DA:25,0
DA:26,0
DA:30,0
LF:12
LH:0
BRDA:41,0,0,0
BRDA:41,0,1,0
BRDA:45,1,0,0
BRDA:57,2,0,0
BRDA:57,2,1,0
BRDA:64,3,0,0
BRF:6
BRH:0
end_of_record
TN:
SF:app/(site)/vendor/dashboard/page.tsx
FN:44,VendorDashboard
FN:51,(anonymous_5)
FN:103,DashboardContent
FN:261,(anonymous_7)
FN:271,(anonymous_8)
FN:281,(anonymous_9)
FNF:6
FNH:0
FNDA:0,VendorDashboard
FNDA:0,(anonymous_5)
FNDA:0,DashboardContent
FNDA:0,(anonymous_7)
FNDA:0,(anonymous_8)
FNDA:0,(anonymous_9)
DA:3,0
DA:4,0
DA:5,0
DA:6,0
DA:7,0
DA:8,0
DA:10,0
DA:11,0
DA:12,0
DA:13,0
DA:24,0
DA:44,0
DA:45,0
DA:46,0
DA:51,0
DA:52,0
DA:53,0
DA:60,0
DA:61,0
DA:67,0
DA:68,0
DA:72,0
DA:77,0
DA:82,0
DA:261,0
DA:271,0
DA:281,0
LF:27
LH:0
BRDA:52,0,0,0
BRDA:52,0,1,0
BRDA:52,1,0,0
BRDA:52,1,1,0
BRDA:60,2,0,0
BRDA:60,2,1,0
BRDA:67,3,0,0
BRDA:67,3,1,0
BRDA:67,4,0,0
BRDA:67,4,1,0
BRDA:72,5,0,0
BRDA:72,5,1,0
BRDA:77,6,0,0
BRDA:77,6,1,0
BRDA:141,7,0,0
BRDA:188,8,0,0
BRDA:193,9,0,0
BRDA:217,10,0,0
BRDA:219,11,0,0
BRDA:230,12,0,0
BRDA:241,13,0,0
BRDA:267,14,0,0
BRDA:308,15,0,0
BRDA:335,16,0,0
BRDA:335,16,1,0
BRF:25
BRH:0
end_of_record
TN:
SF:app/(site)/vendor/dashboard/components/BrandStoryForm.tsx
FN:39,BrandStoryForm
FN:92,(anonymous_5)
FN:96,(anonymous_6)
FN:145,(anonymous_7)
FN:507,(anonymous_8)
FN:518,(anonymous_9)
FN:529,(anonymous_10)
FN:548,(anonymous_11)
FN:559,(anonymous_12)
FN:570,(anonymous_13)
FNF:10
FNH:2
FNDA:4,BrandStoryForm
FNDA:2,(anonymous_5)
FNDA:0,(anonymous_6)
FNDA:0,(anonymous_7)
FNDA:0,(anonymous_8)
FNDA:0,(anonymous_9)
FNDA:0,(anonymous_10)
FNDA:0,(anonymous_11)
FNDA:0,(anonymous_12)
FNDA:0,(anonymous_13)
DA:3,1
DA:4,1
DA:5,1
DA:6,1
DA:7,1
DA:8,1
DA:9,1
DA:10,1
DA:11,1
DA:12,1
DA:14,1
DA:15,1
DA:16,1
DA:17,1
DA:39,39
DA:40,4
DA:41,4
DA:43,4
DA:44,4
DA:53,4
DA:77,4
DA:82,4
DA:87,4
DA:88,4
DA:89,4
DA:92,4
DA:93,2
DA:96,4
DA:97,0
DA:98,0
DA:99,0
DA:102,0
DA:103,0
DA:106,0
DA:129,0
DA:133,4
DA:147,0
DA:508,0
DA:518,0
DA:529,0
DA:549,0
DA:559,0
DA:570,0
LF:43
LH:29
BRDA:56,0,0,4
BRDA:56,0,1,4
BRDA:57,1,0,4
BRDA:57,1,1,4
BRDA:58,2,0,4
BRDA:58,2,1,4
BRDA:59,3,0,4
BRDA:59,3,1,4
BRDA:60,4,0,4
BRDA:60,4,1,4
BRDA:61,5,0,4
BRDA:61,5,1,4
BRDA:62,6,0,4
BRDA:62,6,1,4
BRDA:63,7,0,4
BRDA:63,7,1,4
BRDA:64,8,0,4
BRDA:64,8,1,4
BRDA:65,9,0,4
BRDA:65,9,1,4
BRDA:66,10,0,4
BRDA:66,10,1,4
BRDA:67,11,0,4
BRDA:67,11,1,4
BRDA:68,12,0,4
BRDA:68,12,1,4
BRDA:69,13,0,4
BRDA:69,13,1,4
BRDA:70,14,0,4
BRDA:70,14,1,4
BRDA:71,15,0,4
BRDA:71,15,1,4
BRDA:72,16,0,4
BRDA:72,16,1,4
BRDA:73,17,0,4
BRDA:73,17,1,4
BRDA:89,18,0,4
BRDA:89,18,1,4
BRDA:97,19,0,0
BRDA:97,19,1,0
BRDA:102,20,0,0
BRDA:102,20,1,0
BRDA:107,21,0,0
BRDA:107,21,1,0
BRDA:108,22,0,0
BRDA:108,22,1,0
BRDA:109,23,0,0
BRDA:109,23,1,0
BRDA:110,24,0,0
BRDA:110,24,1,0
BRDA:111,25,0,0
BRDA:111,25,1,0
BRDA:112,26,0,0
BRDA:112,26,1,0
BRDA:113,27,0,0
BRDA:113,27,1,0
BRDA:114,28,0,0
BRDA:114,28,1,0
BRDA:115,29,0,0
BRDA:115,29,1,0
BRDA:116,30,0,0
BRDA:116,30,1,0
BRDA:117,31,0,0
BRDA:117,31,1,0
BRDA:118,32,0,0
BRDA:118,32,1,0
BRDA:119,33,0,0
BRDA:119,33,1,0
BRDA:120,34,0,0
BRDA:120,34,1,0
BRDA:121,35,0,0
BRDA:121,35,1,0
BRDA:122,36,0,0
BRDA:122,36,1,0
BRDA:123,37,0,0
BRDA:123,37,1,0
BRDA:124,38,0,0
BRDA:124,38,1,0
BRDA:133,39,0,0
BRDA:133,39,1,4
BRDA:177,40,0,0
BRDA:177,40,1,4
BRDA:179,41,0,4
BRDA:192,42,0,0
BRDA:192,42,1,4
BRDA:194,43,0,4
BRDA:207,44,0,0
BRDA:207,44,1,4
BRDA:209,45,0,4
BRDA:239,46,0,0
BRDA:239,46,1,4
BRDA:241,47,0,4
BRDA:247,48,0,4
BRDA:276,49,0,0
BRDA:276,49,1,4
BRDA:278,50,0,4
BRDA:310,51,0,0
BRDA:310,51,1,4
BRDA:312,52,0,4
BRDA:326,53,0,0
BRDA:326,53,1,4
BRDA:328,54,0,4
BRDA:342,55,0,0
BRDA:342,55,1,4
BRDA:344,56,0,4
BRDA:358,57,0,0
BRDA:358,57,1,4
BRDA:360,58,0,4
BRDA:375,59,0,0
BRDA:375,59,1,4
BRDA:377,60,0,4
BRDA:392,61,0,0
BRDA:392,61,1,4
BRDA:394,62,0,4
BRDA:423,63,0,0
BRDA:423,63,1,4
BRDA:425,64,0,4
BRDA:439,65,0,0
BRDA:439,65,1,4
BRDA:441,66,0,4
BRDA:455,67,0,0
BRDA:455,67,1,4
BRDA:457,68,0,4
BRDA:472,69,0,0
BRDA:472,69,1,4
BRDA:474,70,0,4
BRDA:488,71,0,0
BRDA:488,71,1,4
BRDA:490,72,0,4
BRDA:584,73,0,4
BRDA:584,73,1,0
BRDA:588,74,0,0
BRF:132
BRH:73
end_of_record
TN:
SF:app/(site)/vendor/dashboard/components/CaseStudiesManager.tsx
FN:60,CaseStudiesManager
FN:81,(anonymous_5)
FN:106,(anonymous_6)
FN:114,(anonymous_7)
FN:126,(anonymous_8)
FN:132,(anonymous_9)
FN:135,(anonymous_10)
FN:144,(anonymous_11)
FN:150,(anonymous_12)
FN:160,(anonymous_13)
FN:175,(anonymous_14)
FN:176,(anonymous_15)
FN:185,(anonymous_16)
FN:198,(anonymous_17)
FN:199,(anonymous_18)
FN:203,(anonymous_19)
FN:213,(anonymous_20)
FN:262,(anonymous_21)
FN:289,(anonymous_22)
FN:292,(anonymous_23)
FN:329,(anonymous_24)
FN:338,(anonymous_25)
FN:344,(anonymous_26)
FN:473,(anonymous_27)
FN:588,(anonymous_28)
FN:590,(anonymous_29)
FN:605,(anonymous_30)
FN:612,(anonymous_31)
FN:623,(anonymous_32)
FN:637,(anonymous_33)
FNF:30
FNH:0
FNDA:0,CaseStudiesManager
FNDA:0,(anonymous_5)
FNDA:0,(anonymous_6)
FNDA:0,(anonymous_7)
FNDA:0,(anonymous_8)
FNDA:0,(anonymous_9)
FNDA:0,(anonymous_10)
FNDA:0,(anonymous_11)
FNDA:0,(anonymous_12)
FNDA:0,(anonymous_13)
FNDA:0,(anonymous_14)
FNDA:0,(anonymous_15)
FNDA:0,(anonymous_16)
FNDA:0,(anonymous_17)
FNDA:0,(anonymous_18)
FNDA:0,(anonymous_19)
FNDA:0,(anonymous_20)
FNDA:0,(anonymous_21)
FNDA:0,(anonymous_22)
FNDA:0,(anonymous_23)
FNDA:0,(anonymous_24)
FNDA:0,(anonymous_25)
FNDA:0,(anonymous_26)
FNDA:0,(anonymous_27)
FNDA:0,(anonymous_28)
FNDA:0,(anonymous_29)
FNDA:0,(anonymous_30)
FNDA:0,(anonymous_31)
FNDA:0,(anonymous_32)
FNDA:0,(anonymous_33)
DA:3,1
DA:4,1
DA:5,1
DA:7,1
DA:8,1
DA:9,1
DA:10,1
DA:11,1
DA:12,1
DA:13,1
DA:14,1
DA:18,1
DA:20,1
DA:21,1
DA:22,1
DA:23,1
DA:26,1
DA:60,39
DA:61,0
DA:62,0
DA:67,0
DA:68,0
DA:69,0
DA:70,0
DA:73,0
DA:74,0
DA:75,0
DA:77,0
DA:78,0
DA:81,0
DA:82,0
DA:93,0
DA:99,0
DA:102,0
DA:103,0
DA:106,0
DA:107,0
DA:108,0
DA:109,0
DA:110,0
DA:114,0
DA:115,0
DA:116,0
DA:117,0
DA:121,0
DA:122,0
DA:126,0
DA:127,0
DA:128,0
DA:132,0
DA:133,0
DA:135,0
DA:136,0
DA:137,0
DA:138,0
DA:139,0
DA:140,0
DA:144,0
DA:145,0
DA:146,0
DA:150,0
DA:151,0
DA:158,0
DA:160,0
DA:163,0
DA:166,0
DA:167,0
DA:168,0
DA:169,0
DA:170,0
DA:171,0
DA:175,0
DA:176,0
DA:177,0
DA:179,0
DA:180,0
DA:181,0
DA:185,0
DA:186,0
DA:187,0
DA:188,0
DA:189,0
DA:190,0
DA:193,0
DA:198,0
DA:199,0
DA:203,0
DA:205,0
DA:208,0
DA:209,0
DA:213,0
DA:214,0
DA:215,0
DA:216,0
DA:218,0
DA:222,0
DA:262,0
DA:291,0
DA:292,0
DA:295,0
DA:329,0
DA:338,0
DA:344,0
DA:473,0
DA:588,0
DA:591,0
DA:592,0
DA:593,0
DA:606,0
DA:613,0
DA:614,0
DA:623,0
DA:638,0
DA:639,0
DA:640,0
LF:115
LH:18
BRDA:63,0,0,0
BRDA:63,0,1,0
BRDA:82,1,0,0
BRDA:82,1,1,0
BRDA:119,2,0,0
BRDA:119,2,1,0
BRDA:121,3,0,0
BRDA:121,3,1,0
BRDA:133,4,0,0
BRDA:133,4,1,0
BRDA:153,5,0,0
BRDA:153,5,1,0
BRDA:158,6,0,0
BRDA:158,6,1,0
BRDA:160,7,0,0
BRDA:160,7,1,0
BRDA:177,8,0,0
BRDA:177,8,1,0
BRDA:186,9,0,0
BRDA:186,9,1,0
BRDA:186,10,0,0
BRDA:186,10,1,0
BRDA:205,11,0,0
BRDA:205,11,1,0
BRDA:205,11,2,0
BRDA:205,11,3,0
BRDA:208,12,0,0
BRDA:208,12,1,0
BRDA:209,13,0,0
BRDA:209,13,1,0
BRDA:222,14,0,0
BRDA:222,14,1,0
BRDA:279,15,0,0
BRDA:279,15,1,0
BRDA:283,16,0,0
BRDA:283,16,1,0
BRDA:292,17,0,0
BRDA:292,17,1,0
BRDA:302,18,0,0
BRDA:309,19,0,0
BRDA:315,20,0,0
BRDA:330,21,0,0
BRDA:330,21,1,0
BRDA:334,22,0,0
BRDA:334,22,1,0
BRDA:366,23,0,0
BRDA:369,24,0,0
BRDA:372,25,0,0
BRDA:372,25,1,0
BRDA:377,26,0,0
BRDA:377,26,1,0
BRDA:380,27,0,0
BRDA:380,27,1,0
BRDA:392,28,0,0
BRDA:399,29,0,0
BRDA:419,30,0,0
BRDA:419,30,1,0
BRDA:440,31,0,0
BRDA:452,32,0,0
BRDA:464,33,0,0
BRDA:472,34,0,0
BRDA:472,34,1,0
BRDA:497,35,0,0
BRDA:513,36,0,0
BRDA:529,37,0,0
BRDA:547,38,0,0
BRDA:560,39,0,0
BRDA:572,40,0,0
BRDA:591,41,0,0
BRDA:591,41,1,0
BRDA:603,42,0,0
BRDA:646,43,0,0
BRDA:646,43,1,0
BRF:73
BRH:0
end_of_record
TN:
SF:app/(site)/vendor/dashboard/components/CertificationsAwardsManager.tsx
FN:81,CertificationsAwardsManager
FN:104,(anonymous_5)
FN:122,(anonymous_6)
FN:130,(anonymous_7)
FN:151,(anonymous_8)
FN:171,(anonymous_9)
FN:196,(anonymous_10)
FN:220,(anonymous_11)
FN:221,(anonymous_12)
FN:221,(anonymous_13)
FN:226,(anonymous_14)
FN:227,(anonymous_15)
FN:227,(anonymous_16)
FN:232,(anonymous_17)
FN:251,(anonymous_18)
FN:256,(anonymous_19)
FN:288,(anonymous_20)
FN:302,(anonymous_21)
FN:317,(anonymous_22)
FN:366,(anonymous_23)
FN:374,(anonymous_24)
FN:402,(anonymous_25)
FN:416,(anonymous_26)
FN:431,(anonymous_27)
FN:475,(anonymous_28)
FN:483,(anonymous_29)
FN:522,(anonymous_30)
FN:627,(anonymous_31)
FN:639,(anonymous_32)
FN:730,(anonymous_33)
FN:742,(anonymous_34)
FN:751,(anonymous_35)
FN:756,(anonymous_36)
FN:765,(anonymous_37)
FN:774,(anonymous_38)
FN:779,(anonymous_39)
FNF:36
FNH:0
FNDA:0,CertificationsAwardsManager
FNDA:0,(anonymous_5)
FNDA:0,(anonymous_6)
FNDA:0,(anonymous_7)
FNDA:0,(anonymous_8)
FNDA:0,(anonymous_9)
FNDA:0,(anonymous_10)
FNDA:0,(anonymous_11)
FNDA:0,(anonymous_12)
FNDA:0,(anonymous_13)
FNDA:0,(anonymous_14)
FNDA:0,(anonymous_15)
FNDA:0,(anonymous_16)
FNDA:0,(anonymous_17)
FNDA:0,(anonymous_18)
FNDA:0,(anonymous_19)
FNDA:0,(anonymous_20)
FNDA:0,(anonymous_21)
FNDA:0,(anonymous_22)
FNDA:0,(anonymous_23)
FNDA:0,(anonymous_24)
FNDA:0,(anonymous_25)
FNDA:0,(anonymous_26)
FNDA:0,(anonymous_27)
FNDA:0,(anonymous_28)
FNDA:0,(anonymous_29)
FNDA:0,(anonymous_30)
FNDA:0,(anonymous_31)
FNDA:0,(anonymous_32)
FNDA:0,(anonymous_33)
FNDA:0,(anonymous_34)
FNDA:0,(anonymous_35)
FNDA:0,(anonymous_36)
FNDA:0,(anonymous_37)
FNDA:0,(anonymous_38)
FNDA:0,(anonymous_39)
DA:3,1
DA:4,1
DA:5,1
DA:6,1
DA:7,1
DA:8,1
DA:9,1
DA:10,1
DA:11,1
DA:12,1
DA:13,1
DA:17,1
DA:19,1
DA:20,1
DA:21,1
DA:24,1
DA:33,1
DA:45,1
DA:54,1
DA:81,39
DA:83,0
DA:84,0
DA:85,0
DA:88,0
DA:89,0
DA:90,0
DA:91,0
DA:92,0
DA:93,0
DA:96,0
DA:97,0
DA:98,0
DA:100,0
DA:101,0
DA:104,0
DA:105,0
DA:106,0
DA:110,0
DA:116,0
DA:122,0
DA:124,0
DA:126,0
DA:130,0
DA:131,0
DA:132,0
DA:133,0
DA:141,0
DA:144,0
DA:145,0
DA:147,0
DA:151,0
DA:152,0
DA:153,0
DA:154,0
DA:161,0
DA:164,0
DA:165,0
DA:167,0
DA:171,0
DA:172,0
DA:181,0
DA:183,0
DA:184,0
DA:185,0
DA:188,0
DA:191,0
DA:192,0
DA:196,0
DA:197,0
DA:205,0
DA:207,0
DA:208,0
DA:209,0
DA:212,0
DA:215,0
DA:216,0
DA:220,0
DA:221,0
DA:222,0
DA:226,0
DA:227,0
DA:228,0
DA:232,0
DA:233,0
DA:235,0
DA:236,0
DA:238,0
DA:244,0
DA:246,0
DA:251,0
DA:252,0
DA:256,0
DA:257,0
DA:262,0
DA:288,0
DA:302,0
DA:319,0
DA:322,0
DA:324,0
DA:366,0
DA:374,0
DA:402,0
DA:416,0
DA:433,0
DA:436,0
DA:438,0
DA:475,0
DA:483,0
DA:523,0
DA:524,0
DA:525,0
DA:526,0
DA:627,0
DA:640,0
DA:641,0
DA:642,0
DA:643,0
DA:730,0
DA:742,0
DA:751,0
DA:756,0
DA:765,0
DA:774,0
DA:779,0
LF:124
LH:20
BRDA:84,0,0,0
BRDA:84,0,1,0
BRDA:85,1,0,0
BRDA:85,1,1,0
BRDA:105,2,0,0
BRDA:105,2,1,0
BRDA:106,3,0,0
BRDA:106,3,1,0
BRDA:124,4,0,0
BRDA:124,4,1,0
BRDA:124,5,0,0
BRDA:124,5,1,0
BRDA:125,6,0,0
BRDA:125,6,1,0
BRDA:130,7,0,0
BRDA:131,8,0,0
BRDA:131,8,1,0
BRDA:136,9,0,0
BRDA:136,9,1,0
BRDA:137,10,0,0
BRDA:137,10,1,0
BRDA:138,11,0,0
BRDA:138,11,1,0
BRDA:139,12,0,0
BRDA:139,12,1,0
BRDA:151,13,0,0
BRDA:152,14,0,0
BRDA:152,14,1,0
BRDA:157,15,0,0
BRDA:157,15,1,0
BRDA:158,16,0,0
BRDA:158,16,1,0
BRDA:159,17,0,0
BRDA:159,17,1,0
BRDA:175,18,0,0
BRDA:175,18,1,0
BRDA:176,19,0,0
BRDA:176,19,1,0
BRDA:177,20,0,0
BRDA:177,20,1,0
BRDA:178,21,0,0
BRDA:178,21,1,0
BRDA:181,22,0,0
BRDA:181,22,1,0
BRDA:200,23,0,0
BRDA:200,23,1,0
BRDA:201,24,0,0
BRDA:201,24,1,0
BRDA:202,25,0,0
BRDA:202,25,1,0
BRDA:205,26,0,0
BRDA:205,26,1,0
BRDA:233,27,0,0
BRDA:233,27,1,0
BRDA:239,28,0,0
BRDA:239,28,1,0
BRDA:240,29,0,0
BRDA:240,29,1,0
BRDA:252,30,0,0
BRDA:252,30,1,0
BRDA:257,31,0,0
BRDA:257,31,1,0
BRDA:257,31,2,0
BRDA:262,32,0,0
BRDA:262,32,1,0
BRDA:265,33,0,0
BRDA:265,33,1,0
BRDA:297,34,0,0
BRDA:310,35,0,0
BRDA:319,36,0,0
BRDA:319,36,1,0
BRDA:322,37,0,0
BRDA:322,37,1,0
BRDA:335,38,0,0
BRDA:343,39,0,0
BRDA:349,40,0,0
BRDA:354,41,0,0
BRDA:411,42,0,0
BRDA:424,43,0,0
BRDA:433,44,0,0
BRDA:433,44,1,0
BRDA:433,44,2,0
BRDA:436,45,0,0
BRDA:436,45,1,0
BRDA:444,46,0,0
BRDA:458,47,0,0
BRDA:465,48,0,0
BRDA:507,49,0,0
BRDA:524,50,0,0
BRDA:524,50,1,0
BRDA:532,51,0,0
BRDA:532,51,1,0
BRDA:548,52,0,0
BRDA:561,53,0,0
BRDA:578,54,0,0
BRDA:591,55,0,0
BRDA:606,56,0,0
BRDA:620,57,0,0
BRDA:631,58,0,0
BRDA:631,58,1,0
BRDA:641,59,0,0
BRDA:641,59,1,0
BRDA:649,60,0,0
BRDA:649,60,1,0
BRDA:665,61,0,0
BRDA:681,62,0,0
BRDA:694,63,0,0
BRDA:708,64,0,0
BRDA:723,65,0,0
BRDA:734,66,0,0
BRDA:734,66,1,0
BRDA:756,67,0,0
BRDA:756,67,1,0
BRDA:779,68,0,0
BRDA:779,68,1,0
BRF:115
BRH:0
end_of_record
TN:
SF:app/(site)/vendor/dashboard/components/DashboardError.tsx
FN:36,DashboardError
FNF:1
FNH:0
FNDA:0,DashboardError
DA:3,0
DA:4,0
DA:5,0
DA:6,0
DA:7,0
DA:36,0
DA:42,0
DA:78,0
LF:8
LH:0
BRDA:39,0,0,0
BRDA:42,1,0,0
BRDA:42,1,1,0
BRDA:44,2,0,0
BRDA:44,2,1,0
BRDA:60,3,0,0
BRF:6
BRH:0
end_of_record
TN:
SF:app/(site)/vendor/dashboard/components/DashboardHeader.tsx
FN:38,DashboardHeader
FN:45,(anonymous_5)
FN:51,(anonymous_6)
FNF:3
FNH:0
FNDA:0,DashboardHeader
FNDA:0,(anonymous_5)
FNDA:0,(anonymous_6)
DA:3,0
DA:4,0
DA:5,0
DA:6,0
DA:7,0
DA:38,0
DA:43,0
DA:45,0
DA:46,0
DA:47,0
DA:51,0
DA:52,0
DA:53,0
DA:56,0
DA:125,0
LF:15
LH:0
BRDA:40,0,0,0
BRDA:41,1,0,0
BRDA:46,2,0,0
BRDA:46,2,1,0
BRDA:83,3,0,0
BRDA:86,4,0,0
BRDA:101,5,0,0
BRDA:101,5,1,0
BRDA:106,6,0,0
BRF:9
BRH:0
end_of_record
TN:
SF:app/(site)/vendor/dashboard/components/DashboardSidebar.tsx
FN:37,DashboardSidebar
FN:69,(anonymous_5)
FN:109,(anonymous_6)
FN:117,(anonymous_7)
FN:125,(anonymous_8)
FNF:5
FNH:0
FNDA:0,DashboardSidebar
FNDA:0,(anonymous_5)
FNDA:0,(anonymous_6)
FNDA:0,(anonymous_7)
FNDA:0,(anonymous_8)
DA:3,0
DA:4,0
DA:5,0
DA:6,0
DA:7,0
DA:8,0
DA:9,0
DA:10,0
DA:37,0
DA:38,0
DA:39,0
DA:40,0
DA:69,0
DA:109,0
DA:117,0
DA:125,0
DA:170,0
LF:17
LH:0
BRDA:39,0,0,0
BRDA:39,0,1,0
BRDA:58,1,0,0
BRDA:78,2,0,0
BRDA:90,3,0,0
BRDA:93,4,0,0
BRDA:93,4,1,0
BRDA:93,5,0,0
BRDA:93,5,1,0
BRF:9
BRH:0
end_of_record
TN:
SF:app/(site)/vendor/dashboard/components/DashboardSkeleton.tsx
FN:13,DashboardSkeleton
FN:47,(anonymous_5)
FN:69,(anonymous_6)
FN:108,(anonymous_7)
FN:121,(anonymous_8)
FNF:5
FNH:0
FNDA:0,DashboardSkeleton
FNDA:0,(anonymous_5)
FNDA:0,(anonymous_6)
FNDA:0,(anonymous_7)
FNDA:0,(anonymous_8)
DA:3,0
DA:4,0
DA:5,0
DA:13,0
DA:48,0
DA:70,0
DA:109,0
DA:122,0
DA:133,0
LF:9
LH:0
BRF:0
BRH:0
end_of_record
TN:
SF:app/(site)/vendor/dashboard/components/ProfileEditTabs.tsx
FN:57,ProfileEditTabs
FN:75,(anonymous_7)
FN:111,(anonymous_8)
FN:115,(anonymous_9)
FN:120,(anonymous_10)
FN:184,(anonymous_11)
FN:185,(anonymous_12)
FN:188,(anonymous_13)
FN:189,(anonymous_14)
FN:198,(anonymous_15)
FN:211,(anonymous_16)
FN:223,(anonymous_17)
FN:235,(anonymous_18)
FN:243,(anonymous_19)
FN:253,(anonymous_20)
FN:258,(anonymous_21)
FN:262,(anonymous_22)
FN:285,(anonymous_23)
FN:303,(anonymous_24)
FN:362,PlaceholderComponent
FN:363,Placeholder
FNF:21
FNH:14
FNDA:39,ProfileEditTabs
FNDA:0,(anonymous_7)
FNDA:20,(anonymous_8)
FNDA:0,(anonymous_9)
FNDA:20,(anonymous_10)
FNDA:312,(anonymous_11)
FNDA:312,(anonymous_12)
FNDA:34,(anonymous_13)
FNDA:46,(anonymous_14)
FNDA:4,(anonymous_15)
FNDA:1,(anonymous_16)
FNDA:0,(anonymous_17)
FNDA:0,(anonymous_18)
FNDA:51,(anonymous_19)
FNDA:157,(anonymous_20)
FNDA:155,(anonymous_21)
FNDA:1,(anonymous_22)
FNDA:0,(anonymous_23)
FNDA:0,(anonymous_24)
FNDA:39,PlaceholderComponent
FNDA:0,Placeholder
DA:3,1
DA:4,1
DA:11,1
DA:19,1
DA:20,1
DA:21,1
DA:23,1
DA:24,1
DA:25,1
DA:26,1
DA:27,1
DA:28,1
DA:29,1
DA:30,1
DA:31,1
DA:32,1
DA:57,20
DA:58,39
DA:59,39
DA:60,39
DA:61,39
DA:62,39
DA:66,39
DA:68,39
DA:75,39
DA:76,0
DA:80,0
DA:87,0
DA:89,0
DA:92,0
DA:93,0
DA:96,0
DA:97,0
DA:100,0
DA:101,0
DA:102,0
DA:103,0
DA:105,0
DA:106,0
DA:111,39
DA:113,20
DA:115,20
DA:116,0
DA:119,20
DA:120,20
DA:124,39
DA:184,312
DA:185,312
DA:188,39
DA:189,46
DA:190,34
DA:191,0
DA:198,39
DA:199,4
DA:201,0
DA:202,0
DA:204,4
DA:211,39
DA:212,1
DA:213,1
DA:217,1
DA:223,39
DA:224,0
DA:225,0
DA:226,0
DA:228,0
DA:229,0
DA:235,39
DA:236,0
DA:237,0
DA:243,51
DA:244,39
DA:254,157
DA:259,155
DA:262,1
DA:286,0
DA:303,0
DA:363,39
DA:374,1
LF:79
LH:52
BRDA:83,0,0,0
BRDA:83,0,1,0
BRDA:190,1,0,0
BRDA:190,1,1,34
BRDA:190,2,0,34
BRDA:190,2,1,0
BRDA:199,3,0,0
BRDA:199,3,1,4
BRDA:224,4,0,0
BRDA:224,4,1,0
BRDA:243,5,0,39
BRDA:243,5,1,0
BRDA:251,6,0,39
BRDA:272,7,0,39
BRDA:294,8,0,0
BRDA:309,9,0,0
BRDA:345,10,0,39
BRDA:347,11,0,3
BRDA:347,11,1,0
BRF:19
BRH:8
end_of_record
TN:
SF:app/(site)/vendor/dashboard/components/PromotionPackForm.tsx
FN:33,PromotionPackForm
FN:66,(anonymous_2)
FN:70,(anonymous_3)
FN:84,(anonymous_4)
FN:90,(anonymous_5)
FN:129,(anonymous_6)
FN:161,(anonymous_7)
FN:193,(anonymous_8)
FN:242,(anonymous_9)
FNF:9
FNH:0
FNDA:0,PromotionPackForm
FNDA:0,(anonymous_2)
FNDA:0,(anonymous_3)
FNDA:0,(anonymous_4)
FNDA:0,(anonymous_5)
FNDA:0,(anonymous_6)
FNDA:0,(anonymous_7)
FNDA:0,(anonymous_8)
FNDA:0,(anonymous_9)
DA:3,1
DA:5,1
DA:6,1
DA:7,1
DA:8,1
DA:9,1
DA:10,1
DA:11,1
DA:12,1
DA:13,1
DA:14,1
DA:25,1
DA:33,39
DA:34,0
DA:35,0
DA:37,0
DA:38,0
DA:41,0
DA:48,0
DA:66,0
DA:67,0
DA:69,0
DA:70,0
DA:73,0
DA:74,0
DA:75,0
DA:82,0
DA:84,0
DA:86,0
DA:90,0
DA:91,0
DA:94,0
DA:95,0
DA:129,0
DA:161,0
DA:193,0
DA:243,0
LF:37
LH:13
BRDA:33,0,0,0
BRDA:42,1,0,0
BRDA:42,1,1,0
BRDA:43,2,0,0
BRDA:43,2,1,0
BRDA:44,3,0,0
BRDA:44,3,1,0
BRDA:48,4,0,0
BRDA:48,4,1,0
BRDA:51,5,0,0
BRDA:51,5,1,0
BRDA:67,6,0,0
BRDA:67,6,1,0
BRDA:94,7,0,0
BRDA:94,7,1,0
BRDA:100,8,0,0
BRDA:117,9,0,0
BRDA:117,9,1,0
BRDA:130,10,0,0
BRDA:130,10,1,0
BRDA:140,11,0,0
BRDA:148,12,0,0
BRDA:148,12,1,0
BRDA:162,13,0,0
BRDA:162,13,1,0
BRDA:172,14,0,0
BRDA:180,15,0,0
BRDA:180,15,1,0
BRDA:194,16,0,0
BRDA:194,16,1,0
BRDA:204,17,0,0
BRDA:212,18,0,0
BRDA:212,18,1,0
BRDA:220,19,0,0
BRDA:241,20,0,0
BRDA:250,21,0,0
BRDA:256,22,0,0
BRDA:266,23,0,0
BRDA:274,24,0,0
BRDA:244,25,0,0
BRDA:244,25,1,0
BRDA:305,26,0,0
BRF:42
BRH:0
end_of_record
TN:
SF:app/(site)/vendor/dashboard/components/TeamMembersManager.tsx
FN:31,(anonymous_4)
FN:73,TeamMembersManager
FN:94,(anonymous_6)
FN:116,(anonymous_7)
FN:122,(anonymous_8)
FN:125,(anonymous_9)
FN:133,(anonymous_10)
FN:150,(anonymous_11)
FN:157,(anonymous_12)
FN:160,(anonymous_13)
FN:178,(anonymous_14)
FN:183,(anonymous_15)
FN:231,(anonymous_16)
FN:235,(anonymous_17)
FN:245,(anonymous_18)
FN:255,(anonymous_19)
FN:308,(anonymous_20)
FN:321,(anonymous_21)
FN:325,(anonymous_22)
FN:326,(anonymous_23)
FN:391,(anonymous_24)
FN:400,(anonymous_25)
FN:500,(anonymous_26)
FN:580,(anonymous_27)
FN:609,(anonymous_28)
FNF:25
FNH:0
FNDA:0,(anonymous_4)
FNDA:0,TeamMembersManager
FNDA:0,(anonymous_6)
FNDA:0,(anonymous_7)
FNDA:0,(anonymous_8)
FNDA:0,(anonymous_9)
FNDA:0,(anonymous_10)
FNDA:0,(anonymous_11)
FNDA:0,(anonymous_12)
FNDA:0,(anonymous_13)
FNDA:0,(anonymous_14)
FNDA:0,(anonymous_15)
FNDA:0,(anonymous_16)
FNDA:0,(anonymous_17)
FNDA:0,(anonymous_18)
FNDA:0,(anonymous_19)
FNDA:0,(anonymous_20)
FNDA:0,(anonymous_21)
FNDA:0,(anonymous_22)
FNDA:0,(anonymous_23)
FNDA:0,(anonymous_24)
FNDA:0,(anonymous_25)
FNDA:0,(anonymous_26)
FNDA:0,(anonymous_27)
FNDA:0,(anonymous_28)
DA:3,1
DA:4,1
DA:5,1
DA:6,1
DA:7,1
DA:8,1
DA:9,1
DA:10,1
DA:11,1
DA:12,1
DA:14,1
DA:18,1
DA:20,1
DA:21,1
DA:22,1
DA:25,1
DA:32,0
DA:33,0
DA:44,1
DA:73,39
DA:74,0
DA:75,0
DA:78,0
DA:79,0
DA:80,0
DA:81,0
DA:84,0
DA:87,0
DA:88,0
DA:90,0
DA:91,0
DA:94,0
DA:95,0
DA:106,0
DA:112,0
DA:113,0
DA:116,0
DA:117,0
DA:122,0
DA:125,0
DA:126,0
DA:127,0
DA:128,0
DA:129,0
DA:133,0
DA:134,0
DA:135,0
DA:136,0
DA:137,0
DA:146,0
DA:150,0
DA:151,0
DA:152,0
DA:153,0
DA:157,0
DA:158,0
DA:160,0
DA:161,0
DA:162,0
DA:163,0
DA:165,0
DA:166,0
DA:169,0
DA:170,0
DA:171,0
DA:173,0
DA:178,0
DA:181,0
DA:183,0
DA:184,0
DA:200,0
DA:212,0
DA:215,0
DA:216,0
DA:217,0
DA:218,0
DA:219,0
DA:222,0
DA:223,0
DA:224,0
DA:226,0
DA:231,0
DA:232,0
DA:235,0
DA:236,0
DA:237,0
DA:239,0
DA:240,0
DA:241,0
DA:242,0
DA:245,0
DA:251,0
DA:252,0
DA:255,0
DA:256,0
DA:257,0
DA:258,0
DA:261,0
DA:262,0
DA:263,0
DA:265,0
DA:270,0
DA:308,0
DA:322,0
DA:325,0
DA:326,0
DA:391,0
DA:400,0
DA:501,0
DA:580,0
DA:609,0
LF:111
LH:18
BRDA:32,0,0,0
BRDA:32,0,1,0
BRDA:32,1,0,0
BRDA:32,1,1,0
BRDA:75,2,0,0
BRDA:75,2,1,0
BRDA:95,3,0,0
BRDA:95,3,1,0
BRDA:117,4,0,0
BRDA:117,4,1,0
BRDA:122,5,0,0
BRDA:122,5,1,0
BRDA:122,6,0,0
BRDA:122,6,1,0
BRDA:126,7,0,0
BRDA:126,7,1,0
BRDA:140,8,0,0
BRDA:140,8,1,0
BRDA:141,9,0,0
BRDA:141,9,1,0
BRDA:142,10,0,0
BRDA:142,10,1,0
BRDA:143,11,0,0
BRDA:143,11,1,0
BRDA:144,12,0,0
BRDA:144,12,1,0
BRDA:158,13,0,0
BRDA:158,13,1,0
BRDA:181,14,0,0
BRDA:181,14,1,0
BRDA:184,15,0,0
BRDA:184,15,1,0
BRDA:189,16,0,0
BRDA:189,16,1,0
BRDA:190,17,0,0
BRDA:190,17,1,0
BRDA:191,18,0,0
BRDA:191,18,1,0
BRDA:192,19,0,0
BRDA:192,19,1,0
BRDA:193,20,0,0
BRDA:193,20,1,0
BRDA:193,20,2,0
BRDA:204,21,0,0
BRDA:204,21,1,0
BRDA:205,22,0,0
BRDA:205,22,1,0
BRDA:206,23,0,0
BRDA:206,23,1,0
BRDA:207,24,0,0
BRDA:207,24,1,0
BRDA:208,25,0,0
BRDA:208,25,1,0
BRDA:237,26,0,0
BRDA:237,26,1,0
BRDA:237,27,0,0
BRDA:237,27,1,0
BRDA:270,28,0,0
BRDA:270,28,1,0
BRDA:315,29,0,0
BRDA:329,30,0,0
BRDA:329,30,1,0
BRDA:339,31,0,0
BRDA:358,32,0,0
BRDA:366,33,0,0
BRDA:376,34,0,0
BRDA:415,35,0,0
BRDA:430,36,0,0
BRDA:430,36,1,0
BRDA:448,37,0,0
BRDA:463,38,0,0
BRDA:478,39,0,0
BRDA:491,40,0,0
BRDA:494,41,0,0
BRDA:519,42,0,0
BRDA:522,43,0,0
BRDA:522,43,1,0
BRDA:547,44,0,0
BRDA:568,45,0,0
BRDA:586,46,0,0
BRDA:586,46,1,0
BRDA:601,47,0,0
BRDA:601,47,1,0
BRF:83
BRH:0
end_of_record
TN:
SF:app/(site)/vendor/dashboard/components/index.ts
FNF:0
FNH:0
DA:7,0
DA:8,0
DA:9,0
DA:10,0
LF:4
LH:0
BRF:0
BRH:0
end_of_record
TN:
SF:app/(site)/vendor/dashboard/profile/page.tsx
FN:22,VendorProfilePage
FN:30,(anonymous_5)
FN:72,(anonymous_6)
FNF:3
FNH:0
FNDA:0,VendorProfilePage
FNDA:0,(anonymous_5)
FNDA:0,(anonymous_6)
DA:3,0
DA:4,0
DA:5,0
DA:6,0
DA:7,0
DA:8,0
DA:9,0
DA:22,0
DA:23,0
DA:24,0
DA:25,0
DA:30,0
DA:31,0
DA:32,0
DA:36,0
DA:37,0
DA:44,0
DA:58,0
DA:72,0
DA:87,0
DA:88,0
LF:21
LH:0
BRDA:31,0,0,0
BRDA:31,0,1,0
BRDA:31,1,0,0
BRDA:31,1,1,0
BRDA:36,2,0,0
BRDA:36,2,1,0
BRDA:36,3,0,0
BRDA:36,3,1,0
BRDA:36,3,2,0
BRDA:44,4,0,0
BRDA:44,4,1,0
BRDA:44,5,0,0
BRDA:44,5,1,0
BRDA:58,6,0,0
BRDA:58,6,1,0
BRDA:69,7,0,0
BRDA:69,7,1,0
BRDA:87,8,0,0
BRDA:87,8,1,0
BRDA:87,9,0,0
BRDA:87,9,1,0
BRDA:87,9,2,0
BRF:22
BRH:0
end_of_record
TN:
SF:app/(site)/vendor/login/page.tsx
FN:14,VendorLoginPage
FNF:1
FNH:0
FNDA:0,VendorLoginPage
DA:1,0
DA:4,0
DA:14,0
LF:3
LH:0
BRF:0
BRH:0
end_of_record
TN:
SF:app/(site)/vendor/register/page.tsx
FN:15,VendorRegisterPage
FNF:1
FNH:0
FNDA:0,VendorRegisterPage
DA:2,0
DA:4,0
DA:15,0
LF:3
LH:0
BRF:0
BRH:0
end_of_record
TN:
SF:app/(site)/vendor/registration-pending/page.tsx
FN:17,RegistrationPendingPage
FNF:1
FNH:0
FNDA:0,RegistrationPendingPage
DA:2,0
DA:3,0
DA:4,0
DA:6,0
DA:17,0
LF:5
LH:0
BRF:0
BRH:0
end_of_record
TN:
SF:app/(site)/vendors/page.tsx
FN:48,VendorsPage
FN:59,(anonymous_9)
FN:80,(anonymous_10)
FNF:3
FNH:0
FNDA:0,VendorsPage
FNDA:0,(anonymous_9)
FNDA:0,(anonymous_10)
DA:1,0
DA:3,0
DA:4,0
DA:8,0
DA:10,0
DA:12,0
DA:48,0
DA:49,0
DA:50,0
DA:53,0
DA:59,0
DA:61,0
DA:81,0
LF:13
LH:0
BRDA:10,0,0,0
BRDA:10,0,1,0
BRDA:49,1,0,0
BRDA:49,1,1,0
BRF:4
BRH:0
end_of_record
TN:
SF:app/(site)/vendors/[slug]/page.tsx
FN:38,generateStaticParams
FN:45,(anonymous_9)
FN:46,(anonymous_10)
FN:51,(anonymous_11)
FN:63,generateMetadata
FN:128,VendorDetailPage
FN:276,(anonymous_14)
FNF:7
FNH:0
FNDA:0,generateStaticParams
FNDA:0,(anonymous_9)
FNDA:0,(anonymous_10)
FNDA:0,(anonymous_11)
FNDA:0,generateMetadata
FNDA:0,VendorDetailPage
FNDA:0,(anonymous_14)
DA:1,0
DA:2,0
DA:3,0
DA:4,0
DA:5,0
DA:13,0
DA:14,0
DA:15,0
DA:17,0
DA:18,0
DA:20,0
DA:21,0
DA:22,0
DA:23,0
DA:24,0
DA:25,0
DA:26,0
DA:27,0
DA:28,0
DA:29,0
DA:32,0
DA:33,0
DA:35,0
DA:38,0
DA:39,0
DA:40,0
DA:41,0
DA:42,0
DA:44,0
DA:45,0
DA:46,0
DA:50,0
DA:51,0
DA:54,0
DA:55,0
DA:57,0
DA:58,0
DA:63,0
DA:64,0
DA:65,0
DA:67,0
DA:68,0
DA:74,0
DA:75,0
DA:76,0
DA:81,0
DA:91,0
DA:92,0
DA:93,0
DA:94,0
DA:95,0
DA:96,0
DA:99,0
DA:128,0
DA:130,0
DA:133,0
DA:134,0
DA:138,0
DA:140,0
DA:141,0
DA:142,0
DA:145,0
DA:148,0
DA:149,0
DA:277,0
LF:65
LH:0
BRDA:35,0,0,0
BRDA:35,0,1,0
BRDA:50,1,0,0
BRDA:50,1,1,0
BRDA:67,2,0,0
BRDA:67,2,1,0
BRDA:74,3,0,0
BRDA:74,3,1,0
BRDA:74,4,0,0
BRDA:74,4,1,0
BRDA:74,5,0,0
BRDA:74,5,1,0
BRDA:75,6,0,0
BRDA:75,6,1,0
BRDA:76,7,0,0
BRDA:76,7,1,0
BRDA:86,8,0,0
BRDA:86,8,1,0
BRDA:87,9,0,0
BRDA:87,9,1,0
BRDA:91,10,0,0
BRDA:91,10,1,0
BRDA:93,11,0,0
BRDA:93,11,1,0
BRDA:95,12,0,0
BRDA:95,12,1,0
BRDA:100,13,0,0
BRDA:100,13,1,0
BRDA:108,14,0,0
BRDA:108,14,1,0
BRDA:114,15,0,0
BRDA:114,15,1,0
BRDA:133,16,0,0
BRDA:133,16,1,0
BRDA:133,17,0,0
BRDA:133,17,1,0
BRDA:133,17,2,0
BRDA:133,17,3,0
BRDA:140,18,0,0
BRDA:140,18,1,0
BRDA:145,19,0,0
BRDA:145,19,1,0
BRDA:203,20,0,0
BRDA:203,20,1,0
BRDA:204,21,0,0
BRDA:204,21,1,0
BRDA:244,22,0,0
BRDA:250,23,0,0
BRDA:260,24,0,0
BRDA:272,25,0,0
BRDA:272,25,1,0
BRDA:289,26,0,0
BRDA:289,26,1,0
BRDA:289,26,2,0
BRDA:289,26,3,0
BRF:55
BRH:0
end_of_record
TN:
SF:app/(site)/vendors/[slug]/_components/vendor-detail-client.tsx
FN:19,VendorDetailClient
FN:26,(anonymous_5)
FN:30,(anonymous_6)
FNF:3
FNH:0
FNDA:0,VendorDetailClient
FNDA:0,(anonymous_5)
FNDA:0,(anonymous_6)
DA:3,0
DA:4,0
DA:5,0
DA:6,0
DA:11,0
DA:12,0
DA:19,0
DA:20,0
DA:26,0
DA:27,0
DA:30,0
DA:31,0
LF:12
LH:0
BRDA:38,0,0,0
BRDA:38,0,1,0
BRDA:52,1,0,0
BRF:3
BRH:0
end_of_record
TN:
SF:app/(site)/vendors/[slug]/_components/vendor-location-section.tsx
FN:9,(anonymous_5)
FN:10,(anonymous_6)
FN:10,(anonymous_7)
FN:26,VendorLocationSection
FNF:4
FNH:0
FNDA:0,(anonymous_5)
FNDA:0,(anonymous_6)
FNDA:0,(anonymous_7)
FNDA:0,VendorLocationSection
DA:3,0
DA:4,0
DA:10,0
DA:26,0
LF:4
LH:0
BRF:0
BRH:0
end_of_record
TN:
SF:app/(site)/yachts/page.tsx
FN:10,YachtsPage
FN:27,(anonymous_4)
FNF:2
FNH:0
FNDA:0,YachtsPage
FNDA:0,(anonymous_4)
DA:2,0
DA:3,0
DA:5,0
DA:10,0
DA:11,0
DA:28,0
LF:6
LH:0
BRDA:26,0,0,0
BRF:1
BRH:0
end_of_record
TN:
SF:app/(site)/yachts/[slug]/page.tsx
FN:12,generateStaticParams
FN:15,(anonymous_5)
FN:24,YachtDetailPage
FN:171,(anonymous_7)
FN:195,(anonymous_8)
FN:221,(anonymous_9)
FN:223,(anonymous_10)
FN:224,(anonymous_11)
FN:256,(anonymous_12)
FN:280,(anonymous_13)
FN:298,(anonymous_14)
FN:300,(anonymous_15)
FN:358,(anonymous_16)
FN:360,(anonymous_17)
FN:374,(anonymous_18)
FN:458,(anonymous_19)
FN:476,(anonymous_20)
FNF:17
FNH:0
FNDA:0,generateStaticParams
FNDA:0,(anonymous_5)
FNDA:0,YachtDetailPage
FNDA:0,(anonymous_7)
FNDA:0,(anonymous_8)
FNDA:0,(anonymous_9)
FNDA:0,(anonymous_10)
FNDA:0,(anonymous_11)
FNDA:0,(anonymous_12)
FNDA:0,(anonymous_13)
FNDA:0,(anonymous_14)
FNDA:0,(anonymous_15)
FNDA:0,(anonymous_16)
FNDA:0,(anonymous_17)
FNDA:0,(anonymous_18)
FNDA:0,(anonymous_19)
FNDA:0,(anonymous_20)
DA:1,0
DA:2,0
DA:3,0
DA:4,0
DA:5,0
DA:6,0
DA:7,0
DA:9,0
DA:12,0
DA:13,0
DA:14,0
DA:15,0
DA:19,0
DA:20,0
DA:24,0
DA:25,0
DA:26,0
DA:27,0
DA:29,0
DA:30,0
DA:33,0
DA:34,0
DA:172,0
DA:196,0
DA:223,0
DA:224,0
DA:225,0
DA:230,0
DA:256,0
DA:257,0
DA:258,0
DA:259,0
DA:261,0
DA:262,0
DA:281,0
DA:300,0
DA:301,0
DA:305,0
DA:360,0
DA:361,0
DA:368,0
DA:369,0
DA:375,0
DA:390,0
DA:459,0
DA:477,0
DA:502,0
DA:503,0
LF:48
LH:0
BRDA:29,0,0,0
BRDA:29,0,1,0
BRDA:43,1,0,0
BRDA:43,1,1,0
BRDA:59,2,0,0
BRDA:65,3,0,0
BRDA:71,4,0,0
BRDA:77,5,0,0
BRDA:83,6,0,0
BRDA:89,7,0,0
BRDA:108,8,0,0
BRDA:114,9,0,0
BRDA:120,10,0,0
BRDA:126,11,0,0
BRDA:134,12,0,0
BRDA:140,13,0,0
BRDA:146,14,0,0
BRDA:152,15,0,0
BRDA:164,16,0,0
BRDA:164,16,1,0
BRDA:188,17,0,0
BRDA:188,17,1,0
BRDA:199,18,0,0
BRDA:203,19,0,0
BRDA:206,20,0,0
BRDA:221,21,0,0
BRDA:221,21,1,0
BRDA:221,21,2,0
BRDA:225,22,0,0
BRDA:225,22,1,0
BRDA:230,23,0,0
BRDA:230,23,1,0
BRDA:257,24,0,0
BRDA:257,24,1,0
BRDA:258,25,0,0
BRDA:258,25,1,0
BRDA:301,26,0,0
BRDA:301,26,1,0
BRDA:314,27,0,0
BRDA:325,28,0,0
BRDA:334,29,0,0
BRDA:337,30,0,0
BRDA:337,30,1,0
BRDA:338,31,0,0
BRDA:338,31,1,0
BRDA:342,32,0,0
BRDA:342,32,1,0
BRDA:343,33,0,0
BRDA:343,33,1,0
BRDA:353,34,0,0
BRDA:353,34,1,0
BRDA:361,35,0,0
BRDA:361,35,1,0
BRDA:361,35,2,0
BRDA:361,35,3,0
BRDA:361,35,4,0
BRDA:368,36,0,0
BRDA:368,36,1,0
BRDA:382,37,0,0
BRDA:402,38,0,0
BRDA:428,39,0,0
BRDA:437,40,0,0
BRDA:437,40,1,0
BRDA:443,41,0,0
BRDA:443,41,1,0
BRDA:449,42,0,0
BRDA:449,42,1,0
BRDA:454,43,0,0
BRDA:454,43,1,0
BRDA:469,44,0,0
BRDA:469,44,1,0
BRDA:479,45,0,0
BRDA:482,46,0,0
BRDA:487,47,0,0
BRF:74
BRH:0
end_of_record
TN:
SF:app/admin/layout.tsx
FN:12,AdminLayout
FNF:1
FNH:0
FNDA:0,AdminLayout
DA:3,0
DA:10,0
DA:12,0
DA:17,0
LF:4
LH:0
BRF:0
BRH:0
end_of_record
TN:
SF:app/admin/vendors/pending/page.tsx
FN:26,AdminVendorsPendingPage
FN:33,(anonymous_8)
FN:48,(anonymous_9)
FNF:3
FNH:0
FNDA:0,AdminVendorsPendingPage
FNDA:0,(anonymous_8)
FNDA:0,(anonymous_9)
DA:3,0
DA:4,0
DA:5,0
DA:6,0
DA:7,0
DA:8,0
DA:11,0
DA:26,0
DA:27,0
DA:28,0
DA:33,0
DA:34,0
DA:35,0
DA:37,0
DA:38,0
DA:40,0
DA:48,0
DA:49,0
DA:55,0
DA:67,0
DA:68,0
LF:21
LH:0
BRDA:34,0,0,0
BRDA:34,0,1,0
BRDA:35,1,0,0
BRDA:35,1,1,0
BRDA:38,2,0,0
BRDA:38,2,1,0
BRDA:55,3,0,0
BRDA:55,3,1,0
BRDA:67,4,0,0
BRDA:67,4,1,0
BRDA:67,5,0,0
BRDA:67,5,1,0
BRDA:81,6,0,0
BRF:13
BRH:0
end_of_record
TN:
SF:app/api/admin/vendors/[id]/approve/route.ts
FN:9,extractAdminUser
FN:29,POST
FNF:2
FNH:0
FNDA:0,extractAdminUser
FNDA:0,POST
DA:1,0
DA:2,0
DA:3,0
DA:4,0
DA:10,0
DA:13,0
DA:14,0
DA:17,0
DA:19,0
DA:20,0
DA:23,0
DA:29,0
DA:33,0
DA:34,0
DA:36,0
DA:37,0
DA:38,0
DA:41,0
DA:47,0
DA:48,0
DA:54,0
DA:55,0
DA:56,0
DA:61,0
DA:65,0
DA:71,0
DA:72,0
DA:79,0
DA:89,0
DA:90,0
DA:92,0
DA:93,0
DA:96,0
DA:97,0
DA:100,0
LF:35
LH:0
BRDA:10,0,0,0
BRDA:10,0,1,0
BRDA:13,1,0,0
BRDA:13,1,1,0
BRDA:19,2,0,0
BRDA:19,2,1,0
BRDA:54,3,0,0
BRDA:54,3,1,0
BRDA:55,4,0,0
BRDA:55,4,1,0
BRDA:55,5,0,0
BRDA:55,5,1,0
BRDA:71,6,0,0
BRDA:71,6,1,0
BRDA:90,7,0,0
BRDA:90,7,1,0
BRDA:92,8,0,0
BRDA:92,8,1,0
BRDA:96,9,0,0
BRDA:96,9,1,0
BRF:20
BRH:0
end_of_record
TN:
SF:app/api/admin/vendors/[id]/reject/route.ts
FN:9,extractAdminUser
FN:29,POST
FNF:2
FNH:0
FNDA:0,extractAdminUser
FNDA:0,POST
DA:1,0
DA:2,0
DA:3,0
DA:4,0
DA:10,0
DA:13,0
DA:14,0
DA:17,0
DA:19,0
DA:20,0
DA:23,0
DA:29,0
DA:33,0
DA:34,0
DA:36,0
DA:37,0
DA:40,0
DA:41,0
DA:47,0
DA:48,0
DA:49,0
DA:52,0
DA:59,0
DA:60,0
DA:66,0
DA:67,0
DA:68,0
DA:73,0
DA:76,0
DA:87,0
DA:88,0
DA:90,0
DA:91,0
DA:94,0
DA:95,0
DA:98,0
LF:36
LH:0
BRDA:10,0,0,0
BRDA:10,0,1,0
BRDA:13,1,0,0
BRDA:13,1,1,0
BRDA:19,2,0,0
BRDA:19,2,1,0
BRDA:40,3,0,0
BRDA:40,3,1,0
BRDA:40,4,0,0
BRDA:40,4,1,0
BRDA:66,5,0,0
BRDA:66,5,1,0
BRDA:67,6,0,0
BRDA:67,6,1,0
BRDA:67,7,0,0
BRDA:67,7,1,0
BRDA:88,8,0,0
BRDA:88,8,1,0
BRDA:90,9,0,0
BRDA:90,9,1,0
BRDA:94,10,0,0
BRDA:94,10,1,0
BRF:22
BRH:0
end_of_record
TN:
SF:app/api/admin/vendors/approval/route.ts
FN:9,extractAdminUser
FN:29,GET
FN:44,(anonymous_6)
FN:79,POST
FNF:4
FNH:0
FNDA:0,extractAdminUser
FNDA:0,GET
FNDA:0,(anonymous_6)
FNDA:0,POST
DA:1,0
DA:2,0
DA:3,0
DA:4,0
DA:10,0
DA:13,0
DA:14,0
DA:17,0
DA:19,0
DA:20,0
DA:23,0
DA:29,0
DA:30,0
DA:31,0
DA:33,0
DA:36,0
DA:43,0
DA:45,0
DA:51,0
DA:64,0
DA:66,0
DA:68,0
DA:69,0
DA:72,0
DA:79,0
DA:80,0
DA:81,0
DA:83,0
DA:84,0
DA:86,0
DA:87,0
DA:93,0
DA:94,0
DA:100,0
DA:101,0
DA:107,0
DA:110,0
DA:114,0
DA:115,0
DA:117,0
DA:118,0
DA:121,0
DA:129,0
DA:138,0
DA:139,0
DA:140,0
LF:46
LH:0
BRDA:10,0,0,0
BRDA:10,0,1,0
BRDA:13,1,0,0
BRDA:13,1,1,0
BRDA:19,2,0,0
BRDA:19,2,1,0
BRDA:59,3,0,0
BRDA:59,3,1,0
BRDA:66,4,0,0
BRDA:66,4,1,0
BRDA:68,5,0,0
BRDA:68,5,1,0
BRDA:86,6,0,0
BRDA:86,6,1,0
BRDA:86,7,0,0
BRDA:86,7,1,0
BRDA:93,8,0,0
BRDA:93,8,1,0
BRDA:93,9,0,0
BRDA:93,9,1,0
BRDA:100,10,0,0
BRDA:100,10,1,0
BRDA:100,11,0,0
BRDA:100,11,1,0
BRDA:111,12,0,0
BRDA:111,12,1,0
BRDA:114,13,0,0
BRDA:114,13,1,0
BRDA:130,14,0,0
BRDA:130,14,1,0
BRDA:139,15,0,0
BRDA:139,15,1,0
BRF:32
BRH:0
end_of_record
TN:
SF:app/api/admin/vendors/pending/route.ts
FN:9,extractAdminUser
FN:29,GET
FN:44,(anonymous_4)
FNF:3
FNH:0
FNDA:0,extractAdminUser
FNDA:0,GET
FNDA:0,(anonymous_4)
DA:1,0
DA:2,0
DA:3,0
DA:4,0
DA:10,0
DA:13,0
DA:14,0
DA:17,0
DA:19,0
DA:20,0
DA:23,0
DA:29,0
DA:30,0
DA:31,0
DA:33,0
DA:36,0
DA:43,0
DA:45,0
DA:51,0
DA:64,0
DA:66,0
DA:68,0
DA:69,0
DA:72,0
LF:24
LH:0
BRDA:10,0,0,0
BRDA:10,0,1,0
BRDA:13,1,0,0
BRDA:13,1,1,0
BRDA:19,2,0,0
BRDA:19,2,1,0
BRDA:59,3,0,0
BRDA:59,3,1,0
BRDA:66,4,0,0
BRDA:66,4,1,0
BRDA:68,5,0,0
BRDA:68,5,1,0
BRF:12
BRH:0
end_of_record
TN:
SF:app/api/auth/login/route.ts
FN:4,POST
FNF:1
FNH:0
FNDA:0,POST
DA:1,0
DA:2,0
DA:4,0
DA:5,0
DA:6,0
DA:7,0
DA:10,0
DA:11,0
DA:18,0
DA:21,0
DA:27,0
DA:36,0
DA:44,0
DA:46,0
DA:49,0
DA:50,0
DA:53,0
LF:17
LH:0
BRDA:10,0,0,0
BRDA:10,0,1,0
BRDA:10,1,0,0
BRDA:10,1,1,0
BRDA:46,2,0,0
BRDA:46,2,1,0
BRDA:49,3,0,0
BRDA:49,3,1,0
BRDA:49,4,0,0
BRDA:49,4,1,0
BRF:10
BRH:0
end_of_record
TN:
SF:app/api/auth/logout/route.ts
FN:8,POST
FNF:1
FNH:0
FNDA:0,POST
DA:1,0
DA:8,0
DA:9,0
DA:14,0
DA:23,0
DA:31,0
LF:6
LH:0
BRF:0
BRH:0
end_of_record
TN:
SF:app/api/auth/me/route.ts
FN:12,GET
FNF:1
FNH:0
FNDA:0,GET
DA:1,0
DA:2,0
DA:3,0
DA:4,0
DA:12,0
DA:13,0
DA:15,0
DA:17,0
DA:18,0
DA:25,0
DA:28,0
DA:29,0
DA:30,0
DA:36,0
DA:37,0
DA:41,0
DA:44,0
DA:48,0
DA:50,0
DA:51,0
DA:57,0
LF:21
LH:0
BRDA:17,0,0,0
BRDA:17,0,1,0
BRDA:36,1,0,0
BRDA:36,1,1,0
BRDA:36,2,0,0
BRDA:36,2,1,0
BRDA:37,3,0,0
BRDA:37,3,1,0
BRDA:48,4,0,0
BRDA:48,4,1,0
BRDA:50,5,0,0
BRDA:50,5,1,0
BRF:12
BRH:0
end_of_record
TN:
SF:app/api/auth/refresh/route.ts
FN:9,POST
FNF:1
FNH:0
FNDA:0,POST
DA:1,0
DA:2,0
DA:9,0
DA:10,0
DA:12,0
DA:14,0
DA:15,0
DA:22,0
DA:25,0
DA:29,0
DA:37,0
DA:39,0
DA:41,0
DA:42,0
DA:48,0
LF:15
LH:0
BRDA:14,0,0,0
BRDA:14,0,1,0
BRDA:39,1,0,0
BRDA:39,1,1,0
BRDA:41,2,0,0
BRDA:41,2,1,0
BRF:6
BRH:0
end_of_record
TN:
SF:app/api/geocode/route.ts
FN:37,(anonymous_1)
FN:39,(anonymous_2)
FN:57,clearRateLimitForTesting
FN:69,checkRateLimit
FN:81,(anonymous_5)
FN:89,(anonymous_6)
FN:130,getClientIP
FN:154,fetchFromPhoton
FN:165,(anonymous_9)
FN:209,validateQueryParams
FN:271,GET
FNF:11
FNH:0
FNDA:0,(anonymous_1)
FNDA:0,(anonymous_2)
FNDA:0,clearRateLimitForTesting
FNDA:0,checkRateLimit
FNDA:0,(anonymous_5)
FNDA:0,(anonymous_6)
FNDA:0,getClientIP
FNDA:0,fetchFromPhoton
FNDA:0,(anonymous_9)
FNDA:0,validateQueryParams
FNDA:0,GET
DA:1,1
DA:25,1
DA:30,1
DA:31,1
DA:35,1
DA:36,1
DA:37,0
DA:38,0
DA:39,0
DA:40,0
DA:41,0
DA:47,0
DA:48,0
DA:53,1
DA:54,1
DA:58,0
DA:59,0
DA:60,0
DA:65,1
DA:66,1
DA:70,0
DA:74,0
DA:75,0
DA:76,0
DA:80,0
DA:81,0
DA:82,0
DA:83,0
DA:88,0
DA:89,0
DA:90,0
DA:91,0
DA:94,0
DA:98,0
DA:100,0
DA:102,0
DA:106,0
DA:110,0
DA:112,0
DA:116,0
DA:120,0
DA:122,0
DA:126,0
DA:127,0
DA:132,0
DA:133,0
DA:134,0
DA:137,0
DA:138,0
DA:139,0
DA:144,0
DA:151,1
DA:152,1
DA:159,0
DA:160,0
DA:161,0
DA:162,0
DA:164,0
DA:165,0
DA:167,0
DA:168,0
DA:176,0
DA:178,0
DA:179,0
DA:180,0
DA:182,0
DA:185,0
DA:186,0
DA:188,0
DA:190,0
DA:191,0
DA:192,0
DA:194,0
DA:195,0
DA:197,0
DA:198,0
DA:201,0
DA:217,0
DA:218,0
DA:219,0
DA:225,0
DA:228,0
DA:229,0
DA:235,0
DA:236,0
DA:243,0
DA:244,0
DA:245,0
DA:246,0
DA:247,0
DA:248,0
DA:253,0
DA:257,0
DA:259,0
DA:271,0
DA:272,0
DA:274,0
DA:277,0
DA:278,0
DA:279,0
DA:283,0
DA:299,0
DA:300,0
DA:302,0
DA:303,0
DA:314,0
DA:321,0
DA:322,0
DA:333,0
DA:342,0
DA:343,0
DA:344,0
DA:354,0
DA:355,0
DA:365,0
DA:366,0
DA:378,0
DA:379,0
LF:118
LH:12
BRDA:36,0,0,0
BRDA:36,0,1,1
BRDA:36,1,0,1
BRDA:36,1,1,0
BRDA:40,2,0,0
BRDA:40,2,1,0
BRDA:47,3,0,0
BRDA:47,3,1,0
BRDA:58,4,0,0
BRDA:58,4,1,0
BRDA:65,5,0,1
BRDA:65,5,1,0
BRDA:74,6,0,0
BRDA:74,6,1,0
BRDA:80,7,0,0
BRDA:80,7,1,0
BRDA:82,8,0,0
BRDA:82,8,1,0
BRDA:88,9,0,0
BRDA:88,9,1,0
BRDA:90,10,0,0
BRDA:90,10,1,0
BRDA:100,11,0,0
BRDA:100,11,1,0
BRDA:110,12,0,0
BRDA:110,12,1,0
BRDA:120,13,0,0
BRDA:120,13,1,0
BRDA:133,14,0,0
BRDA:133,14,1,0
BRDA:138,15,0,0
BRDA:138,15,1,0
[...]
BRDA:232,15,1,2
BRDA:237,16,0,5
BRDA:237,16,1,2
BRDA:239,17,0,0
BRDA:239,17,1,5
BRF:36
BRH:33
end_of_record
TN:
SF:lib/transformers/index.ts
FNF:0
FNH:0
DA:26,5
DA:27,4
DA:28,4
DA:29,4
DA:30,3
DA:31,4
DA:32,4
DA:33,6
DA:34,1
DA:42,5
DA:43,1
DA:44,1
DA:49,5
DA:50,1
DA:54,6
DA:55,1
DA:59,5
DA:60,1
LF:18
LH:18
BRF:0
BRH:0
end_of_record
TN:
SF:lib/transformers/markdown-to-lexical.ts
FN:218,markdownToLexical
FN:261,convertTokensToLexicalNodes
FN:339,convertInlineTokens
FN:431,extractListItems
FN:479,extractBlockquoteContent
FN:507,createEmptyLexicalDocument
FN:523,createParagraphNode
FN:537,createHeadingNode
FN:555,createTextNode
FN:570,createListNode
FN:581,(anonymous_15)
FN:593,createListItemNode
FN:608,createLinkNode
FN:624,createCodeNode
FN:639,createQuoteNode
FN:653,createHorizontalRuleNode
FN:666,createImageNode
FN:687,lexicalToPlainText
FN:690,extractText
FNF:19
FNH:19
FNDA:50,markdownToLexical
FNDA:41,convertTokensToLexicalNodes
FNDA:81,convertInlineTokens
FNDA:9,extractListItems
FNDA:5,extractBlockquoteContent
FNDA:9,createEmptyLexicalDocument
FNDA:49,createParagraphNode
FNDA:18,createHeadingNode
FNDA:138,createTextNode
FNDA:9,createListNode
FNDA:23,(anonymous_15)
FNDA:23,createListItemNode
FNDA:5,createLinkNode
FNDA:4,createCodeNode
FNDA:5,createQuoteNode
FNDA:4,createHorizontalRuleNode
FNDA:2,createImageNode
FNDA:3,lexicalToPlainText
FNDA:10,extractText
DA:22,2
DA:193,6
DA:218,50
DA:222,50
DA:223,9
DA:226,41
DA:228,41
DA:236,41
DA:239,41
DA:241,41
DA:253,0
DA:254,0
DA:265,41
DA:266,41
DA:268,41
DA:269,74
DA:271,74
DA:273,18
DA:274,18
DA:275,18
DA:276,18
DA:277,18
DA:278,18
DA:279,18
DA:283,35
DA:284,35
DA:285,35
DA:286,35
DA:287,35
DA:288,35
DA:292,6
DA:293,6
DA:294,6
DA:295,6
DA:299,2
DA:300,2
DA:301,2
DA:302,2
DA:306,5
DA:307,5
DA:308,5
DA:309,5
DA:314,4
DA:315,4
DA:316,4
DA:317,4
DA:321,4
DA:322,4
DA:327,0
DA:330,74
DA:333,41
DA:343,81
DA:344,81
DA:346,81
DA:347,127
DA:349,127
DA:351,100
DA:352,100
DA:356,11
DA:357,11
DA:358,11
DA:359,11
DA:361,11
DA:362,11
DA:366,5
DA:367,5
DA:368,5
DA:369,5
DA:371,5
DA:372,5
DA:376,0
DA:377,0
DA:378,0
DA:379,0
DA:381,0
DA:382,0
DA:386,3
DA:387,3
DA:391,5
DA:392,5
DA:393,5
DA:394,5
DA:397,5
DA:398,5
DA:399,5
DA:400,5
DA:402,5
DA:405,5
DA:406,5
DA:410,2
DA:411,2
DA:412,2
DA:413,2
DA:414,2
DA:419,1
DA:422,127
DA:425,81
DA:435,9
DA:436,9
DA:438,9
DA:439,23
DA:441,23
DA:442,23
DA:443,23
DA:446,23
DA:447,24
DA:449,24
DA:450,23
DA:451,23
DA:452,23
DA:453,23
DA:455,23
DA:456,1
DA:458,1
DA:459,1
DA:460,1
DA:461,1
DA:464,24
DA:467,23
DA:470,23
DA:473,9
DA:483,5
DA:484,5
DA:486,5
DA:487,5
DA:489,5
DA:490,5
DA:491,5
DA:492,5
DA:493,5
DA:495,5
DA:498,5
DA:501,5
DA:508,9
DA:524,49
DA:541,18
DA:556,138
DA:575,9
DA:582,23
DA:594,23
DA:609,5
DA:625,4
DA:640,5
DA:654,4
DA:667,2
DA:687,3
DA:688,3
DA:691,10
DA:692,5
DA:695,10
DA:696,5
DA:697,5
DA:702,3
DA:703,5
DA:704,5
DA:705,5
DA:709,3
LF:157
LH:148
BRDA:222,0,0,9
BRDA:222,0,1,41
BRDA:247,1,0,41
BRDA:247,1,1,0
BRDA:271,2,0,18
BRDA:271,2,1,35
BRDA:271,2,2,6
BRDA:271,2,3,2
BRDA:271,2,4,5
BRDA:271,2,5,0
BRDA:271,2,6,4
BRDA:271,2,7,4
BRDA:271,2,8,0
BRDA:276,3,0,18
BRDA:276,3,1,0
BRDA:276,4,0,18
BRDA:276,4,1,0
BRDA:285,5,0,35
BRDA:285,5,1,0
BRDA:285,6,0,35
BRDA:285,6,1,0
BRDA:314,7,0,4
BRDA:314,7,1,1
BRDA:315,8,0,4
BRDA:315,8,1,0
BRDA:349,9,0,100
BRDA:349,9,1,11
BRDA:349,9,2,5
BRDA:349,9,3,0
BRDA:349,9,4,3
BRDA:349,9,5,5
BRDA:349,9,6,2
BRDA:349,9,7,1
BRDA:358,10,0,11
BRDA:358,10,1,0
BRDA:368,11,0,5
BRDA:368,11,1,0
BRDA:378,12,0,0
BRDA:378,12,1,0
BRDA:391,13,0,5
BRDA:391,13,1,0
BRDA:392,14,0,5
BRDA:392,14,1,4
BRDA:397,15,0,10
BRDA:397,15,1,10
BRDA:399,16,0,5
BRDA:399,16,1,0
BRDA:410,17,0,2
BRDA:410,17,1,0
BRDA:411,18,0,2
BRDA:411,18,1,0
BRDA:412,19,0,1
BRDA:412,19,1,1
BRDA:438,20,0,32
BRDA:438,20,1,32
BRDA:438,20,2,25
BRDA:441,21,0,23
BRDA:441,21,1,0
BRDA:446,22,0,47
BRDA:446,22,1,47
BRDA:449,23,0,23
BRDA:449,23,1,1
BRDA:452,24,0,23
BRDA:452,24,1,0
BRDA:456,25,0,1
BRDA:456,25,1,0
BRDA:456,26,0,1
BRDA:456,26,1,0
BRDA:459,27,0,1
BRDA:459,27,1,0
BRDA:486,28,0,10
BRDA:486,28,1,10
BRDA:489,29,0,5
BRDA:489,29,1,0
BRDA:492,30,0,5
BRDA:492,30,1,0
BRDA:527,31,0,40
BRDA:527,31,1,9
BRDA:545,32,0,17
BRDA:545,32,1,1
BRDA:580,33,0,7
BRDA:580,33,1,2
BRDA:598,34,0,23
BRDA:598,34,1,0
BRDA:613,35,0,5
BRDA:613,35,1,0
BRDA:617,36,0,5
BRDA:617,36,1,1
BRDA:643,37,0,5
BRDA:643,37,1,0
BRDA:691,38,0,5
BRDA:691,38,1,5
BRDA:691,39,0,10
BRDA:691,39,1,5
BRDA:695,40,0,5
BRDA:695,40,1,5
BRDA:695,41,0,10
BRDA:695,41,1,5
BRDA:704,42,0,5
BRDA:704,42,1,0
BRF:100
BRH:72
end_of_record
TN:
SF:lib/transformers/product.ts
FN:170,transformProductFromMarkdown
FN:209,(anonymous_2)
FN:241,(anonymous_3)
FN:247,(anonymous_4)
FN:255,(anonymous_5)
FN:262,(anonymous_6)
FN:280,(anonymous_7)
FN:290,(anonymous_8)
FNF:8
FNH:3
FNDA:6,transformProductFromMarkdown
FNDA:2,(anonymous_2)
FNDA:0,(anonymous_3)
FNDA:1,(anonymous_4)
FNDA:0,(anonymous_5)
FNDA:0,(anonymous_6)
FNDA:0,(anonymous_7)
FNDA:0,(anonymous_8)
DA:15,1
DA:16,1
DA:170,6
DA:174,6
DA:176,6
DA:178,6
DA:179,6
DA:180,1
DA:186,5
DA:189,5
DA:193,5
DA:196,5
DA:197,5
DA:201,5
DA:202,1
DA:209,4
DA:217,4
DA:218,4
DA:219,2
DA:224,2
DA:225,2
DA:227,0
DA:232,4
DA:236,4
DA:237,0
DA:241,4
DA:247,4
DA:255,4
DA:262,4
DA:270,4
DA:280,4
DA:290,4
DA:298,4
DA:308,4
DA:385,4
DA:391,0
LF:36
LH:33
BRDA:179,0,0,1
BRDA:179,0,1,5
BRDA:186,1,0,5
BRDA:186,1,1,4
BRDA:189,2,0,1
BRDA:189,2,1,4
BRDA:196,3,0,5
BRDA:196,3,1,1
BRDA:197,4,0,4
BRDA:197,4,1,1
BRDA:201,5,0,1
BRDA:201,5,1,4
BRDA:209,6,0,4
BRDA:209,6,1,3
BRDA:210,7,0,2
BRDA:210,7,1,1
BRDA:210,7,2,0
BRDA:211,8,0,2
BRDA:211,8,1,1
BRDA:212,9,0,2
BRDA:212,9,1,1
BRDA:212,9,2,0
BRDA:218,10,0,2
BRDA:218,10,1,2
BRDA:224,11,0,2
BRDA:224,11,1,0
BRDA:232,12,0,0
BRDA:232,12,1,4
BRDA:236,13,0,0
BRDA:236,13,1,4
BRDA:236,14,0,4
BRDA:236,14,1,0
BRDA:270,15,0,0
BRDA:270,15,1,4
BRDA:272,16,0,0
BRDA:272,16,1,0
BRDA:274,17,0,0
BRDA:274,17,1,0
BRDA:274,17,2,0
BRDA:284,18,0,0
BRDA:284,18,1,0
BRDA:298,19,0,0
BRDA:298,19,1,4
BRDA:300,20,0,0
BRDA:300,20,1,0
BRDA:301,21,0,0
BRDA:301,21,1,0
BRDA:303,22,0,0
BRDA:303,22,1,0
BRDA:388,23,0,0
BRDA:388,23,1,4
BRDA:393,24,0,0
BRDA:393,24,1,0
BRDA:394,25,0,0
BRDA:394,25,1,0
BRF:55
BRH:29
end_of_record
TN:
SF:lib/transformers/vendor.ts
FN:227,transformVendorFromMarkdown
FN:260,(anonymous_2)
FN:271,(anonymous_3)
FN:299,(anonymous_4)
FN:322,(anonymous_5)
FN:328,(anonymous_6)
FN:346,(anonymous_7)
FN:357,(anonymous_8)
FN:361,(anonymous_9)
FN:376,(anonymous_10)
FN:388,(anonymous_11)
FN:395,(anonymous_12)
FNF:12
FNH:2
FNDA:5,transformVendorFromMarkdown
FNDA:1,(anonymous_2)
FNDA:0,(anonymous_3)
FNDA:0,(anonymous_4)
FNDA:0,(anonymous_5)
FNDA:0,(anonymous_6)
FNDA:0,(anonymous_7)
FNDA:0,(anonymous_8)
FNDA:0,(anonymous_9)
FNDA:0,(anonymous_10)
FNDA:0,(anonymous_11)
FNDA:0,(anonymous_12)
DA:18,1
DA:19,1
DA:227,5
DA:231,5
DA:233,5
DA:235,5
DA:236,5
DA:237,1
DA:243,4
DA:244,4
DA:245,4
DA:248,4
DA:249,4
DA:250,1
DA:254,4
DA:255,4
DA:256,0
DA:260,4
DA:271,4
DA:281,4
DA:282,4
DA:283,4
DA:284,4
DA:285,4
DA:286,4
DA:287,4
DA:288,4
DA:291,4
DA:292,4
DA:293,4
DA:294,4
DA:295,4
DA:296,4
DA:299,4
DA:301,0
DA:302,0
DA:303,0
DA:305,0
DA:322,4
DA:323,0
DA:328,0
DA:329,0
DA:330,0
DA:332,0
DA:335,0
DA:346,4
DA:357,4
DA:359,0
DA:360,0
DA:361,0
DA:362,0
DA:364,0
DA:365,0
DA:368,0
DA:376,0
DA:383,4
DA:388,4
DA:395,4
DA:401,4
DA:405,4
DA:406,0
DA:410,4
DA:414,4
DA:415,0
DA:419,4
DA:474,4
DA:480,0
LF:67
LH:45
BRDA:236,0,0,1
BRDA:236,0,1,4
BRDA:243,1,0,4
BRDA:243,1,1,3
BRDA:244,2,0,4
BRDA:244,2,1,3
BRDA:249,3,0,1
BRDA:249,3,1,3
BRDA:249,4,0,4
BRDA:249,4,1,2
BRDA:255,5,0,0
BRDA:255,5,1,4
BRDA:255,6,0,4
BRDA:255,6,1,1
BRDA:262,7,0,1
BRDA:262,7,1,0
BRDA:262,7,2,0
BRDA:264,8,0,1
BRDA:264,8,1,1
BRDA:273,9,0,0
BRDA:273,9,1,0
BRDA:282,10,0,4
BRDA:282,10,1,3
BRDA:292,11,0,4
BRDA:292,11,1,4
BRDA:301,12,0,0
BRDA:301,12,1,0
BRDA:302,13,0,0
BRDA:302,13,1,0
BRDA:303,14,0,0
BRDA:303,14,1,0
BRDA:303,14,2,0
BRDA:309,15,0,0
BRDA:309,15,1,0
BRDA:317,16,0,0
BRDA:317,16,1,0
BRDA:323,17,0,0
BRDA:323,17,1,0
BRDA:328,18,0,0
BRDA:328,18,1,0
BRDA:329,19,0,0
BRDA:329,19,1,0
BRDA:348,20,0,0
BRDA:348,20,1,0
BRDA:348,20,2,0
BRDA:351,21,0,0
BRDA:351,21,1,0
BRDA:353,22,0,0
BRDA:353,22,1,0
BRDA:360,23,0,0
BRDA:360,23,1,0
BRDA:362,24,0,0
BRDA:362,24,1,0
BRDA:364,25,0,0
BRDA:364,25,1,0
BRDA:371,26,0,0
BRDA:371,26,1,0
BRDA:371,26,2,0
BRDA:373,27,0,0
BRDA:373,27,1,0
BRDA:374,28,0,0
BRDA:374,28,1,0
BRDA:378,29,0,0
BRDA:378,29,1,0
BRDA:383,30,0,0
BRDA:383,30,1,4
BRDA:389,31,0,0
BRDA:389,31,1,0
BRDA:389,31,2,0
BRDA:401,32,0,0
BRDA:401,32,1,4
BRDA:405,33,0,0
BRDA:405,33,1,4
BRDA:405,34,0,4
BRDA:405,34,1,0
BRDA:410,35,0,0
BRDA:410,35,1,4
BRDA:414,36,0,0
BRDA:414,36,1,4
BRDA:414,37,0,4
BRDA:414,37,1,0
BRDA:431,38,0,4
BRDA:431,38,1,2
BRDA:467,39,0,4
BRDA:467,39,1,4
BRDA:477,40,0,1
BRDA:477,40,1,3
BRDA:482,41,0,0
BRDA:482,41,1,0
BRDA:483,42,0,0
BRDA:483,42,1,0
BRF:91
BRH:33
end_of_record
TN:
SF:lib/transformers/yacht.ts
FN:124,transformYachtFromMarkdown
FNF:1
FNH:1
FNDA:5,transformYachtFromMarkdown
DA:16,1
DA:124,5
DA:128,5
DA:130,5
DA:132,5
DA:133,5
DA:134,1
DA:140,4
DA:143,4
DA:146,4
DA:149,4
DA:152,4
DA:153,4
DA:154,4
DA:155,4
DA:156,4
DA:157,4
DA:158,4
DA:161,4
DA:162,1
DA:164,4
DA:165,0
DA:167,4
DA:168,0
DA:172,4
DA:176,4
DA:177,0
DA:181,4
DA:250,4
DA:256,0
LF:30
LH:26
BRDA:133,0,0,1
BRDA:133,0,1,4
BRDA:140,1,0,4
BRDA:140,1,1,3
BRDA:143,2,0,4
BRDA:143,2,1,3
BRDA:149,3,0,4
BRDA:149,3,1,3
BRDA:161,4,0,1
BRDA:161,4,1,3
BRDA:161,5,0,4
BRDA:161,5,1,3
BRDA:164,6,0,0
BRDA:164,6,1,4
BRDA:164,7,0,4
BRDA:164,7,1,0
BRDA:167,8,0,0
BRDA:167,8,1,4
BRDA:167,9,0,4
BRDA:167,9,1,1
BRDA:172,10,0,0
BRDA:172,10,1,4
BRDA:176,11,0,0
BRDA:176,11,1,4
BRDA:176,12,0,4
BRDA:176,12,1,0
BRDA:190,13,0,4
BRDA:190,13,1,2
BRDA:191,14,0,4
BRDA:191,14,1,4
BRDA:192,15,0,4
BRDA:192,15,1,4
BRDA:193,16,0,4
BRDA:193,16,1,4
BRDA:203,17,0,4
BRDA:203,17,1,3
BRDA:204,18,0,4
BRDA:204,18,1,4
BRDA:205,19,0,4
BRDA:205,19,1,4
BRDA:212,20,0,4
BRDA:212,20,1,4
BRDA:240,21,0,0
BRDA:240,21,1,4
BRDA:242,22,0,0
BRDA:242,22,1,0
BRDA:243,23,0,0
BRDA:243,23,1,0
BRDA:245,24,0,0
BRDA:245,24,1,0
BRDA:253,25,0,1
BRDA:253,25,1,3
BRDA:258,26,0,0
BRDA:258,26,1,0
BRDA:259,27,0,0
BRDA:259,27,1,0
BRF:56
BRH:39
end_of_record
TN:
SF:lib/utils/computedFields.ts
FN:16,computeYearsInBusiness
FN:29,computeAgeCategory
FN:46,computeProfileCompletion
FN:112,computeProfileStrength
FN:151,computeTotalFollowers
FN:165,formatNumber
FN:176,formatLargeNumber
FN:194,computeAverageRating
FN:197,(anonymous_21)
FN:207,formatRating
FN:218,isVendorPublishReady
FN:221,(anonymous_24)
FN:233,getMissingRequiredFields
FN:260,getRecommendedActions
FNF:14
FNH:9
FNDA:14,computeYearsInBusiness
FNDA:6,computeAgeCategory
FNDA:3,computeProfileCompletion
FNDA:8,computeProfileStrength
FNDA:0,computeTotalFollowers
FNDA:6,formatNumber
FNDA:10,formatLargeNumber
FNDA:0,computeAverageRating
FNDA:0,(anonymous_21)
FNDA:0,formatRating
FNDA:3,isVendorPublishReady
FNDA:9,(anonymous_24)
FNDA:3,getMissingRequiredFields
FNDA:0,getRecommendedActions
DA:16,8
DA:17,14
DA:18,6
DA:20,8
DA:29,6
DA:30,6
DA:32,6
DA:34,4
DA:35,3
DA:36,2
DA:37,1
DA:46,3
DA:47,3
DA:55,3
DA:67,3
DA:68,3
DA:71,3
DA:72,15
DA:73,11
DA:78,3
DA:79,27
DA:80,27
DA:82,7
DA:83,2
DA:86,5
DA:87,3
DA:90,2
DA:91,0
DA:94,2
DA:95,1
DA:100,3
DA:101,3
DA:103,3
DA:112,8
DA:117,8
DA:118,2
DA:124,6
DA:125,2
DA:131,4
DA:132,2
DA:138,2
DA:151,0
DA:152,0
DA:153,0
DA:154,0
DA:156,0
DA:165,6
DA:166,6
DA:167,4
DA:176,10
DA:177,10
DA:179,8
DA:180,2
DA:182,6
DA:183,3
DA:185,3
DA:194,0
DA:195,0
DA:197,0
DA:198,0
DA:207,0
DA:208,0
DA:209,0
DA:218,3
DA:219,3
DA:221,3
DA:222,9
DA:223,9
DA:233,3
DA:234,3
DA:242,3
DA:244,3
DA:245,15
DA:246,15
DA:247,7
DA:251,3
DA:260,0
DA:261,0
DA:263,0
DA:264,0
DA:266,0
DA:267,0
DA:269,0
DA:270,0
DA:272,0
DA:273,0
DA:275,0
DA:276,0
DA:278,0
DA:279,0
DA:281,0
DA:282,0
DA:285,0
LF:93
LH:63
BRDA:17,0,0,6
BRDA:17,0,1,8
BRDA:17,1,0,14
BRDA:17,1,1,10
BRDA:17,1,2,9
BRDA:32,2,0,2
BRDA:32,2,1,4
BRDA:34,3,0,1
BRDA:34,3,1,3
BRDA:35,4,0,1
BRDA:35,4,1,2
BRDA:36,5,0,1
BRDA:36,5,1,1
BRDA:72,6,0,11
BRDA:72,6,1,4
BRDA:72,7,0,15
BRDA:72,7,1,11
BRDA:80,8,0,7
BRDA:80,8,1,20
BRDA:82,9,0,2
BRDA:82,9,1,5
BRDA:82,10,0,7
BRDA:82,10,1,3
BRDA:86,11,0,3
BRDA:86,11,1,2
BRDA:86,12,0,5
BRDA:86,12,1,3
BRDA:90,13,0,0
BRDA:90,13,1,2
BRDA:90,14,0,2
BRDA:90,14,1,1
BRDA:94,15,0,1
BRDA:94,15,1,1
BRDA:94,16,0,2
BRDA:94,16,1,1
BRDA:117,17,0,2
BRDA:117,17,1,6
BRDA:124,18,0,2
BRDA:124,18,1,4
BRDA:131,19,0,2
BRDA:131,19,1,2
BRDA:152,20,0,0
BRDA:152,20,1,0
BRDA:153,21,0,0
BRDA:153,21,1,0
BRDA:154,22,0,0
BRDA:154,22,1,0
BRDA:166,23,0,2
BRDA:166,23,1,4
BRDA:166,24,0,6
BRDA:166,24,1,5
BRDA:166,24,2,4
BRDA:177,25,0,2
BRDA:177,25,1,8
BRDA:177,26,0,10
BRDA:177,26,1,9
BRDA:177,26,2,8
BRDA:179,27,0,2
BRDA:179,27,1,6
BRDA:182,28,0,3
BRDA:182,28,1,3
BRDA:195,29,0,0
BRDA:195,29,1,0
BRDA:195,30,0,0
BRDA:195,30,1,0
BRDA:197,31,0,0
BRDA:197,31,1,0
BRDA:208,32,0,0
BRDA:208,32,1,0
BRDA:208,33,0,0
BRDA:208,33,1,0
BRDA:208,33,2,0
BRDA:223,34,0,9
BRDA:223,34,1,7
BRDA:246,35,0,7
BRDA:246,35,1,8
BRDA:246,36,0,15
BRDA:246,36,1,8
BRDA:263,37,0,0
BRDA:263,37,1,0
BRDA:266,38,0,0
BRDA:266,38,1,0
BRDA:269,39,0,0
BRDA:269,39,1,0
BRDA:272,40,0,0
BRDA:272,40,1,0
BRDA:275,41,0,0
BRDA:275,41,1,0
BRDA:275,42,0,0
BRDA:275,42,1,0
BRDA:278,43,0,0
BRDA:278,43,1,0
BRDA:278,44,0,0
BRDA:278,44,1,0
BRDA:281,45,0,0
BRDA:281,45,1,0
BRDA:281,46,0,0
BRDA:281,46,1,0
BRF:98
BRH:60
end_of_record
TN:
SF:lib/utils/jwt.ts
FN:23,generateTokens
FN:38,verifyToken
FN:55,decodeToken
FN:66,refreshAccessToken
FNF:4
FNH:0
FNDA:0,generateTokens
FNDA:0,verifyToken
FNDA:0,decodeToken
FNDA:0,refreshAccessToken
DA:1,0
DA:3,0
DA:4,0
DA:5,0
DA:23,0
DA:24,0
DA:28,0
DA:32,0
DA:38,0
DA:39,0
DA:40,0
DA:42,0
DA:43,0
DA:45,0
DA:46,0
DA:48,0
DA:55,0
DA:56,0
DA:57,0
DA:59,0
DA:66,0
DA:67,0
DA:70,0
DA:81,0
LF:24
LH:0
BRDA:3,0,0,0
BRDA:3,0,1,0
BRDA:42,1,0,0
BRDA:42,1,1,0
BRDA:45,2,0,0
BRDA:45,2,1,0
BRF:6
BRH:0
end_of_record
TN:
SF:lib/utils/location.ts
FN:9,formatVendorLocation
FN:53,validateCoordinate
FN:65,degreesToRadians
FN:94,calculateDistance
FN:140,isWithinDistance
FN:167,formatDistance
FNF:6
FNH:0
FNDA:0,formatVendorLocation
FNDA:0,validateCoordinate
FNDA:0,degreesToRadians
FNDA:0,calculateDistance
FNDA:0,isWithinDistance
FNDA:0,formatDistance
DA:9,0
DA:10,0
DA:11,0
DA:15,0
DA:16,0
DA:21,0
DA:22,0
DA:25,0
DA:26,0
DA:29,0
DA:30,0
DA:33,0
DA:34,0
DA:37,0
DA:43,0
DA:48,0
DA:54,0
DA:55,0
DA:57,0
DA:58,0
DA:66,0
DA:94,0
DA:100,0
DA:101,0
DA:104,0
DA:107,0
DA:108,0
DA:109,0
DA:110,0
DA:114,0
DA:118,0
DA:120,0
DA:123,0
DA:140,0
DA:146,0
DA:147,0
DA:148,0
DA:151,0
DA:152,0
DA:167,0
DA:168,0
LF:41
LH:0
BRDA:10,0,0,0
BRDA:10,0,1,0
BRDA:15,1,0,0
BRDA:15,1,1,0
BRDA:21,2,0,0
BRDA:21,2,1,0
BRDA:21,3,0,0
BRDA:21,3,1,0
BRDA:25,4,0,0
BRDA:25,4,1,0
BRDA:29,5,0,0
BRDA:29,5,1,0
BRDA:33,6,0,0
BRDA:33,6,1,0
BRDA:54,7,0,0
BRDA:54,7,1,0
BRDA:54,8,0,0
BRDA:54,8,1,0
BRDA:57,9,0,0
BRDA:57,9,1,0
BRDA:57,10,0,0
BRDA:57,10,1,0
BRDA:97,11,0,0
BRDA:104,12,0,0
BRDA:104,12,1,0
BRDA:144,13,0,0
BRDA:167,14,0,0
BRF:27
BRH:0
end_of_record
TN:
SF:lib/utils/mapUtils.ts
FN:27,locationToCoordinates
FN:34,calculateBounds
FN:35,(anonymous_14)
FN:46,(anonymous_15)
FN:58,getMarkerColor
FN:62,isValidCoordinates
FNF:6
FNH:0
FNDA:0,locationToCoordinates
FNDA:0,calculateBounds
FNDA:0,(anonymous_14)
FNDA:0,(anonymous_15)
FNDA:0,getMarkerColor
FNDA:0,isValidCoordinates
DA:5,0
DA:8,0
DA:9,0
DA:11,0
DA:20,0
DA:22,0
DA:27,0
DA:28,0
DA:29,0
DA:31,0
DA:34,0
DA:35,0
DA:36,0
DA:39,0
DA:41,0
DA:42,0
DA:43,0
DA:44,0
DA:46,0
DA:47,0
DA:48,0
DA:49,0
DA:50,0
DA:51,0
DA:52,0
DA:55,0
DA:58,0
DA:59,0
DA:62,0
DA:63,0
DA:64,0
DA:67,0
DA:69,0
LF:33
LH:0
BRDA:28,0,0,0
BRDA:28,0,1,0
BRDA:28,1,0,0
BRDA:28,1,1,0
BRDA:36,2,0,0
BRDA:36,2,1,0
BRDA:39,3,0,0
BRDA:39,3,1,0
BRDA:59,4,0,0
BRDA:59,4,1,0
BRDA:63,5,0,0
BRDA:63,5,1,0
BRDA:63,6,0,0
BRDA:63,6,1,0
BRDA:64,7,0,0
BRDA:64,7,1,0
BRDA:64,7,2,0
BRDA:64,7,3,0
BRF:18
BRH:0
end_of_record
TN:
SF:lib/utils/tier-validator.ts
FN:42,getAllowedFieldsForTier
FN:55,filterFieldsByTier
FN:70,(anonymous_8)
FN:81,(anonymous_9)
FN:93,isFieldAllowedForTier
FN:109,getTierLevel
FN:121,hasTierAccess
FNF:7
FNH:0
FNDA:0,getAllowedFieldsForTier
FNDA:0,filterFieldsByTier
FNDA:0,(anonymous_8)
FNDA:0,(anonymous_9)
FNDA:0,isFieldAllowedForTier
FNDA:0,getTierLevel
FNDA:0,hasTierAccess
DA:12,0
DA:42,0
DA:43,0
DA:55,0
DA:61,0
DA:62,0
DA:65,0
DA:66,0
DA:69,0
DA:70,0
DA:73,0
DA:74,0
DA:80,0
DA:81,0
DA:82,0
DA:83,0
DA:87,0
DA:93,0
DA:98,0
DA:99,0
DA:102,0
DA:103,0
DA:109,0
DA:110,0
DA:115,0
DA:121,0
DA:126,0
DA:127,0
DA:130,0
LF:29
LH:0
BRDA:43,0,0,0
BRDA:43,0,1,0
BRDA:58,1,0,0
BRDA:61,2,0,0
BRDA:61,2,1,0
BRDA:73,3,0,0
BRDA:73,3,1,0
BRDA:82,4,0,0
BRDA:82,4,1,0
BRDA:96,5,0,0
BRDA:98,6,0,0
BRDA:98,6,1,0
BRDA:115,7,0,0
BRDA:115,7,1,0
BRDA:124,8,0,0
BRDA:126,9,0,0
BRDA:126,9,1,0
BRF:17
BRH:0
end_of_record
TN:
SF:lib/utils/type-guards.ts
FN:8,isVendorLocationObject
FN:24,areValidCoordinates
FNF:2
FNH:0
FNDA:0,isVendorLocationObject
FNDA:0,areValidCoordinates
DA:8,0
DA:11,0
DA:24,0
DA:28,0
LF:4
LH:0
BRDA:12,0,0,0
BRDA:12,0,1,0
BRDA:12,0,2,0
BRDA:12,0,3,0
BRDA:29,1,0,0
BRDA:29,1,1,0
BRDA:29,1,2,0
BRDA:29,1,3,0
BRF:8
BRH:0
end_of_record
TN:
SF:lib/utils/url.ts
FN:21,ensureUrlProtocol
FN:49,isValidUrl
FN:75,(anonymous_6)
FNF:3
FNH:0
FNDA:0,ensureUrlProtocol
FNDA:0,isValidUrl
FNDA:0,(anonymous_6)
DA:21,0
DA:22,0
DA:23,0
DA:26,0
DA:29,0
DA:30,0
DA:34,0
DA:35,0
DA:39,0
DA:49,0
DA:50,0
DA:51,0
DA:54,0
DA:55,0
DA:56,0
DA:58,0
DA:75,12
DA:76,0
DA:77,0
DA:80,0
DA:83,0
DA:84,0
DA:88,0
DA:89,0
DA:93,0
LF:25
LH:1
BRDA:22,0,0,0
BRDA:22,0,1,0
BRDA:22,1,0,0
BRDA:22,1,1,0
BRDA:22,1,2,0
BRDA:29,2,0,0
BRDA:29,2,1,0
BRDA:29,3,0,0
BRDA:29,3,1,0
BRDA:34,4,0,0
BRDA:34,4,1,0
BRDA:50,5,0,0
BRDA:50,5,1,0
BRDA:50,6,0,0
BRDA:50,6,1,0
BRDA:76,7,0,0
BRDA:76,7,1,0
BRDA:76,8,0,0
BRDA:76,8,1,0
BRDA:76,8,2,0
BRDA:83,9,0,0
BRDA:83,9,1,0
BRDA:83,10,0,0
BRDA:83,10,1,0
BRDA:88,11,0,0
BRDA:88,11,1,0
BRF:26
BRH:0
end_of_record
TN:
SF:lib/validation/vendor-update-schema.ts
FN:45,(anonymous_4)
FN:202,(anonymous_5)
FN:204,(anonymous_6)
FN:245,(anonymous_7)
FN:249,(anonymous_8)
FN:269,validateVendorUpdate
FN:276,safeValidateVendorUpdate
FNF:7
FNH:4
FNDA:12,(anonymous_4)
FNDA:12,(anonymous_5)
FNDA:14,(anonymous_6)
FNDA:0,(anonymous_7)
FNDA:0,(anonymous_8)
FNDA:0,validateVendorUpdate
FNDA:12,safeValidateVendorUpdate
DA:1,1
DA:9,1
DA:45,12
DA:203,12
DA:204,14
DA:205,10
DA:245,0
DA:249,0
DA:269,0
DA:270,0
DA:276,12
DA:277,12
LF:12
LH:8
BRDA:45,0,0,12
BRDA:45,0,1,0
BRDA:203,1,0,2
BRDA:203,1,1,10
BRDA:203,2,0,12
BRDA:203,2,1,11
BRDA:245,3,0,0
BRDA:245,3,1,0
BRDA:245,4,0,0
BRDA:245,4,1,0
BRDA:249,5,0,0
BRDA:249,5,1,0
BRDA:249,6,0,0
BRDA:249,6,1,0
BRF:14
BRH:5
end_of_record
TN:
SF:lib/validation/vendorSchemas.ts
FN:14,(anonymous_8)
FN:20,(anonymous_9)
FN:30,(anonymous_10)
FN:34,(anonymous_11)
FN:38,(anonymous_12)
FN:54,(anonymous_13)
FN:58,(anonymous_14)
FN:80,(anonymous_15)
FN:84,(anonymous_16)
FN:99,(anonymous_17)
FN:130,(anonymous_18)
FN:134,(anonymous_19)
FNF:12
FNH:0
FNDA:0,(anonymous_8)
FNDA:0,(anonymous_9)
FNDA:0,(anonymous_10)
FNDA:0,(anonymous_11)
FNDA:0,(anonymous_12)
FNDA:0,(anonymous_13)
FNDA:0,(anonymous_14)
FNDA:0,(anonymous_15)
FNDA:0,(anonymous_16)
FNDA:0,(anonymous_17)
FNDA:0,(anonymous_18)
FNDA:0,(anonymous_19)
DA:1,1
DA:8,1
DA:14,0
DA:20,0
DA:28,4
DA:30,0
DA:34,0
DA:38,0
DA:54,0
DA:58,0
DA:73,1
DA:80,0
DA:84,0
DA:92,1
DA:99,0
DA:107,1
DA:125,1
DA:130,0
DA:134,0
DA:144,1
LF:20
LH:8
BRDA:14,0,0,0
BRDA:14,0,1,0
BRDA:14,1,0,0
BRDA:14,1,1,0
BRDA:20,2,0,0
BRDA:20,2,1,0
BRDA:20,3,0,0
BRDA:20,3,1,0
BRDA:30,4,0,0
BRDA:30,4,1,0
BRDA:30,5,0,0
BRDA:30,5,1,0
BRDA:34,6,0,0
BRDA:34,6,1,0
BRDA:34,7,0,0
BRDA:34,7,1,0
BRDA:38,8,0,0
BRDA:38,8,1,0
BRDA:38,9,0,0
BRDA:38,9,1,0
BRDA:54,10,0,0
BRDA:54,10,1,0
BRDA:54,11,0,0
BRDA:54,11,1,0
BRDA:58,12,0,0
BRDA:58,12,1,0
BRDA:58,13,0,0
BRDA:58,13,1,0
BRDA:80,14,0,0
BRDA:80,14,1,0
BRDA:80,15,0,0
BRDA:80,15,1,0
BRDA:84,16,0,0
BRDA:84,16,1,0
BRDA:84,17,0,0
BRDA:84,17,1,0
BRDA:99,18,0,0
BRDA:99,18,1,0
BRDA:99,19,0,0
BRDA:99,19,1,0
BRDA:130,20,0,0
BRDA:130,20,1,0
BRDA:130,21,0,0
BRDA:130,21,1,0
BRDA:134,22,0,0
BRDA:134,22,1,0
BRDA:134,23,0,0
BRDA:134,23,1,0
BRF:48
BRH:0
end_of_record
